-- Found ament_cmake: 0.9.12 (/opt/ros/foxy/share/ament_cmake/cmake)
-- Using PYTHON_EXECUTABLE: /usr/bin/python3
-- Override CMake install command with custom implementation using symlinks instead of copying resources
-- Found ament_lint_auto: 0.9.8 (/opt/ros/foxy/share/ament_lint_auto/cmake)
-- Added test 'copyright' to check source files copyright and LICENSE
-- Added test 'flake8' to check Python code syntax and style conventions
-- Added test 'lint_cmake' to check CMake code style
-- Added test 'pep257' to check Python code against some of the style conventions in PEP 257
-- Added test 'xmllint' to check XML markup files
-- Configuring done
-- Generating done
-- Build files have been written to: /home/ubuntu/pi_ws/build/senior_design
-- Install configuration: ""
-- Execute custom install script
-- Symlinking: /home/ubuntu/pi_ws/install/senior_design/share/senior_design/config/empty.yaml
-- Symlinking: /home/ubuntu/pi_ws/install/senior_design/share/senior_design/description/robot.urdf.xacro
-- Symlinking: /home/ubuntu/pi_ws/install/senior_design/share/senior_design/launch/rsp.launch.py
-- Symlinking: /home/ubuntu/pi_ws/install/senior_design/share/senior_design/worlds/empty.world
-- Symlinking: /home/ubuntu/pi_ws/install/senior_design/share/ament_index/resource_index/package_run_dependencies/senior_design
-- Symlinking: /home/ubuntu/pi_ws/install/senior_design/share/ament_index/resource_index/parent_prefix_path/senior_design
-- Symlinking: /home/ubuntu/pi_ws/install/senior_design/share/senior_design/environment/ament_prefix_path.sh
-- Symlinking: /home/ubuntu/pi_ws/install/senior_design/share/senior_design/environment/ament_prefix_path.dsv
-- Symlinking: /home/ubuntu/pi_ws/install/senior_design/share/senior_design/environment/path.sh
-- Symlinking: /home/ubuntu/pi_ws/install/senior_design/share/senior_design/environment/path.dsv
-- Symlinking: /home/ubuntu/pi_ws/install/senior_design/share/senior_design/local_setup.bash
-- Symlinking: /home/ubuntu/pi_ws/install/senior_design/share/senior_design/local_setup.sh
-- Symlinking: /home/ubuntu/pi_ws/install/senior_design/share/senior_design/local_setup.zsh
-- Symlinking: /home/ubuntu/pi_ws/install/senior_design/share/senior_design/local_setup.dsv
-- Symlinking: /home/ubuntu/pi_ws/install/senior_design/share/senior_design/package.dsv
-- Symlinking: /home/ubuntu/pi_ws/install/senior_design/share/ament_index/resource_index/packages/senior_design
-- Symlinking: /home/ubuntu/pi_ws/install/senior_design/share/senior_design/cmake/senior_designConfig.cmake
-- Symlinking: /home/ubuntu/pi_ws/install/senior_design/share/senior_design/cmake/senior_designConfig-version.cmake
-- Symlinking: /home/ubuntu/pi_ws/install/senior_design/share/senior_design/package.xml
