[0.428s] Invoking command in '/home/ubuntu/pi_ws/build/senior_design': CMAKE_PREFIX_PATH=/opt/ros/foxy /usr/bin/cmake /home/ubuntu/pi_ws/src/senior_design -DAMENT_CMAKE_SYMLINK_INSTALL=1 -DCMAKE_INSTALL_PREFIX=/home/ubuntu/pi_ws/install/senior_design
[0.486s] -- Found ament_cmake: 0.9.12 (/opt/ros/foxy/share/ament_cmake/cmake)
[0.571s] -- Using PYTHON_EXECUTABLE: /usr/bin/python3
[1.191s] -- Override CMake install command with custom implementation using symlinks instead of copying resources
[1.218s] -- Found ament_lint_auto: 0.9.8 (/opt/ros/foxy/share/ament_lint_auto/cmake)
[1.474s] -- Added test 'copyright' to check source files copyright and LICENSE
[1.577s] -- Added test 'flake8' to check Python code syntax and style conventions
[1.590s] -- Added test 'lint_cmake' to check CMake code style
[1.597s] -- Added test 'pep257' to check Python code against some of the style conventions in PEP 257
[1.652s] -- Added test 'xmllint' to check XML markup files
[1.661s] -- Configuring done
[1.670s] -- Generating done
[1.675s] -- Build files have been written to: /home/ubuntu/pi_ws/build/senior_design
[1.683s] Invoked command in '/home/ubuntu/pi_ws/build/senior_design' returned '0': CMAKE_PREFIX_PATH=/opt/ros/foxy /usr/bin/cmake /home/ubuntu/pi_ws/src/senior_design -DAMENT_CMAKE_SYMLINK_INSTALL=1 -DCMAKE_INSTALL_PREFIX=/home/ubuntu/pi_ws/install/senior_design
[1.693s] Invoking command in '/home/ubuntu/pi_ws/build/senior_design': CMAKE_PREFIX_PATH=/opt/ros/foxy /usr/bin/cmake --build /home/ubuntu/pi_ws/build/senior_design -- -j4 -l4
[1.833s] Invoked command in '/home/ubuntu/pi_ws/build/senior_design' returned '0': CMAKE_PREFIX_PATH=/opt/ros/foxy /usr/bin/cmake --build /home/ubuntu/pi_ws/build/senior_design -- -j4 -l4
[1.969s] Invoking command in '/home/ubuntu/pi_ws/build/senior_design': CMAKE_PREFIX_PATH=/opt/ros/foxy /usr/bin/cmake --install /home/ubuntu/pi_ws/build/senior_design
[2.001s] -- Install configuration: ""
[2.003s] -- Execute custom install script
[2.005s] -- Symlinking: /home/ubuntu/pi_ws/install/senior_design/share/senior_design/config/empty.yaml
[2.038s] -- Symlinking: /home/ubuntu/pi_ws/install/senior_design/share/senior_design/description/robot.urdf.xacro
[2.071s] -- Symlinking: /home/ubuntu/pi_ws/install/senior_design/share/senior_design/launch/rsp.launch.py
[2.104s] -- Symlinking: /home/ubuntu/pi_ws/install/senior_design/share/senior_design/worlds/empty.world
[2.136s] -- Symlinking: /home/ubuntu/pi_ws/install/senior_design/share/ament_index/resource_index/package_run_dependencies/senior_design
[2.167s] -- Symlinking: /home/ubuntu/pi_ws/install/senior_design/share/ament_index/resource_index/parent_prefix_path/senior_design
[2.200s] -- Symlinking: /home/ubuntu/pi_ws/install/senior_design/share/senior_design/environment/ament_prefix_path.sh
[2.233s] -- Symlinking: /home/ubuntu/pi_ws/install/senior_design/share/senior_design/environment/ament_prefix_path.dsv
[2.265s] -- Symlinking: /home/ubuntu/pi_ws/install/senior_design/share/senior_design/environment/path.sh
[2.297s] -- Symlinking: /home/ubuntu/pi_ws/install/senior_design/share/senior_design/environment/path.dsv
[2.331s] -- Symlinking: /home/ubuntu/pi_ws/install/senior_design/share/senior_design/local_setup.bash
[2.364s] -- Symlinking: /home/ubuntu/pi_ws/install/senior_design/share/senior_design/local_setup.sh
[2.395s] -- Symlinking: /home/ubuntu/pi_ws/install/senior_design/share/senior_design/local_setup.zsh
[2.427s] -- Symlinking: /home/ubuntu/pi_ws/install/senior_design/share/senior_design/local_setup.dsv
[2.458s] -- Symlinking: /home/ubuntu/pi_ws/install/senior_design/share/senior_design/package.dsv
[2.490s] -- Symlinking: /home/ubuntu/pi_ws/install/senior_design/share/ament_index/resource_index/packages/senior_design
[2.523s] -- Symlinking: /home/ubuntu/pi_ws/install/senior_design/share/senior_design/cmake/senior_designConfig.cmake
[2.554s] -- Symlinking: /home/ubuntu/pi_ws/install/senior_design/share/senior_design/cmake/senior_designConfig-version.cmake
[2.585s] -- Symlinking: /home/ubuntu/pi_ws/install/senior_design/share/senior_design/package.xml
[2.623s] Invoked command in '/home/ubuntu/pi_ws/build/senior_design' returned '0': CMAKE_PREFIX_PATH=/opt/ros/foxy /usr/bin/cmake --install /home/ubuntu/pi_ws/build/senior_design
