[1.787s] Invoking command in '/home/ubuntu/pi_ws/build/serial_motor_demo_msgs': CMAKE_PREFIX_PATH=${CMAKE_PREFIX_PATH}:/home/ubuntu/pi_ws/install/serial_motor_demo:/home/ubuntu/pi_ws/install/my_package:/opt/ros/foxy /usr/bin/cmake --build /home/ubuntu/pi_ws/build/serial_motor_demo_msgs -- -j4 -l4
[2.219s] [  2%] Built target serial_motor_demo_msgs__cpp
[2.330s] [ 12%] Built target serial_motor_demo_msgs__rosidl_generator_c
[2.573s] [ 23%] Built target serial_motor_demo_msgs__rosidl_typesupport_cpp
[2.610s] [ 34%] Built target serial_motor_demo_msgs__rosidl_typesupport_introspection_cpp
[2.665s] [ 44%] Built target serial_motor_demo_msgs__rosidl_typesupport_introspection_c
[2.668s] [ 55%] Built target serial_motor_demo_msgs__rosidl_typesupport_fastrtps_cpp
[2.760s] [ 65%] Built target serial_motor_demo_msgs__rosidl_typesupport_c
[2.828s] [ 76%] Built target serial_motor_demo_msgs__rosidl_typesupport_fastrtps_c
[2.923s] [ 76%] Built target serial_motor_demo_msgs
[3.020s] [ 78%] Built target serial_motor_demo_msgs__py
[3.177s] [ 87%] Built target serial_motor_demo_msgs__python
[3.338s] [ 91%] Built target serial_motor_demo_msgs__rosidl_typesupport_introspection_c__pyext
[3.339s] [ 95%] Built target serial_motor_demo_msgs__rosidl_typesupport_fastrtps_c__pyext
[3.350s] [100%] Built target serial_motor_demo_msgs__rosidl_typesupport_c__pyext
[3.868s] Invoked command in '/home/ubuntu/pi_ws/build/serial_motor_demo_msgs' returned '0': CMAKE_PREFIX_PATH=${CMAKE_PREFIX_PATH}:/home/ubuntu/pi_ws/install/serial_motor_demo:/home/ubuntu/pi_ws/install/my_package:/opt/ros/foxy /usr/bin/cmake --build /home/ubuntu/pi_ws/build/serial_motor_demo_msgs -- -j4 -l4
[5.809s] Invoking command in '/home/ubuntu/pi_ws/build/serial_motor_demo_msgs': CMAKE_PREFIX_PATH=${CMAKE_PREFIX_PATH}:/home/ubuntu/pi_ws/install/serial_motor_demo:/home/ubuntu/pi_ws/install/my_package:/opt/ros/foxy /usr/bin/cmake --install /home/ubuntu/pi_ws/build/serial_motor_demo_msgs
[5.855s] -- Install configuration: ""
[5.856s] -- Up-to-date: /home/ubuntu/pi_ws/install/serial_motor_demo_msgs/share/ament_index/resource_index/rosidl_interfaces/serial_motor_demo_msgs
[5.857s] -- Up-to-date: /home/ubuntu/pi_ws/install/serial_motor_demo_msgs/include/serial_motor_demo_msgs
[5.857s] -- Up-to-date: /home/ubuntu/pi_ws/install/serial_motor_demo_msgs/include/serial_motor_demo_msgs/msg
[5.858s] -- Up-to-date: /home/ubuntu/pi_ws/install/serial_motor_demo_msgs/include/serial_motor_demo_msgs/msg/motor_vels.h
[5.859s] -- Up-to-date: /home/ubuntu/pi_ws/install/serial_motor_demo_msgs/include/serial_motor_demo_msgs/msg/detail
[5.859s] -- Up-to-date: /home/ubuntu/pi_ws/install/serial_motor_demo_msgs/include/serial_motor_demo_msgs/msg/detail/motor_command__struct.h
[5.860s] -- Up-to-date: /home/ubuntu/pi_ws/install/serial_motor_demo_msgs/include/serial_motor_demo_msgs/msg/detail/encoder_vals__type_support.h
[5.860s] -- Up-to-date: /home/ubuntu/pi_ws/install/serial_motor_demo_msgs/include/serial_motor_demo_msgs/msg/detail/encoder_vals__functions.h
[5.860s] -- Up-to-date: /home/ubuntu/pi_ws/install/serial_motor_demo_msgs/include/serial_motor_demo_msgs/msg/detail/encoder_vals__struct.h
[5.861s] -- Up-to-date: /home/ubuntu/pi_ws/install/serial_motor_demo_msgs/include/serial_motor_demo_msgs/msg/detail/motor_vels__functions.c
[5.861s] -- Up-to-date: /home/ubuntu/pi_ws/install/serial_motor_demo_msgs/include/serial_motor_demo_msgs/msg/detail/motor_vels__functions.h
[5.861s] -- Up-to-date: /home/ubuntu/pi_ws/install/serial_motor_demo_msgs/include/serial_motor_demo_msgs/msg/detail/motor_command__functions.h
[5.862s] -- Up-to-date: /home/ubuntu/pi_ws/install/serial_motor_demo_msgs/include/serial_motor_demo_msgs/msg/detail/encoder_vals__functions.c
[5.862s] -- Up-to-date: /home/ubuntu/pi_ws/install/serial_motor_demo_msgs/include/serial_motor_demo_msgs/msg/detail/motor_command__functions.c
[5.862s] -- Up-to-date: /home/ubuntu/pi_ws/install/serial_motor_demo_msgs/include/serial_motor_demo_msgs/msg/detail/motor_vels__struct.h
[5.867s] -- Up-to-date: /home/ubuntu/pi_ws/install/serial_motor_demo_msgs/include/serial_motor_demo_msgs/msg/detail/motor_vels__type_support.h
[5.872s] -- Up-to-date: /home/ubuntu/pi_ws/install/serial_motor_demo_msgs/include/serial_motor_demo_msgs/msg/detail/motor_command__type_support.h
[5.872s] -- Up-to-date: /home/ubuntu/pi_ws/install/serial_motor_demo_msgs/include/serial_motor_demo_msgs/msg/rosidl_generator_c__visibility_control.h
[5.880s] -- Up-to-date: /home/ubuntu/pi_ws/install/serial_motor_demo_msgs/include/serial_motor_demo_msgs/msg/motor_command.h
[5.884s] -- Up-to-date: /home/ubuntu/pi_ws/install/serial_motor_demo_msgs/include/serial_motor_demo_msgs/msg/encoder_vals.h
[5.886s] -- Up-to-date: /home/ubuntu/pi_ws/install/serial_motor_demo_msgs/share/serial_motor_demo_msgs/environment/library_path.sh
[5.888s] -- Up-to-date: /home/ubuntu/pi_ws/install/serial_motor_demo_msgs/share/serial_motor_demo_msgs/environment/library_path.dsv
[5.900s] -- Up-to-date: /home/ubuntu/pi_ws/install/serial_motor_demo_msgs/lib/libserial_motor_demo_msgs__rosidl_generator_c.so
[5.901s] -- Up-to-date: /home/ubuntu/pi_ws/install/serial_motor_demo_msgs/include/serial_motor_demo_msgs
[5.902s] -- Up-to-date: /home/ubuntu/pi_ws/install/serial_motor_demo_msgs/include/serial_motor_demo_msgs/msg
[5.905s] -- Up-to-date: /home/ubuntu/pi_ws/install/serial_motor_demo_msgs/include/serial_motor_demo_msgs/msg/rosidl_typesupport_fastrtps_c__visibility_control.h
[5.907s] -- Up-to-date: /home/ubuntu/pi_ws/install/serial_motor_demo_msgs/include/serial_motor_demo_msgs/msg/detail
[5.909s] -- Up-to-date: /home/ubuntu/pi_ws/install/serial_motor_demo_msgs/include/serial_motor_demo_msgs/msg/detail/motor_vels__rosidl_typesupport_fastrtps_c.h
[5.910s] -- Up-to-date: /home/ubuntu/pi_ws/install/serial_motor_demo_msgs/include/serial_motor_demo_msgs/msg/detail/motor_command__rosidl_typesupport_fastrtps_c.h
[5.912s] -- Up-to-date: /home/ubuntu/pi_ws/install/serial_motor_demo_msgs/include/serial_motor_demo_msgs/msg/detail/encoder_vals__rosidl_typesupport_fastrtps_c.h
[5.914s] -- Up-to-date: /home/ubuntu/pi_ws/install/serial_motor_demo_msgs/lib/libserial_motor_demo_msgs__rosidl_typesupport_fastrtps_c.so
[5.918s] -- Up-to-date: /home/ubuntu/pi_ws/install/serial_motor_demo_msgs/include/serial_motor_demo_msgs
[5.920s] -- Up-to-date: /home/ubuntu/pi_ws/install/serial_motor_demo_msgs/include/serial_motor_demo_msgs/msg
[5.921s] -- Up-to-date: /home/ubuntu/pi_ws/install/serial_motor_demo_msgs/include/serial_motor_demo_msgs/msg/rosidl_typesupport_fastrtps_cpp__visibility_control.h
[5.923s] -- Up-to-date: /home/ubuntu/pi_ws/install/serial_motor_demo_msgs/include/serial_motor_demo_msgs/msg/detail
[5.925s] -- Up-to-date: /home/ubuntu/pi_ws/install/serial_motor_demo_msgs/include/serial_motor_demo_msgs/msg/detail/motor_command__rosidl_typesupport_fastrtps_cpp.hpp
[5.928s] -- Up-to-date: /home/ubuntu/pi_ws/install/serial_motor_demo_msgs/include/serial_motor_demo_msgs/msg/detail/dds_fastrtps
[5.930s] -- Up-to-date: /home/ubuntu/pi_ws/install/serial_motor_demo_msgs/include/serial_motor_demo_msgs/msg/detail/motor_vels__rosidl_typesupport_fastrtps_cpp.hpp
[5.932s] -- Up-to-date: /home/ubuntu/pi_ws/install/serial_motor_demo_msgs/include/serial_motor_demo_msgs/msg/detail/encoder_vals__rosidl_typesupport_fastrtps_cpp.hpp
[5.934s] -- Up-to-date: /home/ubuntu/pi_ws/install/serial_motor_demo_msgs/lib/libserial_motor_demo_msgs__rosidl_typesupport_fastrtps_cpp.so
[5.935s] -- Up-to-date: /home/ubuntu/pi_ws/install/serial_motor_demo_msgs/include/serial_motor_demo_msgs
[5.936s] -- Up-to-date: /home/ubuntu/pi_ws/install/serial_motor_demo_msgs/include/serial_motor_demo_msgs/msg
[5.936s] -- Up-to-date: /home/ubuntu/pi_ws/install/serial_motor_demo_msgs/include/serial_motor_demo_msgs/msg/detail
[5.936s] -- Up-to-date: /home/ubuntu/pi_ws/install/serial_motor_demo_msgs/include/serial_motor_demo_msgs/msg/detail/motor_vels__rosidl_typesupport_introspection_c.h
[5.937s] -- Up-to-date: /home/ubuntu/pi_ws/install/serial_motor_demo_msgs/include/serial_motor_demo_msgs/msg/detail/motor_command__type_support.c
[5.937s] -- Up-to-date: /home/ubuntu/pi_ws/install/serial_motor_demo_msgs/include/serial_motor_demo_msgs/msg/detail/motor_vels__type_support.c
[5.938s] -- Up-to-date: /home/ubuntu/pi_ws/install/serial_motor_demo_msgs/include/serial_motor_demo_msgs/msg/detail/motor_command__rosidl_typesupport_introspection_c.h
[5.939s] -- Up-to-date: /home/ubuntu/pi_ws/install/serial_motor_demo_msgs/include/serial_motor_demo_msgs/msg/detail/encoder_vals__type_support.c
[5.939s] -- Up-to-date: /home/ubuntu/pi_ws/install/serial_motor_demo_msgs/include/serial_motor_demo_msgs/msg/detail/encoder_vals__rosidl_typesupport_introspection_c.h
[5.940s] -- Up-to-date: /home/ubuntu/pi_ws/install/serial_motor_demo_msgs/include/serial_motor_demo_msgs/msg/rosidl_typesupport_introspection_c__visibility_control.h
[5.941s] -- Up-to-date: /home/ubuntu/pi_ws/install/serial_motor_demo_msgs/lib/libserial_motor_demo_msgs__rosidl_typesupport_introspection_c.so
[5.943s] -- Up-to-date: /home/ubuntu/pi_ws/install/serial_motor_demo_msgs/lib/libserial_motor_demo_msgs__rosidl_typesupport_c.so
[5.947s] -- Up-to-date: /home/ubuntu/pi_ws/install/serial_motor_demo_msgs/include/serial_motor_demo_msgs
[5.948s] -- Up-to-date: /home/ubuntu/pi_ws/install/serial_motor_demo_msgs/include/serial_motor_demo_msgs/msg
[5.951s] -- Up-to-date: /home/ubuntu/pi_ws/install/serial_motor_demo_msgs/include/serial_motor_demo_msgs/msg/motor_command.hpp
[5.953s] -- Up-to-date: /home/ubuntu/pi_ws/install/serial_motor_demo_msgs/include/serial_motor_demo_msgs/msg/detail
[5.954s] -- Up-to-date: /home/ubuntu/pi_ws/install/serial_motor_demo_msgs/include/serial_motor_demo_msgs/msg/detail/motor_command__type_support.hpp
[5.956s] -- Up-to-date: /home/ubuntu/pi_ws/install/serial_motor_demo_msgs/include/serial_motor_demo_msgs/msg/detail/motor_vels__struct.hpp
[5.957s] -- Up-to-date: /home/ubuntu/pi_ws/install/serial_motor_demo_msgs/include/serial_motor_demo_msgs/msg/detail/encoder_vals__type_support.hpp
[5.957s] -- Up-to-date: /home/ubuntu/pi_ws/install/serial_motor_demo_msgs/include/serial_motor_demo_msgs/msg/detail/motor_vels__traits.hpp
[5.957s] -- Up-to-date: /home/ubuntu/pi_ws/install/serial_motor_demo_msgs/include/serial_motor_demo_msgs/msg/detail/motor_command__builder.hpp
[5.958s] -- Up-to-date: /home/ubuntu/pi_ws/install/serial_motor_demo_msgs/include/serial_motor_demo_msgs/msg/detail/motor_command__struct.hpp
[5.958s] -- Up-to-date: /home/ubuntu/pi_ws/install/serial_motor_demo_msgs/include/serial_motor_demo_msgs/msg/detail/encoder_vals__struct.hpp
[5.959s] -- Up-to-date: /home/ubuntu/pi_ws/install/serial_motor_demo_msgs/include/serial_motor_demo_msgs/msg/detail/encoder_vals__traits.hpp
[5.960s] -- Up-to-date: /home/ubuntu/pi_ws/install/serial_motor_demo_msgs/include/serial_motor_demo_msgs/msg/detail/motor_command__traits.hpp
[5.960s] -- Up-to-date: /home/ubuntu/pi_ws/install/serial_motor_demo_msgs/include/serial_motor_demo_msgs/msg/detail/encoder_vals__builder.hpp
[5.961s] -- Up-to-date: /home/ubuntu/pi_ws/install/serial_motor_demo_msgs/include/serial_motor_demo_msgs/msg/detail/motor_vels__builder.hpp
[5.961s] -- Up-to-date: /home/ubuntu/pi_ws/install/serial_motor_demo_msgs/include/serial_motor_demo_msgs/msg/detail/motor_vels__type_support.hpp
[5.962s] -- Up-to-date: /home/ubuntu/pi_ws/install/serial_motor_demo_msgs/include/serial_motor_demo_msgs/msg/encoder_vals.hpp
[5.964s] -- Up-to-date: /home/ubuntu/pi_ws/install/serial_motor_demo_msgs/include/serial_motor_demo_msgs/msg/rosidl_generator_cpp__visibility_control.hpp
[5.966s] -- Up-to-date: /home/ubuntu/pi_ws/install/serial_motor_demo_msgs/include/serial_motor_demo_msgs/msg/motor_vels.hpp
[5.969s] -- Up-to-date: /home/ubuntu/pi_ws/install/serial_motor_demo_msgs/include/serial_motor_demo_msgs
[5.972s] -- Up-to-date: /home/ubuntu/pi_ws/install/serial_motor_demo_msgs/include/serial_motor_demo_msgs/msg
[5.973s] -- Up-to-date: /home/ubuntu/pi_ws/install/serial_motor_demo_msgs/include/serial_motor_demo_msgs/msg/detail
[5.979s] -- Up-to-date: /home/ubuntu/pi_ws/install/serial_motor_demo_msgs/include/serial_motor_demo_msgs/msg/detail/encoder_vals__rosidl_typesupport_introspection_cpp.hpp
[5.981s] -- Up-to-date: /home/ubuntu/pi_ws/install/serial_motor_demo_msgs/include/serial_motor_demo_msgs/msg/detail/motor_command__type_support.cpp
[5.984s] -- Up-to-date: /home/ubuntu/pi_ws/install/serial_motor_demo_msgs/include/serial_motor_demo_msgs/msg/detail/motor_command__rosidl_typesupport_introspection_cpp.hpp
[5.987s] -- Up-to-date: /home/ubuntu/pi_ws/install/serial_motor_demo_msgs/include/serial_motor_demo_msgs/msg/detail/motor_vels__type_support.cpp
[5.992s] -- Up-to-date: /home/ubuntu/pi_ws/install/serial_motor_demo_msgs/include/serial_motor_demo_msgs/msg/detail/motor_vels__rosidl_typesupport_introspection_cpp.hpp
[5.994s] -- Up-to-date: /home/ubuntu/pi_ws/install/serial_motor_demo_msgs/include/serial_motor_demo_msgs/msg/detail/encoder_vals__type_support.cpp
[5.995s] -- Up-to-date: /home/ubuntu/pi_ws/install/serial_motor_demo_msgs/lib/libserial_motor_demo_msgs__rosidl_typesupport_introspection_cpp.so
[5.998s] -- Up-to-date: /home/ubuntu/pi_ws/install/serial_motor_demo_msgs/lib/libserial_motor_demo_msgs__rosidl_typesupport_cpp.so
[6.002s] -- Up-to-date: /home/ubuntu/pi_ws/install/serial_motor_demo_msgs/share/serial_motor_demo_msgs/environment/pythonpath.sh
[6.005s] -- Up-to-date: /home/ubuntu/pi_ws/install/serial_motor_demo_msgs/share/serial_motor_demo_msgs/environment/pythonpath.dsv
[6.008s] -- Up-to-date: /home/ubuntu/pi_ws/install/serial_motor_demo_msgs/lib/python3.8/site-packages/serial_motor_demo_msgs/__init__.py
[6.085s] -- Up-to-date: /home/ubuntu/pi_ws/install/serial_motor_demo_msgs/lib/python3.8/site-packages/serial_motor_demo_msgs/msg
[6.086s] -- Up-to-date: /home/ubuntu/pi_ws/install/serial_motor_demo_msgs/lib/python3.8/site-packages/serial_motor_demo_msgs/msg/_motor_vels.py
[6.086s] -- Up-to-date: /home/ubuntu/pi_ws/install/serial_motor_demo_msgs/lib/python3.8/site-packages/serial_motor_demo_msgs/msg/_motor_command.py
[6.086s] -- Up-to-date: /home/ubuntu/pi_ws/install/serial_motor_demo_msgs/lib/python3.8/site-packages/serial_motor_demo_msgs/msg/_encoder_vals_s.c
[6.087s] -- Up-to-date: /home/ubuntu/pi_ws/install/serial_motor_demo_msgs/lib/python3.8/site-packages/serial_motor_demo_msgs/msg/_motor_command_s.c
[6.087s] -- Up-to-date: /home/ubuntu/pi_ws/install/serial_motor_demo_msgs/lib/python3.8/site-packages/serial_motor_demo_msgs/msg/_motor_vels_s.c
[6.088s] -- Up-to-date: /home/ubuntu/pi_ws/install/serial_motor_demo_msgs/lib/python3.8/site-packages/serial_motor_demo_msgs/msg/__init__.py
[6.089s] -- Up-to-date: /home/ubuntu/pi_ws/install/serial_motor_demo_msgs/lib/python3.8/site-packages/serial_motor_demo_msgs/msg/_encoder_vals.py
[6.089s] -- Up-to-date: /home/ubuntu/pi_ws/install/serial_motor_demo_msgs/lib/python3.8/site-packages/serial_motor_demo_msgs/serial_motor_demo_msgs_s__rosidl_typesupport_fastrtps_c.cpython-38-aarch64-linux-gnu.so
[6.089s] -- Up-to-date: /home/ubuntu/pi_ws/install/serial_motor_demo_msgs/lib/python3.8/site-packages/serial_motor_demo_msgs/serial_motor_demo_msgs_s__rosidl_typesupport_introspection_c.cpython-38-aarch64-linux-gnu.so
[6.092s] -- Up-to-date: /home/ubuntu/pi_ws/install/serial_motor_demo_msgs/lib/python3.8/site-packages/serial_motor_demo_msgs/serial_motor_demo_msgs_s__rosidl_typesupport_c.cpython-38-aarch64-linux-gnu.so
[6.095s] -- Up-to-date: /home/ubuntu/pi_ws/install/serial_motor_demo_msgs/lib/libserial_motor_demo_msgs__python.so
[6.096s] -- Up-to-date: /home/ubuntu/pi_ws/install/serial_motor_demo_msgs/share/serial_motor_demo_msgs/msg/MotorCommand.idl
[6.097s] -- Up-to-date: /home/ubuntu/pi_ws/install/serial_motor_demo_msgs/share/serial_motor_demo_msgs/msg/MotorVels.idl
[6.099s] -- Up-to-date: /home/ubuntu/pi_ws/install/serial_motor_demo_msgs/share/serial_motor_demo_msgs/msg/EncoderVals.idl
[6.100s] -- Up-to-date: /home/ubuntu/pi_ws/install/serial_motor_demo_msgs/share/serial_motor_demo_msgs/msg/MotorCommand.msg
[6.102s] -- Up-to-date: /home/ubuntu/pi_ws/install/serial_motor_demo_msgs/share/serial_motor_demo_msgs/msg/MotorVels.msg
[6.104s] -- Up-to-date: /home/ubuntu/pi_ws/install/serial_motor_demo_msgs/share/serial_motor_demo_msgs/msg/EncoderVals.msg
[6.106s] -- Up-to-date: /home/ubuntu/pi_ws/install/serial_motor_demo_msgs/share/ament_index/resource_index/package_run_dependencies/serial_motor_demo_msgs
[6.108s] -- Up-to-date: /home/ubuntu/pi_ws/install/serial_motor_demo_msgs/share/ament_index/resource_index/parent_prefix_path/serial_motor_demo_msgs
[6.109s] -- Up-to-date: /home/ubuntu/pi_ws/install/serial_motor_demo_msgs/share/serial_motor_demo_msgs/environment/ament_prefix_path.sh
[6.110s] -- Up-to-date: /home/ubuntu/pi_ws/install/serial_motor_demo_msgs/share/serial_motor_demo_msgs/environment/ament_prefix_path.dsv
[6.112s] -- Up-to-date: /home/ubuntu/pi_ws/install/serial_motor_demo_msgs/share/serial_motor_demo_msgs/environment/path.sh
[6.113s] -- Up-to-date: /home/ubuntu/pi_ws/install/serial_motor_demo_msgs/share/serial_motor_demo_msgs/environment/path.dsv
[6.114s] -- Up-to-date: /home/ubuntu/pi_ws/install/serial_motor_demo_msgs/share/serial_motor_demo_msgs/local_setup.bash
[6.114s] -- Up-to-date: /home/ubuntu/pi_ws/install/serial_motor_demo_msgs/share/serial_motor_demo_msgs/local_setup.sh
[6.116s] -- Up-to-date: /home/ubuntu/pi_ws/install/serial_motor_demo_msgs/share/serial_motor_demo_msgs/local_setup.zsh
[6.120s] -- Up-to-date: /home/ubuntu/pi_ws/install/serial_motor_demo_msgs/share/serial_motor_demo_msgs/local_setup.dsv
[6.123s] -- Installing: /home/ubuntu/pi_ws/install/serial_motor_demo_msgs/share/serial_motor_demo_msgs/package.dsv
[6.124s] -- Up-to-date: /home/ubuntu/pi_ws/install/serial_motor_demo_msgs/share/ament_index/resource_index/packages/serial_motor_demo_msgs
[6.125s] -- Up-to-date: /home/ubuntu/pi_ws/install/serial_motor_demo_msgs/share/serial_motor_demo_msgs/cmake/serial_motor_demo_msgs__rosidl_generator_cExport.cmake
[6.126s] -- Up-to-date: /home/ubuntu/pi_ws/install/serial_motor_demo_msgs/share/serial_motor_demo_msgs/cmake/serial_motor_demo_msgs__rosidl_generator_cExport-noconfig.cmake
[6.128s] -- Up-to-date: /home/ubuntu/pi_ws/install/serial_motor_demo_msgs/share/serial_motor_demo_msgs/cmake/serial_motor_demo_msgs__rosidl_typesupport_introspection_cExport.cmake
[6.130s] -- Up-to-date: /home/ubuntu/pi_ws/install/serial_motor_demo_msgs/share/serial_motor_demo_msgs/cmake/serial_motor_demo_msgs__rosidl_typesupport_introspection_cExport-noconfig.cmake
[6.131s] -- Up-to-date: /home/ubuntu/pi_ws/install/serial_motor_demo_msgs/share/serial_motor_demo_msgs/cmake/serial_motor_demo_msgs__rosidl_typesupport_cExport.cmake
[6.132s] -- Up-to-date: /home/ubuntu/pi_ws/install/serial_motor_demo_msgs/share/serial_motor_demo_msgs/cmake/serial_motor_demo_msgs__rosidl_typesupport_cExport-noconfig.cmake
[6.134s] -- Up-to-date: /home/ubuntu/pi_ws/install/serial_motor_demo_msgs/share/serial_motor_demo_msgs/cmake/serial_motor_demo_msgs__rosidl_generator_cppExport.cmake
[6.137s] -- Up-to-date: /home/ubuntu/pi_ws/install/serial_motor_demo_msgs/share/serial_motor_demo_msgs/cmake/serial_motor_demo_msgs__rosidl_typesupport_introspection_cppExport.cmake
[6.137s] -- Up-to-date: /home/ubuntu/pi_ws/install/serial_motor_demo_msgs/share/serial_motor_demo_msgs/cmake/serial_motor_demo_msgs__rosidl_typesupport_introspection_cppExport-noconfig.cmake
[6.140s] -- Up-to-date: /home/ubuntu/pi_ws/install/serial_motor_demo_msgs/share/serial_motor_demo_msgs/cmake/serial_motor_demo_msgs__rosidl_typesupport_cppExport.cmake
[6.142s] -- Up-to-date: /home/ubuntu/pi_ws/install/serial_motor_demo_msgs/share/serial_motor_demo_msgs/cmake/serial_motor_demo_msgs__rosidl_typesupport_cppExport-noconfig.cmake
[6.144s] -- Up-to-date: /home/ubuntu/pi_ws/install/serial_motor_demo_msgs/share/serial_motor_demo_msgs/cmake/rosidl_cmake-extras.cmake
[6.145s] -- Up-to-date: /home/ubuntu/pi_ws/install/serial_motor_demo_msgs/share/serial_motor_demo_msgs/cmake/ament_cmake_export_dependencies-extras.cmake
[6.146s] -- Up-to-date: /home/ubuntu/pi_ws/install/serial_motor_demo_msgs/share/serial_motor_demo_msgs/cmake/ament_cmake_export_libraries-extras.cmake
[6.148s] -- Up-to-date: /home/ubuntu/pi_ws/install/serial_motor_demo_msgs/share/serial_motor_demo_msgs/cmake/ament_cmake_export_targets-extras.cmake
[6.149s] -- Up-to-date: /home/ubuntu/pi_ws/install/serial_motor_demo_msgs/share/serial_motor_demo_msgs/cmake/ament_cmake_export_include_directories-extras.cmake
[6.152s] -- Up-to-date: /home/ubuntu/pi_ws/install/serial_motor_demo_msgs/share/serial_motor_demo_msgs/cmake/rosidl_cmake_export_typesupport_libraries-extras.cmake
[6.152s] -- Up-to-date: /home/ubuntu/pi_ws/install/serial_motor_demo_msgs/share/serial_motor_demo_msgs/cmake/rosidl_cmake_export_typesupport_targets-extras.cmake
[6.153s] -- Up-to-date: /home/ubuntu/pi_ws/install/serial_motor_demo_msgs/share/serial_motor_demo_msgs/cmake/serial_motor_demo_msgsConfig.cmake
[6.153s] -- Up-to-date: /home/ubuntu/pi_ws/install/serial_motor_demo_msgs/share/serial_motor_demo_msgs/cmake/serial_motor_demo_msgsConfig-version.cmake
[6.153s] -- Up-to-date: /home/ubuntu/pi_ws/install/serial_motor_demo_msgs/share/serial_motor_demo_msgs/package.xml
[7.907s] Invoked command in '/home/ubuntu/pi_ws/build/serial_motor_demo_msgs' returned '0': CMAKE_PREFIX_PATH=${CMAKE_PREFIX_PATH}:/home/ubuntu/pi_ws/install/serial_motor_demo:/home/ubuntu/pi_ws/install/my_package:/opt/ros/foxy /usr/bin/cmake --install /home/ubuntu/pi_ws/build/serial_motor_demo_msgs
