[4.742s] Invoking command in '/home/ubuntu/pi_ws/build/serial_motor_demo': PYTHONPATH=/home/ubuntu/pi_ws/build/serial_motor_demo/prefix_override:/home/ubuntu/pi_ws/install/serial_motor_demo/lib/python3.8/site-packages:/home/ubuntu/pi_ws/install/serial_motor_demo_msgs/lib/python3.8/site-packages:/home/ubuntu/pi_ws/build/serial_motor_demo:/home/ubuntu/pi_ws/install/serial_motor_demo/lib/python3.8/site-packages:/opt/ros/foxy/lib/python3.8/site-packages /usr/bin/python3 setup.py develop --uninstall --editable --build-directory /home/ubuntu/pi_ws/build/serial_motor_demo/build
[5.571s] running develop
[6.037s] Removing /home/ubuntu/pi_ws/install/serial_motor_demo/lib/python3.8/site-packages/serial-motor-demo.egg-link (link to .)
[6.127s] Invoked command in '/home/ubuntu/pi_ws/build/serial_motor_demo' returned '0': PYTHONPATH=/home/ubuntu/pi_ws/build/serial_motor_demo/prefix_override:/home/ubuntu/pi_ws/install/serial_motor_demo/lib/python3.8/site-packages:/home/ubuntu/pi_ws/install/serial_motor_demo_msgs/lib/python3.8/site-packages:/home/ubuntu/pi_ws/build/serial_motor_demo:/home/ubuntu/pi_ws/install/serial_motor_demo/lib/python3.8/site-packages:/opt/ros/foxy/lib/python3.8/site-packages /usr/bin/python3 setup.py develop --uninstall --editable --build-directory /home/ubuntu/pi_ws/build/serial_motor_demo/build
[6.136s] Invoking command in '/home/ubuntu/pi_ws/src/serial_motor_demo/serial_motor_demo': PYTHONPATH=/home/ubuntu/pi_ws/build/serial_motor_demo/prefix_override:/home/ubuntu/pi_ws/install/serial_motor_demo/lib/python3.8/site-packages:/home/ubuntu/pi_ws/install/serial_motor_demo_msgs/lib/python3.8/site-packages:/home/ubuntu/pi_ws/build/serial_motor_demo:/home/ubuntu/pi_ws/install/serial_motor_demo/lib/python3.8/site-packages:/opt/ros/foxy/lib/python3.8/site-packages /usr/bin/python3 setup.py egg_info --egg-base ../../../build/serial_motor_demo build --build-base /home/ubuntu/pi_ws/build/serial_motor_demo/build install --record /home/ubuntu/pi_ws/build/serial_motor_demo/install.log --install-scripts $base/lib/serial_motor_demo --single-version-externally-managed
[6.915s] running egg_info
[6.917s] writing ../../../build/serial_motor_demo/serial_motor_demo.egg-info/PKG-INFO
[6.918s] writing dependency_links to ../../../build/serial_motor_demo/serial_motor_demo.egg-info/dependency_links.txt
[6.919s] writing entry points to ../../../build/serial_motor_demo/serial_motor_demo.egg-info/entry_points.txt
[6.920s] writing requirements to ../../../build/serial_motor_demo/serial_motor_demo.egg-info/requires.txt
[6.920s] writing top-level names to ../../../build/serial_motor_demo/serial_motor_demo.egg-info/top_level.txt
[7.084s] reading manifest file '../../../build/serial_motor_demo/serial_motor_demo.egg-info/SOURCES.txt'
[7.089s] writing manifest file '../../../build/serial_motor_demo/serial_motor_demo.egg-info/SOURCES.txt'
[7.089s] running build
[7.090s] running build_py
[7.091s] running install
[7.094s] running install_lib
[7.098s] creating /home/ubuntu/pi_ws/install/serial_motor_demo/lib/python3.8/site-packages/serial_motor_demo
[7.098s] copying /home/ubuntu/pi_ws/build/serial_motor_demo/build/lib/serial_motor_demo/gui.py -> /home/ubuntu/pi_ws/install/serial_motor_demo/lib/python3.8/site-packages/serial_motor_demo
[7.099s] copying /home/ubuntu/pi_ws/build/serial_motor_demo/build/lib/serial_motor_demo/driver.py -> /home/ubuntu/pi_ws/install/serial_motor_demo/lib/python3.8/site-packages/serial_motor_demo
[7.100s] copying /home/ubuntu/pi_ws/build/serial_motor_demo/build/lib/serial_motor_demo/__init__.py -> /home/ubuntu/pi_ws/install/serial_motor_demo/lib/python3.8/site-packages/serial_motor_demo
[7.102s] byte-compiling /home/ubuntu/pi_ws/install/serial_motor_demo/lib/python3.8/site-packages/serial_motor_demo/gui.py to gui.cpython-38.pyc
[7.110s] byte-compiling /home/ubuntu/pi_ws/install/serial_motor_demo/lib/python3.8/site-packages/serial_motor_demo/driver.py to driver.cpython-38.pyc
[7.114s] byte-compiling /home/ubuntu/pi_ws/install/serial_motor_demo/lib/python3.8/site-packages/serial_motor_demo/__init__.py to __init__.cpython-38.pyc
[7.115s] running install_data
[7.117s] running install_egg_info
[7.123s] Copying ../../../build/serial_motor_demo/serial_motor_demo.egg-info to /home/ubuntu/pi_ws/install/serial_motor_demo/lib/python3.8/site-packages/serial_motor_demo-0.0.0-py3.8.egg-info
[7.128s] running install_scripts
[7.190s] Installing driver script to /home/ubuntu/pi_ws/install/serial_motor_demo/lib/serial_motor_demo
[7.191s] Installing gui script to /home/ubuntu/pi_ws/install/serial_motor_demo/lib/serial_motor_demo
[7.193s] writing list of installed files to '/home/ubuntu/pi_ws/build/serial_motor_demo/install.log'
[7.290s] Invoked command in '/home/ubuntu/pi_ws/src/serial_motor_demo/serial_motor_demo' returned '0': PYTHONPATH=/home/ubuntu/pi_ws/build/serial_motor_demo/prefix_override:/home/ubuntu/pi_ws/install/serial_motor_demo/lib/python3.8/site-packages:/home/ubuntu/pi_ws/install/serial_motor_demo_msgs/lib/python3.8/site-packages:/home/ubuntu/pi_ws/build/serial_motor_demo:/home/ubuntu/pi_ws/install/serial_motor_demo/lib/python3.8/site-packages:/opt/ros/foxy/lib/python3.8/site-packages /usr/bin/python3 setup.py egg_info --egg-base ../../../build/serial_motor_demo build --build-base /home/ubuntu/pi_ws/build/serial_motor_demo/build install --record /home/ubuntu/pi_ws/build/serial_motor_demo/install.log --install-scripts $base/lib/serial_motor_demo --single-version-externally-managed
