[1.304s] Invoking command in '/home/ubuntu/pi_ws/build/diffdrive_arduino': AMENT_PREFIX_PATH=/home/ubuntu/pi_ws/install/serial:${AMENT_PREFIX_PATH} CMAKE_PREFIX_PATH=/home/ubuntu/pi_ws/install/serial:/opt/ros/foxy LD_LIBRARY_PATH=/home/ubuntu/pi_ws/install/serial/lib:${LD_LIBRARY_PATH} /usr/bin/cmake /home/ubuntu/pi_ws/src/diffdrive_arduino -DAMENT_CMAKE_SYMLINK_INSTALL=1 -DCMAKE_INSTALL_PREFIX=/home/ubuntu/pi_ws/install/diffdrive_arduino
[1.367s] -- Found ament_cmake: 0.9.12 (/opt/ros/foxy/share/ament_cmake/cmake)
[1.468s] -- Using PYTHON_EXECUTABLE: /usr/bin/python3
[2.327s] -- Override CMake install command with custom implementation using symlinks instead of copying resources
[2.371s] -- Found serial: 1.2.1 (/home/ubuntu/pi_ws/install/serial/share/serial/cmake)
[2.380s] -- Found hardware_interface: 0.11.0 (/opt/ros/foxy/share/hardware_interface/cmake)
[2.584s] -- Using all available rosidl_typesupport_c: rosidl_typesupport_fastrtps_c;rosidl_typesupport_introspection_c
[2.600s] -- Found rosidl_adapter: 1.3.1 (/opt/ros/foxy/share/rosidl_adapter/cmake)
[3.409s] -- Using all available rosidl_typesupport_cpp: rosidl_typesupport_fastrtps_cpp;rosidl_typesupport_introspection_cpp
[5.519s] -- Found controller_manager: 0.11.0 (/opt/ros/foxy/share/controller_manager/cmake)
[5.844s] -- Found rmw_implementation_cmake: 1.0.4 (/opt/ros/foxy/share/rmw_implementation_cmake/cmake)
[5.857s] -- Using RMW implementation 'rmw_fastrtps_cpp' as default
[8.394s] -- Configuring done
[8.811s] -- Generating done
[8.822s] -- Build files have been written to: /home/ubuntu/pi_ws/build/diffdrive_arduino
[9.270s] Invoked command in '/home/ubuntu/pi_ws/build/diffdrive_arduino' returned '0': AMENT_PREFIX_PATH=/home/ubuntu/pi_ws/install/serial:${AMENT_PREFIX_PATH} CMAKE_PREFIX_PATH=/home/ubuntu/pi_ws/install/serial:/opt/ros/foxy LD_LIBRARY_PATH=/home/ubuntu/pi_ws/install/serial/lib:${LD_LIBRARY_PATH} /usr/bin/cmake /home/ubuntu/pi_ws/src/diffdrive_arduino -DAMENT_CMAKE_SYMLINK_INSTALL=1 -DCMAKE_INSTALL_PREFIX=/home/ubuntu/pi_ws/install/diffdrive_arduino
[9.280s] Invoking command in '/home/ubuntu/pi_ws/build/diffdrive_arduino': AMENT_PREFIX_PATH=/home/ubuntu/pi_ws/install/serial:${AMENT_PREFIX_PATH} CMAKE_PREFIX_PATH=/home/ubuntu/pi_ws/install/serial:/opt/ros/foxy LD_LIBRARY_PATH=/home/ubuntu/pi_ws/install/serial/lib:${LD_LIBRARY_PATH} /usr/bin/cmake --build /home/ubuntu/pi_ws/build/diffdrive_arduino -- -j4 -l4
[9.610s] [ 14%] [32m[1mLinking CXX shared library libfake_robot.so[0m
[9.613s] [ 28%] [32m[1mLinking CXX shared library libdiffdrive_arduino.so[0m
[11.253s] [ 57%] Built target fake_robot
[11.292s] [100%] Built target diffdrive_arduino
[11.608s] Invoked command in '/home/ubuntu/pi_ws/build/diffdrive_arduino' returned '0': AMENT_PREFIX_PATH=/home/ubuntu/pi_ws/install/serial:${AMENT_PREFIX_PATH} CMAKE_PREFIX_PATH=/home/ubuntu/pi_ws/install/serial:/opt/ros/foxy LD_LIBRARY_PATH=/home/ubuntu/pi_ws/install/serial/lib:${LD_LIBRARY_PATH} /usr/bin/cmake --build /home/ubuntu/pi_ws/build/diffdrive_arduino -- -j4 -l4
[11.751s] Invoking command in '/home/ubuntu/pi_ws/build/diffdrive_arduino': AMENT_PREFIX_PATH=/home/ubuntu/pi_ws/install/serial:${AMENT_PREFIX_PATH} CMAKE_PREFIX_PATH=/home/ubuntu/pi_ws/install/serial:/opt/ros/foxy LD_LIBRARY_PATH=/home/ubuntu/pi_ws/install/serial/lib:${LD_LIBRARY_PATH} /usr/bin/cmake --install /home/ubuntu/pi_ws/build/diffdrive_arduino
[11.786s] -- Install configuration: ""
[11.788s] -- Execute custom install script
[11.790s] -- Symlinking: /home/ubuntu/pi_ws/install/diffdrive_arduino/share/diffdrive_arduino//robot_hardware.xml
[11.827s] -- Symlinking: /home/ubuntu/pi_ws/install/diffdrive_arduino/share/diffdrive_arduino//fake_robot_hardware.xml
[11.862s] -- Symlinking: /home/ubuntu/pi_ws/install/diffdrive_arduino/lib/libdiffdrive_arduino.so
[11.898s] -- Symlinking: /home/ubuntu/pi_ws/install/diffdrive_arduino/lib/libfake_robot.so
[11.937s] -- Symlinking: /home/ubuntu/pi_ws/install/diffdrive_arduino/share/diffdrive_arduino/controllers/robot_controller_example.yaml
[11.973s] -- Symlinking: /home/ubuntu/pi_ws/install/diffdrive_arduino/share/diffdrive_arduino/fake_robot.launch.py
[12.008s] -- Symlinking: /home/ubuntu/pi_ws/install/diffdrive_arduino/share/diffdrive_arduino/test_robot.launch.py
[12.043s] -- Symlinking: /home/ubuntu/pi_ws/install/diffdrive_arduino/share/diffdrive_arduino/environment/library_path.sh
[12.077s] -- Symlinking: /home/ubuntu/pi_ws/install/diffdrive_arduino/share/diffdrive_arduino/environment/library_path.dsv
[12.113s] -- Symlinking: /home/ubuntu/pi_ws/install/diffdrive_arduino/share/ament_index/resource_index/package_run_dependencies/diffdrive_arduino
[12.149s] -- Symlinking: /home/ubuntu/pi_ws/install/diffdrive_arduino/share/ament_index/resource_index/parent_prefix_path/diffdrive_arduino
[12.184s] -- Symlinking: /home/ubuntu/pi_ws/install/diffdrive_arduino/share/diffdrive_arduino/environment/ament_prefix_path.sh
[12.219s] -- Symlinking: /home/ubuntu/pi_ws/install/diffdrive_arduino/share/diffdrive_arduino/environment/ament_prefix_path.dsv
[12.254s] -- Symlinking: /home/ubuntu/pi_ws/install/diffdrive_arduino/share/diffdrive_arduino/environment/path.sh
[12.288s] -- Symlinking: /home/ubuntu/pi_ws/install/diffdrive_arduino/share/diffdrive_arduino/environment/path.dsv
[12.322s] -- Symlinking: /home/ubuntu/pi_ws/install/diffdrive_arduino/share/diffdrive_arduino/local_setup.bash
[12.356s] -- Symlinking: /home/ubuntu/pi_ws/install/diffdrive_arduino/share/diffdrive_arduino/local_setup.sh
[12.391s] -- Symlinking: /home/ubuntu/pi_ws/install/diffdrive_arduino/share/diffdrive_arduino/local_setup.zsh
[12.425s] -- Symlinking: /home/ubuntu/pi_ws/install/diffdrive_arduino/share/diffdrive_arduino/local_setup.dsv
[12.460s] -- Symlinking: /home/ubuntu/pi_ws/install/diffdrive_arduino/share/diffdrive_arduino/package.dsv
[12.497s] -- Symlinking: /home/ubuntu/pi_ws/install/diffdrive_arduino/share/ament_index/resource_index/packages/diffdrive_arduino
[12.533s] -- Symlinking: /home/ubuntu/pi_ws/install/diffdrive_arduino/share/ament_index/resource_index/hardware_interface__pluginlib__plugin/diffdrive_arduino
[12.571s] -- Symlinking: /home/ubuntu/pi_ws/install/diffdrive_arduino/share/diffdrive_arduino/cmake/ament_cmake_export_libraries-extras.cmake
[12.605s] -- Symlinking: /home/ubuntu/pi_ws/install/diffdrive_arduino/share/diffdrive_arduino/cmake/ament_cmake_export_dependencies-extras.cmake
[12.640s] -- Symlinking: /home/ubuntu/pi_ws/install/diffdrive_arduino/share/diffdrive_arduino/cmake/diffdrive_arduinoConfig.cmake
[12.675s] -- Symlinking: /home/ubuntu/pi_ws/install/diffdrive_arduino/share/diffdrive_arduino/cmake/diffdrive_arduinoConfig-version.cmake
[12.711s] -- Symlinking: /home/ubuntu/pi_ws/install/diffdrive_arduino/share/diffdrive_arduino/package.xml
[12.752s] Invoked command in '/home/ubuntu/pi_ws/build/diffdrive_arduino' returned '0': AMENT_PREFIX_PATH=/home/ubuntu/pi_ws/install/serial:${AMENT_PREFIX_PATH} CMAKE_PREFIX_PATH=/home/ubuntu/pi_ws/install/serial:/opt/ros/foxy LD_LIBRARY_PATH=/home/ubuntu/pi_ws/install/serial/lib:${LD_LIBRARY_PATH} /usr/bin/cmake --install /home/ubuntu/pi_ws/build/diffdrive_arduino
