[5.911s] Invoking command in '/home/ubuntu/pi_ws/src/ros2_detection/my_package': PYTHONPATH=/home/ubuntu/pi_ws/build/my_package/prefix_override:/home/ubuntu/pi_ws/install/my_package/lib/python3.8/site-packages:${PYTHONPATH} /usr/bin/python3 setup.py egg_info --egg-base ../../../build/my_package build --build-base /home/ubuntu/pi_ws/build/my_package/build install --record /home/ubuntu/pi_ws/build/my_package/install.log --install-scripts $base/lib/my_package --single-version-externally-managed
[6.890s] running egg_info
[6.891s] writing ../../../build/my_package/my_package.egg-info/PKG-INFO
[6.893s] writing dependency_links to ../../../build/my_package/my_package.egg-info/dependency_links.txt
[6.898s] writing entry points to ../../../build/my_package/my_package.egg-info/entry_points.txt
[6.905s] writing requirements to ../../../build/my_package/my_package.egg-info/requires.txt
[6.911s] writing top-level names to ../../../build/my_package/my_package.egg-info/top_level.txt
[7.033s] reading manifest file '../../../build/my_package/my_package.egg-info/SOURCES.txt'
[7.039s] writing manifest file '../../../build/my_package/my_package.egg-info/SOURCES.txt'
[7.044s] running build
[7.047s] running build_py
[7.051s] running install
[7.053s] running install_lib
[7.057s] running install_data
[7.060s] running install_egg_info
[7.070s] removing '/home/ubuntu/pi_ws/install/my_package/lib/python3.8/site-packages/my_package-0.0.0-py3.8.egg-info' (and everything under it)
[7.073s] Copying ../../../build/my_package/my_package.egg-info to /home/ubuntu/pi_ws/install/my_package/lib/python3.8/site-packages/my_package-0.0.0-py3.8.egg-info
[7.077s] running install_scripts
[7.140s] Installing controller script to /home/ubuntu/pi_ws/install/my_package/lib/my_package
[7.141s] Installing detection script to /home/ubuntu/pi_ws/install/my_package/lib/my_package
[7.142s] Installing display script to /home/ubuntu/pi_ws/install/my_package/lib/my_package
[7.144s] writing list of installed files to '/home/ubuntu/pi_ws/build/my_package/install.log'
[9.163s] Invoked command in '/home/ubuntu/pi_ws/src/ros2_detection/my_package' returned '0': PYTHONPATH=/home/ubuntu/pi_ws/build/my_package/prefix_override:/home/ubuntu/pi_ws/install/my_package/lib/python3.8/site-packages:${PYTHONPATH} /usr/bin/python3 setup.py egg_info --egg-base ../../../build/my_package build --build-base /home/ubuntu/pi_ws/build/my_package/build install --record /home/ubuntu/pi_ws/build/my_package/install.log --install-scripts $base/lib/my_package --single-version-externally-managed
