[1.059s] Invoking command in '/home/ubuntu/pi_ws/build/tank_controller': CMAKE_PREFIX_PATH=${CMAKE_PREFIX_PATH}:/home/ubuntu/pi_ws/install/serial_motor_demo:/home/ubuntu/pi_ws/install/my_package:/opt/ros/foxy /usr/bin/cmake /home/ubuntu/pi_ws/src/tank_controller -DAMENT_CMAKE_SYMLINK_INSTALL=1 -DCMAKE_INSTALL_PREFIX=/home/ubuntu/pi_ws/install/tank_controller
[1.161s] -- Found ament_cmake: 0.9.12 (/opt/ros/foxy/share/ament_cmake/cmake)
[1.349s] -- Using PYTHON_EXECUTABLE: /usr/bin/python3
[2.723s] -- Override CMake install command with custom implementation using symlinks instead of copying resources
[2.769s] -- Found rclpy: 1.0.13 (/opt/ros/foxy/share/rclpy/cmake)
[2.770s] -- Found sensor_msgs: 2.0.5 (/opt/ros/foxy/share/sensor_msgs/cmake)
[2.944s] -- Using all available rosidl_typesupport_c: rosidl_typesupport_fastrtps_c;rosidl_typesupport_introspection_c
[2.958s] -- Found rosidl_adapter: 1.3.1 (/opt/ros/foxy/share/rosidl_adapter/cmake)
[4.049s] -- Using all available rosidl_typesupport_cpp: rosidl_typesupport_fastrtps_cpp;rosidl_typesupport_introspection_cpp
[4.775s] -- Found ament_lint_auto: 0.9.8 (/opt/ros/foxy/share/ament_lint_auto/cmake)
[5.268s] -- Added test 'copyright' to check source files copyright and LICENSE
[5.285s] -- Added test 'flake8' to check Python code syntax and style conventions
[5.288s] -- Added test 'lint_cmake' to check CMake code style
[5.293s] -- Added test 'pep257' to check Python code against some of the style conventions in PEP 257
[5.304s] -- Added test 'xmllint' to check XML markup files
[5.333s] -- Configuring done
[5.404s] -- Generating done
[5.421s] -- Build files have been written to: /home/ubuntu/pi_ws/build/tank_controller
[5.456s] Invoked command in '/home/ubuntu/pi_ws/build/tank_controller' returned '0': CMAKE_PREFIX_PATH=${CMAKE_PREFIX_PATH}:/home/ubuntu/pi_ws/install/serial_motor_demo:/home/ubuntu/pi_ws/install/my_package:/opt/ros/foxy /usr/bin/cmake /home/ubuntu/pi_ws/src/tank_controller -DAMENT_CMAKE_SYMLINK_INSTALL=1 -DCMAKE_INSTALL_PREFIX=/home/ubuntu/pi_ws/install/tank_controller
[5.476s] Invoking command in '/home/ubuntu/pi_ws/build/tank_controller': CMAKE_PREFIX_PATH=${CMAKE_PREFIX_PATH}:/home/ubuntu/pi_ws/install/serial_motor_demo:/home/ubuntu/pi_ws/install/my_package:/opt/ros/foxy /usr/bin/cmake --build /home/ubuntu/pi_ws/build/tank_controller -- -j4 -l4
[5.749s] Invoked command in '/home/ubuntu/pi_ws/build/tank_controller' returned '0': CMAKE_PREFIX_PATH=${CMAKE_PREFIX_PATH}:/home/ubuntu/pi_ws/install/serial_motor_demo:/home/ubuntu/pi_ws/install/my_package:/opt/ros/foxy /usr/bin/cmake --build /home/ubuntu/pi_ws/build/tank_controller -- -j4 -l4
[5.932s] Invoking command in '/home/ubuntu/pi_ws/build/tank_controller': CMAKE_PREFIX_PATH=${CMAKE_PREFIX_PATH}:/home/ubuntu/pi_ws/install/serial_motor_demo:/home/ubuntu/pi_ws/install/my_package:/opt/ros/foxy /usr/bin/cmake --install /home/ubuntu/pi_ws/build/tank_controller
[5.979s] -- Install configuration: ""
[5.982s] -- Execute custom install script
[5.985s] -- Symlinking: /home/ubuntu/pi_ws/install/tank_controller/lib/tank_controller/start_robot.py
[6.047s] -- Symlinking: /home/ubuntu/pi_ws/install/tank_controller/lib/tank_controller/motor_control_test.py
[6.097s] -- Symlinking: /home/ubuntu/pi_ws/install/tank_controller/share/ament_index/resource_index/package_run_dependencies/tank_controller
[6.140s] -- Symlinking: /home/ubuntu/pi_ws/install/tank_controller/share/ament_index/resource_index/parent_prefix_path/tank_controller
[6.186s] -- Symlinking: /home/ubuntu/pi_ws/install/tank_controller/share/tank_controller/environment/ament_prefix_path.sh
[6.231s] -- Symlinking: /home/ubuntu/pi_ws/install/tank_controller/share/tank_controller/environment/ament_prefix_path.dsv
[6.287s] -- Symlinking: /home/ubuntu/pi_ws/install/tank_controller/share/tank_controller/environment/path.sh
[6.338s] -- Symlinking: /home/ubuntu/pi_ws/install/tank_controller/share/tank_controller/environment/path.dsv
[6.387s] -- Symlinking: /home/ubuntu/pi_ws/install/tank_controller/share/tank_controller/local_setup.bash
[6.434s] -- Symlinking: /home/ubuntu/pi_ws/install/tank_controller/share/tank_controller/local_setup.sh
[6.510s] -- Symlinking: /home/ubuntu/pi_ws/install/tank_controller/share/tank_controller/local_setup.zsh
[6.559s] -- Symlinking: /home/ubuntu/pi_ws/install/tank_controller/share/tank_controller/local_setup.dsv
[6.615s] -- Symlinking: /home/ubuntu/pi_ws/install/tank_controller/share/tank_controller/package.dsv
[6.664s] -- Symlinking: /home/ubuntu/pi_ws/install/tank_controller/share/ament_index/resource_index/packages/tank_controller
[6.722s] -- Symlinking: /home/ubuntu/pi_ws/install/tank_controller/share/tank_controller/cmake/tank_controllerConfig.cmake
[6.765s] -- Symlinking: /home/ubuntu/pi_ws/install/tank_controller/share/tank_controller/cmake/tank_controllerConfig-version.cmake
[6.852s] -- Symlinking: /home/ubuntu/pi_ws/install/tank_controller/share/tank_controller/package.xml
[7.396s] Invoked command in '/home/ubuntu/pi_ws/build/tank_controller' returned '0': CMAKE_PREFIX_PATH=${CMAKE_PREFIX_PATH}:/home/ubuntu/pi_ws/install/serial_motor_demo:/home/ubuntu/pi_ws/install/my_package:/opt/ros/foxy /usr/bin/cmake --install /home/ubuntu/pi_ws/build/tank_controller
