[8.219s] Invoking command in '/home/ubuntu/pi_ws/src/ros2_detection/my_package': PYTHONPATH=/home/ubuntu/pi_ws/build/my_package/prefix_override:/home/ubuntu/pi_ws/install/my_package/lib/python3.8/site-packages:${PYTHONPATH} /usr/bin/python3 setup.py egg_info --egg-base ../../../build/my_package build --build-base /home/ubuntu/pi_ws/build/my_package/build install --record /home/ubuntu/pi_ws/build/my_package/install.log --install-scripts $base/lib/my_package --single-version-externally-managed
[10.106s] running egg_info
[10.113s] writing ../../../build/my_package/my_package.egg-info/PKG-INFO
[10.117s] writing dependency_links to ../../../build/my_package/my_package.egg-info/dependency_links.txt
[10.121s] writing entry points to ../../../build/my_package/my_package.egg-info/entry_points.txt
[10.122s] writing requirements to ../../../build/my_package/my_package.egg-info/requires.txt
[10.122s] writing top-level names to ../../../build/my_package/my_package.egg-info/top_level.txt
[10.320s] reading manifest file '../../../build/my_package/my_package.egg-info/SOURCES.txt'
[10.328s] writing manifest file '../../../build/my_package/my_package.egg-info/SOURCES.txt'
[10.332s] running build
[10.338s] running build_py
[10.342s] running install
[10.350s] running install_lib
[10.354s] running install_data
[10.359s] running install_egg_info
[10.364s] removing '/home/ubuntu/pi_ws/install/my_package/lib/python3.8/site-packages/my_package-0.0.0-py3.8.egg-info' (and everything under it)
[10.395s] Copying ../../../build/my_package/my_package.egg-info to /home/ubuntu/pi_ws/install/my_package/lib/python3.8/site-packages/my_package-0.0.0-py3.8.egg-info
[10.396s] running install_scripts
[10.475s] Installing controller script to /home/ubuntu/pi_ws/install/my_package/lib/my_package
[10.477s] Installing detection script to /home/ubuntu/pi_ws/install/my_package/lib/my_package
[10.479s] Installing display script to /home/ubuntu/pi_ws/install/my_package/lib/my_package
[10.482s] writing list of installed files to '/home/ubuntu/pi_ws/build/my_package/install.log'
[13.361s] Invoked command in '/home/ubuntu/pi_ws/src/ros2_detection/my_package' returned '0': PYTHONPATH=/home/ubuntu/pi_ws/build/my_package/prefix_override:/home/ubuntu/pi_ws/install/my_package/lib/python3.8/site-packages:${PYTHONPATH} /usr/bin/python3 setup.py egg_info --egg-base ../../../build/my_package build --build-base /home/ubuntu/pi_ws/build/my_package/build install --record /home/ubuntu/pi_ws/build/my_package/install.log --install-scripts $base/lib/my_package --single-version-externally-managed
