[0.429s] Invoking command in '/home/ubuntu/pi_ws/build/senior_design': CMAKE_PREFIX_PATH=/opt/ros/foxy /usr/bin/cmake /home/ubuntu/pi_ws/src/senior_design -DCMAKE_INSTALL_PREFIX=/home/ubuntu/pi_ws/install/senior_design
[0.669s] -- The C compiler identification is GNU 9.4.0
[0.882s] -- The CXX compiler identification is GNU 9.4.0
[0.900s] -- Check for working C compiler: /usr/bin/cc
[1.175s] -- Check for working C compiler: /usr/bin/cc -- works
[1.179s] -- Detecting C compiler ABI info
[1.457s] -- Detecting C compiler ABI info - done
[1.493s] -- Detecting C compile features
[1.494s] -- Detecting C compile features - done
[1.503s] -- Check for working CXX compiler: /usr/bin/c++
[1.807s] -- Check for working CXX compiler: /usr/bin/c++ -- works
[1.811s] -- Detecting CXX compiler ABI info
[2.120s] -- Detecting CXX compiler ABI info - done
[2.158s] -- Detecting CXX compile features
[2.160s] -- Detecting CXX compile features - done
[2.176s] -- Found ament_cmake: 0.9.12 (/opt/ros/foxy/share/ament_cmake/cmake)
[2.281s] -- Found PythonInterp: /usr/bin/python3 (found suitable version "3.8.10", minimum required is "3") 
[2.281s] -- Using PYTHON_EXECUTABLE: /usr/bin/python3
[3.054s] -- Found ament_lint_auto: 0.9.8 (/opt/ros/foxy/share/ament_lint_auto/cmake)
[3.381s] -- Added test 'copyright' to check source files copyright and LICENSE
[3.484s] -- Added test 'flake8' to check Python code syntax and style conventions
[3.498s] -- Added test 'lint_cmake' to check CMake code style
[3.505s] -- Added test 'pep257' to check Python code against some of the style conventions in PEP 257
[3.560s] -- Added test 'xmllint' to check XML markup files
[3.571s] -- Configuring done
[3.579s] -- Generating done
[3.583s] -- Build files have been written to: /home/ubuntu/pi_ws/build/senior_design
[3.596s] Invoked command in '/home/ubuntu/pi_ws/build/senior_design' returned '0': CMAKE_PREFIX_PATH=/opt/ros/foxy /usr/bin/cmake /home/ubuntu/pi_ws/src/senior_design -DCMAKE_INSTALL_PREFIX=/home/ubuntu/pi_ws/install/senior_design
[3.607s] Invoking command in '/home/ubuntu/pi_ws/build/senior_design': CMAKE_PREFIX_PATH=/opt/ros/foxy /usr/bin/cmake --build /home/ubuntu/pi_ws/build/senior_design -- -j4 -l4
[3.751s] Invoked command in '/home/ubuntu/pi_ws/build/senior_design' returned '0': CMAKE_PREFIX_PATH=/opt/ros/foxy /usr/bin/cmake --build /home/ubuntu/pi_ws/build/senior_design -- -j4 -l4
[3.889s] Invoking command in '/home/ubuntu/pi_ws/build/senior_design': CMAKE_PREFIX_PATH=/opt/ros/foxy /usr/bin/cmake --install /home/ubuntu/pi_ws/build/senior_design
[3.922s] -- Install configuration: ""
[3.923s] -- Installing: /home/ubuntu/pi_ws/install/senior_design/share/senior_design/config
[3.924s] -- Installing: /home/ubuntu/pi_ws/install/senior_design/share/senior_design/config/empty.yaml
[3.924s] -- Installing: /home/ubuntu/pi_ws/install/senior_design/share/senior_design/description
[3.924s] -- Installing: /home/ubuntu/pi_ws/install/senior_design/share/senior_design/description/robot.urdf.xacro
[3.925s] -- Installing: /home/ubuntu/pi_ws/install/senior_design/share/senior_design/launch
[3.925s] -- Installing: /home/ubuntu/pi_ws/install/senior_design/share/senior_design/launch/rsp.launch.py
[3.926s] -- Installing: /home/ubuntu/pi_ws/install/senior_design/share/senior_design/worlds
[3.926s] -- Installing: /home/ubuntu/pi_ws/install/senior_design/share/senior_design/worlds/empty.world
[3.928s] -- Installing: /home/ubuntu/pi_ws/install/senior_design/share/ament_index/resource_index/package_run_dependencies/senior_design
[3.929s] -- Installing: /home/ubuntu/pi_ws/install/senior_design/share/ament_index/resource_index/parent_prefix_path/senior_design
[3.930s] -- Installing: /home/ubuntu/pi_ws/install/senior_design/share/senior_design/environment/ament_prefix_path.sh
[3.931s] -- Installing: /home/ubuntu/pi_ws/install/senior_design/share/senior_design/environment/ament_prefix_path.dsv
[3.932s] -- Installing: /home/ubuntu/pi_ws/install/senior_design/share/senior_design/environment/path.sh
[3.933s] -- Installing: /home/ubuntu/pi_ws/install/senior_design/share/senior_design/environment/path.dsv
[3.934s] -- Installing: /home/ubuntu/pi_ws/install/senior_design/share/senior_design/local_setup.bash
[3.935s] -- Installing: /home/ubuntu/pi_ws/install/senior_design/share/senior_design/local_setup.sh
[3.936s] -- Installing: /home/ubuntu/pi_ws/install/senior_design/share/senior_design/local_setup.zsh
[3.937s] -- Installing: /home/ubuntu/pi_ws/install/senior_design/share/senior_design/local_setup.dsv
[3.938s] -- Installing: /home/ubuntu/pi_ws/install/senior_design/share/senior_design/package.dsv
[3.939s] -- Installing: /home/ubuntu/pi_ws/install/senior_design/share/ament_index/resource_index/packages/senior_design
[3.940s] -- Installing: /home/ubuntu/pi_ws/install/senior_design/share/senior_design/cmake/senior_designConfig.cmake
[3.941s] -- Installing: /home/ubuntu/pi_ws/install/senior_design/share/senior_design/cmake/senior_designConfig-version.cmake
[3.942s] -- Installing: /home/ubuntu/pi_ws/install/senior_design/share/senior_design/package.xml
[3.948s] Invoked command in '/home/ubuntu/pi_ws/build/senior_design' returned '0': CMAKE_PREFIX_PATH=/opt/ros/foxy /usr/bin/cmake --install /home/ubuntu/pi_ws/build/senior_design
