[6.162s] Invoking command in '/home/ubuntu/pi_ws/src/ros2_detection/my_package': PYTHONPATH=/home/ubuntu/pi_ws/build/my_package/prefix_override:/home/ubuntu/pi_ws/install/my_package/lib/python3.8/site-packages:${PYTHONPATH} /usr/bin/python3 setup.py egg_info --egg-base ../../../build/my_package build --build-base /home/ubuntu/pi_ws/build/my_package/build install --record /home/ubuntu/pi_ws/build/my_package/install.log --install-scripts $base/lib/my_package --single-version-externally-managed
[7.139s] running egg_info
[7.141s] writing ../../../build/my_package/my_package.egg-info/PKG-INFO
[7.141s] writing dependency_links to ../../../build/my_package/my_package.egg-info/dependency_links.txt
[7.142s] writing entry points to ../../../build/my_package/my_package.egg-info/entry_points.txt
[7.147s] writing requirements to ../../../build/my_package/my_package.egg-info/requires.txt
[7.150s] writing top-level names to ../../../build/my_package/my_package.egg-info/top_level.txt
[7.281s] reading manifest file '../../../build/my_package/my_package.egg-info/SOURCES.txt'
[7.285s] writing manifest file '../../../build/my_package/my_package.egg-info/SOURCES.txt'
[7.287s] running build
[7.288s] running build_py
[7.288s] running install
[7.292s] running install_lib
[7.299s] running install_data
[7.303s] running install_egg_info
[7.311s] removing '/home/ubuntu/pi_ws/install/my_package/lib/python3.8/site-packages/my_package-0.0.0-py3.8.egg-info' (and everything under it)
[7.315s] Copying ../../../build/my_package/my_package.egg-info to /home/ubuntu/pi_ws/install/my_package/lib/python3.8/site-packages/my_package-0.0.0-py3.8.egg-info
[7.318s] running install_scripts
[7.386s] Installing controller script to /home/ubuntu/pi_ws/install/my_package/lib/my_package
[7.388s] Installing detection script to /home/ubuntu/pi_ws/install/my_package/lib/my_package
[7.388s] Installing display script to /home/ubuntu/pi_ws/install/my_package/lib/my_package
[7.389s] writing list of installed files to '/home/ubuntu/pi_ws/build/my_package/install.log'
[8.620s] Invoked command in '/home/ubuntu/pi_ws/src/ros2_detection/my_package' returned '0': PYTHONPATH=/home/ubuntu/pi_ws/build/my_package/prefix_override:/home/ubuntu/pi_ws/install/my_package/lib/python3.8/site-packages:${PYTHONPATH} /usr/bin/python3 setup.py egg_info --egg-base ../../../build/my_package build --build-base /home/ubuntu/pi_ws/build/my_package/build install --record /home/ubuntu/pi_ws/build/my_package/install.log --install-scripts $base/lib/my_package --single-version-externally-managed
