[2.560s] Invoking command in '/home/ubuntu/pi_ws/build/gazebo_ros2_control': CMAKE_PREFIX_PATH=${CMAKE_PREFIX_PATH}:/home/ubuntu/pi_ws/install/serial_motor_demo:/home/ubuntu/pi_ws/install/my_package:/opt/ros/foxy /usr/bin/cmake --build /home/ubuntu/pi_ws/build/gazebo_ros2_control -- -j4 -l4
[3.267s] [ 50%] Built target gazebo_hardware_plugins
[3.304s] [100%] Built target gazebo_ros2_control
[4.675s] Invoked command in '/home/ubuntu/pi_ws/build/gazebo_ros2_control' returned '0': CMAKE_PREFIX_PATH=${CMAKE_PREFIX_PATH}:/home/ubuntu/pi_ws/install/serial_motor_demo:/home/ubuntu/pi_ws/install/my_package:/opt/ros/foxy /usr/bin/cmake --build /home/ubuntu/pi_ws/build/gazebo_ros2_control -- -j4 -l4
[4.915s] Invoking command in '/home/ubuntu/pi_ws/build/gazebo_ros2_control': CMAKE_PREFIX_PATH=${CMAKE_PREFIX_PATH}:/home/ubuntu/pi_ws/install/serial_motor_demo:/home/ubuntu/pi_ws/install/my_package:/opt/ros/foxy /usr/bin/cmake --install /home/ubuntu/pi_ws/build/gazebo_ros2_control
[4.969s] -- Install configuration: ""
[4.972s] -- Up-to-date: /home/ubuntu/pi_ws/install/gazebo_ros2_control/lib/libgazebo_ros2_control.so
[4.976s] -- Up-to-date: /home/ubuntu/pi_ws/install/gazebo_ros2_control/lib/libgazebo_hardware_plugins.so
[4.982s] -- Up-to-date: /home/ubuntu/pi_ws/install/gazebo_ros2_control/share/gazebo_ros2_control/environment/library_path.sh
[4.984s] -- Up-to-date: /home/ubuntu/pi_ws/install/gazebo_ros2_control/share/gazebo_ros2_control/environment/library_path.dsv
[4.986s] -- Up-to-date: /home/ubuntu/pi_ws/install/gazebo_ros2_control/include/gazebo_ros2_control
[4.987s] -- Up-to-date: /home/ubuntu/pi_ws/install/gazebo_ros2_control/include/gazebo_ros2_control/gazebo_system.hpp
[4.988s] -- Up-to-date: /home/ubuntu/pi_ws/install/gazebo_ros2_control/include/gazebo_ros2_control/gazebo_ros2_control_plugin.hpp
[4.990s] -- Up-to-date: /home/ubuntu/pi_ws/install/gazebo_ros2_control/include/gazebo_ros2_control/gazebo_system_interface.hpp
[4.992s] -- Up-to-date: /home/ubuntu/pi_ws/install/gazebo_ros2_control/share/gazebo_ros2_control/gazebo_hardware_plugins.xml
[4.993s] -- Up-to-date: /home/ubuntu/pi_ws/install/gazebo_ros2_control/share/ament_index/resource_index/package_run_dependencies/gazebo_ros2_control
[4.995s] -- Up-to-date: /home/ubuntu/pi_ws/install/gazebo_ros2_control/share/ament_index/resource_index/parent_prefix_path/gazebo_ros2_control
[4.997s] -- Up-to-date: /home/ubuntu/pi_ws/install/gazebo_ros2_control/share/gazebo_ros2_control/environment/ament_prefix_path.sh
[4.998s] -- Up-to-date: /home/ubuntu/pi_ws/install/gazebo_ros2_control/share/gazebo_ros2_control/environment/ament_prefix_path.dsv
[5.000s] -- Up-to-date: /home/ubuntu/pi_ws/install/gazebo_ros2_control/share/gazebo_ros2_control/environment/path.sh
[5.002s] -- Up-to-date: /home/ubuntu/pi_ws/install/gazebo_ros2_control/share/gazebo_ros2_control/environment/path.dsv
[5.003s] -- Up-to-date: /home/ubuntu/pi_ws/install/gazebo_ros2_control/share/gazebo_ros2_control/local_setup.bash
[5.004s] -- Up-to-date: /home/ubuntu/pi_ws/install/gazebo_ros2_control/share/gazebo_ros2_control/local_setup.sh
[5.006s] -- Up-to-date: /home/ubuntu/pi_ws/install/gazebo_ros2_control/share/gazebo_ros2_control/local_setup.zsh
[5.008s] -- Up-to-date: /home/ubuntu/pi_ws/install/gazebo_ros2_control/share/gazebo_ros2_control/local_setup.dsv
[5.009s] -- Installing: /home/ubuntu/pi_ws/install/gazebo_ros2_control/share/gazebo_ros2_control/package.dsv
[5.015s] -- Up-to-date: /home/ubuntu/pi_ws/install/gazebo_ros2_control/share/ament_index/resource_index/packages/gazebo_ros2_control
[5.017s] -- Up-to-date: /home/ubuntu/pi_ws/install/gazebo_ros2_control/share/ament_index/resource_index/gazebo_ros2_control__pluginlib__plugin/gazebo_ros2_control
[5.019s] -- Up-to-date: /home/ubuntu/pi_ws/install/gazebo_ros2_control/share/gazebo_ros2_control/cmake/ament_cmake_export_include_directories-extras.cmake
[5.022s] -- Up-to-date: /home/ubuntu/pi_ws/install/gazebo_ros2_control/share/gazebo_ros2_control/cmake/ament_cmake_export_dependencies-extras.cmake
[5.023s] -- Up-to-date: /home/ubuntu/pi_ws/install/gazebo_ros2_control/share/gazebo_ros2_control/cmake/ament_cmake_export_libraries-extras.cmake
[5.024s] -- Up-to-date: /home/ubuntu/pi_ws/install/gazebo_ros2_control/share/gazebo_ros2_control/cmake/gazebo_ros2_controlConfig.cmake
[5.025s] -- Up-to-date: /home/ubuntu/pi_ws/install/gazebo_ros2_control/share/gazebo_ros2_control/cmake/gazebo_ros2_controlConfig-version.cmake
[5.027s] -- Up-to-date: /home/ubuntu/pi_ws/install/gazebo_ros2_control/share/gazebo_ros2_control/package.xml
[5.055s] Invoked command in '/home/ubuntu/pi_ws/build/gazebo_ros2_control' returned '0': CMAKE_PREFIX_PATH=${CMAKE_PREFIX_PATH}:/home/ubuntu/pi_ws/install/serial_motor_demo:/home/ubuntu/pi_ws/install/my_package:/opt/ros/foxy /usr/bin/cmake --install /home/ubuntu/pi_ws/build/gazebo_ros2_control
