[11.053s] Invoking command in '/home/ubuntu/pi_ws/src/serial_motor_demo/serial_motor_demo': CMAKE_PREFIX_PATH=/home/ubuntu/pi_ws/install/serial_motor_demo_msgs:/home/ubuntu/pi_ws/install/tank_controller:/home/ubuntu/pi_ws/install/diffdrive_arduino:/home/ubuntu/pi_ws/install/serial:/home/ubuntu/pi_ws/install/senior_design:/home/ubuntu/pi_ws/install/gazebo_ros2_control_demos:/home/ubuntu/pi_ws/install/gazebo_ros2_control PYTHONPATH=/home/ubuntu/pi_ws/build/serial_motor_demo/prefix_override:/home/ubuntu/pi_ws/install/serial_motor_demo/lib/python3.8/site-packages:/home/ubuntu/pi_ws/install/serial_motor_demo_msgs/lib/python3.8/site-packages:/home/ubuntu/pi_ws/install/serial_motor_demo/lib/python3.8/site-packages:/home/ubuntu/pi_ws/install/my_package/lib/python3.8/site-packages:/opt/ros/foxy/lib/python3.8/site-packages /usr/bin/python3 setup.py egg_info --egg-base ../../../build/serial_motor_demo build --build-base /home/ubuntu/pi_ws/build/serial_motor_demo/build install --record /home/ubuntu/pi_ws/build/serial_motor_demo/install.log --install-scripts $base/lib/serial_motor_demo --single-version-externally-managed
[12.488s] running egg_info
[12.491s] writing ../../../build/serial_motor_demo/serial_motor_demo.egg-info/PKG-INFO
[12.493s] writing dependency_links to ../../../build/serial_motor_demo/serial_motor_demo.egg-info/dependency_links.txt
[12.494s] writing entry points to ../../../build/serial_motor_demo/serial_motor_demo.egg-info/entry_points.txt
[12.495s] writing requirements to ../../../build/serial_motor_demo/serial_motor_demo.egg-info/requires.txt
[12.496s] writing top-level names to ../../../build/serial_motor_demo/serial_motor_demo.egg-info/top_level.txt
[12.683s] reading manifest file '../../../build/serial_motor_demo/serial_motor_demo.egg-info/SOURCES.txt'
[12.689s] writing manifest file '../../../build/serial_motor_demo/serial_motor_demo.egg-info/SOURCES.txt'
[12.691s] running build
[12.692s] running build_py
[12.694s] running install
[12.697s] running install_lib
[12.704s] running install_data
[12.707s] running install_egg_info
[12.714s] removing '/home/ubuntu/pi_ws/install/serial_motor_demo/lib/python3.8/site-packages/serial_motor_demo-0.0.0-py3.8.egg-info' (and everything under it)
[12.720s] Copying ../../../build/serial_motor_demo/serial_motor_demo.egg-info to /home/ubuntu/pi_ws/install/serial_motor_demo/lib/python3.8/site-packages/serial_motor_demo-0.0.0-py3.8.egg-info
[12.727s] running install_scripts
[12.816s] Installing driver script to /home/ubuntu/pi_ws/install/serial_motor_demo/lib/serial_motor_demo
[12.821s] Installing gui script to /home/ubuntu/pi_ws/install/serial_motor_demo/lib/serial_motor_demo
[12.822s] writing list of installed files to '/home/ubuntu/pi_ws/build/serial_motor_demo/install.log'
[12.935s] Invoked command in '/home/ubuntu/pi_ws/src/serial_motor_demo/serial_motor_demo' returned '0': CMAKE_PREFIX_PATH=/home/ubuntu/pi_ws/install/serial_motor_demo_msgs:/home/ubuntu/pi_ws/install/tank_controller:/home/ubuntu/pi_ws/install/diffdrive_arduino:/home/ubuntu/pi_ws/install/serial:/home/ubuntu/pi_ws/install/senior_design:/home/ubuntu/pi_ws/install/gazebo_ros2_control_demos:/home/ubuntu/pi_ws/install/gazebo_ros2_control PYTHONPATH=/home/ubuntu/pi_ws/build/serial_motor_demo/prefix_override:/home/ubuntu/pi_ws/install/serial_motor_demo/lib/python3.8/site-packages:/home/ubuntu/pi_ws/install/serial_motor_demo_msgs/lib/python3.8/site-packages:/home/ubuntu/pi_ws/install/serial_motor_demo/lib/python3.8/site-packages:/home/ubuntu/pi_ws/install/my_package/lib/python3.8/site-packages:/opt/ros/foxy/lib/python3.8/site-packages /usr/bin/python3 setup.py egg_info --egg-base ../../../build/serial_motor_demo build --build-base /home/ubuntu/pi_ws/build/serial_motor_demo/build install --record /home/ubuntu/pi_ws/build/serial_motor_demo/install.log --install-scripts $base/lib/serial_motor_demo --single-version-externally-managed
