[0.676s] Invoking command in '/home/ubuntu/pi_ws/build/senior_design': CMAKE_PREFIX_PATH=${CMAKE_PREFIX_PATH}:/home/ubuntu/pi_ws/install/serial_motor_demo:/home/ubuntu/pi_ws/install/my_package:/opt/ros/foxy /usr/bin/cmake --build /home/ubuntu/pi_ws/build/senior_design -- -j4 -l4
[0.861s] Invoked command in '/home/ubuntu/pi_ws/build/senior_design' returned '0': CMAKE_PREFIX_PATH=${CMAKE_PREFIX_PATH}:/home/ubuntu/pi_ws/install/serial_motor_demo:/home/ubuntu/pi_ws/install/my_package:/opt/ros/foxy /usr/bin/cmake --build /home/ubuntu/pi_ws/build/senior_design -- -j4 -l4
[1.044s] Invoking command in '/home/ubuntu/pi_ws/build/senior_design': CMAKE_PREFIX_PATH=${CMAKE_PREFIX_PATH}:/home/ubuntu/pi_ws/install/serial_motor_demo:/home/ubuntu/pi_ws/install/my_package:/opt/ros/foxy /usr/bin/cmake --install /home/ubuntu/pi_ws/build/senior_design
[1.084s] -- Install configuration: ""
[1.085s] -- Up-to-date: /home/ubuntu/pi_ws/install/senior_design/share/senior_design/config
[1.085s] -- Up-to-date: /home/ubuntu/pi_ws/install/senior_design/share/senior_design/config/view_bot.rviz
[1.086s] -- Up-to-date: /home/ubuntu/pi_ws/install/senior_design/share/senior_design/config/my_controllers.yaml
[1.086s] -- Up-to-date: /home/ubuntu/pi_ws/install/senior_design/share/senior_design/config/map.rviz
[1.087s] -- Up-to-date: /home/ubuntu/pi_ws/install/senior_design/share/senior_design/config/ball_tracker_params_robot.yaml
[1.087s] -- Up-to-date: /home/ubuntu/pi_ws/install/senior_design/share/senior_design/config/mapper_params_online_async.yaml
[1.087s] -- Up-to-date: /home/ubuntu/pi_ws/install/senior_design/share/senior_design/config/drive_bot.rviz
[1.088s] -- Up-to-date: /home/ubuntu/pi_ws/install/senior_design/share/senior_design/config/ball_tracker_params_sim.yaml
[1.089s] -- Up-to-date: /home/ubuntu/pi_ws/install/senior_design/share/senior_design/config/main.rviz
[1.090s] -- Up-to-date: /home/ubuntu/pi_ws/install/senior_design/share/senior_design/config/nav2_params.yaml
[1.091s] -- Installing: /home/ubuntu/pi_ws/install/senior_design/share/senior_design/config/joystick.yaml
[1.091s] -- Up-to-date: /home/ubuntu/pi_ws/install/senior_design/share/senior_design/config/gazebo_params.yaml
[1.092s] -- Up-to-date: /home/ubuntu/pi_ws/install/senior_design/share/senior_design/config/twist_mux.yaml
[1.093s] -- Up-to-date: /home/ubuntu/pi_ws/install/senior_design/share/senior_design/config/gaz_ros2_ctl_use_sim.yaml
[1.094s] -- Up-to-date: /home/ubuntu/pi_ws/install/senior_design/share/senior_design/config/empty.yaml
[1.094s] -- Up-to-date: /home/ubuntu/pi_ws/install/senior_design/share/senior_design/description
[1.095s] -- Up-to-date: /home/ubuntu/pi_ws/install/senior_design/share/senior_design/description/ros2_control.xacro
[1.096s] -- Up-to-date: /home/ubuntu/pi_ws/install/senior_design/share/senior_design/description/inertial_macros.xacro
[1.097s] -- Up-to-date: /home/ubuntu/pi_ws/install/senior_design/share/senior_design/description/depth_camera.xacro
[1.097s] -- Up-to-date: /home/ubuntu/pi_ws/install/senior_design/share/senior_design/description/robot_core.xacro
[1.098s] -- Up-to-date: /home/ubuntu/pi_ws/install/senior_design/share/senior_design/description/robot.urdf.xacro
[1.099s] -- Up-to-date: /home/ubuntu/pi_ws/install/senior_design/share/senior_design/description/camera.xacro
[1.099s] -- Up-to-date: /home/ubuntu/pi_ws/install/senior_design/share/senior_design/description/gazebo_control.xacro
[1.100s] -- Up-to-date: /home/ubuntu/pi_ws/install/senior_design/share/senior_design/description/lidar.xacro
[1.101s] -- Up-to-date: /home/ubuntu/pi_ws/install/senior_design/share/senior_design/description/face.xacro
[1.101s] -- Up-to-date: /home/ubuntu/pi_ws/install/senior_design/share/senior_design/launch
[1.102s] -- Up-to-date: /home/ubuntu/pi_ws/install/senior_design/share/senior_design/launch/camera.launch.py
[1.103s] -- Up-to-date: /home/ubuntu/pi_ws/install/senior_design/share/senior_design/launch/obstacle_avoid.launch.py
[1.104s] -- Up-to-date: /home/ubuntu/pi_ws/install/senior_design/share/senior_design/launch/rplidar.launch.py
[1.106s] -- Up-to-date: /home/ubuntu/pi_ws/install/senior_design/share/senior_design/launch/__pycache__
[1.107s] -- Up-to-date: /home/ubuntu/pi_ws/install/senior_design/share/senior_design/launch/__pycache__/rplidar.launch.cpython-38.pyc
[1.107s] -- Up-to-date: /home/ubuntu/pi_ws/install/senior_design/share/senior_design/launch/launch_robot.launch.py
[1.108s] -- Up-to-date: /home/ubuntu/pi_ws/install/senior_design/share/senior_design/launch/localization_launch.py
[1.108s] -- Up-to-date: /home/ubuntu/pi_ws/install/senior_design/share/senior_design/launch/online_async_launch.py
[1.108s] -- Up-to-date: /home/ubuntu/pi_ws/install/senior_design/share/senior_design/launch/rsp.launch.py
[1.109s] -- Up-to-date: /home/ubuntu/pi_ws/install/senior_design/share/senior_design/launch/navigation_launch.py
[1.109s] -- Up-to-date: /home/ubuntu/pi_ws/install/senior_design/share/senior_design/launch/launch_sim.launch.py
[1.109s] -- Up-to-date: /home/ubuntu/pi_ws/install/senior_design/share/senior_design/launch/ball_tracker.launch.py
[1.110s] -- Up-to-date: /home/ubuntu/pi_ws/install/senior_design/share/senior_design/worlds
[1.110s] -- Up-to-date: /home/ubuntu/pi_ws/install/senior_design/share/senior_design/worlds/empty.world
[1.110s] -- Up-to-date: /home/ubuntu/pi_ws/install/senior_design/share/senior_design/worlds/obstacles.world
[1.111s] -- Up-to-date: /home/ubuntu/pi_ws/install/senior_design/share/ament_index/resource_index/package_run_dependencies/senior_design
[1.111s] -- Up-to-date: /home/ubuntu/pi_ws/install/senior_design/share/ament_index/resource_index/parent_prefix_path/senior_design
[1.111s] -- Up-to-date: /home/ubuntu/pi_ws/install/senior_design/share/senior_design/environment/ament_prefix_path.sh
[1.112s] -- Up-to-date: /home/ubuntu/pi_ws/install/senior_design/share/senior_design/environment/ament_prefix_path.dsv
[1.112s] -- Up-to-date: /home/ubuntu/pi_ws/install/senior_design/share/senior_design/environment/path.sh
[1.113s] -- Up-to-date: /home/ubuntu/pi_ws/install/senior_design/share/senior_design/environment/path.dsv
[1.113s] -- Up-to-date: /home/ubuntu/pi_ws/install/senior_design/share/senior_design/local_setup.bash
[1.114s] -- Up-to-date: /home/ubuntu/pi_ws/install/senior_design/share/senior_design/local_setup.sh
[1.114s] -- Up-to-date: /home/ubuntu/pi_ws/install/senior_design/share/senior_design/local_setup.zsh
[1.114s] -- Up-to-date: /home/ubuntu/pi_ws/install/senior_design/share/senior_design/local_setup.dsv
[1.115s] -- Installing: /home/ubuntu/pi_ws/install/senior_design/share/senior_design/package.dsv
[1.115s] -- Up-to-date: /home/ubuntu/pi_ws/install/senior_design/share/ament_index/resource_index/packages/senior_design
[1.115s] -- Up-to-date: /home/ubuntu/pi_ws/install/senior_design/share/senior_design/cmake/senior_designConfig.cmake
[1.116s] -- Up-to-date: /home/ubuntu/pi_ws/install/senior_design/share/senior_design/cmake/senior_designConfig-version.cmake
[1.116s] -- Up-to-date: /home/ubuntu/pi_ws/install/senior_design/share/senior_design/package.xml
[1.116s] Invoked command in '/home/ubuntu/pi_ws/build/senior_design' returned '0': CMAKE_PREFIX_PATH=${CMAKE_PREFIX_PATH}:/home/ubuntu/pi_ws/install/serial_motor_demo:/home/ubuntu/pi_ws/install/my_package:/opt/ros/foxy /usr/bin/cmake --install /home/ubuntu/pi_ws/build/senior_design
