[6.299s] Invoking command in '/home/ubuntu/pi_ws/src/ros2_detection/my_package': PYTHONPATH=/home/ubuntu/pi_ws/build/my_package/prefix_override:/home/ubuntu/pi_ws/install/my_package/lib/python3.8/site-packages:${PYTHONPATH} /usr/bin/python3 setup.py egg_info --egg-base ../../../build/my_package build --build-base /home/ubuntu/pi_ws/build/my_package/build install --record /home/ubuntu/pi_ws/build/my_package/install.log --install-scripts $base/lib/my_package --single-version-externally-managed
[7.306s] running egg_info
[7.310s] writing ../../../build/my_package/my_package.egg-info/PKG-INFO
[7.310s] writing dependency_links to ../../../build/my_package/my_package.egg-info/dependency_links.txt
[7.311s] writing entry points to ../../../build/my_package/my_package.egg-info/entry_points.txt
[7.312s] writing requirements to ../../../build/my_package/my_package.egg-info/requires.txt
[7.312s] writing top-level names to ../../../build/my_package/my_package.egg-info/top_level.txt
[7.466s] reading manifest file '../../../build/my_package/my_package.egg-info/SOURCES.txt'
[7.467s] writing manifest file '../../../build/my_package/my_package.egg-info/SOURCES.txt'
[7.468s] running build
[7.469s] running build_py
[7.470s] copying my_package/controller.py -> /home/ubuntu/pi_ws/build/my_package/build/lib/my_package
[7.470s] running install
[7.470s] running install_lib
[7.471s] copying /home/ubuntu/pi_ws/build/my_package/build/lib/my_package/controller.py -> /home/ubuntu/pi_ws/install/my_package/lib/python3.8/site-packages/my_package
[7.477s] byte-compiling /home/ubuntu/pi_ws/install/my_package/lib/python3.8/site-packages/my_package/controller.py to controller.cpython-38.pyc
[7.484s] running install_data
[7.489s] copying my_package/controller.py -> /home/ubuntu/pi_ws/install/my_package/lib/my_package
[7.491s] running install_egg_info
[7.494s] removing '/home/ubuntu/pi_ws/install/my_package/lib/python3.8/site-packages/my_package-0.0.0-py3.8.egg-info' (and everything under it)
[7.496s] Copying ../../../build/my_package/my_package.egg-info to /home/ubuntu/pi_ws/install/my_package/lib/python3.8/site-packages/my_package-0.0.0-py3.8.egg-info
[7.503s] running install_scripts
[7.573s] Installing controller script to /home/ubuntu/pi_ws/install/my_package/lib/my_package
[7.574s] Installing detection script to /home/ubuntu/pi_ws/install/my_package/lib/my_package
[7.577s] Installing display script to /home/ubuntu/pi_ws/install/my_package/lib/my_package
[7.579s] writing list of installed files to '/home/ubuntu/pi_ws/build/my_package/install.log'
[9.563s] Invoked command in '/home/ubuntu/pi_ws/src/ros2_detection/my_package' returned '0': PYTHONPATH=/home/ubuntu/pi_ws/build/my_package/prefix_override:/home/ubuntu/pi_ws/install/my_package/lib/python3.8/site-packages:${PYTHONPATH} /usr/bin/python3 setup.py egg_info --egg-base ../../../build/my_package build --build-base /home/ubuntu/pi_ws/build/my_package/build install --record /home/ubuntu/pi_ws/build/my_package/install.log --install-scripts $base/lib/my_package --single-version-externally-managed
