[4.475s] Invoking command in '/home/ubuntu/pi_ws/src/ros2_detection/my_package': PYTHONPATH=/home/ubuntu/pi_ws/build/my_package/prefix_override:/home/ubuntu/pi_ws/install/my_package/lib/python3.8/site-packages:${PYTHONPATH} /usr/bin/python3 setup.py egg_info --egg-base ../../../build/my_package build --build-base /home/ubuntu/pi_ws/build/my_package/build install --record /home/ubuntu/pi_ws/build/my_package/install.log --install-scripts $base/lib/my_package --single-version-externally-managed
[5.386s] running egg_info
[5.388s] writing ../../../build/my_package/my_package.egg-info/PKG-INFO
[5.389s] writing dependency_links to ../../../build/my_package/my_package.egg-info/dependency_links.txt
[5.390s] writing entry points to ../../../build/my_package/my_package.egg-info/entry_points.txt
[5.390s] writing requirements to ../../../build/my_package/my_package.egg-info/requires.txt
[5.391s] writing top-level names to ../../../build/my_package/my_package.egg-info/top_level.txt
[5.527s] reading manifest file '../../../build/my_package/my_package.egg-info/SOURCES.txt'
[5.531s] writing manifest file '../../../build/my_package/my_package.egg-info/SOURCES.txt'
[5.532s] running build
[5.532s] running build_py
[5.534s] copying my_package/controller.py -> /home/ubuntu/pi_ws/build/my_package/build/lib/my_package
[5.536s] running install
[5.540s] running install_lib
[5.544s] copying /home/ubuntu/pi_ws/build/my_package/build/lib/my_package/controller.py -> /home/ubuntu/pi_ws/install/my_package/lib/python3.8/site-packages/my_package
[5.547s] byte-compiling /home/ubuntu/pi_ws/install/my_package/lib/python3.8/site-packages/my_package/controller.py to controller.cpython-38.pyc
[5.556s] running install_data
[5.559s] copying my_package/controller.py -> /home/ubuntu/pi_ws/install/my_package/lib/my_package
[5.560s] running install_egg_info
[5.566s] removing '/home/ubuntu/pi_ws/install/my_package/lib/python3.8/site-packages/my_package-0.0.0-py3.8.egg-info' (and everything under it)
[5.567s] Copying ../../../build/my_package/my_package.egg-info to /home/ubuntu/pi_ws/install/my_package/lib/python3.8/site-packages/my_package-0.0.0-py3.8.egg-info
[5.573s] running install_scripts
[5.637s] Installing controller script to /home/ubuntu/pi_ws/install/my_package/lib/my_package
[5.638s] Installing detection script to /home/ubuntu/pi_ws/install/my_package/lib/my_package
[5.639s] Installing display script to /home/ubuntu/pi_ws/install/my_package/lib/my_package
[5.641s] writing list of installed files to '/home/ubuntu/pi_ws/build/my_package/install.log'
[5.738s] Invoked command in '/home/ubuntu/pi_ws/src/ros2_detection/my_package' returned '0': PYTHONPATH=/home/ubuntu/pi_ws/build/my_package/prefix_override:/home/ubuntu/pi_ws/install/my_package/lib/python3.8/site-packages:${PYTHONPATH} /usr/bin/python3 setup.py egg_info --egg-base ../../../build/my_package build --build-base /home/ubuntu/pi_ws/build/my_package/build install --record /home/ubuntu/pi_ws/build/my_package/install.log --install-scripts $base/lib/my_package --single-version-externally-managed
