[2.351s] Invoking command in '/home/ubuntu/pi_ws/build/diffdrive_arduino': CMAKE_PREFIX_PATH=/home/ubuntu/pi_ws/install/serial:/home/ubuntu/pi_ws/install/tank_controller:/home/ubuntu/pi_ws/install/serial_motor_demo_msgs:/home/ubuntu/pi_ws/install/senior_design1:/home/ubuntu/pi_ws/install/gazebo_ros2_control:/home/ubuntu/pi_ws/install/articubot_one:/home/ubuntu/pi_ws/install/serial_motor_demo:/home/ubuntu/pi_ws/install/diffdrive_arduino:/home/ubuntu/pi_ws/install/my_package:/home/ubuntu/pi_ws/install/gazebo_ros2_control_demos:/opt/ros/foxy /usr/bin/cmake /home/ubuntu/pi_ws/src/diffdrive_arduino -DCMAKE_INSTALL_PREFIX=/home/ubuntu/pi_ws/install/diffdrive_arduino
[2.790s] -- The C compiler identification is GNU 9.4.0
[3.162s] -- The CXX compiler identification is GNU 9.4.0
[3.188s] -- Check for working C compiler: /usr/bin/cc
[3.625s] -- Check for working C compiler: /usr/bin/cc -- works
[3.629s] -- Detecting C compiler ABI info
[4.086s] -- Detecting C compiler ABI info - done
[4.148s] -- Detecting C compile features
[4.149s] -- Detecting C compile features - done
[4.165s] -- Check for working CXX compiler: /usr/bin/c++
[4.619s] -- Check for working CXX compiler: /usr/bin/c++ -- works
[4.629s] -- Detecting CXX compiler ABI info
[5.073s] -- Detecting CXX compiler ABI info - done
[5.120s] -- Detecting CXX compile features
[5.122s] -- Detecting CXX compile features - done
[5.152s] -- Found ament_cmake: 0.9.12 (/opt/ros/foxy/share/ament_cmake/cmake)
[5.330s] -- Found PythonInterp: /usr/bin/python3 (found suitable version "3.8.10", minimum required is "3") 
[5.335s] -- Using PYTHON_EXECUTABLE: /usr/bin/python3
[6.744s] -- Found serial: 1.2.1 (/home/ubuntu/pi_ws/install/serial/share/serial/cmake)
[6.774s] -- Found hardware_interface: 0.11.0 (/opt/ros/foxy/share/hardware_interface/cmake)
[7.136s] -- Using all available rosidl_typesupport_c: rosidl_typesupport_fastrtps_c;rosidl_typesupport_introspection_c
[7.218s] -- Found rosidl_adapter: 1.3.1 (/opt/ros/foxy/share/rosidl_adapter/cmake)
[7.909s] -- Found OpenSSL: /usr/lib/aarch64-linux-gnu/libcrypto.so (found version "1.1.1f")  
[8.175s] -- Found FastRTPS: /opt/ros/foxy/include  
[8.829s] -- Using all available rosidl_typesupport_cpp: rosidl_typesupport_fastrtps_cpp;rosidl_typesupport_introspection_cpp
[10.988s] -- Found controller_manager: 0.11.0 (/opt/ros/foxy/share/controller_manager/cmake)
[11.472s] -- Found rmw_implementation_cmake: 1.0.4 (/opt/ros/foxy/share/rmw_implementation_cmake/cmake)
[11.480s] -- Using RMW implementation 'rmw_fastrtps_cpp' as default
[11.484s] -- Looking for pthread.h
[11.844s] -- Looking for pthread.h - found
[11.845s] -- Performing Test CMAKE_HAVE_LIBC_PTHREAD
[12.222s] -- Performing Test CMAKE_HAVE_LIBC_PTHREAD - Failed
[12.223s] -- Looking for pthread_create in pthreads
[12.507s] -- Looking for pthread_create in pthreads - not found
[12.508s] -- Looking for pthread_create in pthread
[12.828s] -- Looking for pthread_create in pthread - found
[12.833s] -- Found Threads: TRUE  
[15.245s] -- Configuring done
[15.447s] -- Generating done
[15.454s] -- Build files have been written to: /home/ubuntu/pi_ws/build/diffdrive_arduino
