/home/ubuntu/pi_ws/src/install/my_package/lib/python3.8/site-packages/my_package/detection.py
/home/ubuntu/pi_ws/src/install/my_package/lib/python3.8/site-packages/my_package/display.py
/home/ubuntu/pi_ws/src/install/my_package/lib/python3.8/site-packages/my_package/controller.py
/home/ubuntu/pi_ws/src/install/my_package/lib/python3.8/site-packages/my_package/__init__.py
/home/ubuntu/pi_ws/src/install/my_package/lib/python3.8/site-packages/my_package/models/yolov3-tiny.cfg
/home/ubuntu/pi_ws/src/install/my_package/lib/python3.8/site-packages/my_package/models/yolov3-tiny.weights
/home/ubuntu/pi_ws/src/install/my_package/lib/python3.8/site-packages/my_package/models/coco.names
/home/ubuntu/pi_ws/src/install/my_package/lib/python3.8/site-packages/my_package/__pycache__/detection.cpython-38.pyc
/home/ubuntu/pi_ws/src/install/my_package/lib/python3.8/site-packages/my_package/__pycache__/display.cpython-38.pyc
/home/ubuntu/pi_ws/src/install/my_package/lib/python3.8/site-packages/my_package/__pycache__/controller.cpython-38.pyc
/home/ubuntu/pi_ws/src/install/my_package/lib/python3.8/site-packages/my_package/__pycache__/__init__.cpython-38.pyc
/home/ubuntu/pi_ws/src/install/my_package/share/ament_index/resource_index/packages/my_package
/home/ubuntu/pi_ws/src/install/my_package/share/my_package/package.xml
/home/ubuntu/pi_ws/src/install/my_package/share/my_package/launch/detection_launch.py
/home/ubuntu/pi_ws/src/install/my_package/lib/my_package/models/yolov3-tiny.weights
/home/ubuntu/pi_ws/src/install/my_package/lib/my_package/models/yolov3-tiny.cfg
/home/ubuntu/pi_ws/src/install/my_package/lib/my_package/models/coco.names
/home/ubuntu/pi_ws/src/install/my_package/lib/my_package/controller.py
/home/ubuntu/pi_ws/src/install/my_package/lib/python3.8/site-packages/my_package-0.0.0-py3.8.egg-info/zip-safe
/home/ubuntu/pi_ws/src/install/my_package/lib/python3.8/site-packages/my_package-0.0.0-py3.8.egg-info/PKG-INFO
/home/ubuntu/pi_ws/src/install/my_package/lib/python3.8/site-packages/my_package-0.0.0-py3.8.egg-info/dependency_links.txt
/home/ubuntu/pi_ws/src/install/my_package/lib/python3.8/site-packages/my_package-0.0.0-py3.8.egg-info/requires.txt
/home/ubuntu/pi_ws/src/install/my_package/lib/python3.8/site-packages/my_package-0.0.0-py3.8.egg-info/SOURCES.txt
/home/ubuntu/pi_ws/src/install/my_package/lib/python3.8/site-packages/my_package-0.0.0-py3.8.egg-info/top_level.txt
/home/ubuntu/pi_ws/src/install/my_package/lib/python3.8/site-packages/my_package-0.0.0-py3.8.egg-info/entry_points.txt
/home/ubuntu/pi_ws/src/install/my_package/lib/my_package/controller
/home/ubuntu/pi_ws/src/install/my_package/lib/my_package/detection
/home/ubuntu/pi_ws/src/install/my_package/lib/my_package/display
