[4.076s] Invoking command in '/home/ubuntu/pi_ws/src/ros2_detection/my_package': PYTHONPATH=/home/ubuntu/pi_ws/build/my_package/prefix_override:/home/ubuntu/pi_ws/install/my_package/lib/python3.8/site-packages:${PYTHONPATH} /usr/bin/python3 setup.py egg_info --egg-base ../../../build/my_package build --build-base /home/ubuntu/pi_ws/build/my_package/build install --record /home/ubuntu/pi_ws/build/my_package/install.log --install-scripts $base/lib/my_package --single-version-externally-managed
[4.974s] running egg_info
[4.976s] writing ../../../build/my_package/my_package.egg-info/PKG-INFO
[4.978s] writing dependency_links to ../../../build/my_package/my_package.egg-info/dependency_links.txt
[4.978s] writing entry points to ../../../build/my_package/my_package.egg-info/entry_points.txt
[4.979s] writing requirements to ../../../build/my_package/my_package.egg-info/requires.txt
[4.981s] writing top-level names to ../../../build/my_package/my_package.egg-info/top_level.txt
[5.113s] reading manifest file '../../../build/my_package/my_package.egg-info/SOURCES.txt'
[5.117s] writing manifest file '../../../build/my_package/my_package.egg-info/SOURCES.txt'
[5.118s] running build
[5.118s] running build_py
[5.119s] copying my_package/controller.py -> /home/ubuntu/pi_ws/build/my_package/build/lib/my_package
[5.122s] running install
[5.125s] running install_lib
[5.129s] copying /home/ubuntu/pi_ws/build/my_package/build/lib/my_package/controller.py -> /home/ubuntu/pi_ws/install/my_package/lib/python3.8/site-packages/my_package
[5.133s] byte-compiling /home/ubuntu/pi_ws/install/my_package/lib/python3.8/site-packages/my_package/controller.py to controller.cpython-38.pyc
[5.142s] running install_data
[5.145s] copying my_package/controller.py -> /home/ubuntu/pi_ws/install/my_package/lib/my_package
[5.146s] running install_egg_info
[5.151s] removing '/home/ubuntu/pi_ws/install/my_package/lib/python3.8/site-packages/my_package-0.0.0-py3.8.egg-info' (and everything under it)
[5.153s] Copying ../../../build/my_package/my_package.egg-info to /home/ubuntu/pi_ws/install/my_package/lib/python3.8/site-packages/my_package-0.0.0-py3.8.egg-info
[5.159s] running install_scripts
[5.223s] Installing controller script to /home/ubuntu/pi_ws/install/my_package/lib/my_package
[5.224s] Installing detection script to /home/ubuntu/pi_ws/install/my_package/lib/my_package
[5.225s] Installing display script to /home/ubuntu/pi_ws/install/my_package/lib/my_package
[5.226s] writing list of installed files to '/home/ubuntu/pi_ws/build/my_package/install.log'
[5.324s] Invoked command in '/home/ubuntu/pi_ws/src/ros2_detection/my_package' returned '0': PYTHONPATH=/home/ubuntu/pi_ws/build/my_package/prefix_override:/home/ubuntu/pi_ws/install/my_package/lib/python3.8/site-packages:${PYTHONPATH} /usr/bin/python3 setup.py egg_info --egg-base ../../../build/my_package build --build-base /home/ubuntu/pi_ws/build/my_package/build install --record /home/ubuntu/pi_ws/build/my_package/install.log --install-scripts $base/lib/my_package --single-version-externally-managed
