[5.743s] Invoking command in '/home/ubuntu/pi_ws/src/ros2_detection/my_package': PYTHONPATH=/home/ubuntu/pi_ws/build/my_package/prefix_override:/home/ubuntu/pi_ws/install/my_package/lib/python3.8/site-packages:${PYTHONPATH} /usr/bin/python3 setup.py egg_info --egg-base ../../../build/my_package build --build-base /home/ubuntu/pi_ws/build/my_package/build install --record /home/ubuntu/pi_ws/build/my_package/install.log --install-scripts $base/lib/my_package --single-version-externally-managed
[6.619s] running egg_info
[6.621s] writing ../../../build/my_package/my_package.egg-info/PKG-INFO
[6.622s] writing dependency_links to ../../../build/my_package/my_package.egg-info/dependency_links.txt
[6.623s] writing entry points to ../../../build/my_package/my_package.egg-info/entry_points.txt
[6.624s] writing requirements to ../../../build/my_package/my_package.egg-info/requires.txt
[6.624s] writing top-level names to ../../../build/my_package/my_package.egg-info/top_level.txt
[6.757s] reading manifest file '../../../build/my_package/my_package.egg-info/SOURCES.txt'
[6.761s] writing manifest file '../../../build/my_package/my_package.egg-info/SOURCES.txt'
[6.762s] running build
[6.762s] running build_py
[6.763s] copying my_package/controller.py -> /home/ubuntu/pi_ws/build/my_package/build/lib/my_package
[6.766s] running install
[6.769s] running install_lib
[6.773s] copying /home/ubuntu/pi_ws/build/my_package/build/lib/my_package/controller.py -> /home/ubuntu/pi_ws/install/my_package/lib/python3.8/site-packages/my_package
[6.777s] byte-compiling /home/ubuntu/pi_ws/install/my_package/lib/python3.8/site-packages/my_package/controller.py to controller.cpython-38.pyc
[6.785s] running install_data
[6.788s] copying my_package/controller.py -> /home/ubuntu/pi_ws/install/my_package/lib/my_package
[6.789s] running install_egg_info
[6.794s] removing '/home/ubuntu/pi_ws/install/my_package/lib/python3.8/site-packages/my_package-0.0.0-py3.8.egg-info' (and everything under it)
[6.796s] Copying ../../../build/my_package/my_package.egg-info to /home/ubuntu/pi_ws/install/my_package/lib/python3.8/site-packages/my_package-0.0.0-py3.8.egg-info
[6.801s] running install_scripts
[6.863s] Installing controller script to /home/ubuntu/pi_ws/install/my_package/lib/my_package
[6.864s] Installing detection script to /home/ubuntu/pi_ws/install/my_package/lib/my_package
[6.865s] Installing display script to /home/ubuntu/pi_ws/install/my_package/lib/my_package
[6.866s] writing list of installed files to '/home/ubuntu/pi_ws/build/my_package/install.log'
[6.962s] Invoked command in '/home/ubuntu/pi_ws/src/ros2_detection/my_package' returned '0': PYTHONPATH=/home/ubuntu/pi_ws/build/my_package/prefix_override:/home/ubuntu/pi_ws/install/my_package/lib/python3.8/site-packages:${PYTHONPATH} /usr/bin/python3 setup.py egg_info --egg-base ../../../build/my_package build --build-base /home/ubuntu/pi_ws/build/my_package/build install --record /home/ubuntu/pi_ws/build/my_package/install.log --install-scripts $base/lib/my_package --single-version-externally-managed
