[1.809s] Invoking command in '/home/ubuntu/pi_ws/build/tank_controller': CMAKE_PREFIX_PATH=${CMAKE_PREFIX_PATH}:/home/ubuntu/pi_ws/install/serial_motor_demo:/home/ubuntu/pi_ws/install/my_package:/opt/ros/foxy /usr/bin/cmake --build /home/ubuntu/pi_ws/build/tank_controller -- -j4 -l4
[1.999s] Invoked command in '/home/ubuntu/pi_ws/build/tank_controller' returned '0': CMAKE_PREFIX_PATH=${CMAKE_PREFIX_PATH}:/home/ubuntu/pi_ws/install/serial_motor_demo:/home/ubuntu/pi_ws/install/my_package:/opt/ros/foxy /usr/bin/cmake --build /home/ubuntu/pi_ws/build/tank_controller -- -j4 -l4
[2.493s] Invoking command in '/home/ubuntu/pi_ws/build/tank_controller': CMAKE_PREFIX_PATH=${CMAKE_PREFIX_PATH}:/home/ubuntu/pi_ws/install/serial_motor_demo:/home/ubuntu/pi_ws/install/my_package:/opt/ros/foxy /usr/bin/cmake --install /home/ubuntu/pi_ws/build/tank_controller
[2.614s] -- Install configuration: ""
[2.620s] -- Installing: /home/ubuntu/pi_ws/install/tank_controller/lib/tank_controller/start_robot.py
[2.633s] -- Up-to-date: /home/ubuntu/pi_ws/install/tank_controller/lib/tank_controller/motor_control_test.py
[2.641s] -- Up-to-date: /home/ubuntu/pi_ws/install/tank_controller/share/tank_controller/launch
[2.643s] -- Up-to-date: /home/ubuntu/pi_ws/install/tank_controller/share/tank_controller/config
[2.648s] -- Up-to-date: /home/ubuntu/pi_ws/install/tank_controller/share/ament_index/resource_index/package_run_dependencies/tank_controller
[2.652s] -- Up-to-date: /home/ubuntu/pi_ws/install/tank_controller/share/ament_index/resource_index/parent_prefix_path/tank_controller
[2.656s] -- Up-to-date: /home/ubuntu/pi_ws/install/tank_controller/share/tank_controller/environment/ament_prefix_path.sh
[2.659s] -- Up-to-date: /home/ubuntu/pi_ws/install/tank_controller/share/tank_controller/environment/ament_prefix_path.dsv
[2.668s] -- Up-to-date: /home/ubuntu/pi_ws/install/tank_controller/share/tank_controller/environment/path.sh
[2.668s] -- Up-to-date: /home/ubuntu/pi_ws/install/tank_controller/share/tank_controller/environment/path.dsv
[2.669s] -- Up-to-date: /home/ubuntu/pi_ws/install/tank_controller/share/tank_controller/local_setup.bash
[2.669s] -- Up-to-date: /home/ubuntu/pi_ws/install/tank_controller/share/tank_controller/local_setup.sh
[2.670s] -- Up-to-date: /home/ubuntu/pi_ws/install/tank_controller/share/tank_controller/local_setup.zsh
[2.680s] -- Up-to-date: /home/ubuntu/pi_ws/install/tank_controller/share/tank_controller/local_setup.dsv
[2.681s] -- Installing: /home/ubuntu/pi_ws/install/tank_controller/share/tank_controller/package.dsv
[2.681s] -- Up-to-date: /home/ubuntu/pi_ws/install/tank_controller/share/ament_index/resource_index/packages/tank_controller
[2.682s] -- Up-to-date: /home/ubuntu/pi_ws/install/tank_controller/share/tank_controller/cmake/tank_controllerConfig.cmake
[2.683s] -- Up-to-date: /home/ubuntu/pi_ws/install/tank_controller/share/tank_controller/cmake/tank_controllerConfig-version.cmake
[2.683s] -- Up-to-date: /home/ubuntu/pi_ws/install/tank_controller/share/tank_controller/package.xml
[2.685s] Invoked command in '/home/ubuntu/pi_ws/build/tank_controller' returned '0': CMAKE_PREFIX_PATH=${CMAKE_PREFIX_PATH}:/home/ubuntu/pi_ws/install/serial_motor_demo:/home/ubuntu/pi_ws/install/my_package:/opt/ros/foxy /usr/bin/cmake --install /home/ubuntu/pi_ws/build/tank_controller
