[7.998s] Invoking command in '/home/ubuntu/pi_ws/src/ros2_detection/my_package': PYTHONPATH=/home/ubuntu/pi_ws/build/my_package/prefix_override:/home/ubuntu/pi_ws/install/my_package/lib/python3.8/site-packages:${PYTHONPATH} /usr/bin/python3 setup.py egg_info --egg-base ../../../build/my_package build --build-base /home/ubuntu/pi_ws/build/my_package/build install --record /home/ubuntu/pi_ws/build/my_package/install.log --install-scripts $base/lib/my_package --single-version-externally-managed
[9.082s] running egg_info
[9.086s] writing ../../../build/my_package/my_package.egg-info/PKG-INFO
[9.089s] writing dependency_links to ../../../build/my_package/my_package.egg-info/dependency_links.txt
[9.097s] writing entry points to ../../../build/my_package/my_package.egg-info/entry_points.txt
[9.102s] writing requirements to ../../../build/my_package/my_package.egg-info/requires.txt
[9.103s] writing top-level names to ../../../build/my_package/my_package.egg-info/top_level.txt
[9.243s] reading manifest file '../../../build/my_package/my_package.egg-info/SOURCES.txt'
[9.247s] writing manifest file '../../../build/my_package/my_package.egg-info/SOURCES.txt'
[9.251s] running build
[9.252s] running build_py
[9.254s] running install
[9.259s] running install_lib
[9.271s] running install_data
[9.277s] running install_egg_info
[9.279s] removing '/home/ubuntu/pi_ws/install/my_package/lib/python3.8/site-packages/my_package-0.0.0-py3.8.egg-info' (and everything under it)
[9.279s] Copying ../../../build/my_package/my_package.egg-info to /home/ubuntu/pi_ws/install/my_package/lib/python3.8/site-packages/my_package-0.0.0-py3.8.egg-info
[9.283s] running install_scripts
[9.363s] Installing controller script to /home/ubuntu/pi_ws/install/my_package/lib/my_package
[9.364s] Installing detection script to /home/ubuntu/pi_ws/install/my_package/lib/my_package
[9.365s] Installing display script to /home/ubuntu/pi_ws/install/my_package/lib/my_package
[9.365s] writing list of installed files to '/home/ubuntu/pi_ws/build/my_package/install.log'
[10.766s] Invoked command in '/home/ubuntu/pi_ws/src/ros2_detection/my_package' returned '0': PYTHONPATH=/home/ubuntu/pi_ws/build/my_package/prefix_override:/home/ubuntu/pi_ws/install/my_package/lib/python3.8/site-packages:${PYTHONPATH} /usr/bin/python3 setup.py egg_info --egg-base ../../../build/my_package build --build-base /home/ubuntu/pi_ws/build/my_package/build install --record /home/ubuntu/pi_ws/build/my_package/install.log --install-scripts $base/lib/my_package --single-version-externally-managed
