[35m[1mScanning dependencies of target example_position[0m
[35m[1mScanning dependencies of target example_gripper[0m
[35m[1mScanning dependencies of target example_velocity[0m
[35m[1mScanning dependencies of target example_effort[0m
[ 10%] [32mBuilding CXX object CMakeFiles/example_velocity.dir/examples/example_velocity.cpp.o[0m
[ 20%] [32mBuilding CXX object CMakeFiles/example_gripper.dir/examples/example_gripper.cpp.o[0m
[ 30%] [32mBuilding CXX object CMakeFiles/example_position.dir/examples/example_position.cpp.o[0m
[ 40%] [32mBuilding CXX object CMakeFiles/example_effort.dir/examples/example_effort.cpp.o[0m
[ 50%] [32m[1mLinking CXX executable example_velocity[0m
[ 60%] [32m[1mLinking CXX executable example_effort[0m
[ 60%] Built target example_velocity
[35m[1mScanning dependencies of target example_diff_drive[0m
[ 60%] Built target example_effort
[ 70%] [32mBuilding CXX object CMakeFiles/example_diff_drive.dir/examples/example_diff_drive.cpp.o[0m
[ 80%] [32m[1mLinking CXX executable example_gripper[0m
[ 80%] Built target example_gripper
[ 90%] [32m[1mLinking CXX executable example_position[0m
[ 90%] Built target example_position
[100%] [32m[1mLinking CXX executable example_diff_drive[0m
[100%] Built target example_diff_drive
