[0.802s] Invoking command in '/home/ubuntu/pi_ws/build/gazebo_ros2_control_demos': CMAKE_PREFIX_PATH=/home/ubuntu/pi_ws/install/gazebo_ros2_control:/home/ubuntu/pi_ws/install/tank_controller:/home/ubuntu/pi_ws/install/serial_motor_demo_msgs:/home/ubuntu/pi_ws/install/serial:/home/ubuntu/pi_ws/install/senior_design1:/home/ubuntu/pi_ws/install/articubot_one:/home/ubuntu/pi_ws/install/serial_motor_demo:/home/ubuntu/pi_ws/install/diffdrive_arduino:/home/ubuntu/pi_ws/install/my_package:/home/ubuntu/pi_ws/install/gazebo_ros2_control_demos:/opt/ros/foxy LD_LIBRARY_PATH=/home/ubuntu/pi_ws/install/gazebo_ros2_control/lib:/home/ubuntu/pi_ws/install/serial_motor_demo_msgs/lib:/home/ubuntu/pi_ws/install/diffdrive_arduino/lib:/home/ubuntu/pi_ws/install/serial/lib:/usr/lib/aarch64-linux-gnu/gazebo-11/plugins:/opt/ros/foxy/opt/yaml_cpp_vendor/lib:/opt/ros/foxy/opt/rviz_ogre_vendor/lib:/opt/ros/foxy/lib/aarch64-linux-gnu:/opt/ros/foxy/lib /usr/bin/cmake --build /home/ubuntu/pi_ws/build/gazebo_ros2_control_demos -- -j4 -l4
[1.184s] [35m[1mScanning dependencies of target example_position[0m
[1.204s] [35m[1mScanning dependencies of target example_gripper[0m
[1.257s] [35m[1mScanning dependencies of target example_velocity[0m
[1.308s] [35m[1mScanning dependencies of target example_effort[0m
[1.730s] [ 10%] [32mBuilding CXX object CMakeFiles/example_velocity.dir/examples/example_velocity.cpp.o[0m
[1.730s] [ 20%] [32mBuilding CXX object CMakeFiles/example_gripper.dir/examples/example_gripper.cpp.o[0m
[1.873s] [ 30%] [32mBuilding CXX object CMakeFiles/example_position.dir/examples/example_position.cpp.o[0m
[1.898s] [ 40%] [32mBuilding CXX object CMakeFiles/example_effort.dir/examples/example_effort.cpp.o[0m
[33.495s] [ 50%] [32m[1mLinking CXX executable example_velocity[0m
[33.635s] [ 60%] [32m[1mLinking CXX executable example_effort[0m
[34.764s] [ 60%] Built target example_velocity
[34.836s] [35m[1mScanning dependencies of target example_diff_drive[0m
[34.918s] [ 60%] Built target example_effort
[35.156s] [ 70%] [32mBuilding CXX object CMakeFiles/example_diff_drive.dir/examples/example_diff_drive.cpp.o[0m
[35.464s] [ 80%] [32m[1mLinking CXX executable example_gripper[0m
[36.352s] [ 80%] Built target example_gripper
[37.384s] [ 90%] [32m[1mLinking CXX executable example_position[0m
[38.417s] [ 90%] Built target example_position
[47.108s] [100%] [32m[1mLinking CXX executable example_diff_drive[0m
[47.845s] [100%] Built target example_diff_drive
