[1.429s] Invoking command in '/home/ubuntu/pi_ws/build/senior_design': CMAKE_PREFIX_PATH=${CMAKE_PREFIX_PATH}:/home/ubuntu/pi_ws/install/serial_motor_demo:/home/ubuntu/pi_ws/install/my_package:/opt/ros/foxy /usr/bin/cmake /home/ubuntu/pi_ws/src/senior_design -DCMAKE_INSTALL_PREFIX=/home/ubuntu/pi_ws/install/senior_design
[2.027s] -- The C compiler identification is GNU 9.4.0
[2.673s] -- The CXX compiler identification is GNU 9.4.0
[2.711s] -- Check for working C compiler: /usr/bin/cc
[3.760s] -- Check for working C compiler: /usr/bin/cc -- works
[3.769s] -- Detecting C compiler ABI info
[4.746s] -- Detecting C compiler ABI info - done
[4.844s] -- Detecting C compile features
[4.845s] -- Detecting C compile features - done
[4.872s] -- Check for working CXX compiler: /usr/bin/c++
[5.958s] -- Check for working CXX compiler: /usr/bin/c++ -- works
[5.973s] -- Detecting CXX compiler ABI info
[7.328s] -- Detecting CXX compiler ABI info - done
[7.464s] -- Detecting CXX compile features
[7.467s] -- Detecting CXX compile features - done
[7.540s] -- Found ament_cmake: 0.9.12 (/opt/ros/foxy/share/ament_cmake/cmake)
[8.047s] -- Found PythonInterp: /usr/bin/python3 (found suitable version "3.8.10", minimum required is "3") 
[8.048s] -- Using PYTHON_EXECUTABLE: /usr/bin/python3
[11.825s] -- Found ament_lint_auto: 0.9.8 (/opt/ros/foxy/share/ament_lint_auto/cmake)
[13.417s] -- Added test 'copyright' to check source files copyright and LICENSE
[13.552s] -- Added test 'flake8' to check Python code syntax and style conventions
[13.578s] -- Added test 'lint_cmake' to check CMake code style
[13.606s] -- Added test 'pep257' to check Python code against some of the style conventions in PEP 257
[13.691s] -- Added test 'xmllint' to check XML markup files
[13.770s] -- Configuring done
[13.853s] -- Generating done
[13.885s] -- Build files have been written to: /home/ubuntu/pi_ws/build/senior_design
[13.934s] Invoked command in '/home/ubuntu/pi_ws/build/senior_design' returned '0': CMAKE_PREFIX_PATH=${CMAKE_PREFIX_PATH}:/home/ubuntu/pi_ws/install/serial_motor_demo:/home/ubuntu/pi_ws/install/my_package:/opt/ros/foxy /usr/bin/cmake /home/ubuntu/pi_ws/src/senior_design -DCMAKE_INSTALL_PREFIX=/home/ubuntu/pi_ws/install/senior_design
[13.942s] Invoking command in '/home/ubuntu/pi_ws/build/senior_design': CMAKE_PREFIX_PATH=${CMAKE_PREFIX_PATH}:/home/ubuntu/pi_ws/install/serial_motor_demo:/home/ubuntu/pi_ws/install/my_package:/opt/ros/foxy /usr/bin/cmake --build /home/ubuntu/pi_ws/build/senior_design -- -j4 -l4
[14.531s] Invoked command in '/home/ubuntu/pi_ws/build/senior_design' returned '0': CMAKE_PREFIX_PATH=${CMAKE_PREFIX_PATH}:/home/ubuntu/pi_ws/install/serial_motor_demo:/home/ubuntu/pi_ws/install/my_package:/opt/ros/foxy /usr/bin/cmake --build /home/ubuntu/pi_ws/build/senior_design -- -j4 -l4
[15.268s] Invoking command in '/home/ubuntu/pi_ws/build/senior_design': CMAKE_PREFIX_PATH=${CMAKE_PREFIX_PATH}:/home/ubuntu/pi_ws/install/serial_motor_demo:/home/ubuntu/pi_ws/install/my_package:/opt/ros/foxy /usr/bin/cmake --install /home/ubuntu/pi_ws/build/senior_design
[15.437s] -- Install configuration: ""
[15.438s] -- Installing: /home/ubuntu/pi_ws/install/senior_design/share/senior_design/config
[15.439s] -- Installing: /home/ubuntu/pi_ws/install/senior_design/share/senior_design/config/view_bot.rviz
[15.440s] -- Installing: /home/ubuntu/pi_ws/install/senior_design/share/senior_design/config/my_controllers.yaml
[15.441s] -- Installing: /home/ubuntu/pi_ws/install/senior_design/share/senior_design/config/map.rviz
[15.443s] -- Installing: /home/ubuntu/pi_ws/install/senior_design/share/senior_design/config/ball_tracker_params_robot.yaml
[15.444s] -- Installing: /home/ubuntu/pi_ws/install/senior_design/share/senior_design/config/mapper_params_online_async.yaml
[15.445s] -- Installing: /home/ubuntu/pi_ws/install/senior_design/share/senior_design/config/drive_bot.rviz
[15.455s] -- Installing: /home/ubuntu/pi_ws/install/senior_design/share/senior_design/config/ball_tracker_params_sim.yaml
[15.456s] -- Installing: /home/ubuntu/pi_ws/install/senior_design/share/senior_design/config/main.rviz
[15.458s] -- Installing: /home/ubuntu/pi_ws/install/senior_design/share/senior_design/config/nav2_params.yaml
[15.459s] -- Installing: /home/ubuntu/pi_ws/install/senior_design/share/senior_design/config/joystick.yaml
[15.460s] -- Installing: /home/ubuntu/pi_ws/install/senior_design/share/senior_design/config/gazebo_params.yaml
[15.462s] -- Installing: /home/ubuntu/pi_ws/install/senior_design/share/senior_design/config/twist_mux.yaml
[15.463s] -- Installing: /home/ubuntu/pi_ws/install/senior_design/share/senior_design/config/gaz_ros2_ctl_use_sim.yaml
[15.464s] -- Installing: /home/ubuntu/pi_ws/install/senior_design/share/senior_design/config/empty.yaml
[15.465s] -- Installing: /home/ubuntu/pi_ws/install/senior_design/share/senior_design/description
[15.478s] -- Installing: /home/ubuntu/pi_ws/install/senior_design/share/senior_design/description/ros2_control.xacro
[15.480s] -- Installing: /home/ubuntu/pi_ws/install/senior_design/share/senior_design/description/inertial_macros.xacro
[15.481s] -- Installing: /home/ubuntu/pi_ws/install/senior_design/share/senior_design/description/depth_camera.xacro
[15.482s] -- Installing: /home/ubuntu/pi_ws/install/senior_design/share/senior_design/description/robot_core.xacro
[15.484s] -- Installing: /home/ubuntu/pi_ws/install/senior_design/share/senior_design/description/robot.urdf.xacro
[15.486s] -- Installing: /home/ubuntu/pi_ws/install/senior_design/share/senior_design/description/camera.xacro
[15.486s] -- Installing: /home/ubuntu/pi_ws/install/senior_design/share/senior_design/description/gazebo_control.xacro
[15.487s] -- Installing: /home/ubuntu/pi_ws/install/senior_design/share/senior_design/description/lidar.xacro
[15.490s] -- Installing: /home/ubuntu/pi_ws/install/senior_design/share/senior_design/description/face.xacro
[15.494s] -- Installing: /home/ubuntu/pi_ws/install/senior_design/share/senior_design/launch
[15.505s] -- Installing: /home/ubuntu/pi_ws/install/senior_design/share/senior_design/launch/camera.launch.py
[15.506s] -- Installing: /home/ubuntu/pi_ws/install/senior_design/share/senior_design/launch/obstacle_avoid.launch.py
[15.511s] -- Installing: /home/ubuntu/pi_ws/install/senior_design/share/senior_design/launch/rplidar.launch.py
[15.513s] -- Installing: /home/ubuntu/pi_ws/install/senior_design/share/senior_design/launch/__pycache__
[15.513s] -- Installing: /home/ubuntu/pi_ws/install/senior_design/share/senior_design/launch/__pycache__/rplidar.launch.cpython-38.pyc
[15.514s] -- Installing: /home/ubuntu/pi_ws/install/senior_design/share/senior_design/launch/launch_robot.launch.py
[15.522s] -- Installing: /home/ubuntu/pi_ws/install/senior_design/share/senior_design/launch/localization_launch.py
[15.527s] -- Installing: /home/ubuntu/pi_ws/install/senior_design/share/senior_design/launch/online_async_launch.py
[15.528s] -- Installing: /home/ubuntu/pi_ws/install/senior_design/share/senior_design/launch/rsp.launch.py
[15.529s] -- Installing: /home/ubuntu/pi_ws/install/senior_design/share/senior_design/launch/navigation_launch.py
[15.532s] -- Installing: /home/ubuntu/pi_ws/install/senior_design/share/senior_design/launch/joystick.launch.py
[15.533s] -- Installing: /home/ubuntu/pi_ws/install/senior_design/share/senior_design/launch/launch_sim.launch.py
[15.533s] -- Installing: /home/ubuntu/pi_ws/install/senior_design/share/senior_design/launch/ball_tracker.launch.py
[15.534s] -- Installing: /home/ubuntu/pi_ws/install/senior_design/share/senior_design/worlds
[15.546s] -- Installing: /home/ubuntu/pi_ws/install/senior_design/share/senior_design/worlds/empty.world
[15.549s] -- Installing: /home/ubuntu/pi_ws/install/senior_design/share/senior_design/worlds/obstacles.world
[15.550s] -- Installing: /home/ubuntu/pi_ws/install/senior_design/share/ament_index/resource_index/package_run_dependencies/senior_design
[15.551s] -- Installing: /home/ubuntu/pi_ws/install/senior_design/share/ament_index/resource_index/parent_prefix_path/senior_design
[15.551s] -- Installing: /home/ubuntu/pi_ws/install/senior_design/share/senior_design/environment/ament_prefix_path.sh
[15.552s] -- Installing: /home/ubuntu/pi_ws/install/senior_design/share/senior_design/environment/ament_prefix_path.dsv
[15.552s] -- Installing: /home/ubuntu/pi_ws/install/senior_design/share/senior_design/environment/path.sh
[15.569s] -- Installing: /home/ubuntu/pi_ws/install/senior_design/share/senior_design/environment/path.dsv
[15.570s] -- Installing: /home/ubuntu/pi_ws/install/senior_design/share/senior_design/local_setup.bash
[15.571s] -- Installing: /home/ubuntu/pi_ws/install/senior_design/share/senior_design/local_setup.sh
[15.571s] -- Installing: /home/ubuntu/pi_ws/install/senior_design/share/senior_design/local_setup.zsh
[15.572s] -- Installing: /home/ubuntu/pi_ws/install/senior_design/share/senior_design/local_setup.dsv
[15.573s] -- Installing: /home/ubuntu/pi_ws/install/senior_design/share/senior_design/package.dsv
[15.573s] -- Installing: /home/ubuntu/pi_ws/install/senior_design/share/ament_index/resource_index/packages/senior_design
[15.574s] -- Installing: /home/ubuntu/pi_ws/install/senior_design/share/senior_design/cmake/senior_designConfig.cmake
[15.579s] -- Installing: /home/ubuntu/pi_ws/install/senior_design/share/senior_design/cmake/senior_designConfig-version.cmake
[15.586s] -- Installing: /home/ubuntu/pi_ws/install/senior_design/share/senior_design/package.xml
[15.600s] Invoked command in '/home/ubuntu/pi_ws/build/senior_design' returned '0': CMAKE_PREFIX_PATH=${CMAKE_PREFIX_PATH}:/home/ubuntu/pi_ws/install/serial_motor_demo:/home/ubuntu/pi_ws/install/my_package:/opt/ros/foxy /usr/bin/cmake --install /home/ubuntu/pi_ws/build/senior_design
