[3.946s] Invoking command in '/home/ubuntu/pi_ws/build/senior_design': CMAKE_PREFIX_PATH=${CMAKE_PREFIX_PATH}:/home/ubuntu/pi_ws/install/serial_motor_demo:/home/ubuntu/pi_ws/install/my_package:/opt/ros/foxy /usr/bin/cmake --build /home/ubuntu/pi_ws/build/senior_design -- -j4 -l4
[6.254s] Invoked command in '/home/ubuntu/pi_ws/build/senior_design' returned '0': CMAKE_PREFIX_PATH=${CMAKE_PREFIX_PATH}:/home/ubuntu/pi_ws/install/serial_motor_demo:/home/ubuntu/pi_ws/install/my_package:/opt/ros/foxy /usr/bin/cmake --build /home/ubuntu/pi_ws/build/senior_design -- -j4 -l4
[6.434s] Invoking command in '/home/ubuntu/pi_ws/build/senior_design': CMAKE_PREFIX_PATH=${CMAKE_PREFIX_PATH}:/home/ubuntu/pi_ws/install/serial_motor_demo:/home/ubuntu/pi_ws/install/my_package:/opt/ros/foxy /usr/bin/cmake --install /home/ubuntu/pi_ws/build/senior_design
[6.490s] -- Install configuration: ""
[6.492s] -- Execute custom install script
[6.495s] -- Up-to-date symlink: /home/ubuntu/pi_ws/install/senior_design/share/senior_design/config/ball_tracker_params_robot.yaml
[6.500s] -- Up-to-date symlink: /home/ubuntu/pi_ws/install/senior_design/share/senior_design/config/ball_tracker_params_sim.yaml
[6.501s] -- Up-to-date symlink: /home/ubuntu/pi_ws/install/senior_design/share/senior_design/config/drive_bot.rviz
[6.501s] -- Up-to-date symlink: /home/ubuntu/pi_ws/install/senior_design/share/senior_design/config/empty.yaml
[6.506s] -- Up-to-date symlink: /home/ubuntu/pi_ws/install/senior_design/share/senior_design/config/gaz_ros2_ctl_use_sim.yaml
[6.507s] -- Up-to-date symlink: /home/ubuntu/pi_ws/install/senior_design/share/senior_design/config/gazebo_params.yaml
[6.508s] -- Up-to-date symlink: /home/ubuntu/pi_ws/install/senior_design/share/senior_design/config/joystick.yaml
[6.510s] -- Up-to-date symlink: /home/ubuntu/pi_ws/install/senior_design/share/senior_design/config/main.rviz
[6.511s] -- Up-to-date symlink: /home/ubuntu/pi_ws/install/senior_design/share/senior_design/config/map.rviz
[6.512s] -- Up-to-date symlink: /home/ubuntu/pi_ws/install/senior_design/share/senior_design/config/mapper_params_online_async.yaml
[6.514s] -- Up-to-date symlink: /home/ubuntu/pi_ws/install/senior_design/share/senior_design/config/my_controllers.yaml
[6.515s] -- Up-to-date symlink: /home/ubuntu/pi_ws/install/senior_design/share/senior_design/config/nav2_params.yaml
[6.516s] -- Up-to-date symlink: /home/ubuntu/pi_ws/install/senior_design/share/senior_design/config/twist_mux.yaml
[6.517s] -- Up-to-date symlink: /home/ubuntu/pi_ws/install/senior_design/share/senior_design/config/view_bot.rviz
[6.520s] -- Up-to-date symlink: /home/ubuntu/pi_ws/install/senior_design/share/senior_design/description/camera.xacro
[6.521s] -- Up-to-date symlink: /home/ubuntu/pi_ws/install/senior_design/share/senior_design/description/depth_camera.xacro
[6.522s] -- Up-to-date symlink: /home/ubuntu/pi_ws/install/senior_design/share/senior_design/description/face.xacro
[6.524s] -- Up-to-date symlink: /home/ubuntu/pi_ws/install/senior_design/share/senior_design/description/gazebo_control.xacro
[6.525s] -- Up-to-date symlink: /home/ubuntu/pi_ws/install/senior_design/share/senior_design/description/inertial_macros.xacro
[6.526s] -- Up-to-date symlink: /home/ubuntu/pi_ws/install/senior_design/share/senior_design/description/lidar.xacro
[6.527s] -- Up-to-date symlink: /home/ubuntu/pi_ws/install/senior_design/share/senior_design/description/robot.urdf.xacro
[6.528s] -- Up-to-date symlink: /home/ubuntu/pi_ws/install/senior_design/share/senior_design/description/robot_core.xacro
[6.529s] -- Up-to-date symlink: /home/ubuntu/pi_ws/install/senior_design/share/senior_design/description/ros2_control.xacro
[6.532s] -- Up-to-date symlink: /home/ubuntu/pi_ws/install/senior_design/share/senior_design/launch/__pycache__/rplidar.launch.cpython-38.pyc
[6.534s] -- Up-to-date symlink: /home/ubuntu/pi_ws/install/senior_design/share/senior_design/launch/ball_tracker.launch.py
[6.536s] -- Up-to-date symlink: /home/ubuntu/pi_ws/install/senior_design/share/senior_design/launch/camera.launch.py
[6.539s] -- Up-to-date symlink: /home/ubuntu/pi_ws/install/senior_design/share/senior_design/launch/joystick.launch.py
[6.540s] -- Up-to-date symlink: /home/ubuntu/pi_ws/install/senior_design/share/senior_design/launch/launch_robot.launch.py
[6.542s] -- Up-to-date symlink: /home/ubuntu/pi_ws/install/senior_design/share/senior_design/launch/launch_sim.launch.py
[6.543s] -- Up-to-date symlink: /home/ubuntu/pi_ws/install/senior_design/share/senior_design/launch/localization_launch.py
[6.546s] -- Up-to-date symlink: /home/ubuntu/pi_ws/install/senior_design/share/senior_design/launch/navigation_launch.py
[6.548s] -- Up-to-date symlink: /home/ubuntu/pi_ws/install/senior_design/share/senior_design/launch/obstacle_avoid.launch.py
[6.551s] -- Up-to-date symlink: /home/ubuntu/pi_ws/install/senior_design/share/senior_design/launch/online_async_launch.py
[6.552s] -- Up-to-date symlink: /home/ubuntu/pi_ws/install/senior_design/share/senior_design/launch/rplidar.launch.py
[6.552s] -- Up-to-date symlink: /home/ubuntu/pi_ws/install/senior_design/share/senior_design/launch/rsp.launch.py
[6.555s] -- Up-to-date symlink: /home/ubuntu/pi_ws/install/senior_design/share/senior_design/worlds/empty.world
[6.556s] -- Up-to-date symlink: /home/ubuntu/pi_ws/install/senior_design/share/senior_design/worlds/obstacles.world
[6.559s] -- Up-to-date symlink: /home/ubuntu/pi_ws/install/senior_design/share/ament_index/resource_index/package_run_dependencies/senior_design
[6.560s] -- Up-to-date symlink: /home/ubuntu/pi_ws/install/senior_design/share/ament_index/resource_index/parent_prefix_path/senior_design
[6.563s] -- Up-to-date symlink: /home/ubuntu/pi_ws/install/senior_design/share/senior_design/environment/ament_prefix_path.sh
[6.564s] -- Up-to-date symlink: /home/ubuntu/pi_ws/install/senior_design/share/senior_design/environment/ament_prefix_path.dsv
[6.565s] -- Up-to-date symlink: /home/ubuntu/pi_ws/install/senior_design/share/senior_design/environment/path.sh
[6.568s] -- Up-to-date symlink: /home/ubuntu/pi_ws/install/senior_design/share/senior_design/environment/path.dsv
[6.571s] -- Up-to-date symlink: /home/ubuntu/pi_ws/install/senior_design/share/senior_design/local_setup.bash
[6.572s] -- Up-to-date symlink: /home/ubuntu/pi_ws/install/senior_design/share/senior_design/local_setup.sh
[6.575s] -- Up-to-date symlink: /home/ubuntu/pi_ws/install/senior_design/share/senior_design/local_setup.zsh
[6.575s] -- Up-to-date symlink: /home/ubuntu/pi_ws/install/senior_design/share/senior_design/local_setup.dsv
[6.576s] -- Symlinking: /home/ubuntu/pi_ws/install/senior_design/share/senior_design/package.dsv
[6.627s] -- Up-to-date symlink: /home/ubuntu/pi_ws/install/senior_design/share/ament_index/resource_index/packages/senior_design
[6.629s] -- Up-to-date symlink: /home/ubuntu/pi_ws/install/senior_design/share/senior_design/cmake/senior_designConfig.cmake
[6.631s] -- Up-to-date symlink: /home/ubuntu/pi_ws/install/senior_design/share/senior_design/cmake/senior_designConfig-version.cmake
[6.633s] -- Up-to-date symlink: /home/ubuntu/pi_ws/install/senior_design/share/senior_design/package.xml
[6.645s] Invoked command in '/home/ubuntu/pi_ws/build/senior_design' returned '0': CMAKE_PREFIX_PATH=${CMAKE_PREFIX_PATH}:/home/ubuntu/pi_ws/install/serial_motor_demo:/home/ubuntu/pi_ws/install/my_package:/opt/ros/foxy /usr/bin/cmake --install /home/ubuntu/pi_ws/build/senior_design
