[7.491s] DEBUG:colcon:Command line arguments: ['/usr/bin/colcon', 'build']
[7.491s] DEBUG:colcon:Parsed command line arguments: Namespace(allow_overriding=[], ament_cmake_args=None, base_paths=['.'], build_base='build', catkin_cmake_args=None, catkin_skip_building_tests=False, cmake_args=None, cmake_clean_cache=False, cmake_clean_first=False, cmake_force_configure=False, cmake_target=None, cmake_target_skip_unavailable=False, continue_on_error=False, event_handlers=None, executor='parallel', ignore_user_meta=False, install_base='install', log_base=None, log_level=None, main=<bound method BuildVerb.main of <colcon_core.verb.build.BuildVerb object at 0xffff82d901c0>>, merge_install=False, metas=['./colcon.meta'], packages_above=None, packages_above_and_dependencies=None, packages_above_depth=None, packages_end=None, packages_ignore=None, packages_ignore_regex=None, packages_select=None, packages_select_build_failed=False, packages_select_by_dep=None, packages_select_regex=None, packages_select_test_failures=False, packages_skip=None, packages_skip_build_finished=False, packages_skip_by_dep=None, packages_skip_regex=None, packages_skip_test_passed=False, packages_skip_up_to=None, packages_start=None, packages_up_to=None, packages_up_to_regex=None, parallel_workers=4, paths=None, symlink_install=False, test_result_base=None, verb_extension=<colcon_core.verb.build.BuildVerb object at 0xffff82d901c0>, verb_name='build', verb_parser=<colcon_defaults.argument_parser.defaults.DefaultArgumentsDecorator object at 0xffff828841c0>)
[7.934s] Level 1:colcon.colcon_core.package_discovery:discover_packages(colcon_meta) check parameters
[7.935s] Level 1:colcon.colcon_core.package_discovery:discover_packages(recursive) check parameters
[7.935s] Level 1:colcon.colcon_core.package_discovery:discover_packages(ignore) check parameters
[7.935s] Level 1:colcon.colcon_core.package_discovery:discover_packages(path) check parameters
[7.935s] Level 1:colcon.colcon_core.package_discovery:discover_packages(colcon_meta) discover
[7.935s] Level 1:colcon.colcon_core.package_discovery:discover_packages(recursive) discover
[7.935s] INFO:colcon.colcon_core.package_discovery:Crawling recursively for packages in '/home/ubuntu/pi_ws'
[7.936s] Level 1:colcon.colcon_core.package_identification:_identify(.) by extensions ['ignore', 'ignore_ament_install']
[7.936s] Level 1:colcon.colcon_core.package_identification:_identify(.) by extension 'ignore'
[7.936s] Level 1:colcon.colcon_core.package_identification:_identify(.) by extension 'ignore_ament_install'
[7.937s] Level 1:colcon.colcon_core.package_identification:_identify(.) by extensions ['colcon_pkg']
[7.937s] Level 1:colcon.colcon_core.package_identification:_identify(.) by extension 'colcon_pkg'
[7.937s] Level 1:colcon.colcon_core.package_identification:_identify(.) by extensions ['colcon_meta']
[7.937s] Level 1:colcon.colcon_core.package_identification:_identify(.) by extension 'colcon_meta'
[7.937s] Level 1:colcon.colcon_core.package_identification:_identify(.) by extensions ['ros']
[7.937s] Level 1:colcon.colcon_core.package_identification:_identify(.) by extension 'ros'
[8.008s] Level 1:colcon.colcon_core.package_identification:_identify(.) by extensions ['cmake', 'python']
[8.009s] Level 1:colcon.colcon_core.package_identification:_identify(.) by extension 'cmake'
[8.009s] Level 1:colcon.colcon_core.package_identification:_identify(.) by extension 'python'
[8.009s] Level 1:colcon.colcon_core.package_identification:_identify(.) by extensions ['python_setup_py']
[8.009s] Level 1:colcon.colcon_core.package_identification:_identify(.) by extension 'python_setup_py'
[8.010s] Level 1:colcon.colcon_core.package_identification:_identify(build) by extensions ['ignore', 'ignore_ament_install']
[8.010s] Level 1:colcon.colcon_core.package_identification:_identify(build) by extension 'ignore'
[8.010s] Level 1:colcon.colcon_core.package_identification:_identify(build) ignored
[8.011s] Level 1:colcon.colcon_core.package_identification:_identify(install) by extensions ['ignore', 'ignore_ament_install']
[8.011s] Level 1:colcon.colcon_core.package_identification:_identify(install) by extension 'ignore'
[8.011s] Level 1:colcon.colcon_core.package_identification:_identify(install) ignored
[8.012s] Level 1:colcon.colcon_core.package_identification:_identify(log) by extensions ['ignore', 'ignore_ament_install']
[8.012s] Level 1:colcon.colcon_core.package_identification:_identify(log) by extension 'ignore'
[8.012s] Level 1:colcon.colcon_core.package_identification:_identify(log) ignored
[8.013s] Level 1:colcon.colcon_core.package_identification:_identify(src) by extensions ['ignore', 'ignore_ament_install']
[8.013s] Level 1:colcon.colcon_core.package_identification:_identify(src) by extension 'ignore'
[8.013s] Level 1:colcon.colcon_core.package_identification:_identify(src) by extension 'ignore_ament_install'
[8.013s] Level 1:colcon.colcon_core.package_identification:_identify(src) by extensions ['colcon_pkg']
[8.013s] Level 1:colcon.colcon_core.package_identification:_identify(src) by extension 'colcon_pkg'
[8.013s] Level 1:colcon.colcon_core.package_identification:_identify(src) by extensions ['colcon_meta']
[8.014s] Level 1:colcon.colcon_core.package_identification:_identify(src) by extension 'colcon_meta'
[8.014s] Level 1:colcon.colcon_core.package_identification:_identify(src) by extensions ['ros']
[8.014s] Level 1:colcon.colcon_core.package_identification:_identify(src) by extension 'ros'
[8.014s] Level 1:colcon.colcon_core.package_identification:_identify(src) by extensions ['cmake', 'python']
[8.014s] Level 1:colcon.colcon_core.package_identification:_identify(src) by extension 'cmake'
[8.014s] Level 1:colcon.colcon_core.package_identification:_identify(src) by extension 'python'
[8.015s] Level 1:colcon.colcon_core.package_identification:_identify(src) by extensions ['python_setup_py']
[8.015s] Level 1:colcon.colcon_core.package_identification:_identify(src) by extension 'python_setup_py'
[8.016s] Level 1:colcon.colcon_core.package_identification:_identify(src/senior_design1) by extensions ['ignore', 'ignore_ament_install']
[8.017s] Level 1:colcon.colcon_core.package_identification:_identify(src/senior_design1) by extension 'ignore'
[8.017s] Level 1:colcon.colcon_core.package_identification:_identify(src/senior_design1) by extension 'ignore_ament_install'
[8.017s] Level 1:colcon.colcon_core.package_identification:_identify(src/senior_design1) by extensions ['colcon_pkg']
[8.017s] Level 1:colcon.colcon_core.package_identification:_identify(src/senior_design1) by extension 'colcon_pkg'
[8.017s] Level 1:colcon.colcon_core.package_identification:_identify(src/senior_design1) by extensions ['colcon_meta']
[8.018s] Level 1:colcon.colcon_core.package_identification:_identify(src/senior_design1) by extension 'colcon_meta'
[8.018s] Level 1:colcon.colcon_core.package_identification:_identify(src/senior_design1) by extensions ['ros']
[8.018s] Level 1:colcon.colcon_core.package_identification:_identify(src/senior_design1) by extension 'ros'
[8.031s] DEBUG:colcon.colcon_core.package_identification:Package 'src/senior_design1' with type 'ros.ament_cmake' and name 'senior_design1'
[8.032s] Level 1:colcon.colcon_core.package_identification:_identify(src/serial_motor_demo) by extensions ['ignore', 'ignore_ament_install']
[8.032s] Level 1:colcon.colcon_core.package_identification:_identify(src/serial_motor_demo) by extension 'ignore'
[8.033s] Level 1:colcon.colcon_core.package_identification:_identify(src/serial_motor_demo) by extension 'ignore_ament_install'
[8.033s] Level 1:colcon.colcon_core.package_identification:_identify(src/serial_motor_demo) by extensions ['colcon_pkg']
[8.033s] Level 1:colcon.colcon_core.package_identification:_identify(src/serial_motor_demo) by extension 'colcon_pkg'
[8.033s] Level 1:colcon.colcon_core.package_identification:_identify(src/serial_motor_demo) by extensions ['colcon_meta']
[8.033s] Level 1:colcon.colcon_core.package_identification:_identify(src/serial_motor_demo) by extension 'colcon_meta'
[8.034s] Level 1:colcon.colcon_core.package_identification:_identify(src/serial_motor_demo) by extensions ['ros']
[8.034s] Level 1:colcon.colcon_core.package_identification:_identify(src/serial_motor_demo) by extension 'ros'
[8.034s] Level 1:colcon.colcon_core.package_identification:_identify(src/serial_motor_demo) by extensions ['cmake', 'python']
[8.034s] Level 1:colcon.colcon_core.package_identification:_identify(src/serial_motor_demo) by extension 'cmake'
[8.035s] Level 1:colcon.colcon_core.package_identification:_identify(src/serial_motor_demo) by extension 'python'
[8.035s] Level 1:colcon.colcon_core.package_identification:_identify(src/serial_motor_demo) by extensions ['python_setup_py']
[8.035s] Level 1:colcon.colcon_core.package_identification:_identify(src/serial_motor_demo) by extension 'python_setup_py'
[8.035s] Level 1:colcon.colcon_core.package_identification:_identify(src/serial_motor_demo/serial_motor_demo) by extensions ['ignore', 'ignore_ament_install']
[8.036s] Level 1:colcon.colcon_core.package_identification:_identify(src/serial_motor_demo/serial_motor_demo) by extension 'ignore'
[8.036s] Level 1:colcon.colcon_core.package_identification:_identify(src/serial_motor_demo/serial_motor_demo) by extension 'ignore_ament_install'
[8.036s] Level 1:colcon.colcon_core.package_identification:_identify(src/serial_motor_demo/serial_motor_demo) by extensions ['colcon_pkg']
[8.037s] Level 1:colcon.colcon_core.package_identification:_identify(src/serial_motor_demo/serial_motor_demo) by extension 'colcon_pkg'
[8.037s] Level 1:colcon.colcon_core.package_identification:_identify(src/serial_motor_demo/serial_motor_demo) by extensions ['colcon_meta']
[8.037s] Level 1:colcon.colcon_core.package_identification:_identify(src/serial_motor_demo/serial_motor_demo) by extension 'colcon_meta'
[8.037s] Level 1:colcon.colcon_core.package_identification:_identify(src/serial_motor_demo/serial_motor_demo) by extensions ['ros']
[8.037s] Level 1:colcon.colcon_core.package_identification:_identify(src/serial_motor_demo/serial_motor_demo) by extension 'ros'
[8.040s] DEBUG:colcon.colcon_core.package_identification:Package 'src/serial_motor_demo/serial_motor_demo' with type 'ros.ament_python' and name 'serial_motor_demo'
[8.041s] Level 1:colcon.colcon_core.package_identification:_identify(src/serial_motor_demo/serial_motor_demo_msgs) by extensions ['ignore', 'ignore_ament_install']
[8.041s] Level 1:colcon.colcon_core.package_identification:_identify(src/serial_motor_demo/serial_motor_demo_msgs) by extension 'ignore'
[8.041s] Level 1:colcon.colcon_core.package_identification:_identify(src/serial_motor_demo/serial_motor_demo_msgs) by extension 'ignore_ament_install'
[8.042s] Level 1:colcon.colcon_core.package_identification:_identify(src/serial_motor_demo/serial_motor_demo_msgs) by extensions ['colcon_pkg']
[8.042s] Level 1:colcon.colcon_core.package_identification:_identify(src/serial_motor_demo/serial_motor_demo_msgs) by extension 'colcon_pkg'
[8.042s] Level 1:colcon.colcon_core.package_identification:_identify(src/serial_motor_demo/serial_motor_demo_msgs) by extensions ['colcon_meta']
[8.042s] Level 1:colcon.colcon_core.package_identification:_identify(src/serial_motor_demo/serial_motor_demo_msgs) by extension 'colcon_meta'
[8.042s] Level 1:colcon.colcon_core.package_identification:_identify(src/serial_motor_demo/serial_motor_demo_msgs) by extensions ['ros']
[8.042s] Level 1:colcon.colcon_core.package_identification:_identify(src/serial_motor_demo/serial_motor_demo_msgs) by extension 'ros'
[8.044s] DEBUG:colcon.colcon_core.package_identification:Package 'src/serial_motor_demo/serial_motor_demo_msgs' with type 'ros.ament_cmake' and name 'serial_motor_demo_msgs'
[8.045s] Level 1:colcon.colcon_core.package_discovery:discover_packages(recursive) using defaults
[8.045s] Level 1:colcon.colcon_core.package_discovery:discover_packages(ignore) discover
[8.045s] Level 1:colcon.colcon_core.package_discovery:discover_packages(ignore) using defaults
[8.045s] Level 1:colcon.colcon_core.package_discovery:discover_packages(path) discover
[8.045s] Level 1:colcon.colcon_core.package_discovery:discover_packages(path) using defaults
[8.714s] Level 1:colcon.colcon_core.package_discovery:discover_packages(prefix_path) check parameters
[8.714s] Level 1:colcon.colcon_core.package_discovery:discover_packages(prefix_path) discover
[8.960s] DEBUG:colcon.colcon_installed_package_information.package_discovery:Found 171 installed packages in /opt/ros/foxy
[8.965s] Level 1:colcon.colcon_core.package_discovery:discover_packages(prefix_path) using defaults
[9.427s] Level 5:colcon.colcon_core.verb:set package 'senior_design1' build argument 'cmake_args' from command line to 'None'
[9.427s] Level 5:colcon.colcon_core.verb:set package 'senior_design1' build argument 'cmake_target' from command line to 'None'
[9.427s] Level 5:colcon.colcon_core.verb:set package 'senior_design1' build argument 'cmake_target_skip_unavailable' from command line to 'False'
[9.428s] Level 5:colcon.colcon_core.verb:set package 'senior_design1' build argument 'cmake_clean_cache' from command line to 'False'
[9.428s] Level 5:colcon.colcon_core.verb:set package 'senior_design1' build argument 'cmake_clean_first' from command line to 'False'
[9.428s] Level 5:colcon.colcon_core.verb:set package 'senior_design1' build argument 'cmake_force_configure' from command line to 'False'
[9.428s] Level 5:colcon.colcon_core.verb:set package 'senior_design1' build argument 'ament_cmake_args' from command line to 'None'
[9.428s] Level 5:colcon.colcon_core.verb:set package 'senior_design1' build argument 'catkin_cmake_args' from command line to 'None'
[9.428s] Level 5:colcon.colcon_core.verb:set package 'senior_design1' build argument 'catkin_skip_building_tests' from command line to 'False'
[9.428s] DEBUG:colcon.colcon_core.verb:Building package 'senior_design1' with the following arguments: {'ament_cmake_args': None, 'build_base': '/home/ubuntu/pi_ws/build/senior_design1', 'catkin_cmake_args': None, 'catkin_skip_building_tests': False, 'cmake_args': None, 'cmake_clean_cache': False, 'cmake_clean_first': False, 'cmake_force_configure': False, 'cmake_target': None, 'cmake_target_skip_unavailable': False, 'install_base': '/home/ubuntu/pi_ws/install/senior_design1', 'merge_install': False, 'path': '/home/ubuntu/pi_ws/src/senior_design1', 'symlink_install': False, 'test_result_base': None}
[9.543s] Level 5:colcon.colcon_core.verb:set package 'serial_motor_demo_msgs' build argument 'cmake_args' from command line to 'None'
[9.543s] Level 5:colcon.colcon_core.verb:set package 'serial_motor_demo_msgs' build argument 'cmake_target' from command line to 'None'
[9.544s] Level 5:colcon.colcon_core.verb:set package 'serial_motor_demo_msgs' build argument 'cmake_target_skip_unavailable' from command line to 'False'
[9.544s] Level 5:colcon.colcon_core.verb:set package 'serial_motor_demo_msgs' build argument 'cmake_clean_cache' from command line to 'False'
[9.544s] Level 5:colcon.colcon_core.verb:set package 'serial_motor_demo_msgs' build argument 'cmake_clean_first' from command line to 'False'
[9.544s] Level 5:colcon.colcon_core.verb:set package 'serial_motor_demo_msgs' build argument 'cmake_force_configure' from command line to 'False'
[9.544s] Level 5:colcon.colcon_core.verb:set package 'serial_motor_demo_msgs' build argument 'ament_cmake_args' from command line to 'None'
[9.544s] Level 5:colcon.colcon_core.verb:set package 'serial_motor_demo_msgs' build argument 'catkin_cmake_args' from command line to 'None'
[9.544s] Level 5:colcon.colcon_core.verb:set package 'serial_motor_demo_msgs' build argument 'catkin_skip_building_tests' from command line to 'False'
[9.544s] DEBUG:colcon.colcon_core.verb:Building package 'serial_motor_demo_msgs' with the following arguments: {'ament_cmake_args': None, 'build_base': '/home/ubuntu/pi_ws/build/serial_motor_demo_msgs', 'catkin_cmake_args': None, 'catkin_skip_building_tests': False, 'cmake_args': None, 'cmake_clean_cache': False, 'cmake_clean_first': False, 'cmake_force_configure': False, 'cmake_target': None, 'cmake_target_skip_unavailable': False, 'install_base': '/home/ubuntu/pi_ws/install/serial_motor_demo_msgs', 'merge_install': False, 'path': '/home/ubuntu/pi_ws/src/serial_motor_demo/serial_motor_demo_msgs', 'symlink_install': False, 'test_result_base': None}
[9.660s] Level 5:colcon.colcon_core.verb:set package 'serial_motor_demo' build argument 'cmake_args' from command line to 'None'
[9.660s] Level 5:colcon.colcon_core.verb:set package 'serial_motor_demo' build argument 'cmake_target' from command line to 'None'
[9.660s] Level 5:colcon.colcon_core.verb:set package 'serial_motor_demo' build argument 'cmake_target_skip_unavailable' from command line to 'False'
[9.660s] Level 5:colcon.colcon_core.verb:set package 'serial_motor_demo' build argument 'cmake_clean_cache' from command line to 'False'
[9.660s] Level 5:colcon.colcon_core.verb:set package 'serial_motor_demo' build argument 'cmake_clean_first' from command line to 'False'
[9.660s] Level 5:colcon.colcon_core.verb:set package 'serial_motor_demo' build argument 'cmake_force_configure' from command line to 'False'
[9.660s] Level 5:colcon.colcon_core.verb:set package 'serial_motor_demo' build argument 'ament_cmake_args' from command line to 'None'
[9.660s] Level 5:colcon.colcon_core.verb:set package 'serial_motor_demo' build argument 'catkin_cmake_args' from command line to 'None'
[9.661s] Level 5:colcon.colcon_core.verb:set package 'serial_motor_demo' build argument 'catkin_skip_building_tests' from command line to 'False'
[9.661s] DEBUG:colcon.colcon_core.verb:Building package 'serial_motor_demo' with the following arguments: {'ament_cmake_args': None, 'build_base': '/home/ubuntu/pi_ws/build/serial_motor_demo', 'catkin_cmake_args': None, 'catkin_skip_building_tests': False, 'cmake_args': None, 'cmake_clean_cache': False, 'cmake_clean_first': False, 'cmake_force_configure': False, 'cmake_target': None, 'cmake_target_skip_unavailable': False, 'install_base': '/home/ubuntu/pi_ws/install/serial_motor_demo', 'merge_install': False, 'path': '/home/ubuntu/pi_ws/src/serial_motor_demo/serial_motor_demo', 'symlink_install': False, 'test_result_base': None}
[9.776s] INFO:colcon.colcon_core.executor:Executing jobs using 'parallel' executor
[9.894s] DEBUG:colcon.colcon_parallel_executor.executor.parallel:run_until_complete
[9.895s] INFO:colcon.colcon_ros.task.ament_cmake.build:Building ROS package in '/home/ubuntu/pi_ws/src/serial_motor_demo/serial_motor_demo_msgs' with build type 'ament_cmake'
[9.895s] INFO:colcon.colcon_cmake.task.cmake.build:Building CMake package in '/home/ubuntu/pi_ws/src/serial_motor_demo/serial_motor_demo_msgs'
[10.070s] INFO:colcon.colcon_core.plugin_system:Skipping extension 'colcon_core.shell.bat': Not used on non-Windows systems
[10.072s] INFO:colcon.colcon_core.shell:Skip shell extension 'powershell' for command environment: Not usable outside of PowerShell
[10.072s] DEBUG:colcon.colcon_core.shell:Skip shell extension 'dsv' for command environment
[10.328s] INFO:colcon.colcon_ros.task.ament_cmake.build:Building ROS package in '/home/ubuntu/pi_ws/src/senior_design1' with build type 'ament_cmake'
[10.329s] INFO:colcon.colcon_cmake.task.cmake.build:Building CMake package in '/home/ubuntu/pi_ws/src/senior_design1'
[10.454s] INFO:colcon.colcon_core.shell:Skip shell extension 'powershell' for command environment: Not usable outside of PowerShell
[10.455s] DEBUG:colcon.colcon_core.shell:Skip shell extension 'dsv' for command environment
[10.715s] DEBUG:colcon.colcon_core.event_handler.log_command:Invoking command in '/home/ubuntu/pi_ws/build/serial_motor_demo_msgs': CMAKE_PREFIX_PATH=/opt/ros/foxy /usr/bin/cmake /home/ubuntu/pi_ws/src/serial_motor_demo/serial_motor_demo_msgs -DCMAKE_INSTALL_PREFIX=/home/ubuntu/pi_ws/install/serial_motor_demo_msgs
[10.761s] DEBUG:colcon.colcon_core.event_handler.log_command:Invoking command in '/home/ubuntu/pi_ws/build/senior_design1': CMAKE_PREFIX_PATH=/opt/ros/foxy /usr/bin/cmake --build /home/ubuntu/pi_ws/build/senior_design1 -- -j4 -l4
[11.125s] DEBUG:colcon.colcon_core.event_handler.log_command:Invoked command in '/home/ubuntu/pi_ws/build/senior_design1' returned '0': CMAKE_PREFIX_PATH=/opt/ros/foxy /usr/bin/cmake --build /home/ubuntu/pi_ws/build/senior_design1 -- -j4 -l4
[11.257s] DEBUG:colcon.colcon_core.event_handler.log_command:Invoking command in '/home/ubuntu/pi_ws/build/senior_design1': CMAKE_PREFIX_PATH=/opt/ros/foxy /usr/bin/cmake --install /home/ubuntu/pi_ws/build/senior_design1
[11.375s] Level 1:colcon.colcon_core.environment:create_environment_scripts_only(senior_design1)
[11.376s] DEBUG:colcon.colcon_core.event_handler.log_command:Invoked command in '/home/ubuntu/pi_ws/build/senior_design1' returned '0': CMAKE_PREFIX_PATH=/opt/ros/foxy /usr/bin/cmake --install /home/ubuntu/pi_ws/build/senior_design1
[11.586s] Level 1:colcon.colcon_core.environment:checking '/home/ubuntu/pi_ws/install/senior_design1' for CMake module files
[11.591s] Level 1:colcon.colcon_core.environment:checking '/home/ubuntu/pi_ws/install/senior_design1' for CMake config files
[11.596s] Level 1:colcon.colcon_core.shell:create_environment_hook('senior_design1', 'cmake_prefix_path')
[11.747s] INFO:colcon.colcon_core.shell:Creating environment hook '/home/ubuntu/pi_ws/install/senior_design1/share/senior_design1/hook/cmake_prefix_path.ps1'
[11.753s] INFO:colcon.colcon_core.shell:Creating environment descriptor '/home/ubuntu/pi_ws/install/senior_design1/share/senior_design1/hook/cmake_prefix_path.dsv'
[11.758s] INFO:colcon.colcon_core.shell:Creating environment hook '/home/ubuntu/pi_ws/install/senior_design1/share/senior_design1/hook/cmake_prefix_path.sh'
[11.766s] Level 1:colcon.colcon_core.environment:checking '/home/ubuntu/pi_ws/install/senior_design1/bin'
[11.767s] Level 1:colcon.colcon_core.environment:checking '/home/ubuntu/pi_ws/install/senior_design1/lib/pkgconfig/senior_design1.pc'
[11.768s] Level 1:colcon.colcon_core.environment:checking '/home/ubuntu/pi_ws/install/senior_design1/lib/python3.8/site-packages'
[11.769s] Level 1:colcon.colcon_core.environment:checking '/home/ubuntu/pi_ws/install/senior_design1/bin'
[11.941s] INFO:colcon.colcon_core.shell:Creating package script '/home/ubuntu/pi_ws/install/senior_design1/share/senior_design1/package.ps1'
[11.948s] INFO:colcon.colcon_core.shell:Creating package descriptor '/home/ubuntu/pi_ws/install/senior_design1/share/senior_design1/package.dsv'
[11.956s] INFO:colcon.colcon_core.shell:Creating package script '/home/ubuntu/pi_ws/install/senior_design1/share/senior_design1/package.sh'
[11.964s] INFO:colcon.colcon_core.shell:Creating package script '/home/ubuntu/pi_ws/install/senior_design1/share/senior_design1/package.bash'
[11.975s] INFO:colcon.colcon_core.shell:Creating package script '/home/ubuntu/pi_ws/install/senior_design1/share/senior_design1/package.zsh'
[11.986s] Level 1:colcon.colcon_core.environment:create_file_with_runtime_dependencies(/home/ubuntu/pi_ws/install/senior_design1/share/colcon-core/packages/senior_design1)
[12.221s] Level 1:colcon.colcon_core.environment:create_environment_scripts_only(senior_design1)
[12.360s] Level 1:colcon.colcon_core.environment:checking '/home/ubuntu/pi_ws/install/senior_design1' for CMake module files
[12.363s] Level 1:colcon.colcon_core.environment:checking '/home/ubuntu/pi_ws/install/senior_design1' for CMake config files
[12.364s] Level 1:colcon.colcon_core.shell:create_environment_hook('senior_design1', 'cmake_prefix_path')
[12.505s] INFO:colcon.colcon_core.shell:Creating environment hook '/home/ubuntu/pi_ws/install/senior_design1/share/senior_design1/hook/cmake_prefix_path.ps1'
[12.515s] INFO:colcon.colcon_core.shell:Creating environment descriptor '/home/ubuntu/pi_ws/install/senior_design1/share/senior_design1/hook/cmake_prefix_path.dsv'
[12.516s] INFO:colcon.colcon_core.shell:Creating environment hook '/home/ubuntu/pi_ws/install/senior_design1/share/senior_design1/hook/cmake_prefix_path.sh'
[12.519s] Level 1:colcon.colcon_core.environment:checking '/home/ubuntu/pi_ws/install/senior_design1/bin'
[12.519s] Level 1:colcon.colcon_core.environment:checking '/home/ubuntu/pi_ws/install/senior_design1/lib/pkgconfig/senior_design1.pc'
[12.520s] Level 1:colcon.colcon_core.environment:checking '/home/ubuntu/pi_ws/install/senior_design1/lib/python3.8/site-packages'
[12.521s] Level 1:colcon.colcon_core.environment:checking '/home/ubuntu/pi_ws/install/senior_design1/bin'
[12.711s] INFO:colcon.colcon_core.shell:Creating package script '/home/ubuntu/pi_ws/install/senior_design1/share/senior_design1/package.ps1'
[12.714s] INFO:colcon.colcon_core.shell:Creating package descriptor '/home/ubuntu/pi_ws/install/senior_design1/share/senior_design1/package.dsv'
[12.716s] INFO:colcon.colcon_core.shell:Creating package script '/home/ubuntu/pi_ws/install/senior_design1/share/senior_design1/package.sh'
[12.718s] INFO:colcon.colcon_core.shell:Creating package script '/home/ubuntu/pi_ws/install/senior_design1/share/senior_design1/package.bash'
[12.720s] INFO:colcon.colcon_core.shell:Creating package script '/home/ubuntu/pi_ws/install/senior_design1/share/senior_design1/package.zsh'
[12.721s] Level 1:colcon.colcon_core.environment:create_file_with_runtime_dependencies(/home/ubuntu/pi_ws/install/senior_design1/share/colcon-core/packages/senior_design1)
[18.456s] DEBUG:colcon.colcon_core.event_handler.log_command:Invoked command in '/home/ubuntu/pi_ws/build/serial_motor_demo_msgs' returned '0': CMAKE_PREFIX_PATH=/opt/ros/foxy /usr/bin/cmake /home/ubuntu/pi_ws/src/serial_motor_demo/serial_motor_demo_msgs -DCMAKE_INSTALL_PREFIX=/home/ubuntu/pi_ws/install/serial_motor_demo_msgs
[18.466s] DEBUG:colcon.colcon_core.event_handler.log_command:Invoking command in '/home/ubuntu/pi_ws/build/serial_motor_demo_msgs': CMAKE_PREFIX_PATH=/opt/ros/foxy /usr/bin/cmake --build /home/ubuntu/pi_ws/build/serial_motor_demo_msgs -- -j4 -l4
[36.270s] DEBUG:colcon.colcon_core.event_handler.log_command:Invoked command in '/home/ubuntu/pi_ws/build/serial_motor_demo_msgs' returned '0': CMAKE_PREFIX_PATH=/opt/ros/foxy /usr/bin/cmake --build /home/ubuntu/pi_ws/build/serial_motor_demo_msgs -- -j4 -l4
[36.707s] DEBUG:colcon.colcon_core.event_handler.log_command:Invoking command in '/home/ubuntu/pi_ws/build/serial_motor_demo_msgs': CMAKE_PREFIX_PATH=/opt/ros/foxy /usr/bin/cmake --install /home/ubuntu/pi_ws/build/serial_motor_demo_msgs
[37.108s] Level 1:colcon.colcon_core.environment:create_environment_scripts_only(serial_motor_demo_msgs)
[37.113s] DEBUG:colcon.colcon_core.event_handler.log_command:Invoked command in '/home/ubuntu/pi_ws/build/serial_motor_demo_msgs' returned '0': CMAKE_PREFIX_PATH=/opt/ros/foxy /usr/bin/cmake --install /home/ubuntu/pi_ws/build/serial_motor_demo_msgs
[37.321s] Level 1:colcon.colcon_core.environment:checking '/home/ubuntu/pi_ws/install/serial_motor_demo_msgs' for CMake module files
[37.329s] Level 1:colcon.colcon_core.environment:checking '/home/ubuntu/pi_ws/install/serial_motor_demo_msgs' for CMake config files
[37.332s] Level 1:colcon.colcon_core.shell:create_environment_hook('serial_motor_demo_msgs', 'cmake_prefix_path')
[37.519s] INFO:colcon.colcon_core.shell:Creating environment hook '/home/ubuntu/pi_ws/install/serial_motor_demo_msgs/share/serial_motor_demo_msgs/hook/cmake_prefix_path.ps1'
[37.521s] INFO:colcon.colcon_core.shell:Creating environment descriptor '/home/ubuntu/pi_ws/install/serial_motor_demo_msgs/share/serial_motor_demo_msgs/hook/cmake_prefix_path.dsv'
[37.523s] INFO:colcon.colcon_core.shell:Creating environment hook '/home/ubuntu/pi_ws/install/serial_motor_demo_msgs/share/serial_motor_demo_msgs/hook/cmake_prefix_path.sh'
[37.526s] Level 1:colcon.colcon_core.environment:checking '/home/ubuntu/pi_ws/install/serial_motor_demo_msgs/lib'
[37.527s] Level 1:colcon.colcon_core.shell:create_environment_hook('serial_motor_demo_msgs', 'ld_library_path_lib')
[37.735s] INFO:colcon.colcon_core.shell:Creating environment hook '/home/ubuntu/pi_ws/install/serial_motor_demo_msgs/share/serial_motor_demo_msgs/hook/ld_library_path_lib.ps1'
[37.742s] INFO:colcon.colcon_core.shell:Creating environment descriptor '/home/ubuntu/pi_ws/install/serial_motor_demo_msgs/share/serial_motor_demo_msgs/hook/ld_library_path_lib.dsv'
[37.746s] INFO:colcon.colcon_core.shell:Creating environment hook '/home/ubuntu/pi_ws/install/serial_motor_demo_msgs/share/serial_motor_demo_msgs/hook/ld_library_path_lib.sh'
[37.748s] Level 1:colcon.colcon_core.environment:checking '/home/ubuntu/pi_ws/install/serial_motor_demo_msgs/bin'
[37.748s] Level 1:colcon.colcon_core.environment:checking '/home/ubuntu/pi_ws/install/serial_motor_demo_msgs/lib/pkgconfig/serial_motor_demo_msgs.pc'
[37.749s] Level 1:colcon.colcon_core.environment:checking '/home/ubuntu/pi_ws/install/serial_motor_demo_msgs/lib/python3.8/site-packages'
[37.750s] Level 1:colcon.colcon_core.shell:create_environment_hook('serial_motor_demo_msgs', 'pythonpath')
[37.919s] INFO:colcon.colcon_core.shell:Creating environment hook '/home/ubuntu/pi_ws/install/serial_motor_demo_msgs/share/serial_motor_demo_msgs/hook/pythonpath.ps1'
[37.921s] INFO:colcon.colcon_core.shell:Creating environment descriptor '/home/ubuntu/pi_ws/install/serial_motor_demo_msgs/share/serial_motor_demo_msgs/hook/pythonpath.dsv'
[37.928s] INFO:colcon.colcon_core.shell:Creating environment hook '/home/ubuntu/pi_ws/install/serial_motor_demo_msgs/share/serial_motor_demo_msgs/hook/pythonpath.sh'
[37.934s] Level 1:colcon.colcon_core.environment:checking '/home/ubuntu/pi_ws/install/serial_motor_demo_msgs/bin'
[38.099s] INFO:colcon.colcon_core.shell:Creating package script '/home/ubuntu/pi_ws/install/serial_motor_demo_msgs/share/serial_motor_demo_msgs/package.ps1'
[38.102s] INFO:colcon.colcon_core.shell:Creating package descriptor '/home/ubuntu/pi_ws/install/serial_motor_demo_msgs/share/serial_motor_demo_msgs/package.dsv'
[38.104s] INFO:colcon.colcon_core.shell:Creating package script '/home/ubuntu/pi_ws/install/serial_motor_demo_msgs/share/serial_motor_demo_msgs/package.sh'
[38.107s] INFO:colcon.colcon_core.shell:Creating package script '/home/ubuntu/pi_ws/install/serial_motor_demo_msgs/share/serial_motor_demo_msgs/package.bash'
[38.109s] INFO:colcon.colcon_core.shell:Creating package script '/home/ubuntu/pi_ws/install/serial_motor_demo_msgs/share/serial_motor_demo_msgs/package.zsh'
[38.111s] Level 1:colcon.colcon_core.environment:create_file_with_runtime_dependencies(/home/ubuntu/pi_ws/install/serial_motor_demo_msgs/share/colcon-core/packages/serial_motor_demo_msgs)
[39.587s] Level 1:colcon.colcon_core.environment:create_environment_scripts_only(serial_motor_demo_msgs)
[39.748s] Level 1:colcon.colcon_core.environment:checking '/home/ubuntu/pi_ws/install/serial_motor_demo_msgs' for CMake module files
[39.752s] Level 1:colcon.colcon_core.environment:checking '/home/ubuntu/pi_ws/install/serial_motor_demo_msgs' for CMake config files
[39.756s] Level 1:colcon.colcon_core.shell:create_environment_hook('serial_motor_demo_msgs', 'cmake_prefix_path')
[39.927s] INFO:colcon.colcon_core.shell:Creating environment hook '/home/ubuntu/pi_ws/install/serial_motor_demo_msgs/share/serial_motor_demo_msgs/hook/cmake_prefix_path.ps1'
[39.929s] INFO:colcon.colcon_core.shell:Creating environment descriptor '/home/ubuntu/pi_ws/install/serial_motor_demo_msgs/share/serial_motor_demo_msgs/hook/cmake_prefix_path.dsv'
[39.931s] INFO:colcon.colcon_core.shell:Creating environment hook '/home/ubuntu/pi_ws/install/serial_motor_demo_msgs/share/serial_motor_demo_msgs/hook/cmake_prefix_path.sh'
[39.934s] Level 1:colcon.colcon_core.environment:checking '/home/ubuntu/pi_ws/install/serial_motor_demo_msgs/lib'
[39.935s] Level 1:colcon.colcon_core.shell:create_environment_hook('serial_motor_demo_msgs', 'ld_library_path_lib')
[40.099s] INFO:colcon.colcon_core.shell:Creating environment hook '/home/ubuntu/pi_ws/install/serial_motor_demo_msgs/share/serial_motor_demo_msgs/hook/ld_library_path_lib.ps1'
[40.101s] INFO:colcon.colcon_core.shell:Creating environment descriptor '/home/ubuntu/pi_ws/install/serial_motor_demo_msgs/share/serial_motor_demo_msgs/hook/ld_library_path_lib.dsv'
[40.103s] INFO:colcon.colcon_core.shell:Creating environment hook '/home/ubuntu/pi_ws/install/serial_motor_demo_msgs/share/serial_motor_demo_msgs/hook/ld_library_path_lib.sh'
[40.108s] Level 1:colcon.colcon_core.environment:checking '/home/ubuntu/pi_ws/install/serial_motor_demo_msgs/bin'
[40.110s] Level 1:colcon.colcon_core.environment:checking '/home/ubuntu/pi_ws/install/serial_motor_demo_msgs/lib/pkgconfig/serial_motor_demo_msgs.pc'
[40.113s] Level 1:colcon.colcon_core.environment:checking '/home/ubuntu/pi_ws/install/serial_motor_demo_msgs/lib/python3.8/site-packages'
[40.115s] Level 1:colcon.colcon_core.shell:create_environment_hook('serial_motor_demo_msgs', 'pythonpath')
[40.281s] INFO:colcon.colcon_core.shell:Creating environment hook '/home/ubuntu/pi_ws/install/serial_motor_demo_msgs/share/serial_motor_demo_msgs/hook/pythonpath.ps1'
[40.283s] INFO:colcon.colcon_core.shell:Creating environment descriptor '/home/ubuntu/pi_ws/install/serial_motor_demo_msgs/share/serial_motor_demo_msgs/hook/pythonpath.dsv'
[40.285s] INFO:colcon.colcon_core.shell:Creating environment hook '/home/ubuntu/pi_ws/install/serial_motor_demo_msgs/share/serial_motor_demo_msgs/hook/pythonpath.sh'
[40.288s] Level 1:colcon.colcon_core.environment:checking '/home/ubuntu/pi_ws/install/serial_motor_demo_msgs/bin'
[40.470s] INFO:colcon.colcon_core.shell:Creating package script '/home/ubuntu/pi_ws/install/serial_motor_demo_msgs/share/serial_motor_demo_msgs/package.ps1'
[40.486s] INFO:colcon.colcon_core.shell:Creating package descriptor '/home/ubuntu/pi_ws/install/serial_motor_demo_msgs/share/serial_motor_demo_msgs/package.dsv'
[40.489s] INFO:colcon.colcon_core.shell:Creating package script '/home/ubuntu/pi_ws/install/serial_motor_demo_msgs/share/serial_motor_demo_msgs/package.sh'
[40.492s] INFO:colcon.colcon_core.shell:Creating package script '/home/ubuntu/pi_ws/install/serial_motor_demo_msgs/share/serial_motor_demo_msgs/package.bash'
[40.494s] INFO:colcon.colcon_core.shell:Creating package script '/home/ubuntu/pi_ws/install/serial_motor_demo_msgs/share/serial_motor_demo_msgs/package.zsh'
[40.496s] Level 1:colcon.colcon_core.environment:create_file_with_runtime_dependencies(/home/ubuntu/pi_ws/install/serial_motor_demo_msgs/share/colcon-core/packages/serial_motor_demo_msgs)
[40.502s] INFO:colcon.colcon_ros.task.ament_python.build:Building ROS package in '/home/ubuntu/pi_ws/src/serial_motor_demo/serial_motor_demo' with build type 'ament_python'
[40.505s] Level 1:colcon.colcon_core.shell:create_environment_hook('serial_motor_demo', 'ament_prefix_path')
[40.677s] INFO:colcon.colcon_core.shell:Creating environment hook '/home/ubuntu/pi_ws/install/serial_motor_demo/share/serial_motor_demo/hook/ament_prefix_path.ps1'
[40.680s] INFO:colcon.colcon_core.shell:Creating environment descriptor '/home/ubuntu/pi_ws/install/serial_motor_demo/share/serial_motor_demo/hook/ament_prefix_path.dsv'
[40.681s] INFO:colcon.colcon_core.shell:Creating environment hook '/home/ubuntu/pi_ws/install/serial_motor_demo/share/serial_motor_demo/hook/ament_prefix_path.sh'
[40.851s] INFO:colcon.colcon_core.shell:Skip shell extension 'powershell' for command environment: Not usable outside of PowerShell
[40.852s] DEBUG:colcon.colcon_core.shell:Skip shell extension 'dsv' for command environment
[42.345s] INFO:colcon.colcon_core.task.python.build:Building Python package in '/home/ubuntu/pi_ws/src/serial_motor_demo/serial_motor_demo'
[42.537s] INFO:colcon.colcon_core.shell:Skip shell extension 'powershell' for command environment: Not usable outside of PowerShell
[42.538s] DEBUG:colcon.colcon_core.shell:Skip shell extension 'dsv' for command environment
[45.107s] DEBUG:colcon.colcon_core.event_handler.log_command:Invoking command in '/home/ubuntu/pi_ws/src/serial_motor_demo/serial_motor_demo': AMENT_PREFIX_PATH=/home/ubuntu/pi_ws/install/serial_motor_demo_msgs:${AMENT_PREFIX_PATH} CMAKE_PREFIX_PATH=/home/ubuntu/pi_ws/install/serial_motor_demo_msgs LD_LIBRARY_PATH=/home/ubuntu/pi_ws/install/serial_motor_demo_msgs/lib:${LD_LIBRARY_PATH} PYTHONPATH=/home/ubuntu/pi_ws/build/serial_motor_demo/prefix_override:/home/ubuntu/pi_ws/install/serial_motor_demo/lib/python3.8/site-packages:/home/ubuntu/pi_ws/install/serial_motor_demo_msgs/lib/python3.8/site-packages:${PYTHONPATH} /usr/bin/python3 setup.py egg_info --egg-base ../../../build/serial_motor_demo build --build-base /home/ubuntu/pi_ws/build/serial_motor_demo/build install --record /home/ubuntu/pi_ws/build/serial_motor_demo/install.log --install-scripts $base/lib/serial_motor_demo --single-version-externally-managed
[46.323s] DEBUG:colcon.colcon_core.event_handler.log_command:Invoked command in '/home/ubuntu/pi_ws/src/serial_motor_demo/serial_motor_demo' returned '0': AMENT_PREFIX_PATH=/home/ubuntu/pi_ws/install/serial_motor_demo_msgs:${AMENT_PREFIX_PATH} CMAKE_PREFIX_PATH=/home/ubuntu/pi_ws/install/serial_motor_demo_msgs LD_LIBRARY_PATH=/home/ubuntu/pi_ws/install/serial_motor_demo_msgs/lib:${LD_LIBRARY_PATH} PYTHONPATH=/home/ubuntu/pi_ws/build/serial_motor_demo/prefix_override:/home/ubuntu/pi_ws/install/serial_motor_demo/lib/python3.8/site-packages:/home/ubuntu/pi_ws/install/serial_motor_demo_msgs/lib/python3.8/site-packages:${PYTHONPATH} /usr/bin/python3 setup.py egg_info --egg-base ../../../build/serial_motor_demo build --build-base /home/ubuntu/pi_ws/build/serial_motor_demo/build install --record /home/ubuntu/pi_ws/build/serial_motor_demo/install.log --install-scripts $base/lib/serial_motor_demo --single-version-externally-managed
[46.455s] Level 1:colcon.colcon_core.environment:checking '/home/ubuntu/pi_ws/install/serial_motor_demo' for CMake module files
[46.457s] Level 1:colcon.colcon_core.environment:checking '/home/ubuntu/pi_ws/install/serial_motor_demo' for CMake config files
[46.460s] Level 1:colcon.colcon_core.environment:checking '/home/ubuntu/pi_ws/install/serial_motor_demo/lib'
[46.460s] Level 1:colcon.colcon_core.environment:checking '/home/ubuntu/pi_ws/install/serial_motor_demo/bin'
[46.460s] Level 1:colcon.colcon_core.environment:checking '/home/ubuntu/pi_ws/install/serial_motor_demo/lib/pkgconfig/serial_motor_demo.pc'
[46.461s] Level 1:colcon.colcon_core.environment:checking '/home/ubuntu/pi_ws/install/serial_motor_demo/lib/python3.8/site-packages'
[46.461s] Level 1:colcon.colcon_core.shell:create_environment_hook('serial_motor_demo', 'pythonpath')
[46.582s] INFO:colcon.colcon_core.shell:Creating environment hook '/home/ubuntu/pi_ws/install/serial_motor_demo/share/serial_motor_demo/hook/pythonpath.ps1'
[46.584s] INFO:colcon.colcon_core.shell:Creating environment descriptor '/home/ubuntu/pi_ws/install/serial_motor_demo/share/serial_motor_demo/hook/pythonpath.dsv'
[46.585s] INFO:colcon.colcon_core.shell:Creating environment hook '/home/ubuntu/pi_ws/install/serial_motor_demo/share/serial_motor_demo/hook/pythonpath.sh'
[46.587s] Level 1:colcon.colcon_core.environment:checking '/home/ubuntu/pi_ws/install/serial_motor_demo/bin'
[46.588s] Level 1:colcon.colcon_core.environment:create_environment_scripts_only(serial_motor_demo)
[46.707s] INFO:colcon.colcon_core.shell:Creating package script '/home/ubuntu/pi_ws/install/serial_motor_demo/share/serial_motor_demo/package.ps1'
[46.709s] INFO:colcon.colcon_core.shell:Creating package descriptor '/home/ubuntu/pi_ws/install/serial_motor_demo/share/serial_motor_demo/package.dsv'
[46.711s] INFO:colcon.colcon_core.shell:Creating package script '/home/ubuntu/pi_ws/install/serial_motor_demo/share/serial_motor_demo/package.sh'
[46.712s] INFO:colcon.colcon_core.shell:Creating package script '/home/ubuntu/pi_ws/install/serial_motor_demo/share/serial_motor_demo/package.bash'
[46.714s] INFO:colcon.colcon_core.shell:Creating package script '/home/ubuntu/pi_ws/install/serial_motor_demo/share/serial_motor_demo/package.zsh'
[46.715s] Level 1:colcon.colcon_core.environment:create_file_with_runtime_dependencies(/home/ubuntu/pi_ws/install/serial_motor_demo/share/colcon-core/packages/serial_motor_demo)
[46.716s] DEBUG:colcon.colcon_parallel_executor.executor.parallel:closing loop
[46.717s] DEBUG:colcon.colcon_parallel_executor.executor.parallel:loop closed
[46.718s] DEBUG:colcon.colcon_parallel_executor.executor.parallel:run_until_complete finished with '0'
[46.718s] DEBUG:colcon.colcon_core.event_reactor:joining thread
[46.863s] INFO:colcon.colcon_core.plugin_system:Skipping extension 'colcon_notification.desktop_notification.notify_send': Could not find 'notify-send'
[46.864s] INFO:colcon.colcon_core.plugin_system:Skipping extension 'colcon_notification.desktop_notification.terminal_notifier': Not used on non-Darwin systems
[46.864s] INFO:colcon.colcon_core.plugin_system:Skipping extension 'colcon_notification.desktop_notification.win32': Not used on non-Windows systems
[46.864s] INFO:colcon.colcon_notification.desktop_notification:Sending desktop notification using 'notify2'
[46.867s] DEBUG:colcon.colcon_notification.desktop_notification.notify2:Failed to initialize notify2: org.freedesktop.DBus.Error.ServiceUnknown: The name org.freedesktop.Notifications was not provided by any .service files
[46.868s] DEBUG:colcon.colcon_core.event_reactor:joined thread
[47.036s] INFO:colcon.colcon_core.shell:Creating prefix script '/home/ubuntu/pi_ws/install/local_setup.ps1'
[47.040s] INFO:colcon.colcon_core.shell:Creating prefix util module '/home/ubuntu/pi_ws/install/_local_setup_util_ps1.py'
[47.047s] INFO:colcon.colcon_core.shell:Creating prefix chain script '/home/ubuntu/pi_ws/install/setup.ps1'
[47.212s] INFO:colcon.colcon_core.shell:Creating prefix script '/home/ubuntu/pi_ws/install/local_setup.sh'
[47.219s] INFO:colcon.colcon_core.shell:Creating prefix util module '/home/ubuntu/pi_ws/install/_local_setup_util_sh.py'
[47.221s] INFO:colcon.colcon_core.shell:Creating prefix chain script '/home/ubuntu/pi_ws/install/setup.sh'
[47.344s] INFO:colcon.colcon_core.shell:Creating prefix script '/home/ubuntu/pi_ws/install/local_setup.bash'
[47.348s] INFO:colcon.colcon_core.shell:Creating prefix chain script '/home/ubuntu/pi_ws/install/setup.bash'
[47.482s] INFO:colcon.colcon_core.shell:Creating prefix script '/home/ubuntu/pi_ws/install/local_setup.zsh'
[47.486s] INFO:colcon.colcon_core.shell:Creating prefix chain script '/home/ubuntu/pi_ws/install/setup.zsh'
