[11.156s] Invoking command in '/home/ubuntu/pi_ws/src/ros2_detection/my_package': PYTHONPATH=/home/ubuntu/pi_ws/build/my_package/prefix_override:/home/ubuntu/pi_ws/install/my_package/lib/python3.8/site-packages:${PYTHONPATH} /usr/bin/python3 setup.py egg_info --egg-base ../../../build/my_package build --build-base /home/ubuntu/pi_ws/build/my_package/build install --record /home/ubuntu/pi_ws/build/my_package/install.log --install-scripts $base/lib/my_package --single-version-externally-managed
[12.185s] running egg_info
[12.190s] writing ../../../build/my_package/my_package.egg-info/PKG-INFO
[12.191s] writing dependency_links to ../../../build/my_package/my_package.egg-info/dependency_links.txt
[12.193s] writing entry points to ../../../build/my_package/my_package.egg-info/entry_points.txt
[12.196s] writing requirements to ../../../build/my_package/my_package.egg-info/requires.txt
[12.197s] writing top-level names to ../../../build/my_package/my_package.egg-info/top_level.txt
[12.376s] reading manifest file '../../../build/my_package/my_package.egg-info/SOURCES.txt'
[12.385s] writing manifest file '../../../build/my_package/my_package.egg-info/SOURCES.txt'
[12.386s] running build
[12.386s] running build_py
[12.399s] copying my_package/controller.py -> /home/ubuntu/pi_ws/build/my_package/build/lib/my_package
[12.411s] running install
[12.416s] running install_lib
[12.422s] copying /home/ubuntu/pi_ws/build/my_package/build/lib/my_package/controller.py -> /home/ubuntu/pi_ws/install/my_package/lib/python3.8/site-packages/my_package
[12.428s] byte-compiling /home/ubuntu/pi_ws/install/my_package/lib/python3.8/site-packages/my_package/controller.py to controller.cpython-38.pyc
[12.428s] running install_data
[12.429s] copying my_package/controller.py -> /home/ubuntu/pi_ws/install/my_package/lib/my_package
[12.429s] running install_egg_info
[12.430s] removing '/home/ubuntu/pi_ws/install/my_package/lib/python3.8/site-packages/my_package-0.0.0-py3.8.egg-info' (and everything under it)
[12.430s] Copying ../../../build/my_package/my_package.egg-info to /home/ubuntu/pi_ws/install/my_package/lib/python3.8/site-packages/my_package-0.0.0-py3.8.egg-info
[12.439s] running install_scripts
[12.501s] Installing controller script to /home/ubuntu/pi_ws/install/my_package/lib/my_package
[12.502s] Installing detection script to /home/ubuntu/pi_ws/install/my_package/lib/my_package
[12.502s] Installing display script to /home/ubuntu/pi_ws/install/my_package/lib/my_package
[12.505s] writing list of installed files to '/home/ubuntu/pi_ws/build/my_package/install.log'
[13.849s] Invoked command in '/home/ubuntu/pi_ws/src/ros2_detection/my_package' returned '0': PYTHONPATH=/home/ubuntu/pi_ws/build/my_package/prefix_override:/home/ubuntu/pi_ws/install/my_package/lib/python3.8/site-packages:${PYTHONPATH} /usr/bin/python3 setup.py egg_info --egg-base ../../../build/my_package build --build-base /home/ubuntu/pi_ws/build/my_package/build install --record /home/ubuntu/pi_ws/build/my_package/install.log --install-scripts $base/lib/my_package --single-version-externally-managed
