[6.397s] Invoking command in '/home/ubuntu/pi_ws/src/ros2_detection/my_package': PYTHONPATH=/home/ubuntu/pi_ws/build/my_package/prefix_override:/home/ubuntu/pi_ws/install/my_package/lib/python3.8/site-packages:${PYTHONPATH} /usr/bin/python3 setup.py egg_info --egg-base ../../../build/my_package build --build-base /home/ubuntu/pi_ws/build/my_package/build install --record /home/ubuntu/pi_ws/build/my_package/install.log --install-scripts $base/lib/my_package --single-version-externally-managed
[7.429s] running egg_info
[7.431s] writing ../../../build/my_package/my_package.egg-info/PKG-INFO
[7.432s] writing dependency_links to ../../../build/my_package/my_package.egg-info/dependency_links.txt
[7.432s] writing entry points to ../../../build/my_package/my_package.egg-info/entry_points.txt
[7.433s] writing requirements to ../../../build/my_package/my_package.egg-info/requires.txt
[7.433s] writing top-level names to ../../../build/my_package/my_package.egg-info/top_level.txt
[7.574s] reading manifest file '../../../build/my_package/my_package.egg-info/SOURCES.txt'
[7.579s] writing manifest file '../../../build/my_package/my_package.egg-info/SOURCES.txt'
[7.581s] running build
[7.583s] running build_py
[7.586s] copying my_package/controller.py -> /home/ubuntu/pi_ws/build/my_package/build/lib/my_package
[7.588s] running install
[7.591s] running install_lib
[7.594s] copying /home/ubuntu/pi_ws/build/my_package/build/lib/my_package/controller.py -> /home/ubuntu/pi_ws/install/my_package/lib/python3.8/site-packages/my_package
[7.597s] byte-compiling /home/ubuntu/pi_ws/install/my_package/lib/python3.8/site-packages/my_package/controller.py to controller.cpython-38.pyc
[7.603s] running install_data
[7.607s] copying my_package/controller.py -> /home/ubuntu/pi_ws/install/my_package/lib/my_package
[7.609s] running install_egg_info
[7.613s] removing '/home/ubuntu/pi_ws/install/my_package/lib/python3.8/site-packages/my_package-0.0.0-py3.8.egg-info' (and everything under it)
[7.616s] Copying ../../../build/my_package/my_package.egg-info to /home/ubuntu/pi_ws/install/my_package/lib/python3.8/site-packages/my_package-0.0.0-py3.8.egg-info
[7.620s] running install_scripts
[7.690s] Installing controller script to /home/ubuntu/pi_ws/install/my_package/lib/my_package
[7.695s] Installing detection script to /home/ubuntu/pi_ws/install/my_package/lib/my_package
[7.698s] Installing display script to /home/ubuntu/pi_ws/install/my_package/lib/my_package
[7.703s] writing list of installed files to '/home/ubuntu/pi_ws/build/my_package/install.log'
[9.673s] Invoked command in '/home/ubuntu/pi_ws/src/ros2_detection/my_package' returned '0': PYTHONPATH=/home/ubuntu/pi_ws/build/my_package/prefix_override:/home/ubuntu/pi_ws/install/my_package/lib/python3.8/site-packages:${PYTHONPATH} /usr/bin/python3 setup.py egg_info --egg-base ../../../build/my_package build --build-base /home/ubuntu/pi_ws/build/my_package/build install --record /home/ubuntu/pi_ws/build/my_package/install.log --install-scripts $base/lib/my_package --single-version-externally-managed
