-- Found ament_cmake: 0.9.12 (/opt/ros/foxy/share/ament_cmake/cmake)
-- Using PYTHON_EXECUTABLE: /usr/bin/python3
-- Override CMake install command with custom implementation using symlinks instead of copying resources
-- Found ament_lint_auto: 0.9.8 (/opt/ros/foxy/share/ament_lint_auto/cmake)
-- Added test 'copyright' to check source files copyright and LICENSE
-- Added test 'flake8' to check Python code syntax and style conventions
-- Added test 'lint_cmake' to check CMake code style
-- Added test 'pep257' to check Python code against some of the style conventions in PEP 257
-- Added test 'xmllint' to check XML markup files
-- Configuring done
-- Generating done
-- Build files have been written to: /home/ubuntu/pi_ws/build/senior_design
-- Install configuration: ""
-- Execute custom install script
-- Up-to-date symlink: /home/ubuntu/pi_ws/install/senior_design/share/senior_design/config/ball_tracker_params_robot.yaml
-- Up-to-date symlink: /home/ubuntu/pi_ws/install/senior_design/share/senior_design/config/ball_tracker_params_sim.yaml
-- Up-to-date symlink: /home/ubuntu/pi_ws/install/senior_design/share/senior_design/config/drive_bot.rviz
-- Up-to-date symlink: /home/ubuntu/pi_ws/install/senior_design/share/senior_design/config/empty.yaml
-- Up-to-date symlink: /home/ubuntu/pi_ws/install/senior_design/share/senior_design/config/gaz_ros2_ctl_use_sim.yaml
-- Up-to-date symlink: /home/ubuntu/pi_ws/install/senior_design/share/senior_design/config/gazebo_params.yaml
-- Up-to-date symlink: /home/ubuntu/pi_ws/install/senior_design/share/senior_design/config/joystick.yaml
-- Up-to-date symlink: /home/ubuntu/pi_ws/install/senior_design/share/senior_design/config/main.rviz
-- Up-to-date symlink: /home/ubuntu/pi_ws/install/senior_design/share/senior_design/config/map.rviz
-- Up-to-date symlink: /home/ubuntu/pi_ws/install/senior_design/share/senior_design/config/mapper_params_online_async.yaml
-- Up-to-date symlink: /home/ubuntu/pi_ws/install/senior_design/share/senior_design/config/my_controllers.yaml
-- Up-to-date symlink: /home/ubuntu/pi_ws/install/senior_design/share/senior_design/config/nav2_params.yaml
-- Up-to-date symlink: /home/ubuntu/pi_ws/install/senior_design/share/senior_design/config/twist_mux.yaml
-- Up-to-date symlink: /home/ubuntu/pi_ws/install/senior_design/share/senior_design/config/view_bot.rviz
-- Up-to-date symlink: /home/ubuntu/pi_ws/install/senior_design/share/senior_design/description/camera.xacro
-- Up-to-date symlink: /home/ubuntu/pi_ws/install/senior_design/share/senior_design/description/depth_camera.xacro
-- Up-to-date symlink: /home/ubuntu/pi_ws/install/senior_design/share/senior_design/description/face.xacro
-- Up-to-date symlink: /home/ubuntu/pi_ws/install/senior_design/share/senior_design/description/gazebo_control.xacro
-- Up-to-date symlink: /home/ubuntu/pi_ws/install/senior_design/share/senior_design/description/inertial_macros.xacro
-- Up-to-date symlink: /home/ubuntu/pi_ws/install/senior_design/share/senior_design/description/lidar.xacro
-- Up-to-date symlink: /home/ubuntu/pi_ws/install/senior_design/share/senior_design/description/robot.urdf.xacro
-- Up-to-date symlink: /home/ubuntu/pi_ws/install/senior_design/share/senior_design/description/robot_core.xacro
-- Up-to-date symlink: /home/ubuntu/pi_ws/install/senior_design/share/senior_design/description/ros2_control.xacro
-- Symlinking: /home/ubuntu/pi_ws/install/senior_design/share/senior_design/launch/__pycache__/rplidar.launch.cpython-38.pyc
-- Up-to-date symlink: /home/ubuntu/pi_ws/install/senior_design/share/senior_design/launch/ball_tracker.launch.py
-- Up-to-date symlink: /home/ubuntu/pi_ws/install/senior_design/share/senior_design/launch/camera.launch.py
-- Up-to-date symlink: /home/ubuntu/pi_ws/install/senior_design/share/senior_design/launch/joystick.launch.py
-- Up-to-date symlink: /home/ubuntu/pi_ws/install/senior_design/share/senior_design/launch/launch_robot.launch.py
-- Up-to-date symlink: /home/ubuntu/pi_ws/install/senior_design/share/senior_design/launch/launch_sim.launch.py
-- Up-to-date symlink: /home/ubuntu/pi_ws/install/senior_design/share/senior_design/launch/localization_launch.py
-- Up-to-date symlink: /home/ubuntu/pi_ws/install/senior_design/share/senior_design/launch/navigation_launch.py
-- Up-to-date symlink: /home/ubuntu/pi_ws/install/senior_design/share/senior_design/launch/obstacle_avoid.launch.py
-- Up-to-date symlink: /home/ubuntu/pi_ws/install/senior_design/share/senior_design/launch/online_async_launch.py
-- Up-to-date symlink: /home/ubuntu/pi_ws/install/senior_design/share/senior_design/launch/rplidar.launch.py
-- Up-to-date symlink: /home/ubuntu/pi_ws/install/senior_design/share/senior_design/launch/rsp.launch.py
-- Up-to-date symlink: /home/ubuntu/pi_ws/install/senior_design/share/senior_design/worlds/empty.world
-- Up-to-date symlink: /home/ubuntu/pi_ws/install/senior_design/share/senior_design/worlds/obstacles.world
-- Up-to-date symlink: /home/ubuntu/pi_ws/install/senior_design/share/ament_index/resource_index/package_run_dependencies/senior_design
-- Up-to-date symlink: /home/ubuntu/pi_ws/install/senior_design/share/ament_index/resource_index/parent_prefix_path/senior_design
-- Up-to-date symlink: /home/ubuntu/pi_ws/install/senior_design/share/senior_design/environment/ament_prefix_path.sh
-- Up-to-date symlink: /home/ubuntu/pi_ws/install/senior_design/share/senior_design/environment/ament_prefix_path.dsv
-- Up-to-date symlink: /home/ubuntu/pi_ws/install/senior_design/share/senior_design/environment/path.sh
-- Up-to-date symlink: /home/ubuntu/pi_ws/install/senior_design/share/senior_design/environment/path.dsv
-- Up-to-date symlink: /home/ubuntu/pi_ws/install/senior_design/share/senior_design/local_setup.bash
-- Up-to-date symlink: /home/ubuntu/pi_ws/install/senior_design/share/senior_design/local_setup.sh
-- Up-to-date symlink: /home/ubuntu/pi_ws/install/senior_design/share/senior_design/local_setup.zsh
-- Up-to-date symlink: /home/ubuntu/pi_ws/install/senior_design/share/senior_design/local_setup.dsv
-- Symlinking: /home/ubuntu/pi_ws/install/senior_design/share/senior_design/package.dsv
-- Up-to-date symlink: /home/ubuntu/pi_ws/install/senior_design/share/ament_index/resource_index/packages/senior_design
-- Up-to-date symlink: /home/ubuntu/pi_ws/install/senior_design/share/senior_design/cmake/senior_designConfig.cmake
-- Up-to-date symlink: /home/ubuntu/pi_ws/install/senior_design/share/senior_design/cmake/senior_designConfig-version.cmake
-- Up-to-date symlink: /home/ubuntu/pi_ws/install/senior_design/share/senior_design/package.xml
