[0.665s] Invoking command in '/home/ubuntu/pi_ws/build/senior_design': CMAKE_PREFIX_PATH=${CMAKE_PREFIX_PATH}:/home/ubuntu/pi_ws/install/serial_motor_demo:/home/ubuntu/pi_ws/install/my_package:/opt/ros/foxy /usr/bin/cmake /home/ubuntu/pi_ws/src/senior_design -DCMAKE_INSTALL_PREFIX=/home/ubuntu/pi_ws/install/senior_design
[0.982s] -- Found ament_cmake: 0.9.12 (/opt/ros/foxy/share/ament_cmake/cmake)
[1.135s] -- Using PYTHON_EXECUTABLE: /usr/bin/python3
[1.885s] -- Override CMake install command with custom implementation using symlinks instead of copying resources
[1.988s] -- Found ament_lint_auto: 0.9.8 (/opt/ros/foxy/share/ament_lint_auto/cmake)
[2.336s] -- Added test 'copyright' to check source files copyright and LICENSE
[2.413s] -- Added test 'flake8' to check Python code syntax and style conventions
[2.424s] -- Added test 'lint_cmake' to check CMake code style
[2.431s] -- Added test 'pep257' to check Python code against some of the style conventions in PEP 257
[2.471s] -- Added test 'xmllint' to check XML markup files
[2.488s] -- Configuring done
[2.538s] -- Generating done
[2.548s] -- Build files have been written to: /home/ubuntu/pi_ws/build/senior_design
[2.623s] Invoked command in '/home/ubuntu/pi_ws/build/senior_design' returned '0': CMAKE_PREFIX_PATH=${CMAKE_PREFIX_PATH}:/home/ubuntu/pi_ws/install/serial_motor_demo:/home/ubuntu/pi_ws/install/my_package:/opt/ros/foxy /usr/bin/cmake /home/ubuntu/pi_ws/src/senior_design -DCMAKE_INSTALL_PREFIX=/home/ubuntu/pi_ws/install/senior_design
[2.637s] Invoking command in '/home/ubuntu/pi_ws/build/senior_design': CMAKE_PREFIX_PATH=${CMAKE_PREFIX_PATH}:/home/ubuntu/pi_ws/install/serial_motor_demo:/home/ubuntu/pi_ws/install/my_package:/opt/ros/foxy /usr/bin/cmake --build /home/ubuntu/pi_ws/build/senior_design -- -j4 -l4
[2.823s] Invoked command in '/home/ubuntu/pi_ws/build/senior_design' returned '0': CMAKE_PREFIX_PATH=${CMAKE_PREFIX_PATH}:/home/ubuntu/pi_ws/install/serial_motor_demo:/home/ubuntu/pi_ws/install/my_package:/opt/ros/foxy /usr/bin/cmake --build /home/ubuntu/pi_ws/build/senior_design -- -j4 -l4
[2.993s] Invoking command in '/home/ubuntu/pi_ws/build/senior_design': CMAKE_PREFIX_PATH=${CMAKE_PREFIX_PATH}:/home/ubuntu/pi_ws/install/serial_motor_demo:/home/ubuntu/pi_ws/install/my_package:/opt/ros/foxy /usr/bin/cmake --install /home/ubuntu/pi_ws/build/senior_design
[3.030s] -- Install configuration: ""
[3.031s] -- Execute custom install script
[3.034s] -- Up-to-date symlink: /home/ubuntu/pi_ws/install/senior_design/share/senior_design/config/ball_tracker_params_robot.yaml
[3.035s] -- Up-to-date symlink: /home/ubuntu/pi_ws/install/senior_design/share/senior_design/config/ball_tracker_params_sim.yaml
[3.036s] -- Up-to-date symlink: /home/ubuntu/pi_ws/install/senior_design/share/senior_design/config/drive_bot.rviz
[3.037s] -- Up-to-date symlink: /home/ubuntu/pi_ws/install/senior_design/share/senior_design/config/empty.yaml
[3.038s] -- Up-to-date symlink: /home/ubuntu/pi_ws/install/senior_design/share/senior_design/config/gaz_ros2_ctl_use_sim.yaml
[3.039s] -- Up-to-date symlink: /home/ubuntu/pi_ws/install/senior_design/share/senior_design/config/gazebo_params.yaml
[3.039s] -- Up-to-date symlink: /home/ubuntu/pi_ws/install/senior_design/share/senior_design/config/joystick.yaml
[3.040s] -- Up-to-date symlink: /home/ubuntu/pi_ws/install/senior_design/share/senior_design/config/main.rviz
[3.041s] -- Up-to-date symlink: /home/ubuntu/pi_ws/install/senior_design/share/senior_design/config/map.rviz
[3.043s] -- Up-to-date symlink: /home/ubuntu/pi_ws/install/senior_design/share/senior_design/config/mapper_params_online_async.yaml
[3.044s] -- Up-to-date symlink: /home/ubuntu/pi_ws/install/senior_design/share/senior_design/config/my_controllers.yaml
[3.045s] -- Up-to-date symlink: /home/ubuntu/pi_ws/install/senior_design/share/senior_design/config/nav2_params.yaml
[3.046s] -- Up-to-date symlink: /home/ubuntu/pi_ws/install/senior_design/share/senior_design/config/twist_mux.yaml
[3.046s] -- Up-to-date symlink: /home/ubuntu/pi_ws/install/senior_design/share/senior_design/config/view_bot.rviz
[3.049s] -- Up-to-date symlink: /home/ubuntu/pi_ws/install/senior_design/share/senior_design/description/camera.xacro
[3.049s] -- Up-to-date symlink: /home/ubuntu/pi_ws/install/senior_design/share/senior_design/description/depth_camera.xacro
[3.050s] -- Up-to-date symlink: /home/ubuntu/pi_ws/install/senior_design/share/senior_design/description/face.xacro
[3.051s] -- Up-to-date symlink: /home/ubuntu/pi_ws/install/senior_design/share/senior_design/description/gazebo_control.xacro
[3.052s] -- Up-to-date symlink: /home/ubuntu/pi_ws/install/senior_design/share/senior_design/description/inertial_macros.xacro
[3.053s] -- Up-to-date symlink: /home/ubuntu/pi_ws/install/senior_design/share/senior_design/description/lidar.xacro
[3.054s] -- Up-to-date symlink: /home/ubuntu/pi_ws/install/senior_design/share/senior_design/description/robot.urdf.xacro
[3.055s] -- Up-to-date symlink: /home/ubuntu/pi_ws/install/senior_design/share/senior_design/description/robot_core.xacro
[3.056s] -- Up-to-date symlink: /home/ubuntu/pi_ws/install/senior_design/share/senior_design/description/ros2_control.xacro
[3.058s] -- Symlinking: /home/ubuntu/pi_ws/install/senior_design/share/senior_design/launch/__pycache__/rplidar.launch.cpython-38.pyc
[3.095s] -- Up-to-date symlink: /home/ubuntu/pi_ws/install/senior_design/share/senior_design/launch/ball_tracker.launch.py
[3.096s] -- Up-to-date symlink: /home/ubuntu/pi_ws/install/senior_design/share/senior_design/launch/camera.launch.py
[3.097s] -- Up-to-date symlink: /home/ubuntu/pi_ws/install/senior_design/share/senior_design/launch/joystick.launch.py
[3.098s] -- Up-to-date symlink: /home/ubuntu/pi_ws/install/senior_design/share/senior_design/launch/launch_robot.launch.py
[3.099s] -- Up-to-date symlink: /home/ubuntu/pi_ws/install/senior_design/share/senior_design/launch/launch_sim.launch.py
[3.100s] -- Up-to-date symlink: /home/ubuntu/pi_ws/install/senior_design/share/senior_design/launch/localization_launch.py
[3.101s] -- Up-to-date symlink: /home/ubuntu/pi_ws/install/senior_design/share/senior_design/launch/navigation_launch.py
[3.102s] -- Up-to-date symlink: /home/ubuntu/pi_ws/install/senior_design/share/senior_design/launch/obstacle_avoid.launch.py
[3.103s] -- Up-to-date symlink: /home/ubuntu/pi_ws/install/senior_design/share/senior_design/launch/online_async_launch.py
[3.104s] -- Up-to-date symlink: /home/ubuntu/pi_ws/install/senior_design/share/senior_design/launch/rplidar.launch.py
[3.105s] -- Up-to-date symlink: /home/ubuntu/pi_ws/install/senior_design/share/senior_design/launch/rsp.launch.py
[3.107s] -- Up-to-date symlink: /home/ubuntu/pi_ws/install/senior_design/share/senior_design/worlds/empty.world
[3.108s] -- Up-to-date symlink: /home/ubuntu/pi_ws/install/senior_design/share/senior_design/worlds/obstacles.world
[3.110s] -- Up-to-date symlink: /home/ubuntu/pi_ws/install/senior_design/share/ament_index/resource_index/package_run_dependencies/senior_design
[3.111s] -- Up-to-date symlink: /home/ubuntu/pi_ws/install/senior_design/share/ament_index/resource_index/parent_prefix_path/senior_design
[3.113s] -- Up-to-date symlink: /home/ubuntu/pi_ws/install/senior_design/share/senior_design/environment/ament_prefix_path.sh
[3.114s] -- Up-to-date symlink: /home/ubuntu/pi_ws/install/senior_design/share/senior_design/environment/ament_prefix_path.dsv
[3.116s] -- Up-to-date symlink: /home/ubuntu/pi_ws/install/senior_design/share/senior_design/environment/path.sh
[3.117s] -- Up-to-date symlink: /home/ubuntu/pi_ws/install/senior_design/share/senior_design/environment/path.dsv
[3.118s] -- Up-to-date symlink: /home/ubuntu/pi_ws/install/senior_design/share/senior_design/local_setup.bash
[3.120s] -- Up-to-date symlink: /home/ubuntu/pi_ws/install/senior_design/share/senior_design/local_setup.sh
[3.121s] -- Up-to-date symlink: /home/ubuntu/pi_ws/install/senior_design/share/senior_design/local_setup.zsh
[3.122s] -- Up-to-date symlink: /home/ubuntu/pi_ws/install/senior_design/share/senior_design/local_setup.dsv
[3.123s] -- Symlinking: /home/ubuntu/pi_ws/install/senior_design/share/senior_design/package.dsv
[3.162s] -- Up-to-date symlink: /home/ubuntu/pi_ws/install/senior_design/share/ament_index/resource_index/packages/senior_design
[3.163s] -- Up-to-date symlink: /home/ubuntu/pi_ws/install/senior_design/share/senior_design/cmake/senior_designConfig.cmake
[3.164s] -- Up-to-date symlink: /home/ubuntu/pi_ws/install/senior_design/share/senior_design/cmake/senior_designConfig-version.cmake
[3.165s] -- Up-to-date symlink: /home/ubuntu/pi_ws/install/senior_design/share/senior_design/package.xml
[3.171s] Invoked command in '/home/ubuntu/pi_ws/build/senior_design' returned '0': CMAKE_PREFIX_PATH=${CMAKE_PREFIX_PATH}:/home/ubuntu/pi_ws/install/serial_motor_demo:/home/ubuntu/pi_ws/install/my_package:/opt/ros/foxy /usr/bin/cmake --install /home/ubuntu/pi_ws/build/senior_design
