-- The C compiler identification is GNU 9.4.0
-- The CXX compiler identification is GNU 9.4.0
-- Check for working C compiler: /usr/bin/cc
-- Check for working C compiler: /usr/bin/cc -- works
-- Detecting C compiler ABI info
-- Detecting C compiler ABI info - done
-- Detecting C compile features
-- Detecting C compile features - done
-- Check for working CXX compiler: /usr/bin/c++
-- Check for working CXX compiler: /usr/bin/c++ -- works
-- Detecting CXX compiler ABI info
-- Detecting CXX compiler ABI info - done
-- Detecting CXX compile features
-- Detecting CXX compile features - done
-- Found ament_cmake: 0.9.12 (/opt/ros/foxy/share/ament_cmake/cmake)
-- Found PythonInterp: /usr/bin/python3 (found suitable version "3.8.10", minimum required is "3") 
-- Using PYTHON_EXECUTABLE: /usr/bin/python3
-- Found ament_lint_auto: 0.9.8 (/opt/ros/foxy/share/ament_lint_auto/cmake)
-- Added test 'copyright' to check source files copyright and LICENSE
-- Added test 'flake8' to check Python code syntax and style conventions
-- Added test 'lint_cmake' to check CMake code style
-- Added test 'pep257' to check Python code against some of the style conventions in PEP 257
-- Added test 'xmllint' to check XML markup files
-- Configuring done
-- Generating done
-- Build files have been written to: /home/ubuntu/pi_ws/build/senior_design1
-- Install configuration: ""
-- Installing: /home/ubuntu/pi_ws/install/senior_design1/share/senior_design1/config
-- Installing: /home/ubuntu/pi_ws/install/senior_design1/share/senior_design1/config/view_bot.rviz
-- Installing: /home/ubuntu/pi_ws/install/senior_design1/share/senior_design1/config/my_controllers.yaml
-- Installing: /home/ubuntu/pi_ws/install/senior_design1/share/senior_design1/config/map.rviz
-- Installing: /home/ubuntu/pi_ws/install/senior_design1/share/senior_design1/config/ball_tracker_params_robot.yaml
-- Installing: /home/ubuntu/pi_ws/install/senior_design1/share/senior_design1/config/mapper_params_online_async.yaml
-- Installing: /home/ubuntu/pi_ws/install/senior_design1/share/senior_design1/config/drive_bot.rviz
-- Installing: /home/ubuntu/pi_ws/install/senior_design1/share/senior_design1/config/ball_tracker_params_sim.yaml
-- Installing: /home/ubuntu/pi_ws/install/senior_design1/share/senior_design1/config/main.rviz
-- Installing: /home/ubuntu/pi_ws/install/senior_design1/share/senior_design1/config/nav2_params.yaml
-- Installing: /home/ubuntu/pi_ws/install/senior_design1/share/senior_design1/config/joystick.yaml
-- Installing: /home/ubuntu/pi_ws/install/senior_design1/share/senior_design1/config/gazebo_params.yaml
-- Installing: /home/ubuntu/pi_ws/install/senior_design1/share/senior_design1/config/twist_mux.yaml
-- Installing: /home/ubuntu/pi_ws/install/senior_design1/share/senior_design1/config/gaz_ros2_ctl_use_sim.yaml
-- Installing: /home/ubuntu/pi_ws/install/senior_design1/share/senior_design1/config/empty.yaml
-- Installing: /home/ubuntu/pi_ws/install/senior_design1/share/senior_design1/description
-- Installing: /home/ubuntu/pi_ws/install/senior_design1/share/senior_design1/description/ros2_control.xacro
-- Installing: /home/ubuntu/pi_ws/install/senior_design1/share/senior_design1/description/inertial_macros.xacro
-- Installing: /home/ubuntu/pi_ws/install/senior_design1/share/senior_design1/description/depth_camera.xacro
-- Installing: /home/ubuntu/pi_ws/install/senior_design1/share/senior_design1/description/robot_core.xacro
-- Installing: /home/ubuntu/pi_ws/install/senior_design1/share/senior_design1/description/robot.urdf.xacro
-- Installing: /home/ubuntu/pi_ws/install/senior_design1/share/senior_design1/description/camera.xacro
-- Installing: /home/ubuntu/pi_ws/install/senior_design1/share/senior_design1/description/gazebo_control.xacro
-- Installing: /home/ubuntu/pi_ws/install/senior_design1/share/senior_design1/description/lidar.xacro
-- Installing: /home/ubuntu/pi_ws/install/senior_design1/share/senior_design1/description/face.xacro
-- Installing: /home/ubuntu/pi_ws/install/senior_design1/share/senior_design1/launch
-- Installing: /home/ubuntu/pi_ws/install/senior_design1/share/senior_design1/launch/camera.launch.py
-- Installing: /home/ubuntu/pi_ws/install/senior_design1/share/senior_design1/launch/rplidar.launch.py
-- Installing: /home/ubuntu/pi_ws/install/senior_design1/share/senior_design1/launch/launch_robot.launch.py
-- Installing: /home/ubuntu/pi_ws/install/senior_design1/share/senior_design1/launch/localization_launch.py
-- Installing: /home/ubuntu/pi_ws/install/senior_design1/share/senior_design1/launch/online_async_launch.py
-- Installing: /home/ubuntu/pi_ws/install/senior_design1/share/senior_design1/launch/rsp.launch.py
-- Installing: /home/ubuntu/pi_ws/install/senior_design1/share/senior_design1/launch/navigation_launch.py
-- Installing: /home/ubuntu/pi_ws/install/senior_design1/share/senior_design1/launch/joystick.launch.py
-- Installing: /home/ubuntu/pi_ws/install/senior_design1/share/senior_design1/launch/launch_sim.launch.py
-- Installing: /home/ubuntu/pi_ws/install/senior_design1/share/senior_design1/launch/ball_tracker.launch.py
-- Installing: /home/ubuntu/pi_ws/install/senior_design1/share/senior_design1/worlds
-- Installing: /home/ubuntu/pi_ws/install/senior_design1/share/senior_design1/worlds/empty.world
-- Installing: /home/ubuntu/pi_ws/install/senior_design1/share/senior_design1/worlds/obstacles.world
-- Installing: /home/ubuntu/pi_ws/install/senior_design1/share/ament_index/resource_index/package_run_dependencies/senior_design1
-- Installing: /home/ubuntu/pi_ws/install/senior_design1/share/ament_index/resource_index/parent_prefix_path/senior_design1
-- Installing: /home/ubuntu/pi_ws/install/senior_design1/share/senior_design1/environment/ament_prefix_path.sh
-- Installing: /home/ubuntu/pi_ws/install/senior_design1/share/senior_design1/environment/ament_prefix_path.dsv
-- Installing: /home/ubuntu/pi_ws/install/senior_design1/share/senior_design1/environment/path.sh
-- Installing: /home/ubuntu/pi_ws/install/senior_design1/share/senior_design1/environment/path.dsv
-- Installing: /home/ubuntu/pi_ws/install/senior_design1/share/senior_design1/local_setup.bash
-- Installing: /home/ubuntu/pi_ws/install/senior_design1/share/senior_design1/local_setup.sh
-- Installing: /home/ubuntu/pi_ws/install/senior_design1/share/senior_design1/local_setup.zsh
-- Installing: /home/ubuntu/pi_ws/install/senior_design1/share/senior_design1/local_setup.dsv
-- Installing: /home/ubuntu/pi_ws/install/senior_design1/share/senior_design1/package.dsv
-- Installing: /home/ubuntu/pi_ws/install/senior_design1/share/ament_index/resource_index/packages/senior_design1
-- Installing: /home/ubuntu/pi_ws/install/senior_design1/share/senior_design1/cmake/senior_design1Config.cmake
-- Installing: /home/ubuntu/pi_ws/install/senior_design1/share/senior_design1/cmake/senior_design1Config-version.cmake
-- Installing: /home/ubuntu/pi_ws/install/senior_design1/share/senior_design1/package.xml
