[0.425s] Invoking command in '/home/ubuntu/pi_ws/build/senior_design1': CMAKE_PREFIX_PATH=/opt/ros/foxy /usr/bin/cmake /home/ubuntu/pi_ws/src/senior_design1 -DCMAKE_INSTALL_PREFIX=/home/ubuntu/pi_ws/install/senior_design1
[0.662s] -- The C compiler identification is GNU 9.4.0
[0.872s] -- The CXX compiler identification is GNU 9.4.0
[0.887s] -- Check for working C compiler: /usr/bin/cc
[1.158s] -- Check for working C compiler: /usr/bin/cc -- works
[1.162s] -- Detecting C compiler ABI info
[1.444s] -- Detecting C compiler ABI info - done
[1.480s] -- Detecting C compile features
[1.481s] -- Detecting C compile features - done
[1.489s] -- Check for working CXX compiler: /usr/bin/c++
[1.793s] -- Check for working CXX compiler: /usr/bin/c++ -- works
[1.797s] -- Detecting CXX compiler ABI info
[2.106s] -- Detecting CXX compiler ABI info - done
[2.143s] -- Detecting CXX compile features
[2.145s] -- Detecting CXX compile features - done
[2.161s] -- Found ament_cmake: 0.9.12 (/opt/ros/foxy/share/ament_cmake/cmake)
[2.265s] -- Found PythonInterp: /usr/bin/python3 (found suitable version "3.8.10", minimum required is "3") 
[2.265s] -- Using PYTHON_EXECUTABLE: /usr/bin/python3
[3.029s] -- Found ament_lint_auto: 0.9.8 (/opt/ros/foxy/share/ament_lint_auto/cmake)
[3.356s] -- Added test 'copyright' to check source files copyright and LICENSE
[3.426s] -- Added test 'flake8' to check Python code syntax and style conventions
[3.435s] -- Added test 'lint_cmake' to check CMake code style
[3.441s] -- Added test 'pep257' to check Python code against some of the style conventions in PEP 257
[3.478s] -- Added test 'xmllint' to check XML markup files
[3.489s] -- Configuring done
[3.498s] -- Generating done
[3.501s] -- Build files have been written to: /home/ubuntu/pi_ws/build/senior_design1
[3.513s] Invoked command in '/home/ubuntu/pi_ws/build/senior_design1' returned '0': CMAKE_PREFIX_PATH=/opt/ros/foxy /usr/bin/cmake /home/ubuntu/pi_ws/src/senior_design1 -DCMAKE_INSTALL_PREFIX=/home/ubuntu/pi_ws/install/senior_design1
[3.523s] Invoking command in '/home/ubuntu/pi_ws/build/senior_design1': CMAKE_PREFIX_PATH=/opt/ros/foxy /usr/bin/cmake --build /home/ubuntu/pi_ws/build/senior_design1 -- -j4 -l4
[3.669s] Invoked command in '/home/ubuntu/pi_ws/build/senior_design1' returned '0': CMAKE_PREFIX_PATH=/opt/ros/foxy /usr/bin/cmake --build /home/ubuntu/pi_ws/build/senior_design1 -- -j4 -l4
[3.805s] Invoking command in '/home/ubuntu/pi_ws/build/senior_design1': CMAKE_PREFIX_PATH=/opt/ros/foxy /usr/bin/cmake --install /home/ubuntu/pi_ws/build/senior_design1
[3.838s] -- Install configuration: ""
[3.838s] -- Installing: /home/ubuntu/pi_ws/install/senior_design1/share/senior_design1/config
[3.839s] -- Installing: /home/ubuntu/pi_ws/install/senior_design1/share/senior_design1/config/view_bot.rviz
[3.839s] -- Installing: /home/ubuntu/pi_ws/install/senior_design1/share/senior_design1/config/my_controllers.yaml
[3.840s] -- Installing: /home/ubuntu/pi_ws/install/senior_design1/share/senior_design1/config/map.rviz
[3.841s] -- Installing: /home/ubuntu/pi_ws/install/senior_design1/share/senior_design1/config/ball_tracker_params_robot.yaml
[3.841s] -- Installing: /home/ubuntu/pi_ws/install/senior_design1/share/senior_design1/config/mapper_params_online_async.yaml
[3.842s] -- Installing: /home/ubuntu/pi_ws/install/senior_design1/share/senior_design1/config/drive_bot.rviz
[3.843s] -- Installing: /home/ubuntu/pi_ws/install/senior_design1/share/senior_design1/config/ball_tracker_params_sim.yaml
[3.844s] -- Installing: /home/ubuntu/pi_ws/install/senior_design1/share/senior_design1/config/main.rviz
[3.844s] -- Installing: /home/ubuntu/pi_ws/install/senior_design1/share/senior_design1/config/nav2_params.yaml
[3.845s] -- Installing: /home/ubuntu/pi_ws/install/senior_design1/share/senior_design1/config/joystick.yaml
[3.846s] -- Installing: /home/ubuntu/pi_ws/install/senior_design1/share/senior_design1/config/gazebo_params.yaml
[3.847s] -- Installing: /home/ubuntu/pi_ws/install/senior_design1/share/senior_design1/config/twist_mux.yaml
[3.847s] -- Installing: /home/ubuntu/pi_ws/install/senior_design1/share/senior_design1/config/gaz_ros2_ctl_use_sim.yaml
[3.848s] -- Installing: /home/ubuntu/pi_ws/install/senior_design1/share/senior_design1/config/empty.yaml
[3.849s] -- Installing: /home/ubuntu/pi_ws/install/senior_design1/share/senior_design1/description
[3.849s] -- Installing: /home/ubuntu/pi_ws/install/senior_design1/share/senior_design1/description/ros2_control.xacro
[3.850s] -- Installing: /home/ubuntu/pi_ws/install/senior_design1/share/senior_design1/description/inertial_macros.xacro
[3.851s] -- Installing: /home/ubuntu/pi_ws/install/senior_design1/share/senior_design1/description/depth_camera.xacro
[3.851s] -- Installing: /home/ubuntu/pi_ws/install/senior_design1/share/senior_design1/description/robot_core.xacro
[3.852s] -- Installing: /home/ubuntu/pi_ws/install/senior_design1/share/senior_design1/description/robot.urdf.xacro
[3.853s] -- Installing: /home/ubuntu/pi_ws/install/senior_design1/share/senior_design1/description/camera.xacro
[3.853s] -- Installing: /home/ubuntu/pi_ws/install/senior_design1/share/senior_design1/description/gazebo_control.xacro
[3.854s] -- Installing: /home/ubuntu/pi_ws/install/senior_design1/share/senior_design1/description/lidar.xacro
[3.855s] -- Installing: /home/ubuntu/pi_ws/install/senior_design1/share/senior_design1/description/face.xacro
[3.855s] -- Installing: /home/ubuntu/pi_ws/install/senior_design1/share/senior_design1/launch
[3.856s] -- Installing: /home/ubuntu/pi_ws/install/senior_design1/share/senior_design1/launch/camera.launch.py
[3.857s] -- Installing: /home/ubuntu/pi_ws/install/senior_design1/share/senior_design1/launch/rplidar.launch.py
[3.857s] -- Installing: /home/ubuntu/pi_ws/install/senior_design1/share/senior_design1/launch/launch_robot.launch.py
[3.858s] -- Installing: /home/ubuntu/pi_ws/install/senior_design1/share/senior_design1/launch/localization_launch.py
[3.859s] -- Installing: /home/ubuntu/pi_ws/install/senior_design1/share/senior_design1/launch/online_async_launch.py
[3.859s] -- Installing: /home/ubuntu/pi_ws/install/senior_design1/share/senior_design1/launch/rsp.launch.py
[3.860s] -- Installing: /home/ubuntu/pi_ws/install/senior_design1/share/senior_design1/launch/navigation_launch.py
[3.861s] -- Installing: /home/ubuntu/pi_ws/install/senior_design1/share/senior_design1/launch/joystick.launch.py
[3.862s] -- Installing: /home/ubuntu/pi_ws/install/senior_design1/share/senior_design1/launch/launch_sim.launch.py
[3.862s] -- Installing: /home/ubuntu/pi_ws/install/senior_design1/share/senior_design1/launch/ball_tracker.launch.py
[3.863s] -- Installing: /home/ubuntu/pi_ws/install/senior_design1/share/senior_design1/worlds
[3.863s] -- Installing: /home/ubuntu/pi_ws/install/senior_design1/share/senior_design1/worlds/empty.world
[3.864s] -- Installing: /home/ubuntu/pi_ws/install/senior_design1/share/senior_design1/worlds/obstacles.world
[3.866s] -- Installing: /home/ubuntu/pi_ws/install/senior_design1/share/ament_index/resource_index/package_run_dependencies/senior_design1
[3.867s] -- Installing: /home/ubuntu/pi_ws/install/senior_design1/share/ament_index/resource_index/parent_prefix_path/senior_design1
[3.868s] -- Installing: /home/ubuntu/pi_ws/install/senior_design1/share/senior_design1/environment/ament_prefix_path.sh
[3.869s] -- Installing: /home/ubuntu/pi_ws/install/senior_design1/share/senior_design1/environment/ament_prefix_path.dsv
[3.870s] -- Installing: /home/ubuntu/pi_ws/install/senior_design1/share/senior_design1/environment/path.sh
[3.871s] -- Installing: /home/ubuntu/pi_ws/install/senior_design1/share/senior_design1/environment/path.dsv
[3.872s] -- Installing: /home/ubuntu/pi_ws/install/senior_design1/share/senior_design1/local_setup.bash
[3.873s] -- Installing: /home/ubuntu/pi_ws/install/senior_design1/share/senior_design1/local_setup.sh
[3.874s] -- Installing: /home/ubuntu/pi_ws/install/senior_design1/share/senior_design1/local_setup.zsh
[3.875s] -- Installing: /home/ubuntu/pi_ws/install/senior_design1/share/senior_design1/local_setup.dsv
[3.876s] -- Installing: /home/ubuntu/pi_ws/install/senior_design1/share/senior_design1/package.dsv
[3.877s] -- Installing: /home/ubuntu/pi_ws/install/senior_design1/share/ament_index/resource_index/packages/senior_design1
[3.878s] -- Installing: /home/ubuntu/pi_ws/install/senior_design1/share/senior_design1/cmake/senior_design1Config.cmake
[3.879s] -- Installing: /home/ubuntu/pi_ws/install/senior_design1/share/senior_design1/cmake/senior_design1Config-version.cmake
[3.880s] -- Installing: /home/ubuntu/pi_ws/install/senior_design1/share/senior_design1/package.xml
[3.886s] Invoked command in '/home/ubuntu/pi_ws/build/senior_design1' returned '0': CMAKE_PREFIX_PATH=/opt/ros/foxy /usr/bin/cmake --install /home/ubuntu/pi_ws/build/senior_design1
