[11.376s] Invoking command in '/home/ubuntu/pi_ws/src/ros2_detection/my_package': PYTHONPATH=/home/ubuntu/pi_ws/build/my_package/prefix_override:/home/ubuntu/pi_ws/install/my_package/lib/python3.8/site-packages:${PYTHONPATH} /usr/bin/python3 setup.py egg_info --egg-base ../../../build/my_package build --build-base /home/ubuntu/pi_ws/build/my_package/build install --record /home/ubuntu/pi_ws/build/my_package/install.log --install-scripts $base/lib/my_package --single-version-externally-managed
[13.801s] running egg_info
[13.802s] writing ../../../build/my_package/my_package.egg-info/PKG-INFO
[13.809s] writing dependency_links to ../../../build/my_package/my_package.egg-info/dependency_links.txt
[13.810s] writing entry points to ../../../build/my_package/my_package.egg-info/entry_points.txt
[13.811s] writing requirements to ../../../build/my_package/my_package.egg-info/requires.txt
[13.814s] writing top-level names to ../../../build/my_package/my_package.egg-info/top_level.txt
[14.048s] reading manifest file '../../../build/my_package/my_package.egg-info/SOURCES.txt'
[14.049s] writing manifest file '../../../build/my_package/my_package.egg-info/SOURCES.txt'
[14.050s] running build
[14.052s] running build_py
[14.053s] copying my_package/detection.py -> /home/ubuntu/pi_ws/build/my_package/build/lib/my_package
[14.070s] running install
[14.071s] running install_lib
[14.085s] copying /home/ubuntu/pi_ws/build/my_package/build/lib/my_package/detection.py -> /home/ubuntu/pi_ws/install/my_package/lib/python3.8/site-packages/my_package
[14.086s] byte-compiling /home/ubuntu/pi_ws/install/my_package/lib/python3.8/site-packages/my_package/detection.py to detection.cpython-38.pyc
[14.109s] running install_data
[14.111s] running install_egg_info
[14.118s] removing '/home/ubuntu/pi_ws/install/my_package/lib/python3.8/site-packages/my_package-0.0.0-py3.8.egg-info' (and everything under it)
[14.127s] Copying ../../../build/my_package/my_package.egg-info to /home/ubuntu/pi_ws/install/my_package/lib/python3.8/site-packages/my_package-0.0.0-py3.8.egg-info
[14.142s] running install_scripts
[14.348s] Installing controller script to /home/ubuntu/pi_ws/install/my_package/lib/my_package
[14.355s] Installing detection script to /home/ubuntu/pi_ws/install/my_package/lib/my_package
[14.356s] Installing display script to /home/ubuntu/pi_ws/install/my_package/lib/my_package
[14.363s] writing list of installed files to '/home/ubuntu/pi_ws/build/my_package/install.log'
[16.582s] Invoked command in '/home/ubuntu/pi_ws/src/ros2_detection/my_package' returned '0': PYTHONPATH=/home/ubuntu/pi_ws/build/my_package/prefix_override:/home/ubuntu/pi_ws/install/my_package/lib/python3.8/site-packages:${PYTHONPATH} /usr/bin/python3 setup.py egg_info --egg-base ../../../build/my_package build --build-base /home/ubuntu/pi_ws/build/my_package/build install --record /home/ubuntu/pi_ws/build/my_package/install.log --install-scripts $base/lib/my_package --single-version-externally-managed
