[2.721s] Invoking command in '/home/ubuntu/pi_ws/build/gazebo_ros2_control': CMAKE_PREFIX_PATH=${CMAKE_PREFIX_PATH}:/home/ubuntu/pi_ws/install/serial_motor_demo:/home/ubuntu/pi_ws/install/my_package:/opt/ros/foxy /usr/bin/cmake /home/ubuntu/pi_ws/src/gazebo_ros2_control/gazebo_ros2_control -DAMENT_CMAKE_SYMLINK_INSTALL=1 -DCMAKE_INSTALL_PREFIX=/home/ubuntu/pi_ws/install/gazebo_ros2_control
[3.044s] -- Found ament_cmake: 0.9.12 (/opt/ros/foxy/share/ament_cmake/cmake)
[3.222s] -- Using PYTHON_EXECUTABLE: /usr/bin/python3
[4.411s] -- Override CMake install command with custom implementation using symlinks instead of copying resources
[4.781s] -- Found angles: 1.12.6 (/opt/ros/foxy/share/angles/cmake)
[4.799s] -- Found controller_manager: 0.11.0 (/opt/ros/foxy/share/controller_manager/cmake)
[5.139s] -- Using all available rosidl_typesupport_c: rosidl_typesupport_fastrtps_c;rosidl_typesupport_introspection_c
[5.168s] -- Found rosidl_adapter: 1.3.1 (/opt/ros/foxy/share/rosidl_adapter/cmake)
[6.623s] -- Using all available rosidl_typesupport_cpp: rosidl_typesupport_fastrtps_cpp;rosidl_typesupport_introspection_cpp
[9.923s] -- Found rmw_implementation_cmake: 1.0.4 (/opt/ros/foxy/share/rmw_implementation_cmake/cmake)
[9.940s] -- Using RMW implementation 'rmw_fastrtps_cpp' as default
[11.528s] -- Found gazebo_dev: 3.5.3 (/opt/ros/foxy/share/gazebo_dev/cmake)
[12.047s] -- Found DART: /usr/include (Required is at least version "6.6") found components: dart 
[12.481s] -- Found Protobuf: /usr/lib/aarch64-linux-gnu/libprotobuf.so;-lpthread (found version "3.6.1") 
[12.498s] -- Looking for ignition-math6 -- found version 6.15.1
[12.543s] -- Searching for dependencies of ignition-math6
[12.562s] -- Looking for OGRE...
[12.588s] -- Found Ogre Ghadamon (1.9.0)
[12.596s] -- Found OGRE: optimized;/usr/lib/aarch64-linux-gnu/libOgreMain.so;debug;/usr/lib/aarch64-linux-gnu/libOgreMain.so
[12.632s] -- Looking for OGRE_Paging...
[12.641s] -- Found OGRE_Paging: optimized;/usr/lib/aarch64-linux-gnu/libOgrePaging.so;debug;/usr/lib/aarch64-linux-gnu/libOgrePaging.so
[12.649s] -- Looking for OGRE_Terrain...
[12.653s] -- Found OGRE_Terrain: optimized;/usr/lib/aarch64-linux-gnu/libOgreTerrain.so;debug;/usr/lib/aarch64-linux-gnu/libOgreTerrain.so
[12.657s] -- Looking for OGRE_Property...
[12.661s] -- Found OGRE_Property: optimized;/usr/lib/aarch64-linux-gnu/libOgreProperty.so;debug;/usr/lib/aarch64-linux-gnu/libOgreProperty.so
[12.664s] -- Looking for OGRE_RTShaderSystem...
[12.670s] -- Found OGRE_RTShaderSystem: optimized;/usr/lib/aarch64-linux-gnu/libOgreRTShaderSystem.so;debug;/usr/lib/aarch64-linux-gnu/libOgreRTShaderSystem.so
[12.674s] -- Looking for OGRE_Volume...
[12.679s] -- Found OGRE_Volume: optimized;/usr/lib/aarch64-linux-gnu/libOgreVolume.so;debug;/usr/lib/aarch64-linux-gnu/libOgreVolume.so
[12.684s] -- Looking for OGRE_Overlay...
[12.691s] -- Found OGRE_Overlay: optimized;/usr/lib/aarch64-linux-gnu/libOgreOverlay.so;debug;/usr/lib/aarch64-linux-gnu/libOgreOverlay.so
[13.354s] -- Looking for ignition-math6 -- found version 6.15.1
[13.362s] -- Looking for ignition-transport8 -- found version 8.3.0
[13.367s] -- Searching for dependencies of ignition-transport8
[13.598s] -- Found Protobuf: /usr/lib/aarch64-linux-gnu/libprotobuf.so;-lpthread (found suitable version "3.6.1", minimum required is "3") 
[13.852s] -- Config-file not installed for ZeroMQ -- checking for pkg-config
[13.895s] -- Checking for module 'libzmq >= 4'
[14.114s] --   Found libzmq , version 4.3.2
[14.697s] -- Checking for module 'uuid'
[14.830s] --   Found uuid, version 2.34.0
[15.162s] -- Looking for ignition-msgs5 -- found version 5.10.0
[15.167s] -- Searching for dependencies of ignition-msgs5
[15.398s] -- Looking for ignition-math6 -- found version 6.15.1
[15.437s] -- Looking for ignition-msgs5 -- found version 5.10.0
[15.448s] -- Looking for ignition-common3 -- found version 3.14.2
[15.454s] -- Searching for dependencies of ignition-common3
[15.457s] -- Looking for dlfcn.h - found
[15.457s] -- Looking for libdl - found
[15.514s] -- Searching for <ignition-common3> component [graphics]
[15.551s] -- Looking for ignition-common3-graphics -- found version 3.14.2
[15.554s] -- Searching for dependencies of ignition-common3-graphics
[15.557s] -- Looking for ignition-math6 -- found version 6.15.1
[15.559s] -- Looking for ignition-fuel_tools4 -- found version 4.6.0
[15.564s] -- Searching for dependencies of ignition-fuel_tools4
[15.721s] -- Checking for module 'jsoncpp'
[15.849s] --   Found jsoncpp, version 1.7.4
[16.239s] -- Checking for module 'libzip'
[16.361s] --   Found libzip, version 1.5.1
[16.669s] -- Looking for ignition-common3 -- found version 3.14.2
[16.670s] -- Looking for ignition-math6 -- found version 6.15.1
[16.675s] -- Looking for ignition-msgs5 -- found version 5.10.0
[16.682s] -- Gazebo version: 11.11
[16.689s] -- Found gazebo_ros: 3.5.3 (/opt/ros/foxy/share/gazebo_ros/cmake)
[16.741s] -- Found yaml_cpp_vendor: 7.0.3 (/opt/ros/foxy/share/yaml_cpp_vendor/cmake)
[16.742s] -- Setting yaml-cpp_DIR to: '/opt/ros/foxy/share/yaml_cpp_vendor/cmake/../../../opt/yaml_cpp_vendor/lib/cmake/yaml-cpp'
[17.633s] -- Found ament_cmake_gtest: 0.9.12 (/opt/ros/foxy/share/ament_cmake_gtest/cmake)
[17.637s] -- Found ament_lint_auto: 0.9.8 (/opt/ros/foxy/share/ament_lint_auto/cmake)
[18.157s] -- Added test 'copyright' to check source files copyright and LICENSE
[18.169s] -- Added test 'cppcheck' to perform static code analysis on C / C++ code
[18.173s] -- Configured cppcheck include dirs: /home/ubuntu/pi_ws/src/gazebo_ros2_control/gazebo_ros2_control/include
[18.174s] -- Configured cppcheck exclude dirs and/or files: 
[18.185s] -- Added test 'cpplint' to check C / C++ code against the Google style
[18.185s] -- Configured cpplint exclude dirs and/or files: 
[18.192s] -- Added test 'lint_cmake' to check CMake code style
[18.216s] -- Added test 'uncrustify' to check C / C++ code style
[18.217s] -- Configured uncrustify additional arguments: 
[18.217s] -- Added test 'xmllint' to check XML markup files
[18.269s] -- Configuring done
[19.053s] -- Generating done
[19.064s] -- Build files have been written to: /home/ubuntu/pi_ws/build/gazebo_ros2_control
[19.651s] Invoked command in '/home/ubuntu/pi_ws/build/gazebo_ros2_control' returned '0': CMAKE_PREFIX_PATH=${CMAKE_PREFIX_PATH}:/home/ubuntu/pi_ws/install/serial_motor_demo:/home/ubuntu/pi_ws/install/my_package:/opt/ros/foxy /usr/bin/cmake /home/ubuntu/pi_ws/src/gazebo_ros2_control/gazebo_ros2_control -DAMENT_CMAKE_SYMLINK_INSTALL=1 -DCMAKE_INSTALL_PREFIX=/home/ubuntu/pi_ws/install/gazebo_ros2_control
[19.663s] Invoking command in '/home/ubuntu/pi_ws/build/gazebo_ros2_control': CMAKE_PREFIX_PATH=${CMAKE_PREFIX_PATH}:/home/ubuntu/pi_ws/install/serial_motor_demo:/home/ubuntu/pi_ws/install/my_package:/opt/ros/foxy /usr/bin/cmake --build /home/ubuntu/pi_ws/build/gazebo_ros2_control -- -j4 -l4
[20.485s] [ 25%] [32m[1mLinking CXX shared library libgazebo_hardware_plugins.so[0m
[20.489s] [ 50%] [32m[1mLinking CXX shared library libgazebo_ros2_control.so[0m
[25.819s] [ 75%] Built target gazebo_hardware_plugins
[26.095s] [100%] Built target gazebo_ros2_control
[27.817s] Invoked command in '/home/ubuntu/pi_ws/build/gazebo_ros2_control' returned '0': CMAKE_PREFIX_PATH=${CMAKE_PREFIX_PATH}:/home/ubuntu/pi_ws/install/serial_motor_demo:/home/ubuntu/pi_ws/install/my_package:/opt/ros/foxy /usr/bin/cmake --build /home/ubuntu/pi_ws/build/gazebo_ros2_control -- -j4 -l4
[28.674s] Invoking command in '/home/ubuntu/pi_ws/build/gazebo_ros2_control': CMAKE_PREFIX_PATH=${CMAKE_PREFIX_PATH}:/home/ubuntu/pi_ws/install/serial_motor_demo:/home/ubuntu/pi_ws/install/my_package:/opt/ros/foxy /usr/bin/cmake --install /home/ubuntu/pi_ws/build/gazebo_ros2_control
[30.684s] -- Install configuration: ""
[30.685s] -- Execute custom install script
[30.685s] -- Symlinking: /home/ubuntu/pi_ws/install/gazebo_ros2_control/lib/libgazebo_ros2_control.so
[30.685s] -- Symlinking: /home/ubuntu/pi_ws/install/gazebo_ros2_control/lib/libgazebo_hardware_plugins.so
[30.686s] -- Symlinking: /home/ubuntu/pi_ws/install/gazebo_ros2_control/share/gazebo_ros2_control/environment/library_path.sh
[30.686s] -- Symlinking: /home/ubuntu/pi_ws/install/gazebo_ros2_control/share/gazebo_ros2_control/environment/library_path.dsv
[30.687s] -- Symlinking: /home/ubuntu/pi_ws/install/gazebo_ros2_control/include/gazebo_ros2_control/gazebo_ros2_control_plugin.hpp
[30.687s] -- Symlinking: /home/ubuntu/pi_ws/install/gazebo_ros2_control/include/gazebo_ros2_control/gazebo_system.hpp
[30.687s] -- Symlinking: /home/ubuntu/pi_ws/install/gazebo_ros2_control/include/gazebo_ros2_control/gazebo_system_interface.hpp
[30.688s] -- Symlinking: /home/ubuntu/pi_ws/install/gazebo_ros2_control/share/gazebo_ros2_control//gazebo_hardware_plugins.xml
[30.688s] -- Symlinking: /home/ubuntu/pi_ws/install/gazebo_ros2_control/share/ament_index/resource_index/package_run_dependencies/gazebo_ros2_control
[30.688s] -- Symlinking: /home/ubuntu/pi_ws/install/gazebo_ros2_control/share/ament_index/resource_index/parent_prefix_path/gazebo_ros2_control
[30.689s] -- Symlinking: /home/ubuntu/pi_ws/install/gazebo_ros2_control/share/gazebo_ros2_control/environment/ament_prefix_path.sh
[30.689s] -- Symlinking: /home/ubuntu/pi_ws/install/gazebo_ros2_control/share/gazebo_ros2_control/environment/ament_prefix_path.dsv
[30.689s] -- Symlinking: /home/ubuntu/pi_ws/install/gazebo_ros2_control/share/gazebo_ros2_control/environment/path.sh
[30.690s] -- Symlinking: /home/ubuntu/pi_ws/install/gazebo_ros2_control/share/gazebo_ros2_control/environment/path.dsv
[30.690s] -- Symlinking: /home/ubuntu/pi_ws/install/gazebo_ros2_control/share/gazebo_ros2_control/local_setup.bash
[30.690s] -- Symlinking: /home/ubuntu/pi_ws/install/gazebo_ros2_control/share/gazebo_ros2_control/local_setup.sh
[30.691s] -- Symlinking: /home/ubuntu/pi_ws/install/gazebo_ros2_control/share/gazebo_ros2_control/local_setup.zsh
[30.691s] -- Symlinking: /home/ubuntu/pi_ws/install/gazebo_ros2_control/share/gazebo_ros2_control/local_setup.dsv
[30.691s] -- Symlinking: /home/ubuntu/pi_ws/install/gazebo_ros2_control/share/gazebo_ros2_control/package.dsv
[30.692s] -- Symlinking: /home/ubuntu/pi_ws/install/gazebo_ros2_control/share/ament_index/resource_index/packages/gazebo_ros2_control
[30.692s] -- Symlinking: /home/ubuntu/pi_ws/install/gazebo_ros2_control/share/ament_index/resource_index/gazebo_ros2_control__pluginlib__plugin/gazebo_ros2_control
[30.693s] -- Symlinking: /home/ubuntu/pi_ws/install/gazebo_ros2_control/share/gazebo_ros2_control/cmake/ament_cmake_export_include_directories-extras.cmake
[30.693s] -- Symlinking: /home/ubuntu/pi_ws/install/gazebo_ros2_control/share/gazebo_ros2_control/cmake/ament_cmake_export_dependencies-extras.cmake
[30.694s] -- Symlinking: /home/ubuntu/pi_ws/install/gazebo_ros2_control/share/gazebo_ros2_control/cmake/ament_cmake_export_libraries-extras.cmake
[30.694s] -- Symlinking: /home/ubuntu/pi_ws/install/gazebo_ros2_control/share/gazebo_ros2_control/cmake/gazebo_ros2_controlConfig.cmake
[30.695s] -- Symlinking: /home/ubuntu/pi_ws/install/gazebo_ros2_control/share/gazebo_ros2_control/cmake/gazebo_ros2_controlConfig-version.cmake
[30.695s] -- Symlinking: /home/ubuntu/pi_ws/install/gazebo_ros2_control/share/gazebo_ros2_control/package.xml
[30.704s] Invoked command in '/home/ubuntu/pi_ws/build/gazebo_ros2_control' returned '0': CMAKE_PREFIX_PATH=${CMAKE_PREFIX_PATH}:/home/ubuntu/pi_ws/install/serial_motor_demo:/home/ubuntu/pi_ws/install/my_package:/opt/ros/foxy /usr/bin/cmake --install /home/ubuntu/pi_ws/build/gazebo_ros2_control
