[1.901s] Invoking command in '/home/ubuntu/pi_ws/build/tank_controller': CMAKE_PREFIX_PATH=${CMAKE_PREFIX_PATH}:/home/ubuntu/pi_ws/install/serial_motor_demo:/home/ubuntu/pi_ws/install/my_package:/opt/ros/foxy /usr/bin/cmake /home/ubuntu/pi_ws/src/tank_controller -DAMENT_CMAKE_SYMLINK_INSTALL=1 -DCMAKE_INSTALL_PREFIX=/home/ubuntu/pi_ws/install/tank_controller
[2.019s] -- Found ament_cmake: 0.9.12 (/opt/ros/foxy/share/ament_cmake/cmake)
[2.361s] -- Using PYTHON_EXECUTABLE: /usr/bin/python3
[4.255s] -- Override CMake install command with custom implementation using symlinks instead of copying resources
[4.555s] -- Found rclpy: 1.0.13 (/opt/ros/foxy/share/rclpy/cmake)
[4.563s] -- Found sensor_msgs: 2.0.5 (/opt/ros/foxy/share/sensor_msgs/cmake)
[4.875s] -- Using all available rosidl_typesupport_c: rosidl_typesupport_fastrtps_c;rosidl_typesupport_introspection_c
[4.898s] -- Found rosidl_adapter: 1.3.1 (/opt/ros/foxy/share/rosidl_adapter/cmake)
[6.816s] -- Using all available rosidl_typesupport_cpp: rosidl_typesupport_fastrtps_cpp;rosidl_typesupport_introspection_cpp
[8.060s] -- Found ament_lint_auto: 0.9.8 (/opt/ros/foxy/share/ament_lint_auto/cmake)
[8.941s] -- Added test 'copyright' to check source files copyright and LICENSE
[8.963s] -- Added test 'flake8' to check Python code syntax and style conventions
[8.969s] -- Added test 'lint_cmake' to check CMake code style
[8.971s] -- Added test 'pep257' to check Python code against some of the style conventions in PEP 257
[8.983s] -- Added test 'xmllint' to check XML markup files
[9.005s] -- Configuring done
[9.093s] -- Generating done
[9.111s] -- Build files have been written to: /home/ubuntu/pi_ws/build/tank_controller
[9.188s] Invoked command in '/home/ubuntu/pi_ws/build/tank_controller' returned '0': CMAKE_PREFIX_PATH=${CMAKE_PREFIX_PATH}:/home/ubuntu/pi_ws/install/serial_motor_demo:/home/ubuntu/pi_ws/install/my_package:/opt/ros/foxy /usr/bin/cmake /home/ubuntu/pi_ws/src/tank_controller -DAMENT_CMAKE_SYMLINK_INSTALL=1 -DCMAKE_INSTALL_PREFIX=/home/ubuntu/pi_ws/install/tank_controller
[9.201s] Invoking command in '/home/ubuntu/pi_ws/build/tank_controller': CMAKE_PREFIX_PATH=${CMAKE_PREFIX_PATH}:/home/ubuntu/pi_ws/install/serial_motor_demo:/home/ubuntu/pi_ws/install/my_package:/opt/ros/foxy /usr/bin/cmake --build /home/ubuntu/pi_ws/build/tank_controller -- -j4 -l4
[9.811s] Invoked command in '/home/ubuntu/pi_ws/build/tank_controller' returned '0': CMAKE_PREFIX_PATH=${CMAKE_PREFIX_PATH}:/home/ubuntu/pi_ws/install/serial_motor_demo:/home/ubuntu/pi_ws/install/my_package:/opt/ros/foxy /usr/bin/cmake --build /home/ubuntu/pi_ws/build/tank_controller -- -j4 -l4
[9.993s] Invoking command in '/home/ubuntu/pi_ws/build/tank_controller': CMAKE_PREFIX_PATH=${CMAKE_PREFIX_PATH}:/home/ubuntu/pi_ws/install/serial_motor_demo:/home/ubuntu/pi_ws/install/my_package:/opt/ros/foxy /usr/bin/cmake --install /home/ubuntu/pi_ws/build/tank_controller
[10.188s] -- Install configuration: ""
[10.224s] -- Execute custom install script
[10.234s] -- Symlinking: /home/ubuntu/pi_ws/install/tank_controller/lib/tank_controller/obstacle_avoidance_node.py
[10.382s] -- Symlinking: /home/ubuntu/pi_ws/install/tank_controller/lib/tank_controller/motor_control_test.py
[10.656s] -- Symlinking: /home/ubuntu/pi_ws/install/tank_controller/share/ament_index/resource_index/package_run_dependencies/tank_controller
[10.723s] -- Symlinking: /home/ubuntu/pi_ws/install/tank_controller/share/ament_index/resource_index/parent_prefix_path/tank_controller
[10.779s] -- Symlinking: /home/ubuntu/pi_ws/install/tank_controller/share/tank_controller/environment/ament_prefix_path.sh
[10.819s] -- Symlinking: /home/ubuntu/pi_ws/install/tank_controller/share/tank_controller/environment/ament_prefix_path.dsv
[10.857s] -- Symlinking: /home/ubuntu/pi_ws/install/tank_controller/share/tank_controller/environment/path.sh
[10.897s] -- Symlinking: /home/ubuntu/pi_ws/install/tank_controller/share/tank_controller/environment/path.dsv
[10.942s] -- Symlinking: /home/ubuntu/pi_ws/install/tank_controller/share/tank_controller/local_setup.bash
[10.982s] -- Symlinking: /home/ubuntu/pi_ws/install/tank_controller/share/tank_controller/local_setup.sh
[11.051s] -- Symlinking: /home/ubuntu/pi_ws/install/tank_controller/share/tank_controller/local_setup.zsh
[11.204s] -- Symlinking: /home/ubuntu/pi_ws/install/tank_controller/share/tank_controller/local_setup.dsv
[11.331s] -- Symlinking: /home/ubuntu/pi_ws/install/tank_controller/share/tank_controller/package.dsv
[11.523s] -- Symlinking: /home/ubuntu/pi_ws/install/tank_controller/share/ament_index/resource_index/packages/tank_controller
[11.713s] -- Symlinking: /home/ubuntu/pi_ws/install/tank_controller/share/tank_controller/cmake/tank_controllerConfig.cmake
[11.900s] -- Symlinking: /home/ubuntu/pi_ws/install/tank_controller/share/tank_controller/cmake/tank_controllerConfig-version.cmake
[11.953s] -- Symlinking: /home/ubuntu/pi_ws/install/tank_controller/share/tank_controller/package.xml
[12.061s] Invoked command in '/home/ubuntu/pi_ws/build/tank_controller' returned '0': CMAKE_PREFIX_PATH=${CMAKE_PREFIX_PATH}:/home/ubuntu/pi_ws/install/serial_motor_demo:/home/ubuntu/pi_ws/install/my_package:/opt/ros/foxy /usr/bin/cmake --install /home/ubuntu/pi_ws/build/tank_controller
