[1.641s] Invoking command in '/home/ubuntu/pi_ws/build/serial': CMAKE_PREFIX_PATH=/opt/ros/foxy /usr/bin/cmake --build /home/ubuntu/pi_ws/build/serial -- -j4 -l4
[2.332s] [ 14%] Built target gtest_main
[2.375s] [ 42%] Built target serial
[2.399s] [ 57%] Built target gtest
[2.772s] [ 71%] Built target serial_example
[2.826s] [ 85%] Built target serial-test-timer
[2.855s] [100%] Built target serial-test
[3.813s] Invoked command in '/home/ubuntu/pi_ws/build/serial' returned '0': CMAKE_PREFIX_PATH=/opt/ros/foxy /usr/bin/cmake --build /home/ubuntu/pi_ws/build/serial -- -j4 -l4
[4.086s] Invoking command in '/home/ubuntu/pi_ws/build/serial': CMAKE_PREFIX_PATH=/opt/ros/foxy /usr/bin/cmake --install /home/ubuntu/pi_ws/build/serial
[4.166s] -- Install configuration: ""
[4.204s] -- Execute custom install script
[4.204s] -- Up-to-date symlink: /home/ubuntu/pi_ws/install/serial/lib/libserial.a
[4.207s] -- Up-to-date symlink: /home/ubuntu/pi_ws/install/serial/include/serial/serial.h
[4.208s] -- Up-to-date symlink: /home/ubuntu/pi_ws/install/serial/include/serial/v8stdint.h
[4.210s] -- Up-to-date symlink: /home/ubuntu/pi_ws/install/serial/share/serial/environment/library_path.sh
[4.211s] -- Up-to-date symlink: /home/ubuntu/pi_ws/install/serial/share/serial/environment/library_path.dsv
[4.211s] -- Up-to-date symlink: /home/ubuntu/pi_ws/install/serial/share/ament_index/resource_index/package_run_dependencies/serial
[4.212s] -- Up-to-date symlink: /home/ubuntu/pi_ws/install/serial/share/ament_index/resource_index/parent_prefix_path/serial
[4.213s] -- Up-to-date symlink: /home/ubuntu/pi_ws/install/serial/share/serial/environment/ament_prefix_path.sh
[4.214s] -- Up-to-date symlink: /home/ubuntu/pi_ws/install/serial/share/serial/environment/ament_prefix_path.dsv
[4.214s] -- Up-to-date symlink: /home/ubuntu/pi_ws/install/serial/share/serial/environment/path.sh
[4.215s] -- Up-to-date symlink: /home/ubuntu/pi_ws/install/serial/share/serial/environment/path.dsv
[4.216s] -- Up-to-date symlink: /home/ubuntu/pi_ws/install/serial/share/serial/local_setup.bash
[4.216s] -- Up-to-date symlink: /home/ubuntu/pi_ws/install/serial/share/serial/local_setup.sh
[4.217s] -- Up-to-date symlink: /home/ubuntu/pi_ws/install/serial/share/serial/local_setup.zsh
[4.218s] -- Up-to-date symlink: /home/ubuntu/pi_ws/install/serial/share/serial/local_setup.dsv
[4.218s] -- Symlinking: /home/ubuntu/pi_ws/install/serial/share/serial/package.dsv
[4.247s] -- Up-to-date symlink: /home/ubuntu/pi_ws/install/serial/share/ament_index/resource_index/packages/serial
[4.249s] -- Up-to-date symlink: /home/ubuntu/pi_ws/install/serial/share/serial/cmake/ament_cmake_export_include_directories-extras.cmake
[4.253s] -- Up-to-date symlink: /home/ubuntu/pi_ws/install/serial/share/serial/cmake/ament_cmake_export_libraries-extras.cmake
[4.257s] -- Up-to-date symlink: /home/ubuntu/pi_ws/install/serial/share/serial/cmake/serialConfig.cmake
[4.260s] -- Up-to-date symlink: /home/ubuntu/pi_ws/install/serial/share/serial/cmake/serialConfig-version.cmake
[4.263s] -- Up-to-date symlink: /home/ubuntu/pi_ws/install/serial/share/serial/package.xml
[5.097s] Invoked command in '/home/ubuntu/pi_ws/build/serial' returned '0': CMAKE_PREFIX_PATH=/opt/ros/foxy /usr/bin/cmake --install /home/ubuntu/pi_ws/build/serial
