[7.114s] Invoking command in '/home/ubuntu/pi_ws/src/ros2_detection/my_package': PYTHONPATH=/home/ubuntu/pi_ws/build/my_package/prefix_override:/home/ubuntu/pi_ws/install/my_package/lib/python3.8/site-packages:${PYTHONPATH} /usr/bin/python3 setup.py egg_info --egg-base ../../../build/my_package build --build-base /home/ubuntu/pi_ws/build/my_package/build install --record /home/ubuntu/pi_ws/build/my_package/install.log --install-scripts $base/lib/my_package --single-version-externally-managed
[8.520s] running egg_info
[8.522s] creating ../../../build/my_package/my_package.egg-info
[8.523s] writing ../../../build/my_package/my_package.egg-info/PKG-INFO
[8.525s] writing dependency_links to ../../../build/my_package/my_package.egg-info/dependency_links.txt
[8.527s] writing entry points to ../../../build/my_package/my_package.egg-info/entry_points.txt
[8.530s] writing requirements to ../../../build/my_package/my_package.egg-info/requires.txt
[8.533s] writing top-level names to ../../../build/my_package/my_package.egg-info/top_level.txt
[8.552s] writing manifest file '../../../build/my_package/my_package.egg-info/SOURCES.txt'
[8.747s] reading manifest file '../../../build/my_package/my_package.egg-info/SOURCES.txt'
[8.751s] writing manifest file '../../../build/my_package/my_package.egg-info/SOURCES.txt'
[8.752s] running build
[8.753s] running build_py
[8.754s] creating /home/ubuntu/pi_ws/build/my_package/build
[8.754s] creating /home/ubuntu/pi_ws/build/my_package/build/lib
[8.755s] creating /home/ubuntu/pi_ws/build/my_package/build/lib/my_package
[8.755s] copying my_package/detection.py -> /home/ubuntu/pi_ws/build/my_package/build/lib/my_package
[8.756s] copying my_package/display.py -> /home/ubuntu/pi_ws/build/my_package/build/lib/my_package
[8.757s] copying my_package/controller.py -> /home/ubuntu/pi_ws/build/my_package/build/lib/my_package
[8.757s] copying my_package/__init__.py -> /home/ubuntu/pi_ws/build/my_package/build/lib/my_package
[8.758s] creating /home/ubuntu/pi_ws/build/my_package/build/lib/my_package/models
[8.758s] copying my_package/models/yolov3-tiny.cfg -> /home/ubuntu/pi_ws/build/my_package/build/lib/my_package/models
[8.760s] copying my_package/models/yolov3-tiny.weights -> /home/ubuntu/pi_ws/build/my_package/build/lib/my_package/models
[10.028s] copying my_package/models/coco.names -> /home/ubuntu/pi_ws/build/my_package/build/lib/my_package/models
[10.033s] running install
[10.041s] running install_lib
[10.056s] creating /home/ubuntu/pi_ws/install/my_package/lib/python3.8/site-packages/my_package
[10.057s] copying /home/ubuntu/pi_ws/build/my_package/build/lib/my_package/detection.py -> /home/ubuntu/pi_ws/install/my_package/lib/python3.8/site-packages/my_package
[10.063s] copying /home/ubuntu/pi_ws/build/my_package/build/lib/my_package/display.py -> /home/ubuntu/pi_ws/install/my_package/lib/python3.8/site-packages/my_package
[10.065s] copying /home/ubuntu/pi_ws/build/my_package/build/lib/my_package/controller.py -> /home/ubuntu/pi_ws/install/my_package/lib/python3.8/site-packages/my_package
[10.067s] creating /home/ubuntu/pi_ws/install/my_package/lib/python3.8/site-packages/my_package/models
[10.069s] copying /home/ubuntu/pi_ws/build/my_package/build/lib/my_package/models/coco.names -> /home/ubuntu/pi_ws/install/my_package/lib/python3.8/site-packages/my_package/models
[10.080s] copying /home/ubuntu/pi_ws/build/my_package/build/lib/my_package/models/yolov3-tiny.cfg -> /home/ubuntu/pi_ws/install/my_package/lib/python3.8/site-packages/my_package/models
[10.082s] copying /home/ubuntu/pi_ws/build/my_package/build/lib/my_package/models/yolov3-tiny.weights -> /home/ubuntu/pi_ws/install/my_package/lib/python3.8/site-packages/my_package/models
[10.373s] copying /home/ubuntu/pi_ws/build/my_package/build/lib/my_package/__init__.py -> /home/ubuntu/pi_ws/install/my_package/lib/python3.8/site-packages/my_package
[10.376s] byte-compiling /home/ubuntu/pi_ws/install/my_package/lib/python3.8/site-packages/my_package/detection.py to detection.cpython-38.pyc
[10.397s] byte-compiling /home/ubuntu/pi_ws/install/my_package/lib/python3.8/site-packages/my_package/display.py to display.cpython-38.pyc
[10.399s] byte-compiling /home/ubuntu/pi_ws/install/my_package/lib/python3.8/site-packages/my_package/controller.py to controller.cpython-38.pyc
[10.417s] byte-compiling /home/ubuntu/pi_ws/install/my_package/lib/python3.8/site-packages/my_package/__init__.py to __init__.cpython-38.pyc
[10.418s] running install_data
[10.421s] creating /home/ubuntu/pi_ws/install/my_package/share/ament_index
[10.423s] creating /home/ubuntu/pi_ws/install/my_package/share/ament_index/resource_index
[10.424s] creating /home/ubuntu/pi_ws/install/my_package/share/ament_index/resource_index/packages
[10.425s] copying resource/my_package -> /home/ubuntu/pi_ws/install/my_package/share/ament_index/resource_index/packages
[10.425s] copying package.xml -> /home/ubuntu/pi_ws/install/my_package/share/my_package
[10.426s] creating /home/ubuntu/pi_ws/install/my_package/share/my_package/launch
[10.426s] copying launch/detection_launch.py -> /home/ubuntu/pi_ws/install/my_package/share/my_package/launch
[10.428s] creating /home/ubuntu/pi_ws/install/my_package/lib/my_package
[10.440s] creating /home/ubuntu/pi_ws/install/my_package/lib/my_package/models
[10.441s] copying my_package/models/yolov3-tiny.weights -> /home/ubuntu/pi_ws/install/my_package/lib/my_package/models
[10.777s] copying my_package/models/yolov3-tiny.cfg -> /home/ubuntu/pi_ws/install/my_package/lib/my_package/models
[10.781s] copying my_package/models/coco.names -> /home/ubuntu/pi_ws/install/my_package/lib/my_package/models
[10.787s] copying my_package/controller.py -> /home/ubuntu/pi_ws/install/my_package/lib/my_package
[10.791s] running install_egg_info
[10.801s] Copying ../../../build/my_package/my_package.egg-info to /home/ubuntu/pi_ws/install/my_package/lib/python3.8/site-packages/my_package-0.0.0-py3.8.egg-info
[10.815s] running install_scripts
[11.025s] Installing controller script to /home/ubuntu/pi_ws/install/my_package/lib/my_package
[11.040s] Installing detection script to /home/ubuntu/pi_ws/install/my_package/lib/my_package
[11.043s] Installing display script to /home/ubuntu/pi_ws/install/my_package/lib/my_package
[11.047s] writing list of installed files to '/home/ubuntu/pi_ws/build/my_package/install.log'
[11.340s] Invoked command in '/home/ubuntu/pi_ws/src/ros2_detection/my_package' returned '0': PYTHONPATH=/home/ubuntu/pi_ws/build/my_package/prefix_override:/home/ubuntu/pi_ws/install/my_package/lib/python3.8/site-packages:${PYTHONPATH} /usr/bin/python3 setup.py egg_info --egg-base ../../../build/my_package build --build-base /home/ubuntu/pi_ws/build/my_package/build install --record /home/ubuntu/pi_ws/build/my_package/install.log --install-scripts $base/lib/my_package --single-version-externally-managed
