[1.552s] Invoking command in '/home/ubuntu/pi_ws/build/serial_motor_demo_msgs': CMAKE_PREFIX_PATH=${CMAKE_PREFIX_PATH}:/home/ubuntu/pi_ws/install/serial_motor_demo:/home/ubuntu/pi_ws/install/my_package:/opt/ros/foxy /usr/bin/cmake --build /home/ubuntu/pi_ws/build/serial_motor_demo_msgs -- -j4 -l4
[2.100s] [  2%] Built target serial_motor_demo_msgs__cpp
[2.130s] [ 12%] Built target serial_motor_demo_msgs__rosidl_generator_c
[2.403s] [ 23%] Built target serial_motor_demo_msgs__rosidl_typesupport_cpp
[2.442s] [ 34%] Built target serial_motor_demo_msgs__rosidl_typesupport_introspection_cpp
[2.464s] [ 44%] Built target serial_motor_demo_msgs__rosidl_typesupport_fastrtps_cpp
[2.551s] [ 55%] Built target serial_motor_demo_msgs__rosidl_typesupport_introspection_c
[2.575s] [ 65%] Built target serial_motor_demo_msgs__rosidl_typesupport_c
[2.643s] [ 76%] Built target serial_motor_demo_msgs__rosidl_typesupport_fastrtps_c
[2.744s] [ 76%] Built target serial_motor_demo_msgs
[2.847s] [ 78%] Built target serial_motor_demo_msgs__py
[3.024s] [ 87%] Built target serial_motor_demo_msgs__python
[3.209s] [ 95%] Built target serial_motor_demo_msgs__rosidl_typesupport_introspection_c__pyext
[3.210s] [ 95%] Built target serial_motor_demo_msgs__rosidl_typesupport_fastrtps_c__pyext
[3.214s] [100%] Built target serial_motor_demo_msgs__rosidl_typesupport_c__pyext
[3.802s] Invoked command in '/home/ubuntu/pi_ws/build/serial_motor_demo_msgs' returned '0': CMAKE_PREFIX_PATH=${CMAKE_PREFIX_PATH}:/home/ubuntu/pi_ws/install/serial_motor_demo:/home/ubuntu/pi_ws/install/my_package:/opt/ros/foxy /usr/bin/cmake --build /home/ubuntu/pi_ws/build/serial_motor_demo_msgs -- -j4 -l4
[5.896s] Invoking command in '/home/ubuntu/pi_ws/build/serial_motor_demo_msgs': CMAKE_PREFIX_PATH=${CMAKE_PREFIX_PATH}:/home/ubuntu/pi_ws/install/serial_motor_demo:/home/ubuntu/pi_ws/install/my_package:/opt/ros/foxy /usr/bin/cmake --install /home/ubuntu/pi_ws/build/serial_motor_demo_msgs
[5.940s] -- Install configuration: ""
[5.942s] -- Execute custom install script
[5.946s] -- Up-to-date symlink: /home/ubuntu/pi_ws/install/serial_motor_demo_msgs/share/ament_index/resource_index/rosidl_interfaces/serial_motor_demo_msgs
[5.951s] -- Up-to-date symlink: /home/ubuntu/pi_ws/install/serial_motor_demo_msgs/include/serial_motor_demo_msgs/msg/detail/encoder_vals__functions.h
[5.954s] -- Up-to-date symlink: /home/ubuntu/pi_ws/install/serial_motor_demo_msgs/include/serial_motor_demo_msgs/msg/detail/encoder_vals__struct.h
[5.955s] -- Up-to-date symlink: /home/ubuntu/pi_ws/install/serial_motor_demo_msgs/include/serial_motor_demo_msgs/msg/detail/encoder_vals__type_support.h
[5.956s] -- Up-to-date symlink: /home/ubuntu/pi_ws/install/serial_motor_demo_msgs/include/serial_motor_demo_msgs/msg/detail/motor_command__functions.h
[5.956s] -- Up-to-date symlink: /home/ubuntu/pi_ws/install/serial_motor_demo_msgs/include/serial_motor_demo_msgs/msg/detail/motor_command__struct.h
[5.958s] -- Up-to-date symlink: /home/ubuntu/pi_ws/install/serial_motor_demo_msgs/include/serial_motor_demo_msgs/msg/detail/motor_command__type_support.h
[5.960s] -- Up-to-date symlink: /home/ubuntu/pi_ws/install/serial_motor_demo_msgs/include/serial_motor_demo_msgs/msg/detail/motor_vels__functions.h
[5.965s] -- Up-to-date symlink: /home/ubuntu/pi_ws/install/serial_motor_demo_msgs/include/serial_motor_demo_msgs/msg/detail/motor_vels__struct.h
[5.970s] -- Up-to-date symlink: /home/ubuntu/pi_ws/install/serial_motor_demo_msgs/include/serial_motor_demo_msgs/msg/detail/motor_vels__type_support.h
[5.977s] -- Up-to-date symlink: /home/ubuntu/pi_ws/install/serial_motor_demo_msgs/include/serial_motor_demo_msgs/msg/encoder_vals.h
[5.981s] -- Up-to-date symlink: /home/ubuntu/pi_ws/install/serial_motor_demo_msgs/include/serial_motor_demo_msgs/msg/motor_command.h
[5.986s] -- Up-to-date symlink: /home/ubuntu/pi_ws/install/serial_motor_demo_msgs/include/serial_motor_demo_msgs/msg/motor_vels.h
[5.991s] -- Up-to-date symlink: /home/ubuntu/pi_ws/install/serial_motor_demo_msgs/include/serial_motor_demo_msgs/msg/rosidl_generator_c__visibility_control.h
[5.994s] -- Up-to-date symlink: /home/ubuntu/pi_ws/install/serial_motor_demo_msgs/share/serial_motor_demo_msgs/environment/library_path.sh
[5.997s] -- Up-to-date symlink: /home/ubuntu/pi_ws/install/serial_motor_demo_msgs/share/serial_motor_demo_msgs/environment/library_path.dsv
[5.998s] -- Up-to-date symlink: /home/ubuntu/pi_ws/install/serial_motor_demo_msgs/include/serial_motor_demo_msgs/msg/detail/encoder_vals__rosidl_typesupport_fastrtps_c.h
[5.999s] -- Up-to-date symlink: /home/ubuntu/pi_ws/install/serial_motor_demo_msgs/include/serial_motor_demo_msgs/msg/detail/motor_command__rosidl_typesupport_fastrtps_c.h
[6.000s] -- Up-to-date symlink: /home/ubuntu/pi_ws/install/serial_motor_demo_msgs/include/serial_motor_demo_msgs/msg/detail/motor_vels__rosidl_typesupport_fastrtps_c.h
[6.000s] -- Up-to-date symlink: /home/ubuntu/pi_ws/install/serial_motor_demo_msgs/include/serial_motor_demo_msgs/msg/rosidl_typesupport_fastrtps_c__visibility_control.h
[6.002s] -- Up-to-date symlink: /home/ubuntu/pi_ws/install/serial_motor_demo_msgs/lib/libserial_motor_demo_msgs__rosidl_typesupport_fastrtps_c.so
[6.006s] -- Up-to-date symlink: /home/ubuntu/pi_ws/install/serial_motor_demo_msgs/include/serial_motor_demo_msgs/msg/detail/encoder_vals__rosidl_typesupport_fastrtps_cpp.hpp
[6.007s] -- Up-to-date symlink: /home/ubuntu/pi_ws/install/serial_motor_demo_msgs/include/serial_motor_demo_msgs/msg/detail/motor_command__rosidl_typesupport_fastrtps_cpp.hpp
[6.025s] -- Up-to-date symlink: /home/ubuntu/pi_ws/install/serial_motor_demo_msgs/include/serial_motor_demo_msgs/msg/detail/motor_vels__rosidl_typesupport_fastrtps_cpp.hpp
[6.028s] -- Up-to-date symlink: /home/ubuntu/pi_ws/install/serial_motor_demo_msgs/include/serial_motor_demo_msgs/msg/rosidl_typesupport_fastrtps_cpp__visibility_control.h
[6.033s] -- Up-to-date symlink: /home/ubuntu/pi_ws/install/serial_motor_demo_msgs/lib/libserial_motor_demo_msgs__rosidl_typesupport_fastrtps_cpp.so
[6.034s] -- Up-to-date symlink: /home/ubuntu/pi_ws/install/serial_motor_demo_msgs/include/serial_motor_demo_msgs/msg/detail/encoder_vals__rosidl_typesupport_introspection_c.h
[6.036s] -- Up-to-date symlink: /home/ubuntu/pi_ws/install/serial_motor_demo_msgs/include/serial_motor_demo_msgs/msg/detail/motor_command__rosidl_typesupport_introspection_c.h
[6.037s] -- Up-to-date symlink: /home/ubuntu/pi_ws/install/serial_motor_demo_msgs/include/serial_motor_demo_msgs/msg/detail/motor_vels__rosidl_typesupport_introspection_c.h
[6.037s] -- Up-to-date symlink: /home/ubuntu/pi_ws/install/serial_motor_demo_msgs/include/serial_motor_demo_msgs/msg/rosidl_typesupport_introspection_c__visibility_control.h
[6.037s] -- Up-to-date symlink: /home/ubuntu/pi_ws/install/serial_motor_demo_msgs/include/serial_motor_demo_msgs/msg/detail/encoder_vals__builder.hpp
[6.038s] -- Up-to-date symlink: /home/ubuntu/pi_ws/install/serial_motor_demo_msgs/include/serial_motor_demo_msgs/msg/detail/encoder_vals__struct.hpp
[6.038s] -- Up-to-date symlink: /home/ubuntu/pi_ws/install/serial_motor_demo_msgs/include/serial_motor_demo_msgs/msg/detail/encoder_vals__traits.hpp
[6.039s] -- Up-to-date symlink: /home/ubuntu/pi_ws/install/serial_motor_demo_msgs/include/serial_motor_demo_msgs/msg/detail/encoder_vals__type_support.hpp
[6.039s] -- Up-to-date symlink: /home/ubuntu/pi_ws/install/serial_motor_demo_msgs/include/serial_motor_demo_msgs/msg/detail/motor_command__builder.hpp
[6.040s] -- Up-to-date symlink: /home/ubuntu/pi_ws/install/serial_motor_demo_msgs/include/serial_motor_demo_msgs/msg/detail/motor_command__struct.hpp
[6.041s] -- Up-to-date symlink: /home/ubuntu/pi_ws/install/serial_motor_demo_msgs/include/serial_motor_demo_msgs/msg/detail/motor_command__traits.hpp
[6.042s] -- Up-to-date symlink: /home/ubuntu/pi_ws/install/serial_motor_demo_msgs/include/serial_motor_demo_msgs/msg/detail/motor_command__type_support.hpp
[6.044s] -- Up-to-date symlink: /home/ubuntu/pi_ws/install/serial_motor_demo_msgs/include/serial_motor_demo_msgs/msg/detail/motor_vels__builder.hpp
[6.046s] -- Up-to-date symlink: /home/ubuntu/pi_ws/install/serial_motor_demo_msgs/include/serial_motor_demo_msgs/msg/detail/motor_vels__struct.hpp
[6.051s] -- Up-to-date symlink: /home/ubuntu/pi_ws/install/serial_motor_demo_msgs/include/serial_motor_demo_msgs/msg/detail/motor_vels__traits.hpp
[6.052s] -- Up-to-date symlink: /home/ubuntu/pi_ws/install/serial_motor_demo_msgs/include/serial_motor_demo_msgs/msg/detail/motor_vels__type_support.hpp
[6.053s] -- Up-to-date symlink: /home/ubuntu/pi_ws/install/serial_motor_demo_msgs/include/serial_motor_demo_msgs/msg/encoder_vals.hpp
[6.053s] -- Up-to-date symlink: /home/ubuntu/pi_ws/install/serial_motor_demo_msgs/include/serial_motor_demo_msgs/msg/motor_command.hpp
[6.054s] -- Up-to-date symlink: /home/ubuntu/pi_ws/install/serial_motor_demo_msgs/include/serial_motor_demo_msgs/msg/motor_vels.hpp
[6.055s] -- Up-to-date symlink: /home/ubuntu/pi_ws/install/serial_motor_demo_msgs/include/serial_motor_demo_msgs/msg/rosidl_generator_cpp__visibility_control.hpp
[6.055s] -- Up-to-date symlink: /home/ubuntu/pi_ws/install/serial_motor_demo_msgs/include/serial_motor_demo_msgs/msg/detail/encoder_vals__rosidl_typesupport_introspection_cpp.hpp
[6.056s] -- Up-to-date symlink: /home/ubuntu/pi_ws/install/serial_motor_demo_msgs/include/serial_motor_demo_msgs/msg/detail/motor_command__rosidl_typesupport_introspection_cpp.hpp
[6.056s] -- Up-to-date symlink: /home/ubuntu/pi_ws/install/serial_motor_demo_msgs/include/serial_motor_demo_msgs/msg/detail/motor_vels__rosidl_typesupport_introspection_cpp.hpp
[6.057s] -- Up-to-date symlink: /home/ubuntu/pi_ws/install/serial_motor_demo_msgs/share/serial_motor_demo_msgs/environment/pythonpath.sh
[6.057s] -- Up-to-date symlink: /home/ubuntu/pi_ws/install/serial_motor_demo_msgs/share/serial_motor_demo_msgs/environment/pythonpath.dsv
[6.057s] -- Up-to-date symlink: /home/ubuntu/pi_ws/install/serial_motor_demo_msgs/lib/python3.8/site-packages/serial_motor_demo_msgs/__init__.py
[6.058s] -- Up-to-date symlink: /home/ubuntu/pi_ws/install/serial_motor_demo_msgs/lib/python3.8/site-packages/serial_motor_demo_msgs/msg/__init__.py
[6.058s] -- Up-to-date symlink: /home/ubuntu/pi_ws/install/serial_motor_demo_msgs/lib/python3.8/site-packages/serial_motor_demo_msgs/msg/_encoder_vals.py
[6.064s] -- Up-to-date symlink: /home/ubuntu/pi_ws/install/serial_motor_demo_msgs/lib/python3.8/site-packages/serial_motor_demo_msgs/msg/_motor_command.py
[6.065s] -- Up-to-date symlink: /home/ubuntu/pi_ws/install/serial_motor_demo_msgs/lib/python3.8/site-packages/serial_motor_demo_msgs/msg/_motor_vels.py
[6.067s] -- Up-to-date symlink: /home/ubuntu/pi_ws/install/serial_motor_demo_msgs/lib/python3.8/site-packages/serial_motor_demo_msgs/serial_motor_demo_msgs_s__rosidl_typesupport_fastrtps_c.cpython-38-aarch64-linux-gnu.so
[6.069s] -- Up-to-date symlink: /home/ubuntu/pi_ws/install/serial_motor_demo_msgs/lib/python3.8/site-packages/serial_motor_demo_msgs/serial_motor_demo_msgs_s__rosidl_typesupport_introspection_c.cpython-38-aarch64-linux-gnu.so
[6.071s] -- Up-to-date symlink: /home/ubuntu/pi_ws/install/serial_motor_demo_msgs/lib/python3.8/site-packages/serial_motor_demo_msgs/serial_motor_demo_msgs_s__rosidl_typesupport_c.cpython-38-aarch64-linux-gnu.so
[6.074s] -- Up-to-date symlink: /home/ubuntu/pi_ws/install/serial_motor_demo_msgs/lib/libserial_motor_demo_msgs__python.so
[6.078s] -- Up-to-date symlink: /home/ubuntu/pi_ws/install/serial_motor_demo_msgs/share/serial_motor_demo_msgs/msg/MotorCommand.idl
[6.083s] -- Up-to-date symlink: /home/ubuntu/pi_ws/install/serial_motor_demo_msgs/share/serial_motor_demo_msgs/msg/MotorVels.idl
[6.086s] -- Up-to-date symlink: /home/ubuntu/pi_ws/install/serial_motor_demo_msgs/share/serial_motor_demo_msgs/msg/EncoderVals.idl
[6.092s] -- Up-to-date symlink: /home/ubuntu/pi_ws/install/serial_motor_demo_msgs/share/serial_motor_demo_msgs/msg/MotorCommand.msg
[6.096s] -- Up-to-date symlink: /home/ubuntu/pi_ws/install/serial_motor_demo_msgs/share/serial_motor_demo_msgs/msg/MotorVels.msg
[6.101s] -- Up-to-date symlink: /home/ubuntu/pi_ws/install/serial_motor_demo_msgs/share/serial_motor_demo_msgs/msg/EncoderVals.msg
[6.104s] -- Up-to-date symlink: /home/ubuntu/pi_ws/install/serial_motor_demo_msgs/share/ament_index/resource_index/package_run_dependencies/serial_motor_demo_msgs
[6.108s] -- Up-to-date symlink: /home/ubuntu/pi_ws/install/serial_motor_demo_msgs/share/ament_index/resource_index/parent_prefix_path/serial_motor_demo_msgs
[6.110s] -- Up-to-date symlink: /home/ubuntu/pi_ws/install/serial_motor_demo_msgs/share/serial_motor_demo_msgs/environment/ament_prefix_path.sh
[6.116s] -- Up-to-date symlink: /home/ubuntu/pi_ws/install/serial_motor_demo_msgs/share/serial_motor_demo_msgs/environment/ament_prefix_path.dsv
[6.116s] -- Up-to-date symlink: /home/ubuntu/pi_ws/install/serial_motor_demo_msgs/share/serial_motor_demo_msgs/environment/path.sh
[6.117s] -- Up-to-date symlink: /home/ubuntu/pi_ws/install/serial_motor_demo_msgs/share/serial_motor_demo_msgs/environment/path.dsv
[6.117s] -- Up-to-date symlink: /home/ubuntu/pi_ws/install/serial_motor_demo_msgs/share/serial_motor_demo_msgs/local_setup.bash
[6.118s] -- Up-to-date symlink: /home/ubuntu/pi_ws/install/serial_motor_demo_msgs/share/serial_motor_demo_msgs/local_setup.sh
[6.118s] -- Up-to-date symlink: /home/ubuntu/pi_ws/install/serial_motor_demo_msgs/share/serial_motor_demo_msgs/local_setup.zsh
[6.126s] -- Up-to-date symlink: /home/ubuntu/pi_ws/install/serial_motor_demo_msgs/share/serial_motor_demo_msgs/local_setup.dsv
[6.130s] -- Symlinking: /home/ubuntu/pi_ws/install/serial_motor_demo_msgs/share/serial_motor_demo_msgs/package.dsv
[6.134s] -- Up-to-date symlink: /home/ubuntu/pi_ws/install/serial_motor_demo_msgs/share/ament_index/resource_index/packages/serial_motor_demo_msgs
[6.140s] -- Up-to-date symlink: /home/ubuntu/pi_ws/install/serial_motor_demo_msgs/share/serial_motor_demo_msgs/cmake/rosidl_cmake-extras.cmake
[6.145s] -- Up-to-date symlink: /home/ubuntu/pi_ws/install/serial_motor_demo_msgs/share/serial_motor_demo_msgs/cmake/ament_cmake_export_dependencies-extras.cmake
[6.149s] -- Up-to-date symlink: /home/ubuntu/pi_ws/install/serial_motor_demo_msgs/share/serial_motor_demo_msgs/cmake/ament_cmake_export_libraries-extras.cmake
[6.151s] -- Up-to-date symlink: /home/ubuntu/pi_ws/install/serial_motor_demo_msgs/share/serial_motor_demo_msgs/cmake/ament_cmake_export_targets-extras.cmake
[6.156s] -- Up-to-date symlink: /home/ubuntu/pi_ws/install/serial_motor_demo_msgs/share/serial_motor_demo_msgs/cmake/ament_cmake_export_include_directories-extras.cmake
[6.159s] -- Up-to-date symlink: /home/ubuntu/pi_ws/install/serial_motor_demo_msgs/share/serial_motor_demo_msgs/cmake/rosidl_cmake_export_typesupport_libraries-extras.cmake
[6.162s] -- Up-to-date symlink: /home/ubuntu/pi_ws/install/serial_motor_demo_msgs/share/serial_motor_demo_msgs/cmake/rosidl_cmake_export_typesupport_targets-extras.cmake
[6.165s] -- Up-to-date symlink: /home/ubuntu/pi_ws/install/serial_motor_demo_msgs/share/serial_motor_demo_msgs/cmake/serial_motor_demo_msgsConfig.cmake
[6.168s] -- Up-to-date symlink: /home/ubuntu/pi_ws/install/serial_motor_demo_msgs/share/serial_motor_demo_msgs/cmake/serial_motor_demo_msgsConfig-version.cmake
[6.171s] -- Up-to-date symlink: /home/ubuntu/pi_ws/install/serial_motor_demo_msgs/share/serial_motor_demo_msgs/package.xml
[6.173s] -- Up-to-date: /home/ubuntu/pi_ws/install/serial_motor_demo_msgs/lib/libserial_motor_demo_msgs__rosidl_generator_c.so
[6.175s] -- Up-to-date: /home/ubuntu/pi_ws/install/serial_motor_demo_msgs/lib/libserial_motor_demo_msgs__rosidl_typesupport_introspection_c.so
[6.178s] -- Up-to-date: /home/ubuntu/pi_ws/install/serial_motor_demo_msgs/lib/libserial_motor_demo_msgs__rosidl_typesupport_c.so
[6.181s] -- Up-to-date: /home/ubuntu/pi_ws/install/serial_motor_demo_msgs/lib/libserial_motor_demo_msgs__rosidl_typesupport_introspection_cpp.so
[6.183s] -- Up-to-date: /home/ubuntu/pi_ws/install/serial_motor_demo_msgs/lib/libserial_motor_demo_msgs__rosidl_typesupport_cpp.so
[6.322s] -- Up-to-date: /home/ubuntu/pi_ws/install/serial_motor_demo_msgs/share/serial_motor_demo_msgs/cmake/serial_motor_demo_msgs__rosidl_generator_cExport.cmake
[6.322s] -- Up-to-date: /home/ubuntu/pi_ws/install/serial_motor_demo_msgs/share/serial_motor_demo_msgs/cmake/serial_motor_demo_msgs__rosidl_generator_cExport-noconfig.cmake
[6.329s] -- Up-to-date: /home/ubuntu/pi_ws/install/serial_motor_demo_msgs/share/serial_motor_demo_msgs/cmake/serial_motor_demo_msgs__rosidl_typesupport_introspection_cExport.cmake
[6.332s] -- Up-to-date: /home/ubuntu/pi_ws/install/serial_motor_demo_msgs/share/serial_motor_demo_msgs/cmake/serial_motor_demo_msgs__rosidl_typesupport_introspection_cExport-noconfig.cmake
[6.336s] -- Up-to-date: /home/ubuntu/pi_ws/install/serial_motor_demo_msgs/share/serial_motor_demo_msgs/cmake/serial_motor_demo_msgs__rosidl_typesupport_cExport.cmake
[6.341s] -- Up-to-date: /home/ubuntu/pi_ws/install/serial_motor_demo_msgs/share/serial_motor_demo_msgs/cmake/serial_motor_demo_msgs__rosidl_typesupport_cExport-noconfig.cmake
[6.343s] -- Up-to-date: /home/ubuntu/pi_ws/install/serial_motor_demo_msgs/share/serial_motor_demo_msgs/cmake/serial_motor_demo_msgs__rosidl_generator_cppExport.cmake
[6.346s] -- Up-to-date: /home/ubuntu/pi_ws/install/serial_motor_demo_msgs/share/serial_motor_demo_msgs/cmake/serial_motor_demo_msgs__rosidl_typesupport_introspection_cppExport.cmake
[6.348s] -- Up-to-date: /home/ubuntu/pi_ws/install/serial_motor_demo_msgs/share/serial_motor_demo_msgs/cmake/serial_motor_demo_msgs__rosidl_typesupport_introspection_cppExport-noconfig.cmake
[6.350s] -- Up-to-date: /home/ubuntu/pi_ws/install/serial_motor_demo_msgs/share/serial_motor_demo_msgs/cmake/serial_motor_demo_msgs__rosidl_typesupport_cppExport.cmake
[6.352s] -- Up-to-date: /home/ubuntu/pi_ws/install/serial_motor_demo_msgs/share/serial_motor_demo_msgs/cmake/serial_motor_demo_msgs__rosidl_typesupport_cppExport-noconfig.cmake
[7.744s] Invoked command in '/home/ubuntu/pi_ws/build/serial_motor_demo_msgs' returned '0': CMAKE_PREFIX_PATH=${CMAKE_PREFIX_PATH}:/home/ubuntu/pi_ws/install/serial_motor_demo:/home/ubuntu/pi_ws/install/my_package:/opt/ros/foxy /usr/bin/cmake --install /home/ubuntu/pi_ws/build/serial_motor_demo_msgs
