[0.412s] Invoking command in '/home/ubuntu/pi_ws/build/diffdrive_arduino': AMENT_PREFIX_PATH=/home/ubuntu/pi_ws/install/serial:${AMENT_PREFIX_PATH} CMAKE_PREFIX_PATH=/home/ubuntu/pi_ws/install/serial:/opt/ros/foxy LD_LIBRARY_PATH=/home/ubuntu/pi_ws/install/serial/lib:${LD_LIBRARY_PATH} /usr/bin/cmake /home/ubuntu/pi_ws/src/diffdrive_arduino -DCMAKE_INSTALL_PREFIX=/home/ubuntu/pi_ws/install/diffdrive_arduino
[0.642s] -- The C compiler identification is GNU 9.4.0
[0.859s] -- The CXX compiler identification is GNU 9.4.0
[0.876s] -- Check for working C compiler: /usr/bin/cc
[1.154s] -- Check for working C compiler: /usr/bin/cc -- works
[1.157s] -- Detecting C compiler ABI info
[1.440s] -- Detecting C compiler ABI info - done
[1.477s] -- Detecting C compile features
[1.478s] -- Detecting C compile features - done
[1.486s] -- Check for working CXX compiler: /usr/bin/c++
[1.801s] -- Check for working CXX compiler: /usr/bin/c++ -- works
[1.806s] -- Detecting CXX compiler ABI info
[2.123s] -- Detecting CXX compiler ABI info - done
[2.160s] -- Detecting CXX compile features
[2.162s] -- Detecting CXX compile features - done
[2.180s] -- Found ament_cmake: 0.9.12 (/opt/ros/foxy/share/ament_cmake/cmake)
[2.288s] -- Found PythonInterp: /usr/bin/python3 (found suitable version "3.8.10", minimum required is "3") 
[2.289s] -- Using PYTHON_EXECUTABLE: /usr/bin/python3
[3.096s] -- Found serial: 1.2.1 (/home/ubuntu/pi_ws/install/serial/share/serial/cmake)
[3.115s] -- Found hardware_interface: 0.11.0 (/opt/ros/foxy/share/hardware_interface/cmake)
[3.379s] -- Using all available rosidl_typesupport_c: rosidl_typesupport_fastrtps_c;rosidl_typesupport_introspection_c
[3.435s] -- Found rosidl_adapter: 1.3.1 (/opt/ros/foxy/share/rosidl_adapter/cmake)
[3.991s] -- Found OpenSSL: /usr/lib/aarch64-linux-gnu/libcrypto.so (found version "1.1.1f")  
[4.183s] -- Found FastRTPS: /opt/ros/foxy/include  
[4.691s] -- Using all available rosidl_typesupport_cpp: rosidl_typesupport_fastrtps_cpp;rosidl_typesupport_introspection_cpp
[6.731s] -- Found controller_manager: 0.11.0 (/opt/ros/foxy/share/controller_manager/cmake)
[7.726s] -- Found rmw_implementation_cmake: 1.0.4 (/opt/ros/foxy/share/rmw_implementation_cmake/cmake)
[7.869s] -- Using RMW implementation 'rmw_fastrtps_cpp' as default
[7.874s] -- Looking for pthread.h
[8.173s] -- Looking for pthread.h - found
[8.173s] -- Performing Test CMAKE_HAVE_LIBC_PTHREAD
[8.469s] -- Performing Test CMAKE_HAVE_LIBC_PTHREAD - Failed
[8.469s] -- Looking for pthread_create in pthreads
[8.710s] -- Looking for pthread_create in pthreads - not found
[8.711s] -- Looking for pthread_create in pthread
[9.008s] -- Looking for pthread_create in pthread - found
[9.012s] -- Found Threads: TRUE  
[11.304s] -- Configuring done
[11.671s] -- Generating done
[11.678s] -- Build files have been written to: /home/ubuntu/pi_ws/build/diffdrive_arduino
[11.712s] Invoked command in '/home/ubuntu/pi_ws/build/diffdrive_arduino' returned '0': AMENT_PREFIX_PATH=/home/ubuntu/pi_ws/install/serial:${AMENT_PREFIX_PATH} CMAKE_PREFIX_PATH=/home/ubuntu/pi_ws/install/serial:/opt/ros/foxy LD_LIBRARY_PATH=/home/ubuntu/pi_ws/install/serial/lib:${LD_LIBRARY_PATH} /usr/bin/cmake /home/ubuntu/pi_ws/src/diffdrive_arduino -DCMAKE_INSTALL_PREFIX=/home/ubuntu/pi_ws/install/diffdrive_arduino
[11.721s] Invoking command in '/home/ubuntu/pi_ws/build/diffdrive_arduino': AMENT_PREFIX_PATH=/home/ubuntu/pi_ws/install/serial:${AMENT_PREFIX_PATH} CMAKE_PREFIX_PATH=/home/ubuntu/pi_ws/install/serial:/opt/ros/foxy LD_LIBRARY_PATH=/home/ubuntu/pi_ws/install/serial/lib:${LD_LIBRARY_PATH} /usr/bin/cmake --build /home/ubuntu/pi_ws/build/diffdrive_arduino -- -j4 -l4
[11.887s] [35m[1mScanning dependencies of target diffdrive_arduino[0m
[11.887s] [35m[1mScanning dependencies of target fake_robot[0m
[12.334s] [ 14%] [32mBuilding CXX object CMakeFiles/fake_robot.dir/src/fake_robot.cpp.o[0m
[12.335s] [ 28%] [32mBuilding CXX object CMakeFiles/fake_robot.dir/src/wheel.cpp.o[0m
[12.368s] [ 57%] [32mBuilding CXX object CMakeFiles/diffdrive_arduino.dir/src/wheel.cpp.o[0m
[12.370s] [ 57%] [32mBuilding CXX object CMakeFiles/diffdrive_arduino.dir/src/diffdrive_arduino.cpp.o[0m
[13.390s] [ 71%] [32mBuilding CXX object CMakeFiles/diffdrive_arduino.dir/src/arduino_comms.cpp.o[0m
[24.128s] [ 85%] [32m[1mLinking CXX shared library libfake_robot.so[0m
[24.233s] [100%] [32m[1mLinking CXX shared library libdiffdrive_arduino.so[0m
[25.503s] [100%] Built target fake_robot
[25.550s] [100%] Built target diffdrive_arduino
[25.590s] Invoked command in '/home/ubuntu/pi_ws/build/diffdrive_arduino' returned '0': AMENT_PREFIX_PATH=/home/ubuntu/pi_ws/install/serial:${AMENT_PREFIX_PATH} CMAKE_PREFIX_PATH=/home/ubuntu/pi_ws/install/serial:/opt/ros/foxy LD_LIBRARY_PATH=/home/ubuntu/pi_ws/install/serial/lib:${LD_LIBRARY_PATH} /usr/bin/cmake --build /home/ubuntu/pi_ws/build/diffdrive_arduino -- -j4 -l4
[25.738s] Invoking command in '/home/ubuntu/pi_ws/build/diffdrive_arduino': AMENT_PREFIX_PATH=/home/ubuntu/pi_ws/install/serial:${AMENT_PREFIX_PATH} CMAKE_PREFIX_PATH=/home/ubuntu/pi_ws/install/serial:/opt/ros/foxy LD_LIBRARY_PATH=/home/ubuntu/pi_ws/install/serial/lib:${LD_LIBRARY_PATH} /usr/bin/cmake --install /home/ubuntu/pi_ws/build/diffdrive_arduino
[25.773s] -- Install configuration: ""
[25.773s] -- Installing: /home/ubuntu/pi_ws/install/diffdrive_arduino/share/diffdrive_arduino/robot_hardware.xml
[25.775s] -- Installing: /home/ubuntu/pi_ws/install/diffdrive_arduino/share/diffdrive_arduino/fake_robot_hardware.xml
[25.777s] -- Installing: /home/ubuntu/pi_ws/install/diffdrive_arduino/lib/libdiffdrive_arduino.so
[25.784s] -- Set runtime path of "/home/ubuntu/pi_ws/install/diffdrive_arduino/lib/libdiffdrive_arduino.so" to ""
[25.784s] -- Installing: /home/ubuntu/pi_ws/install/diffdrive_arduino/lib/libfake_robot.so
[25.790s] -- Set runtime path of "/home/ubuntu/pi_ws/install/diffdrive_arduino/lib/libfake_robot.so" to ""
[25.791s] -- Installing: /home/ubuntu/pi_ws/install/diffdrive_arduino/share/diffdrive_arduino/controllers
[25.792s] -- Installing: /home/ubuntu/pi_ws/install/diffdrive_arduino/share/diffdrive_arduino/controllers/robot_controller_example.yaml
[25.793s] -- Up-to-date: /home/ubuntu/pi_ws/install/diffdrive_arduino/share/diffdrive_arduino
[25.794s] -- Installing: /home/ubuntu/pi_ws/install/diffdrive_arduino/share/diffdrive_arduino/test_robot.launch.py
[25.796s] -- Installing: /home/ubuntu/pi_ws/install/diffdrive_arduino/share/diffdrive_arduino/fake_robot.launch.py
[25.798s] -- Installing: /home/ubuntu/pi_ws/install/diffdrive_arduino/share/diffdrive_arduino/environment/library_path.sh
[25.799s] -- Installing: /home/ubuntu/pi_ws/install/diffdrive_arduino/share/diffdrive_arduino/environment/library_path.dsv
[25.800s] -- Installing: /home/ubuntu/pi_ws/install/diffdrive_arduino/share/ament_index/resource_index/package_run_dependencies/diffdrive_arduino
[25.802s] -- Installing: /home/ubuntu/pi_ws/install/diffdrive_arduino/share/ament_index/resource_index/parent_prefix_path/diffdrive_arduino
[25.803s] -- Installing: /home/ubuntu/pi_ws/install/diffdrive_arduino/share/diffdrive_arduino/environment/ament_prefix_path.sh
[25.804s] -- Installing: /home/ubuntu/pi_ws/install/diffdrive_arduino/share/diffdrive_arduino/environment/ament_prefix_path.dsv
[25.805s] -- Installing: /home/ubuntu/pi_ws/install/diffdrive_arduino/share/diffdrive_arduino/environment/path.sh
[25.807s] -- Installing: /home/ubuntu/pi_ws/install/diffdrive_arduino/share/diffdrive_arduino/environment/path.dsv
[25.808s] -- Installing: /home/ubuntu/pi_ws/install/diffdrive_arduino/share/diffdrive_arduino/local_setup.bash
[25.809s] -- Installing: /home/ubuntu/pi_ws/install/diffdrive_arduino/share/diffdrive_arduino/local_setup.sh
[25.810s] -- Installing: /home/ubuntu/pi_ws/install/diffdrive_arduino/share/diffdrive_arduino/local_setup.zsh
[25.811s] -- Installing: /home/ubuntu/pi_ws/install/diffdrive_arduino/share/diffdrive_arduino/local_setup.dsv
[25.812s] -- Installing: /home/ubuntu/pi_ws/install/diffdrive_arduino/share/diffdrive_arduino/package.dsv
[25.814s] -- Installing: /home/ubuntu/pi_ws/install/diffdrive_arduino/share/ament_index/resource_index/packages/diffdrive_arduino
[25.815s] -- Installing: /home/ubuntu/pi_ws/install/diffdrive_arduino/share/ament_index/resource_index/hardware_interface__pluginlib__plugin/diffdrive_arduino
[25.816s] -- Installing: /home/ubuntu/pi_ws/install/diffdrive_arduino/share/diffdrive_arduino/cmake/ament_cmake_export_libraries-extras.cmake
[25.817s] -- Installing: /home/ubuntu/pi_ws/install/diffdrive_arduino/share/diffdrive_arduino/cmake/ament_cmake_export_dependencies-extras.cmake
[25.818s] -- Installing: /home/ubuntu/pi_ws/install/diffdrive_arduino/share/diffdrive_arduino/cmake/diffdrive_arduinoConfig.cmake
[25.819s] -- Installing: /home/ubuntu/pi_ws/install/diffdrive_arduino/share/diffdrive_arduino/cmake/diffdrive_arduinoConfig-version.cmake
[25.820s] -- Installing: /home/ubuntu/pi_ws/install/diffdrive_arduino/share/diffdrive_arduino/package.xml
[25.826s] Invoked command in '/home/ubuntu/pi_ws/build/diffdrive_arduino' returned '0': AMENT_PREFIX_PATH=/home/ubuntu/pi_ws/install/serial:${AMENT_PREFIX_PATH} CMAKE_PREFIX_PATH=/home/ubuntu/pi_ws/install/serial:/opt/ros/foxy LD_LIBRARY_PATH=/home/ubuntu/pi_ws/install/serial/lib:${LD_LIBRARY_PATH} /usr/bin/cmake --install /home/ubuntu/pi_ws/build/diffdrive_arduino
