[3.859s] Invoking command in '/home/ubuntu/pi_ws/src/ros2_detection/my_package': PYTHONPATH=/home/ubuntu/pi_ws/build/my_package/prefix_override:/home/ubuntu/pi_ws/install/my_package/lib/python3.8/site-packages:${PYTHONPATH} /usr/bin/python3 setup.py egg_info --egg-base ../../../build/my_package build --build-base /home/ubuntu/pi_ws/build/my_package/build install --record /home/ubuntu/pi_ws/build/my_package/install.log --install-scripts $base/lib/my_package --single-version-externally-managed
[4.715s] running egg_info
[4.717s] writing ../../../build/my_package/my_package.egg-info/PKG-INFO
[4.718s] writing dependency_links to ../../../build/my_package/my_package.egg-info/dependency_links.txt
[4.719s] writing entry points to ../../../build/my_package/my_package.egg-info/entry_points.txt
[4.720s] writing requirements to ../../../build/my_package/my_package.egg-info/requires.txt
[4.721s] writing top-level names to ../../../build/my_package/my_package.egg-info/top_level.txt
[4.853s] reading manifest file '../../../build/my_package/my_package.egg-info/SOURCES.txt'
[4.856s] writing manifest file '../../../build/my_package/my_package.egg-info/SOURCES.txt'
[4.857s] running build
[4.857s] running build_py
[4.858s] copying my_package/detection.py -> /home/ubuntu/pi_ws/build/my_package/build/lib/my_package
[4.861s] running install
[4.864s] running install_lib
[4.867s] copying /home/ubuntu/pi_ws/build/my_package/build/lib/my_package/detection.py -> /home/ubuntu/pi_ws/install/my_package/lib/python3.8/site-packages/my_package
[4.871s] byte-compiling /home/ubuntu/pi_ws/install/my_package/lib/python3.8/site-packages/my_package/detection.py to detection.cpython-38.pyc
[4.879s] running install_data
[4.882s] running install_egg_info
[4.889s] removing '/home/ubuntu/pi_ws/install/my_package/lib/python3.8/site-packages/my_package-0.0.0-py3.8.egg-info' (and everything under it)
[4.891s] Copying ../../../build/my_package/my_package.egg-info to /home/ubuntu/pi_ws/install/my_package/lib/python3.8/site-packages/my_package-0.0.0-py3.8.egg-info
[4.899s] running install_scripts
[4.972s] Installing controller script to /home/ubuntu/pi_ws/install/my_package/lib/my_package
[4.973s] Installing detection script to /home/ubuntu/pi_ws/install/my_package/lib/my_package
[4.974s] Installing display script to /home/ubuntu/pi_ws/install/my_package/lib/my_package
[4.976s] writing list of installed files to '/home/ubuntu/pi_ws/build/my_package/install.log'
[5.080s] Invoked command in '/home/ubuntu/pi_ws/src/ros2_detection/my_package' returned '0': PYTHONPATH=/home/ubuntu/pi_ws/build/my_package/prefix_override:/home/ubuntu/pi_ws/install/my_package/lib/python3.8/site-packages:${PYTHONPATH} /usr/bin/python3 setup.py egg_info --egg-base ../../../build/my_package build --build-base /home/ubuntu/pi_ws/build/my_package/build install --record /home/ubuntu/pi_ws/build/my_package/install.log --install-scripts $base/lib/my_package --single-version-externally-managed
