[6.300s] Invoking command in '/home/ubuntu/pi_ws/src/ros2_detection/my_package': PYTHONPATH=/home/ubuntu/pi_ws/build/my_package/prefix_override:/home/ubuntu/pi_ws/install/my_package/lib/python3.8/site-packages:${PYTHONPATH} /usr/bin/python3 setup.py egg_info --egg-base ../../../build/my_package build --build-base /home/ubuntu/pi_ws/build/my_package/build install --record /home/ubuntu/pi_ws/build/my_package/install.log --install-scripts $base/lib/my_package --single-version-externally-managed
[7.314s] running egg_info
[7.317s] writing ../../../build/my_package/my_package.egg-info/PKG-INFO
[7.320s] writing dependency_links to ../../../build/my_package/my_package.egg-info/dependency_links.txt
[7.323s] writing entry points to ../../../build/my_package/my_package.egg-info/entry_points.txt
[7.326s] writing requirements to ../../../build/my_package/my_package.egg-info/requires.txt
[7.329s] writing top-level names to ../../../build/my_package/my_package.egg-info/top_level.txt
[7.459s] reading manifest file '../../../build/my_package/my_package.egg-info/SOURCES.txt'
[7.465s] writing manifest file '../../../build/my_package/my_package.egg-info/SOURCES.txt'
[7.467s] running build
[7.469s] running build_py
[7.471s] copying my_package/controller.py -> /home/ubuntu/pi_ws/build/my_package/build/lib/my_package
[7.474s] running install
[7.477s] running install_lib
[7.479s] copying /home/ubuntu/pi_ws/build/my_package/build/lib/my_package/controller.py -> /home/ubuntu/pi_ws/install/my_package/lib/python3.8/site-packages/my_package
[7.482s] byte-compiling /home/ubuntu/pi_ws/install/my_package/lib/python3.8/site-packages/my_package/controller.py to controller.cpython-38.pyc
[7.491s] running install_data
[7.494s] copying my_package/controller.py -> /home/ubuntu/pi_ws/install/my_package/lib/my_package
[7.497s] running install_egg_info
[7.500s] removing '/home/ubuntu/pi_ws/install/my_package/lib/python3.8/site-packages/my_package-0.0.0-py3.8.egg-info' (and everything under it)
[7.503s] Copying ../../../build/my_package/my_package.egg-info to /home/ubuntu/pi_ws/install/my_package/lib/python3.8/site-packages/my_package-0.0.0-py3.8.egg-info
[7.507s] running install_scripts
[7.587s] Installing controller script to /home/ubuntu/pi_ws/install/my_package/lib/my_package
[7.589s] Installing detection script to /home/ubuntu/pi_ws/install/my_package/lib/my_package
[7.590s] Installing display script to /home/ubuntu/pi_ws/install/my_package/lib/my_package
[7.598s] writing list of installed files to '/home/ubuntu/pi_ws/build/my_package/install.log'
[9.541s] Invoked command in '/home/ubuntu/pi_ws/src/ros2_detection/my_package' returned '0': PYTHONPATH=/home/ubuntu/pi_ws/build/my_package/prefix_override:/home/ubuntu/pi_ws/install/my_package/lib/python3.8/site-packages:${PYTHONPATH} /usr/bin/python3 setup.py egg_info --egg-base ../../../build/my_package build --build-base /home/ubuntu/pi_ws/build/my_package/build install --record /home/ubuntu/pi_ws/build/my_package/install.log --install-scripts $base/lib/my_package --single-version-externally-managed
