[6.121s] Invoking command in '/home/ubuntu/pi_ws/src/ros2_detection/my_package': PYTHONPATH=/home/ubuntu/pi_ws/build/my_package/prefix_override:/home/ubuntu/pi_ws/install/my_package/lib/python3.8/site-packages:${PYTHONPATH} /usr/bin/python3 setup.py egg_info --egg-base ../../../build/my_package build --build-base /home/ubuntu/pi_ws/build/my_package/build install --record /home/ubuntu/pi_ws/build/my_package/install.log --install-scripts $base/lib/my_package --single-version-externally-managed
[7.102s] running egg_info
[7.103s] writing ../../../build/my_package/my_package.egg-info/PKG-INFO
[7.104s] writing dependency_links to ../../../build/my_package/my_package.egg-info/dependency_links.txt
[7.105s] writing entry points to ../../../build/my_package/my_package.egg-info/entry_points.txt
[7.106s] writing requirements to ../../../build/my_package/my_package.egg-info/requires.txt
[7.106s] writing top-level names to ../../../build/my_package/my_package.egg-info/top_level.txt
[7.241s] reading manifest file '../../../build/my_package/my_package.egg-info/SOURCES.txt'
[7.244s] writing manifest file '../../../build/my_package/my_package.egg-info/SOURCES.txt'
[7.246s] running build
[7.246s] running build_py
[7.247s] running install
[7.251s] running install_lib
[7.258s] running install_data
[7.263s] running install_egg_info
[7.276s] removing '/home/ubuntu/pi_ws/install/my_package/lib/python3.8/site-packages/my_package-0.0.0-py3.8.egg-info' (and everything under it)
[7.277s] Copying ../../../build/my_package/my_package.egg-info to /home/ubuntu/pi_ws/install/my_package/lib/python3.8/site-packages/my_package-0.0.0-py3.8.egg-info
[7.277s] running install_scripts
[7.346s] Installing controller script to /home/ubuntu/pi_ws/install/my_package/lib/my_package
[7.346s] Installing detection script to /home/ubuntu/pi_ws/install/my_package/lib/my_package
[7.347s] Installing display script to /home/ubuntu/pi_ws/install/my_package/lib/my_package
[7.348s] writing list of installed files to '/home/ubuntu/pi_ws/build/my_package/install.log'
[10.341s] Invoked command in '/home/ubuntu/pi_ws/src/ros2_detection/my_package' returned '0': PYTHONPATH=/home/ubuntu/pi_ws/build/my_package/prefix_override:/home/ubuntu/pi_ws/install/my_package/lib/python3.8/site-packages:${PYTHONPATH} /usr/bin/python3 setup.py egg_info --egg-base ../../../build/my_package build --build-base /home/ubuntu/pi_ws/build/my_package/build install --record /home/ubuntu/pi_ws/build/my_package/install.log --install-scripts $base/lib/my_package --single-version-externally-managed
