[9.142s] Invoking command in '/home/ubuntu/pi_ws/build/diffdrive_arduino': CMAKE_PREFIX_PATH=/home/ubuntu/pi_ws/install/serial:/home/ubuntu/pi_ws/install/tank_controller:/home/ubuntu/pi_ws/install/serial_motor_demo_msgs:/home/ubuntu/pi_ws/install/diffdrive_arduino:/home/ubuntu/pi_ws/install/senior_design:/home/ubuntu/pi_ws/install/gazebo_ros2_control_demos:/home/ubuntu/pi_ws/install/gazebo_ros2_control:/home/ubuntu/pi_ws/install/serial_motor_demo:/home/ubuntu/pi_ws/install/my_package:/opt/ros/foxy /usr/bin/cmake /home/ubuntu/pi_ws/src/diffdrive_arduino -DAMENT_CMAKE_SYMLINK_INSTALL=1 -DCMAKE_INSTALL_PREFIX=/home/ubuntu/pi_ws/install/diffdrive_arduino
[9.243s] -- Found ament_cmake: 0.9.12 (/opt/ros/foxy/share/ament_cmake/cmake)
[9.435s] -- Using PYTHON_EXECUTABLE: /usr/bin/python3
[10.783s] -- Override CMake install command with custom implementation using symlinks instead of copying resources
[10.894s] -- Found serial: 1.2.1 (/home/ubuntu/pi_ws/install/serial/share/serial/cmake)
[10.908s] -- Found hardware_interface: 0.11.0 (/opt/ros/foxy/share/hardware_interface/cmake)
[11.139s] -- Using all available rosidl_typesupport_c: rosidl_typesupport_fastrtps_c;rosidl_typesupport_introspection_c
[11.162s] -- Found rosidl_adapter: 1.3.1 (/opt/ros/foxy/share/rosidl_adapter/cmake)
[12.277s] -- Using all available rosidl_typesupport_cpp: rosidl_typesupport_fastrtps_cpp;rosidl_typesupport_introspection_cpp
[14.322s] -- Found controller_manager: 0.11.0 (/opt/ros/foxy/share/controller_manager/cmake)
[14.550s] -- Found rmw_implementation_cmake: 1.0.4 (/opt/ros/foxy/share/rmw_implementation_cmake/cmake)
[14.559s] -- Using RMW implementation 'rmw_fastrtps_cpp' as default
[17.484s] -- Configuring done
[17.950s] -- Generating done
[17.962s] -- Build files have been written to: /home/ubuntu/pi_ws/build/diffdrive_arduino
[20.869s] Invoked command in '/home/ubuntu/pi_ws/build/diffdrive_arduino' returned '0': CMAKE_PREFIX_PATH=/home/ubuntu/pi_ws/install/serial:/home/ubuntu/pi_ws/install/tank_controller:/home/ubuntu/pi_ws/install/serial_motor_demo_msgs:/home/ubuntu/pi_ws/install/diffdrive_arduino:/home/ubuntu/pi_ws/install/senior_design:/home/ubuntu/pi_ws/install/gazebo_ros2_control_demos:/home/ubuntu/pi_ws/install/gazebo_ros2_control:/home/ubuntu/pi_ws/install/serial_motor_demo:/home/ubuntu/pi_ws/install/my_package:/opt/ros/foxy /usr/bin/cmake /home/ubuntu/pi_ws/src/diffdrive_arduino -DAMENT_CMAKE_SYMLINK_INSTALL=1 -DCMAKE_INSTALL_PREFIX=/home/ubuntu/pi_ws/install/diffdrive_arduino
[20.882s] Invoking command in '/home/ubuntu/pi_ws/build/diffdrive_arduino': CMAKE_PREFIX_PATH=/home/ubuntu/pi_ws/install/serial:/home/ubuntu/pi_ws/install/tank_controller:/home/ubuntu/pi_ws/install/serial_motor_demo_msgs:/home/ubuntu/pi_ws/install/diffdrive_arduino:/home/ubuntu/pi_ws/install/senior_design:/home/ubuntu/pi_ws/install/gazebo_ros2_control_demos:/home/ubuntu/pi_ws/install/gazebo_ros2_control:/home/ubuntu/pi_ws/install/serial_motor_demo:/home/ubuntu/pi_ws/install/my_package:/opt/ros/foxy /usr/bin/cmake --build /home/ubuntu/pi_ws/build/diffdrive_arduino -- -j4 -l4
[21.414s] [ 14%] [32m[1mLinking CXX shared library libfake_robot.so[0m
[22.911s] [ 42%] Built target fake_robot
[23.694s] [ 57%] [32m[1mLinking CXX shared library libdiffdrive_arduino.so[0m
[26.093s] [100%] Built target diffdrive_arduino
[28.355s] Invoked command in '/home/ubuntu/pi_ws/build/diffdrive_arduino' returned '0': CMAKE_PREFIX_PATH=/home/ubuntu/pi_ws/install/serial:/home/ubuntu/pi_ws/install/tank_controller:/home/ubuntu/pi_ws/install/serial_motor_demo_msgs:/home/ubuntu/pi_ws/install/diffdrive_arduino:/home/ubuntu/pi_ws/install/senior_design:/home/ubuntu/pi_ws/install/gazebo_ros2_control_demos:/home/ubuntu/pi_ws/install/gazebo_ros2_control:/home/ubuntu/pi_ws/install/serial_motor_demo:/home/ubuntu/pi_ws/install/my_package:/opt/ros/foxy /usr/bin/cmake --build /home/ubuntu/pi_ws/build/diffdrive_arduino -- -j4 -l4
[28.732s] Invoking command in '/home/ubuntu/pi_ws/build/diffdrive_arduino': CMAKE_PREFIX_PATH=/home/ubuntu/pi_ws/install/serial:/home/ubuntu/pi_ws/install/tank_controller:/home/ubuntu/pi_ws/install/serial_motor_demo_msgs:/home/ubuntu/pi_ws/install/diffdrive_arduino:/home/ubuntu/pi_ws/install/senior_design:/home/ubuntu/pi_ws/install/gazebo_ros2_control_demos:/home/ubuntu/pi_ws/install/gazebo_ros2_control:/home/ubuntu/pi_ws/install/serial_motor_demo:/home/ubuntu/pi_ws/install/my_package:/opt/ros/foxy /usr/bin/cmake --install /home/ubuntu/pi_ws/build/diffdrive_arduino
[28.870s] -- Install configuration: ""
[28.874s] -- Execute custom install script
[28.876s] -- Symlinking: /home/ubuntu/pi_ws/install/diffdrive_arduino/share/diffdrive_arduino//robot_hardware.xml
[28.952s] -- Symlinking: /home/ubuntu/pi_ws/install/diffdrive_arduino/share/diffdrive_arduino//fake_robot_hardware.xml
[29.018s] -- Symlinking: /home/ubuntu/pi_ws/install/diffdrive_arduino/lib/libdiffdrive_arduino.so
[29.160s] -- Symlinking: /home/ubuntu/pi_ws/install/diffdrive_arduino/lib/libfake_robot.so
[29.314s] -- Symlinking: /home/ubuntu/pi_ws/install/diffdrive_arduino/share/diffdrive_arduino/controllers/robot_controller_example.yaml
[29.390s] -- Symlinking: /home/ubuntu/pi_ws/install/diffdrive_arduino/share/diffdrive_arduino/fake_robot.launch.py
[29.464s] -- Symlinking: /home/ubuntu/pi_ws/install/diffdrive_arduino/share/diffdrive_arduino/test_robot.launch.py
[29.519s] -- Symlinking: /home/ubuntu/pi_ws/install/diffdrive_arduino/share/diffdrive_arduino/environment/library_path.sh
[29.573s] -- Symlinking: /home/ubuntu/pi_ws/install/diffdrive_arduino/share/diffdrive_arduino/environment/library_path.dsv
[29.621s] -- Symlinking: /home/ubuntu/pi_ws/install/diffdrive_arduino/share/ament_index/resource_index/package_run_dependencies/diffdrive_arduino
[29.700s] -- Symlinking: /home/ubuntu/pi_ws/install/diffdrive_arduino/share/ament_index/resource_index/parent_prefix_path/diffdrive_arduino
[29.747s] -- Symlinking: /home/ubuntu/pi_ws/install/diffdrive_arduino/share/diffdrive_arduino/environment/ament_prefix_path.sh
[29.800s] -- Symlinking: /home/ubuntu/pi_ws/install/diffdrive_arduino/share/diffdrive_arduino/environment/ament_prefix_path.dsv
[29.850s] -- Symlinking: /home/ubuntu/pi_ws/install/diffdrive_arduino/share/diffdrive_arduino/environment/path.sh
[29.902s] -- Symlinking: /home/ubuntu/pi_ws/install/diffdrive_arduino/share/diffdrive_arduino/environment/path.dsv
[29.956s] -- Symlinking: /home/ubuntu/pi_ws/install/diffdrive_arduino/share/diffdrive_arduino/local_setup.bash
[30.011s] -- Symlinking: /home/ubuntu/pi_ws/install/diffdrive_arduino/share/diffdrive_arduino/local_setup.sh
[30.067s] -- Symlinking: /home/ubuntu/pi_ws/install/diffdrive_arduino/share/diffdrive_arduino/local_setup.zsh
[30.148s] -- Symlinking: /home/ubuntu/pi_ws/install/diffdrive_arduino/share/diffdrive_arduino/local_setup.dsv
[30.232s] -- Symlinking: /home/ubuntu/pi_ws/install/diffdrive_arduino/share/diffdrive_arduino/package.dsv
[31.541s] -- Symlinking: /home/ubuntu/pi_ws/install/diffdrive_arduino/share/ament_index/resource_index/packages/diffdrive_arduino
[31.619s] -- Symlinking: /home/ubuntu/pi_ws/install/diffdrive_arduino/share/ament_index/resource_index/hardware_interface__pluginlib__plugin/diffdrive_arduino
[31.754s] -- Symlinking: /home/ubuntu/pi_ws/install/diffdrive_arduino/share/diffdrive_arduino/cmake/ament_cmake_export_libraries-extras.cmake
[31.855s] -- Symlinking: /home/ubuntu/pi_ws/install/diffdrive_arduino/share/diffdrive_arduino/cmake/ament_cmake_export_dependencies-extras.cmake
[31.942s] -- Symlinking: /home/ubuntu/pi_ws/install/diffdrive_arduino/share/diffdrive_arduino/cmake/diffdrive_arduinoConfig.cmake
[32.010s] -- Symlinking: /home/ubuntu/pi_ws/install/diffdrive_arduino/share/diffdrive_arduino/cmake/diffdrive_arduinoConfig-version.cmake
[32.098s] -- Symlinking: /home/ubuntu/pi_ws/install/diffdrive_arduino/share/diffdrive_arduino/package.xml
[32.214s] Invoked command in '/home/ubuntu/pi_ws/build/diffdrive_arduino' returned '0': CMAKE_PREFIX_PATH=/home/ubuntu/pi_ws/install/serial:/home/ubuntu/pi_ws/install/tank_controller:/home/ubuntu/pi_ws/install/serial_motor_demo_msgs:/home/ubuntu/pi_ws/install/diffdrive_arduino:/home/ubuntu/pi_ws/install/senior_design:/home/ubuntu/pi_ws/install/gazebo_ros2_control_demos:/home/ubuntu/pi_ws/install/gazebo_ros2_control:/home/ubuntu/pi_ws/install/serial_motor_demo:/home/ubuntu/pi_ws/install/my_package:/opt/ros/foxy /usr/bin/cmake --install /home/ubuntu/pi_ws/build/diffdrive_arduino
