[7.008s] DEBUG:colcon:Command line arguments: ['/usr/bin/colcon', 'build', '--symlink-install']
[7.008s] DEBUG:colcon:Parsed command line arguments: Namespace(allow_overriding=[], ament_cmake_args=None, base_paths=['.'], build_base='build', catkin_cmake_args=None, catkin_skip_building_tests=False, cmake_args=None, cmake_clean_cache=False, cmake_clean_first=False, cmake_force_configure=False, cmake_target=None, cmake_target_skip_unavailable=False, continue_on_error=False, event_handlers=None, executor='parallel', ignore_user_meta=False, install_base='install', log_base=None, log_level=None, main=<bound method BuildVerb.main of <colcon_core.verb.build.BuildVerb object at 0xffff89121340>>, merge_install=False, metas=['./colcon.meta'], packages_above=None, packages_above_and_dependencies=None, packages_above_depth=None, packages_end=None, packages_ignore=None, packages_ignore_regex=None, packages_select=None, packages_select_build_failed=False, packages_select_by_dep=None, packages_select_regex=None, packages_select_test_failures=False, packages_skip=None, packages_skip_build_finished=False, packages_skip_by_dep=None, packages_skip_regex=None, packages_skip_test_passed=False, packages_skip_up_to=None, packages_start=None, packages_up_to=None, packages_up_to_regex=None, parallel_workers=4, paths=None, symlink_install=True, test_result_base=None, verb_extension=<colcon_core.verb.build.BuildVerb object at 0xffff89121340>, verb_name='build', verb_parser=<colcon_defaults.argument_parser.defaults.DefaultArgumentsDecorator object at 0xffff88c152e0>)
[7.346s] Level 1:colcon.colcon_core.package_discovery:discover_packages(colcon_meta) check parameters
[7.346s] Level 1:colcon.colcon_core.package_discovery:discover_packages(recursive) check parameters
[7.347s] Level 1:colcon.colcon_core.package_discovery:discover_packages(ignore) check parameters
[7.347s] Level 1:colcon.colcon_core.package_discovery:discover_packages(path) check parameters
[7.347s] Level 1:colcon.colcon_core.package_discovery:discover_packages(colcon_meta) discover
[7.347s] Level 1:colcon.colcon_core.package_discovery:discover_packages(recursive) discover
[7.347s] INFO:colcon.colcon_core.package_discovery:Crawling recursively for packages in '/home/ubuntu/pi_ws'
[7.348s] Level 1:colcon.colcon_core.package_identification:_identify(.) by extensions ['ignore', 'ignore_ament_install']
[7.348s] Level 1:colcon.colcon_core.package_identification:_identify(.) by extension 'ignore'
[7.348s] Level 1:colcon.colcon_core.package_identification:_identify(.) by extension 'ignore_ament_install'
[7.348s] Level 1:colcon.colcon_core.package_identification:_identify(.) by extensions ['colcon_pkg']
[7.348s] Level 1:colcon.colcon_core.package_identification:_identify(.) by extension 'colcon_pkg'
[7.349s] Level 1:colcon.colcon_core.package_identification:_identify(.) by extensions ['colcon_meta']
[7.349s] Level 1:colcon.colcon_core.package_identification:_identify(.) by extension 'colcon_meta'
[7.349s] Level 1:colcon.colcon_core.package_identification:_identify(.) by extensions ['ros']
[7.349s] Level 1:colcon.colcon_core.package_identification:_identify(.) by extension 'ros'
[7.389s] Level 1:colcon.colcon_core.package_identification:_identify(.) by extensions ['cmake', 'python']
[7.389s] Level 1:colcon.colcon_core.package_identification:_identify(.) by extension 'cmake'
[7.389s] Level 1:colcon.colcon_core.package_identification:_identify(.) by extension 'python'
[7.389s] Level 1:colcon.colcon_core.package_identification:_identify(.) by extensions ['python_setup_py']
[7.389s] Level 1:colcon.colcon_core.package_identification:_identify(.) by extension 'python_setup_py'
[7.390s] Level 1:colcon.colcon_core.package_identification:_identify(build) by extensions ['ignore', 'ignore_ament_install']
[7.390s] Level 1:colcon.colcon_core.package_identification:_identify(build) by extension 'ignore'
[7.390s] Level 1:colcon.colcon_core.package_identification:_identify(build) ignored
[7.391s] Level 1:colcon.colcon_core.package_identification:_identify(install) by extensions ['ignore', 'ignore_ament_install']
[7.391s] Level 1:colcon.colcon_core.package_identification:_identify(install) by extension 'ignore'
[7.391s] Level 1:colcon.colcon_core.package_identification:_identify(install) ignored
[7.392s] Level 1:colcon.colcon_core.package_identification:_identify(log) by extensions ['ignore', 'ignore_ament_install']
[7.392s] Level 1:colcon.colcon_core.package_identification:_identify(log) by extension 'ignore'
[7.392s] Level 1:colcon.colcon_core.package_identification:_identify(log) ignored
[7.393s] Level 1:colcon.colcon_core.package_identification:_identify(src) by extensions ['ignore', 'ignore_ament_install']
[7.393s] Level 1:colcon.colcon_core.package_identification:_identify(src) by extension 'ignore'
[7.393s] Level 1:colcon.colcon_core.package_identification:_identify(src) by extension 'ignore_ament_install'
[7.393s] Level 1:colcon.colcon_core.package_identification:_identify(src) by extensions ['colcon_pkg']
[7.393s] Level 1:colcon.colcon_core.package_identification:_identify(src) by extension 'colcon_pkg'
[7.393s] Level 1:colcon.colcon_core.package_identification:_identify(src) by extensions ['colcon_meta']
[7.394s] Level 1:colcon.colcon_core.package_identification:_identify(src) by extension 'colcon_meta'
[7.394s] Level 1:colcon.colcon_core.package_identification:_identify(src) by extensions ['ros']
[7.394s] Level 1:colcon.colcon_core.package_identification:_identify(src) by extension 'ros'
[7.394s] Level 1:colcon.colcon_core.package_identification:_identify(src) by extensions ['cmake', 'python']
[7.394s] Level 1:colcon.colcon_core.package_identification:_identify(src) by extension 'cmake'
[7.394s] Level 1:colcon.colcon_core.package_identification:_identify(src) by extension 'python'
[7.395s] Level 1:colcon.colcon_core.package_identification:_identify(src) by extensions ['python_setup_py']
[7.395s] Level 1:colcon.colcon_core.package_identification:_identify(src) by extension 'python_setup_py'
[7.395s] Level 1:colcon.colcon_core.package_identification:_identify(src/senior_design) by extensions ['ignore', 'ignore_ament_install']
[7.396s] Level 1:colcon.colcon_core.package_identification:_identify(src/senior_design) by extension 'ignore'
[7.396s] Level 1:colcon.colcon_core.package_identification:_identify(src/senior_design) by extension 'ignore_ament_install'
[7.396s] Level 1:colcon.colcon_core.package_identification:_identify(src/senior_design) by extensions ['colcon_pkg']
[7.396s] Level 1:colcon.colcon_core.package_identification:_identify(src/senior_design) by extension 'colcon_pkg'
[7.396s] Level 1:colcon.colcon_core.package_identification:_identify(src/senior_design) by extensions ['colcon_meta']
[7.396s] Level 1:colcon.colcon_core.package_identification:_identify(src/senior_design) by extension 'colcon_meta'
[7.396s] Level 1:colcon.colcon_core.package_identification:_identify(src/senior_design) by extensions ['ros']
[7.397s] Level 1:colcon.colcon_core.package_identification:_identify(src/senior_design) by extension 'ros'
[7.404s] DEBUG:colcon.colcon_core.package_identification:Package 'src/senior_design' with type 'ros.ament_cmake' and name 'senior_design'
[7.405s] Level 1:colcon.colcon_core.package_discovery:discover_packages(recursive) using defaults
[7.405s] Level 1:colcon.colcon_core.package_discovery:discover_packages(ignore) discover
[7.405s] Level 1:colcon.colcon_core.package_discovery:discover_packages(ignore) using defaults
[7.405s] Level 1:colcon.colcon_core.package_discovery:discover_packages(path) discover
[7.405s] Level 1:colcon.colcon_core.package_discovery:discover_packages(path) using defaults
[8.037s] Level 1:colcon.colcon_core.package_discovery:discover_packages(prefix_path) check parameters
[8.037s] Level 1:colcon.colcon_core.package_discovery:discover_packages(prefix_path) discover
[8.274s] DEBUG:colcon.colcon_installed_package_information.package_discovery:Found 171 installed packages in /opt/ros/foxy
[8.278s] Level 1:colcon.colcon_core.package_discovery:discover_packages(prefix_path) using defaults
[8.692s] Level 5:colcon.colcon_core.verb:set package 'senior_design' build argument 'cmake_args' from command line to 'None'
[8.693s] Level 5:colcon.colcon_core.verb:set package 'senior_design' build argument 'cmake_target' from command line to 'None'
[8.693s] Level 5:colcon.colcon_core.verb:set package 'senior_design' build argument 'cmake_target_skip_unavailable' from command line to 'False'
[8.693s] Level 5:colcon.colcon_core.verb:set package 'senior_design' build argument 'cmake_clean_cache' from command line to 'False'
[8.693s] Level 5:colcon.colcon_core.verb:set package 'senior_design' build argument 'cmake_clean_first' from command line to 'False'
[8.693s] Level 5:colcon.colcon_core.verb:set package 'senior_design' build argument 'cmake_force_configure' from command line to 'False'
[8.693s] Level 5:colcon.colcon_core.verb:set package 'senior_design' build argument 'ament_cmake_args' from command line to 'None'
[8.693s] Level 5:colcon.colcon_core.verb:set package 'senior_design' build argument 'catkin_cmake_args' from command line to 'None'
[8.693s] Level 5:colcon.colcon_core.verb:set package 'senior_design' build argument 'catkin_skip_building_tests' from command line to 'False'
[8.693s] DEBUG:colcon.colcon_core.verb:Building package 'senior_design' with the following arguments: {'ament_cmake_args': None, 'build_base': '/home/ubuntu/pi_ws/build/senior_design', 'catkin_cmake_args': None, 'catkin_skip_building_tests': False, 'cmake_args': None, 'cmake_clean_cache': False, 'cmake_clean_first': False, 'cmake_force_configure': False, 'cmake_target': None, 'cmake_target_skip_unavailable': False, 'install_base': '/home/ubuntu/pi_ws/install/senior_design', 'merge_install': False, 'path': '/home/ubuntu/pi_ws/src/senior_design', 'symlink_install': True, 'test_result_base': None}
[8.809s] INFO:colcon.colcon_core.executor:Executing jobs using 'parallel' executor
[8.928s] DEBUG:colcon.colcon_parallel_executor.executor.parallel:run_until_complete
[8.929s] INFO:colcon.colcon_ros.task.ament_cmake.build:Building ROS package in '/home/ubuntu/pi_ws/src/senior_design' with build type 'ament_cmake'
[8.929s] INFO:colcon.colcon_cmake.task.cmake.build:Building CMake package in '/home/ubuntu/pi_ws/src/senior_design'
[9.055s] INFO:colcon.colcon_core.plugin_system:Skipping extension 'colcon_core.shell.bat': Not used on non-Windows systems
[9.056s] INFO:colcon.colcon_core.shell:Skip shell extension 'powershell' for command environment: Not usable outside of PowerShell
[9.057s] DEBUG:colcon.colcon_core.shell:Skip shell extension 'dsv' for command environment
[9.360s] DEBUG:colcon.colcon_core.event_handler.log_command:Invoking command in '/home/ubuntu/pi_ws/build/senior_design': CMAKE_PREFIX_PATH=/opt/ros/foxy /usr/bin/cmake --build /home/ubuntu/pi_ws/build/senior_design -- -j4 -l4
[9.509s] DEBUG:colcon.colcon_core.event_handler.log_command:Invoked command in '/home/ubuntu/pi_ws/build/senior_design' returned '0': CMAKE_PREFIX_PATH=/opt/ros/foxy /usr/bin/cmake --build /home/ubuntu/pi_ws/build/senior_design -- -j4 -l4
[9.646s] DEBUG:colcon.colcon_core.event_handler.log_command:Invoking command in '/home/ubuntu/pi_ws/build/senior_design': CMAKE_PREFIX_PATH=/opt/ros/foxy /usr/bin/cmake --install /home/ubuntu/pi_ws/build/senior_design
[9.738s] Level 1:colcon.colcon_core.environment:create_environment_scripts_only(senior_design)
[9.739s] DEBUG:colcon.colcon_core.event_handler.log_command:Invoked command in '/home/ubuntu/pi_ws/build/senior_design' returned '0': CMAKE_PREFIX_PATH=/opt/ros/foxy /usr/bin/cmake --install /home/ubuntu/pi_ws/build/senior_design
[9.871s] Level 1:colcon.colcon_core.environment:checking '/home/ubuntu/pi_ws/install/senior_design' for CMake module files
[9.874s] Level 1:colcon.colcon_core.environment:checking '/home/ubuntu/pi_ws/install/senior_design' for CMake config files
[9.876s] Level 1:colcon.colcon_core.shell:create_environment_hook('senior_design', 'cmake_prefix_path')
[9.996s] INFO:colcon.colcon_core.shell:Creating environment hook '/home/ubuntu/pi_ws/install/senior_design/share/senior_design/hook/cmake_prefix_path.ps1'
[9.998s] INFO:colcon.colcon_core.shell:Creating environment descriptor '/home/ubuntu/pi_ws/install/senior_design/share/senior_design/hook/cmake_prefix_path.dsv'
[10.000s] INFO:colcon.colcon_core.shell:Creating environment hook '/home/ubuntu/pi_ws/install/senior_design/share/senior_design/hook/cmake_prefix_path.sh'
[10.003s] Level 1:colcon.colcon_core.environment:checking '/home/ubuntu/pi_ws/install/senior_design/bin'
[10.004s] Level 1:colcon.colcon_core.environment:checking '/home/ubuntu/pi_ws/install/senior_design/lib/pkgconfig/senior_design.pc'
[10.005s] Level 1:colcon.colcon_core.environment:checking '/home/ubuntu/pi_ws/install/senior_design/lib/python3.8/site-packages'
[10.005s] Level 1:colcon.colcon_core.environment:checking '/home/ubuntu/pi_ws/install/senior_design/bin'
[10.124s] INFO:colcon.colcon_core.shell:Creating package script '/home/ubuntu/pi_ws/install/senior_design/share/senior_design/package.ps1'
[10.127s] INFO:colcon.colcon_core.shell:Creating package descriptor '/home/ubuntu/pi_ws/install/senior_design/share/senior_design/package.dsv'
[10.129s] INFO:colcon.colcon_core.shell:Creating package script '/home/ubuntu/pi_ws/install/senior_design/share/senior_design/package.sh'
[10.132s] INFO:colcon.colcon_core.shell:Creating package script '/home/ubuntu/pi_ws/install/senior_design/share/senior_design/package.bash'
[10.135s] INFO:colcon.colcon_core.shell:Creating package script '/home/ubuntu/pi_ws/install/senior_design/share/senior_design/package.zsh'
[10.137s] Level 1:colcon.colcon_core.environment:create_file_with_runtime_dependencies(/home/ubuntu/pi_ws/install/senior_design/share/colcon-core/packages/senior_design)
[10.352s] Level 1:colcon.colcon_core.environment:create_environment_scripts_only(senior_design)
[10.472s] Level 1:colcon.colcon_core.environment:checking '/home/ubuntu/pi_ws/install/senior_design' for CMake module files
[10.475s] Level 1:colcon.colcon_core.environment:checking '/home/ubuntu/pi_ws/install/senior_design' for CMake config files
[10.477s] Level 1:colcon.colcon_core.shell:create_environment_hook('senior_design', 'cmake_prefix_path')
[10.596s] INFO:colcon.colcon_core.shell:Creating environment hook '/home/ubuntu/pi_ws/install/senior_design/share/senior_design/hook/cmake_prefix_path.ps1'
[10.598s] INFO:colcon.colcon_core.shell:Creating environment descriptor '/home/ubuntu/pi_ws/install/senior_design/share/senior_design/hook/cmake_prefix_path.dsv'
[10.600s] INFO:colcon.colcon_core.shell:Creating environment hook '/home/ubuntu/pi_ws/install/senior_design/share/senior_design/hook/cmake_prefix_path.sh'
[10.602s] Level 1:colcon.colcon_core.environment:checking '/home/ubuntu/pi_ws/install/senior_design/bin'
[10.602s] Level 1:colcon.colcon_core.environment:checking '/home/ubuntu/pi_ws/install/senior_design/lib/pkgconfig/senior_design.pc'
[10.603s] Level 1:colcon.colcon_core.environment:checking '/home/ubuntu/pi_ws/install/senior_design/lib/python3.8/site-packages'
[10.604s] Level 1:colcon.colcon_core.environment:checking '/home/ubuntu/pi_ws/install/senior_design/bin'
[10.723s] INFO:colcon.colcon_core.shell:Creating package script '/home/ubuntu/pi_ws/install/senior_design/share/senior_design/package.ps1'
[10.725s] INFO:colcon.colcon_core.shell:Creating package descriptor '/home/ubuntu/pi_ws/install/senior_design/share/senior_design/package.dsv'
[10.727s] INFO:colcon.colcon_core.shell:Creating package script '/home/ubuntu/pi_ws/install/senior_design/share/senior_design/package.sh'
[10.729s] INFO:colcon.colcon_core.shell:Creating package script '/home/ubuntu/pi_ws/install/senior_design/share/senior_design/package.bash'
[10.731s] INFO:colcon.colcon_core.shell:Creating package script '/home/ubuntu/pi_ws/install/senior_design/share/senior_design/package.zsh'
[10.733s] Level 1:colcon.colcon_core.environment:create_file_with_runtime_dependencies(/home/ubuntu/pi_ws/install/senior_design/share/colcon-core/packages/senior_design)
[10.734s] DEBUG:colcon.colcon_parallel_executor.executor.parallel:closing loop
[10.735s] DEBUG:colcon.colcon_parallel_executor.executor.parallel:loop closed
[10.735s] DEBUG:colcon.colcon_parallel_executor.executor.parallel:run_until_complete finished with '0'
[10.735s] DEBUG:colcon.colcon_core.event_reactor:joining thread
[10.873s] INFO:colcon.colcon_core.plugin_system:Skipping extension 'colcon_notification.desktop_notification.notify_send': Could not find 'notify-send'
[10.874s] INFO:colcon.colcon_core.plugin_system:Skipping extension 'colcon_notification.desktop_notification.terminal_notifier': Not used on non-Darwin systems
[10.874s] INFO:colcon.colcon_core.plugin_system:Skipping extension 'colcon_notification.desktop_notification.win32': Not used on non-Windows systems
[10.874s] INFO:colcon.colcon_notification.desktop_notification:Sending desktop notification using 'notify2'
[10.877s] DEBUG:colcon.colcon_notification.desktop_notification.notify2:Failed to initialize notify2: org.freedesktop.DBus.Error.ServiceUnknown: The name org.freedesktop.Notifications was not provided by any .service files
[10.877s] DEBUG:colcon.colcon_core.event_reactor:joined thread
[10.999s] INFO:colcon.colcon_core.shell:Creating prefix script '/home/ubuntu/pi_ws/install/local_setup.ps1'
[11.002s] INFO:colcon.colcon_core.shell:Creating prefix util module '/home/ubuntu/pi_ws/install/_local_setup_util_ps1.py'
[11.007s] INFO:colcon.colcon_core.shell:Creating prefix chain script '/home/ubuntu/pi_ws/install/setup.ps1'
[11.128s] INFO:colcon.colcon_core.shell:Creating prefix script '/home/ubuntu/pi_ws/install/local_setup.sh'
[11.130s] INFO:colcon.colcon_core.shell:Creating prefix util module '/home/ubuntu/pi_ws/install/_local_setup_util_sh.py'
[11.132s] INFO:colcon.colcon_core.shell:Creating prefix chain script '/home/ubuntu/pi_ws/install/setup.sh'
[11.253s] INFO:colcon.colcon_core.shell:Creating prefix script '/home/ubuntu/pi_ws/install/local_setup.bash'
[11.255s] INFO:colcon.colcon_core.shell:Creating prefix chain script '/home/ubuntu/pi_ws/install/setup.bash'
[11.376s] INFO:colcon.colcon_core.shell:Creating prefix script '/home/ubuntu/pi_ws/install/local_setup.zsh'
[11.378s] INFO:colcon.colcon_core.shell:Creating prefix chain script '/home/ubuntu/pi_ws/install/setup.zsh'
