[7.006s] Invoking command in '/home/ubuntu/pi_ws/src/ros2_detection/my_package': PYTHONPATH=/home/ubuntu/pi_ws/build/my_package/prefix_override:/home/ubuntu/pi_ws/install/my_package/lib/python3.8/site-packages:${PYTHONPATH} /usr/bin/python3 setup.py egg_info --egg-base ../../../build/my_package build --build-base /home/ubuntu/pi_ws/build/my_package/build install --record /home/ubuntu/pi_ws/build/my_package/install.log --install-scripts $base/lib/my_package --single-version-externally-managed
[8.637s] running egg_info
[8.639s] writing ../../../build/my_package/my_package.egg-info/PKG-INFO
[8.640s] writing dependency_links to ../../../build/my_package/my_package.egg-info/dependency_links.txt
[8.641s] writing entry points to ../../../build/my_package/my_package.egg-info/entry_points.txt
[8.642s] writing requirements to ../../../build/my_package/my_package.egg-info/requires.txt
[8.643s] writing top-level names to ../../../build/my_package/my_package.egg-info/top_level.txt
[8.773s] reading manifest file '../../../build/my_package/my_package.egg-info/SOURCES.txt'
[8.777s] writing manifest file '../../../build/my_package/my_package.egg-info/SOURCES.txt'
[8.777s] running build
[8.778s] running build_py
[8.778s] copying my_package/detection.py -> /home/ubuntu/pi_ws/build/my_package/build/lib/my_package
[8.781s] running install
[8.784s] running install_lib
[8.788s] copying /home/ubuntu/pi_ws/build/my_package/build/lib/my_package/detection.py -> /home/ubuntu/pi_ws/install/my_package/lib/python3.8/site-packages/my_package
[8.792s] byte-compiling /home/ubuntu/pi_ws/install/my_package/lib/python3.8/site-packages/my_package/detection.py to detection.cpython-38.pyc
[8.800s] running install_data
[8.803s] running install_egg_info
[8.808s] removing '/home/ubuntu/pi_ws/install/my_package/lib/python3.8/site-packages/my_package-0.0.0-py3.8.egg-info' (and everything under it)
[8.810s] Copying ../../../build/my_package/my_package.egg-info to /home/ubuntu/pi_ws/install/my_package/lib/python3.8/site-packages/my_package-0.0.0-py3.8.egg-info
[8.816s] running install_scripts
[8.963s] Installing controller script to /home/ubuntu/pi_ws/install/my_package/lib/my_package
[8.965s] Installing detection script to /home/ubuntu/pi_ws/install/my_package/lib/my_package
[8.966s] Installing display script to /home/ubuntu/pi_ws/install/my_package/lib/my_package
[8.970s] writing list of installed files to '/home/ubuntu/pi_ws/build/my_package/install.log'
[9.277s] Invoked command in '/home/ubuntu/pi_ws/src/ros2_detection/my_package' returned '0': PYTHONPATH=/home/ubuntu/pi_ws/build/my_package/prefix_override:/home/ubuntu/pi_ws/install/my_package/lib/python3.8/site-packages:${PYTHONPATH} /usr/bin/python3 setup.py egg_info --egg-base ../../../build/my_package build --build-base /home/ubuntu/pi_ws/build/my_package/build install --record /home/ubuntu/pi_ws/build/my_package/install.log --install-scripts $base/lib/my_package --single-version-externally-managed
