[3.244s] Invoking command in '/home/ubuntu/pi_ws/build/serial': CMAKE_PREFIX_PATH=${CMAKE_PREFIX_PATH}:/home/ubuntu/pi_ws/install/serial_motor_demo:/home/ubuntu/pi_ws/install/my_package:/opt/ros/foxy /usr/bin/cmake --build /home/ubuntu/pi_ws/build/serial -- -j4 -l4
[4.231s] [ 14%] Built target gtest_main
[4.303s] [ 42%] Built target serial
[4.390s] [ 57%] Built target gtest
[4.743s] [ 71%] Built target serial_example
[4.835s] [ 85%] Built target serial-test-timer
[4.928s] [100%] Built target serial-test
[6.777s] Invoked command in '/home/ubuntu/pi_ws/build/serial' returned '0': CMAKE_PREFIX_PATH=${CMAKE_PREFIX_PATH}:/home/ubuntu/pi_ws/install/serial_motor_demo:/home/ubuntu/pi_ws/install/my_package:/opt/ros/foxy /usr/bin/cmake --build /home/ubuntu/pi_ws/build/serial -- -j4 -l4
[7.273s] Invoking command in '/home/ubuntu/pi_ws/build/serial': CMAKE_PREFIX_PATH=${CMAKE_PREFIX_PATH}:/home/ubuntu/pi_ws/install/serial_motor_demo:/home/ubuntu/pi_ws/install/my_package:/opt/ros/foxy /usr/bin/cmake --install /home/ubuntu/pi_ws/build/serial
[7.414s] -- Install configuration: ""
[7.415s] -- Up-to-date: /home/ubuntu/pi_ws/install/serial/lib/libserial.a
[7.416s] -- Up-to-date: /home/ubuntu/pi_ws/install/serial/include/serial/serial.h
[7.416s] -- Up-to-date: /home/ubuntu/pi_ws/install/serial/include/serial/v8stdint.h
[7.417s] -- Up-to-date: /home/ubuntu/pi_ws/install/serial/share/serial/environment/library_path.sh
[7.418s] -- Up-to-date: /home/ubuntu/pi_ws/install/serial/share/serial/environment/library_path.dsv
[7.431s] -- Up-to-date: /home/ubuntu/pi_ws/install/serial/share/ament_index/resource_index/package_run_dependencies/serial
[7.432s] -- Up-to-date: /home/ubuntu/pi_ws/install/serial/share/ament_index/resource_index/parent_prefix_path/serial
[7.433s] -- Up-to-date: /home/ubuntu/pi_ws/install/serial/share/serial/environment/ament_prefix_path.sh
[7.433s] -- Up-to-date: /home/ubuntu/pi_ws/install/serial/share/serial/environment/ament_prefix_path.dsv
[7.434s] -- Up-to-date: /home/ubuntu/pi_ws/install/serial/share/serial/environment/path.sh
[7.435s] -- Up-to-date: /home/ubuntu/pi_ws/install/serial/share/serial/environment/path.dsv
[7.436s] -- Up-to-date: /home/ubuntu/pi_ws/install/serial/share/serial/local_setup.bash
[7.437s] -- Up-to-date: /home/ubuntu/pi_ws/install/serial/share/serial/local_setup.sh
[7.438s] -- Up-to-date: /home/ubuntu/pi_ws/install/serial/share/serial/local_setup.zsh
[7.438s] -- Up-to-date: /home/ubuntu/pi_ws/install/serial/share/serial/local_setup.dsv
[7.439s] -- Installing: /home/ubuntu/pi_ws/install/serial/share/serial/package.dsv
[7.439s] -- Up-to-date: /home/ubuntu/pi_ws/install/serial/share/ament_index/resource_index/packages/serial
[7.440s] -- Up-to-date: /home/ubuntu/pi_ws/install/serial/share/serial/cmake/ament_cmake_export_include_directories-extras.cmake
[7.441s] -- Up-to-date: /home/ubuntu/pi_ws/install/serial/share/serial/cmake/ament_cmake_export_libraries-extras.cmake
[7.441s] -- Up-to-date: /home/ubuntu/pi_ws/install/serial/share/serial/cmake/serialConfig.cmake
[7.442s] -- Up-to-date: /home/ubuntu/pi_ws/install/serial/share/serial/cmake/serialConfig-version.cmake
[7.443s] -- Up-to-date: /home/ubuntu/pi_ws/install/serial/share/serial/package.xml
[9.728s] Invoked command in '/home/ubuntu/pi_ws/build/serial' returned '0': CMAKE_PREFIX_PATH=${CMAKE_PREFIX_PATH}:/home/ubuntu/pi_ws/install/serial_motor_demo:/home/ubuntu/pi_ws/install/my_package:/opt/ros/foxy /usr/bin/cmake --install /home/ubuntu/pi_ws/build/serial
