[6.931s] Invoking command in '/home/ubuntu/pi_ws/src/ros2_detection/my_package': PYTHONPATH=/home/ubuntu/pi_ws/build/my_package/prefix_override:/home/ubuntu/pi_ws/install/my_package/lib/python3.8/site-packages:${PYTHONPATH} /usr/bin/python3 setup.py egg_info --egg-base ../../../build/my_package build --build-base /home/ubuntu/pi_ws/build/my_package/build install --record /home/ubuntu/pi_ws/build/my_package/install.log --install-scripts $base/lib/my_package --single-version-externally-managed
[8.304s] running egg_info
[8.307s] creating ../../../build/my_package/my_package.egg-info
[8.309s] writing ../../../build/my_package/my_package.egg-info/PKG-INFO
[8.313s] writing dependency_links to ../../../build/my_package/my_package.egg-info/dependency_links.txt
[8.317s] writing entry points to ../../../build/my_package/my_package.egg-info/entry_points.txt
[8.322s] writing requirements to ../../../build/my_package/my_package.egg-info/requires.txt
[8.324s] writing top-level names to ../../../build/my_package/my_package.egg-info/top_level.txt
[8.334s] writing manifest file '../../../build/my_package/my_package.egg-info/SOURCES.txt'
[8.553s] reading manifest file '../../../build/my_package/my_package.egg-info/SOURCES.txt'
[8.558s] writing manifest file '../../../build/my_package/my_package.egg-info/SOURCES.txt'
[8.563s] running build
[8.564s] running build_py
[8.565s] creating /home/ubuntu/pi_ws/build/my_package/build
[8.566s] creating /home/ubuntu/pi_ws/build/my_package/build/lib
[8.566s] creating /home/ubuntu/pi_ws/build/my_package/build/lib/my_package
[8.568s] copying my_package/detection.py -> /home/ubuntu/pi_ws/build/my_package/build/lib/my_package
[8.569s] copying my_package/display.py -> /home/ubuntu/pi_ws/build/my_package/build/lib/my_package
[8.569s] copying my_package/controller.py -> /home/ubuntu/pi_ws/build/my_package/build/lib/my_package
[8.570s] copying my_package/__init__.py -> /home/ubuntu/pi_ws/build/my_package/build/lib/my_package
[8.579s] creating /home/ubuntu/pi_ws/build/my_package/build/lib/my_package/models
[8.582s] copying my_package/models/yolov3-tiny.cfg -> /home/ubuntu/pi_ws/build/my_package/build/lib/my_package/models
[8.583s] copying my_package/models/yolov3-tiny.weights -> /home/ubuntu/pi_ws/build/my_package/build/lib/my_package/models
[8.783s] copying my_package/models/coco.names -> /home/ubuntu/pi_ws/build/my_package/build/lib/my_package/models
[8.786s] running install
[8.793s] running install_lib
[8.801s] creating /home/ubuntu/pi_ws/install/my_package/lib/python3.8/site-packages/my_package
[8.804s] copying /home/ubuntu/pi_ws/build/my_package/build/lib/my_package/detection.py -> /home/ubuntu/pi_ws/install/my_package/lib/python3.8/site-packages/my_package
[8.809s] copying /home/ubuntu/pi_ws/build/my_package/build/lib/my_package/display.py -> /home/ubuntu/pi_ws/install/my_package/lib/python3.8/site-packages/my_package
[8.815s] copying /home/ubuntu/pi_ws/build/my_package/build/lib/my_package/controller.py -> /home/ubuntu/pi_ws/install/my_package/lib/python3.8/site-packages/my_package
[8.820s] creating /home/ubuntu/pi_ws/install/my_package/lib/python3.8/site-packages/my_package/models
[8.823s] copying /home/ubuntu/pi_ws/build/my_package/build/lib/my_package/models/coco.names -> /home/ubuntu/pi_ws/install/my_package/lib/python3.8/site-packages/my_package/models
[8.829s] copying /home/ubuntu/pi_ws/build/my_package/build/lib/my_package/models/yolov3-tiny.cfg -> /home/ubuntu/pi_ws/install/my_package/lib/python3.8/site-packages/my_package/models
[8.834s] copying /home/ubuntu/pi_ws/build/my_package/build/lib/my_package/models/yolov3-tiny.weights -> /home/ubuntu/pi_ws/install/my_package/lib/python3.8/site-packages/my_package/models
[9.446s] copying /home/ubuntu/pi_ws/build/my_package/build/lib/my_package/__init__.py -> /home/ubuntu/pi_ws/install/my_package/lib/python3.8/site-packages/my_package
[9.468s] byte-compiling /home/ubuntu/pi_ws/install/my_package/lib/python3.8/site-packages/my_package/detection.py to detection.cpython-38.pyc
[9.490s] byte-compiling /home/ubuntu/pi_ws/install/my_package/lib/python3.8/site-packages/my_package/display.py to display.cpython-38.pyc
[9.496s] byte-compiling /home/ubuntu/pi_ws/install/my_package/lib/python3.8/site-packages/my_package/controller.py to controller.cpython-38.pyc
[9.514s] byte-compiling /home/ubuntu/pi_ws/install/my_package/lib/python3.8/site-packages/my_package/__init__.py to __init__.cpython-38.pyc
[9.520s] running install_data
[9.524s] creating /home/ubuntu/pi_ws/install/my_package/share/ament_index
[9.532s] creating /home/ubuntu/pi_ws/install/my_package/share/ament_index/resource_index
[9.533s] creating /home/ubuntu/pi_ws/install/my_package/share/ament_index/resource_index/packages
[9.536s] copying resource/my_package -> /home/ubuntu/pi_ws/install/my_package/share/ament_index/resource_index/packages
[9.538s] copying package.xml -> /home/ubuntu/pi_ws/install/my_package/share/my_package
[9.541s] creating /home/ubuntu/pi_ws/install/my_package/share/my_package/launch
[9.543s] copying launch/detection_launch.py -> /home/ubuntu/pi_ws/install/my_package/share/my_package/launch
[9.545s] creating /home/ubuntu/pi_ws/install/my_package/lib/my_package
[9.547s] creating /home/ubuntu/pi_ws/install/my_package/lib/my_package/models
[9.550s] copying my_package/models/yolov3-tiny.weights -> /home/ubuntu/pi_ws/install/my_package/lib/my_package/models
[10.312s] copying my_package/models/yolov3-tiny.cfg -> /home/ubuntu/pi_ws/install/my_package/lib/my_package/models
[10.316s] copying my_package/models/coco.names -> /home/ubuntu/pi_ws/install/my_package/lib/my_package/models
[10.317s] copying my_package/controller.py -> /home/ubuntu/pi_ws/install/my_package/lib/my_package
[10.317s] running install_egg_info
[10.336s] Copying ../../../build/my_package/my_package.egg-info to /home/ubuntu/pi_ws/install/my_package/lib/python3.8/site-packages/my_package-0.0.0-py3.8.egg-info
[10.382s] running install_scripts
[10.658s] Installing controller script to /home/ubuntu/pi_ws/install/my_package/lib/my_package
[10.670s] Installing detection script to /home/ubuntu/pi_ws/install/my_package/lib/my_package
[10.674s] Installing display script to /home/ubuntu/pi_ws/install/my_package/lib/my_package
[10.685s] writing list of installed files to '/home/ubuntu/pi_ws/build/my_package/install.log'
[10.973s] Invoked command in '/home/ubuntu/pi_ws/src/ros2_detection/my_package' returned '0': PYTHONPATH=/home/ubuntu/pi_ws/build/my_package/prefix_override:/home/ubuntu/pi_ws/install/my_package/lib/python3.8/site-packages:${PYTHONPATH} /usr/bin/python3 setup.py egg_info --egg-base ../../../build/my_package build --build-base /home/ubuntu/pi_ws/build/my_package/build install --record /home/ubuntu/pi_ws/build/my_package/install.log --install-scripts $base/lib/my_package --single-version-externally-managed
