[1.296s] Invoking command in '/home/ubuntu/pi_ws/build/diffdrive_arduino': CMAKE_PREFIX_PATH=/home/ubuntu/pi_ws/install/serial:/home/ubuntu/pi_ws/install/gazebo_ros2_control_demos:/home/ubuntu/pi_ws/install/gazebo_ros2_control:/home/ubuntu/pi_ws/install/serial_motor_demo_msgs:/home/ubuntu/pi_ws/install/diffdrive_arduino:/home/ubuntu/pi_ws/install/senior_design1:/home/ubuntu/pi_ws/install/articubot_one:/home/ubuntu/pi_ws/install/serial_motor_demo:/opt/ros/foxy /usr/bin/cmake --build /home/ubuntu/pi_ws/build/diffdrive_arduino -- -j4 -l4
[1.617s] [ 42%] Built target fake_robot
[1.636s] [100%] Built target diffdrive_arduino
[2.102s] Invoked command in '/home/ubuntu/pi_ws/build/diffdrive_arduino' returned '0': CMAKE_PREFIX_PATH=/home/ubuntu/pi_ws/install/serial:/home/ubuntu/pi_ws/install/gazebo_ros2_control_demos:/home/ubuntu/pi_ws/install/gazebo_ros2_control:/home/ubuntu/pi_ws/install/serial_motor_demo_msgs:/home/ubuntu/pi_ws/install/diffdrive_arduino:/home/ubuntu/pi_ws/install/senior_design1:/home/ubuntu/pi_ws/install/articubot_one:/home/ubuntu/pi_ws/install/serial_motor_demo:/opt/ros/foxy /usr/bin/cmake --build /home/ubuntu/pi_ws/build/diffdrive_arduino -- -j4 -l4
[4.288s] Invoking command in '/home/ubuntu/pi_ws/build/diffdrive_arduino': CMAKE_PREFIX_PATH=/home/ubuntu/pi_ws/install/serial:/home/ubuntu/pi_ws/install/gazebo_ros2_control_demos:/home/ubuntu/pi_ws/install/gazebo_ros2_control:/home/ubuntu/pi_ws/install/serial_motor_demo_msgs:/home/ubuntu/pi_ws/install/diffdrive_arduino:/home/ubuntu/pi_ws/install/senior_design1:/home/ubuntu/pi_ws/install/articubot_one:/home/ubuntu/pi_ws/install/serial_motor_demo:/opt/ros/foxy /usr/bin/cmake --install /home/ubuntu/pi_ws/build/diffdrive_arduino
[4.322s] -- Install configuration: ""
[4.323s] -- Execute custom install script
[4.325s] -- Up-to-date symlink: /home/ubuntu/pi_ws/install/diffdrive_arduino/share/diffdrive_arduino//robot_hardware.xml
[4.327s] -- Up-to-date symlink: /home/ubuntu/pi_ws/install/diffdrive_arduino/share/diffdrive_arduino//fake_robot_hardware.xml
[4.329s] -- Up-to-date symlink: /home/ubuntu/pi_ws/install/diffdrive_arduino/lib/libdiffdrive_arduino.so
[4.330s] -- Up-to-date symlink: /home/ubuntu/pi_ws/install/diffdrive_arduino/lib/libfake_robot.so
[4.333s] -- Up-to-date symlink: /home/ubuntu/pi_ws/install/diffdrive_arduino/share/diffdrive_arduino/controllers/robot_controller_example.yaml
[4.334s] -- Up-to-date symlink: /home/ubuntu/pi_ws/install/diffdrive_arduino/share/diffdrive_arduino/fake_robot.launch.py
[4.336s] -- Up-to-date symlink: /home/ubuntu/pi_ws/install/diffdrive_arduino/share/diffdrive_arduino/test_robot.launch.py
[4.337s] -- Up-to-date symlink: /home/ubuntu/pi_ws/install/diffdrive_arduino/share/diffdrive_arduino/environment/library_path.sh
[4.339s] -- Up-to-date symlink: /home/ubuntu/pi_ws/install/diffdrive_arduino/share/diffdrive_arduino/environment/library_path.dsv
[4.341s] -- Up-to-date symlink: /home/ubuntu/pi_ws/install/diffdrive_arduino/share/ament_index/resource_index/package_run_dependencies/diffdrive_arduino
[4.343s] -- Up-to-date symlink: /home/ubuntu/pi_ws/install/diffdrive_arduino/share/ament_index/resource_index/parent_prefix_path/diffdrive_arduino
[4.344s] -- Up-to-date symlink: /home/ubuntu/pi_ws/install/diffdrive_arduino/share/diffdrive_arduino/environment/ament_prefix_path.sh
[4.346s] -- Up-to-date symlink: /home/ubuntu/pi_ws/install/diffdrive_arduino/share/diffdrive_arduino/environment/ament_prefix_path.dsv
[4.347s] -- Up-to-date symlink: /home/ubuntu/pi_ws/install/diffdrive_arduino/share/diffdrive_arduino/environment/path.sh
[4.349s] -- Up-to-date symlink: /home/ubuntu/pi_ws/install/diffdrive_arduino/share/diffdrive_arduino/environment/path.dsv
[4.350s] -- Up-to-date symlink: /home/ubuntu/pi_ws/install/diffdrive_arduino/share/diffdrive_arduino/local_setup.bash
[4.352s] -- Up-to-date symlink: /home/ubuntu/pi_ws/install/diffdrive_arduino/share/diffdrive_arduino/local_setup.sh
[4.353s] -- Up-to-date symlink: /home/ubuntu/pi_ws/install/diffdrive_arduino/share/diffdrive_arduino/local_setup.zsh
[4.355s] -- Up-to-date symlink: /home/ubuntu/pi_ws/install/diffdrive_arduino/share/diffdrive_arduino/local_setup.dsv
[4.356s] -- Symlinking: /home/ubuntu/pi_ws/install/diffdrive_arduino/share/diffdrive_arduino/package.dsv
[4.395s] -- Up-to-date symlink: /home/ubuntu/pi_ws/install/diffdrive_arduino/share/ament_index/resource_index/packages/diffdrive_arduino
[4.397s] -- Up-to-date symlink: /home/ubuntu/pi_ws/install/diffdrive_arduino/share/ament_index/resource_index/hardware_interface__pluginlib__plugin/diffdrive_arduino
[4.399s] -- Up-to-date symlink: /home/ubuntu/pi_ws/install/diffdrive_arduino/share/diffdrive_arduino/cmake/ament_cmake_export_libraries-extras.cmake
[4.400s] -- Up-to-date symlink: /home/ubuntu/pi_ws/install/diffdrive_arduino/share/diffdrive_arduino/cmake/ament_cmake_export_dependencies-extras.cmake
[4.401s] -- Up-to-date symlink: /home/ubuntu/pi_ws/install/diffdrive_arduino/share/diffdrive_arduino/cmake/diffdrive_arduinoConfig.cmake
[4.402s] -- Up-to-date symlink: /home/ubuntu/pi_ws/install/diffdrive_arduino/share/diffdrive_arduino/cmake/diffdrive_arduinoConfig-version.cmake
[4.404s] -- Up-to-date symlink: /home/ubuntu/pi_ws/install/diffdrive_arduino/share/diffdrive_arduino/package.xml
[5.704s] Invoked command in '/home/ubuntu/pi_ws/build/diffdrive_arduino' returned '0': CMAKE_PREFIX_PATH=/home/ubuntu/pi_ws/install/serial:/home/ubuntu/pi_ws/install/gazebo_ros2_control_demos:/home/ubuntu/pi_ws/install/gazebo_ros2_control:/home/ubuntu/pi_ws/install/serial_motor_demo_msgs:/home/ubuntu/pi_ws/install/diffdrive_arduino:/home/ubuntu/pi_ws/install/senior_design1:/home/ubuntu/pi_ws/install/articubot_one:/home/ubuntu/pi_ws/install/serial_motor_demo:/opt/ros/foxy /usr/bin/cmake --install /home/ubuntu/pi_ws/build/diffdrive_arduino
