[6.977s] Invoking command in '/home/ubuntu/pi_ws/src/serial_motor_demo/serial_motor_demo': CMAKE_PREFIX_PATH=/home/ubuntu/pi_ws/install/serial_motor_demo_msgs:/home/ubuntu/pi_ws/install/tank_controller:/home/ubuntu/pi_ws/install/diffdrive_arduino:/home/ubuntu/pi_ws/install/serial:/home/ubuntu/pi_ws/install/senior_design:/home/ubuntu/pi_ws/install/gazebo_ros2_control_demos:/home/ubuntu/pi_ws/install/gazebo_ros2_control PYTHONPATH=/home/ubuntu/pi_ws/build/serial_motor_demo/prefix_override:/home/ubuntu/pi_ws/install/serial_motor_demo/lib/python3.8/site-packages:/home/ubuntu/pi_ws/install/serial_motor_demo_msgs/lib/python3.8/site-packages:/home/ubuntu/pi_ws/build/serial_motor_demo:/home/ubuntu/pi_ws/install/serial_motor_demo/lib/python3.8/site-packages:/home/ubuntu/pi_ws/install/my_package/lib/python3.8/site-packages:/opt/ros/foxy/lib/python3.8/site-packages /usr/bin/python3 setup.py egg_info --egg-base ../../../build/serial_motor_demo build --build-base /home/ubuntu/pi_ws/build/serial_motor_demo/build install --record /home/ubuntu/pi_ws/build/serial_motor_demo/install.log --install-scripts $base/lib/serial_motor_demo --single-version-externally-managed
[8.427s] running egg_info
[8.431s] creating ../../../build/serial_motor_demo/serial_motor_demo.egg-info
[8.434s] writing ../../../build/serial_motor_demo/serial_motor_demo.egg-info/PKG-INFO
[8.439s] writing dependency_links to ../../../build/serial_motor_demo/serial_motor_demo.egg-info/dependency_links.txt
[8.442s] writing entry points to ../../../build/serial_motor_demo/serial_motor_demo.egg-info/entry_points.txt
[8.445s] writing requirements to ../../../build/serial_motor_demo/serial_motor_demo.egg-info/requires.txt
[8.448s] writing top-level names to ../../../build/serial_motor_demo/serial_motor_demo.egg-info/top_level.txt
[8.462s] writing manifest file '../../../build/serial_motor_demo/serial_motor_demo.egg-info/SOURCES.txt'
[8.632s] reading manifest file '../../../build/serial_motor_demo/serial_motor_demo.egg-info/SOURCES.txt'
[8.639s] writing manifest file '../../../build/serial_motor_demo/serial_motor_demo.egg-info/SOURCES.txt'
[8.645s] running build
[8.652s] running build_py
[8.661s] creating /home/ubuntu/pi_ws/build/serial_motor_demo/build
[8.670s] creating /home/ubuntu/pi_ws/build/serial_motor_demo/build/lib
[8.675s] creating /home/ubuntu/pi_ws/build/serial_motor_demo/build/lib/serial_motor_demo
[8.685s] copying serial_motor_demo/gui.py -> /home/ubuntu/pi_ws/build/serial_motor_demo/build/lib/serial_motor_demo
[8.693s] copying serial_motor_demo/driver.py -> /home/ubuntu/pi_ws/build/serial_motor_demo/build/lib/serial_motor_demo
[8.698s] copying serial_motor_demo/__init__.py -> /home/ubuntu/pi_ws/build/serial_motor_demo/build/lib/serial_motor_demo
[8.703s] running install
[8.709s] running install_lib
[8.714s] creating /home/ubuntu/pi_ws/install/serial_motor_demo/lib/python3.8/site-packages/serial_motor_demo
[8.719s] copying /home/ubuntu/pi_ws/build/serial_motor_demo/build/lib/serial_motor_demo/gui.py -> /home/ubuntu/pi_ws/install/serial_motor_demo/lib/python3.8/site-packages/serial_motor_demo
[8.725s] copying /home/ubuntu/pi_ws/build/serial_motor_demo/build/lib/serial_motor_demo/driver.py -> /home/ubuntu/pi_ws/install/serial_motor_demo/lib/python3.8/site-packages/serial_motor_demo
[8.731s] copying /home/ubuntu/pi_ws/build/serial_motor_demo/build/lib/serial_motor_demo/__init__.py -> /home/ubuntu/pi_ws/install/serial_motor_demo/lib/python3.8/site-packages/serial_motor_demo
[8.736s] byte-compiling /home/ubuntu/pi_ws/install/serial_motor_demo/lib/python3.8/site-packages/serial_motor_demo/gui.py to gui.cpython-38.pyc
[8.742s] byte-compiling /home/ubuntu/pi_ws/install/serial_motor_demo/lib/python3.8/site-packages/serial_motor_demo/driver.py to driver.cpython-38.pyc
[8.747s] byte-compiling /home/ubuntu/pi_ws/install/serial_motor_demo/lib/python3.8/site-packages/serial_motor_demo/__init__.py to __init__.cpython-38.pyc
[8.754s] running install_data
[8.761s] creating /home/ubuntu/pi_ws/install/serial_motor_demo/share/ament_index
[8.767s] creating /home/ubuntu/pi_ws/install/serial_motor_demo/share/ament_index/resource_index
[8.773s] creating /home/ubuntu/pi_ws/install/serial_motor_demo/share/ament_index/resource_index/packages
[8.779s] copying resource/serial_motor_demo -> /home/ubuntu/pi_ws/install/serial_motor_demo/share/ament_index/resource_index/packages
[8.784s] copying package.xml -> /home/ubuntu/pi_ws/install/serial_motor_demo/share/serial_motor_demo
[8.790s] running install_egg_info
[8.795s] Copying ../../../build/serial_motor_demo/serial_motor_demo.egg-info to /home/ubuntu/pi_ws/install/serial_motor_demo/lib/python3.8/site-packages/serial_motor_demo-0.0.0-py3.8.egg-info
[8.801s] running install_scripts
[8.818s] Installing driver script to /home/ubuntu/pi_ws/install/serial_motor_demo/lib/serial_motor_demo
[8.824s] Installing gui script to /home/ubuntu/pi_ws/install/serial_motor_demo/lib/serial_motor_demo
[8.832s] writing list of installed files to '/home/ubuntu/pi_ws/build/serial_motor_demo/install.log'
[8.959s] Invoked command in '/home/ubuntu/pi_ws/src/serial_motor_demo/serial_motor_demo' returned '0': CMAKE_PREFIX_PATH=/home/ubuntu/pi_ws/install/serial_motor_demo_msgs:/home/ubuntu/pi_ws/install/tank_controller:/home/ubuntu/pi_ws/install/diffdrive_arduino:/home/ubuntu/pi_ws/install/serial:/home/ubuntu/pi_ws/install/senior_design:/home/ubuntu/pi_ws/install/gazebo_ros2_control_demos:/home/ubuntu/pi_ws/install/gazebo_ros2_control PYTHONPATH=/home/ubuntu/pi_ws/build/serial_motor_demo/prefix_override:/home/ubuntu/pi_ws/install/serial_motor_demo/lib/python3.8/site-packages:/home/ubuntu/pi_ws/install/serial_motor_demo_msgs/lib/python3.8/site-packages:/home/ubuntu/pi_ws/build/serial_motor_demo:/home/ubuntu/pi_ws/install/serial_motor_demo/lib/python3.8/site-packages:/home/ubuntu/pi_ws/install/my_package/lib/python3.8/site-packages:/opt/ros/foxy/lib/python3.8/site-packages /usr/bin/python3 setup.py egg_info --egg-base ../../../build/serial_motor_demo build --build-base /home/ubuntu/pi_ws/build/serial_motor_demo/build install --record /home/ubuntu/pi_ws/build/serial_motor_demo/install.log --install-scripts $base/lib/serial_motor_demo --single-version-externally-managed
