[3.619s] Invoking command in '/home/ubuntu/pi_ws/build/senior_design': CMAKE_PREFIX_PATH=${CMAKE_PREFIX_PATH}:/home/ubuntu/pi_ws/install/serial_motor_demo:/home/ubuntu/pi_ws/install/my_package:/opt/ros/foxy /usr/bin/cmake --build /home/ubuntu/pi_ws/build/senior_design -- -j4 -l4
[5.901s] Invoked command in '/home/ubuntu/pi_ws/build/senior_design' returned '0': CMAKE_PREFIX_PATH=${CMAKE_PREFIX_PATH}:/home/ubuntu/pi_ws/install/serial_motor_demo:/home/ubuntu/pi_ws/install/my_package:/opt/ros/foxy /usr/bin/cmake --build /home/ubuntu/pi_ws/build/senior_design -- -j4 -l4
[6.099s] Invoking command in '/home/ubuntu/pi_ws/build/senior_design': CMAKE_PREFIX_PATH=${CMAKE_PREFIX_PATH}:/home/ubuntu/pi_ws/install/serial_motor_demo:/home/ubuntu/pi_ws/install/my_package:/opt/ros/foxy /usr/bin/cmake --install /home/ubuntu/pi_ws/build/senior_design
[6.151s] -- Install configuration: ""
[6.152s] -- Up-to-date: /home/ubuntu/pi_ws/install/senior_design/share/senior_design/config
[6.153s] -- Up-to-date: /home/ubuntu/pi_ws/install/senior_design/share/senior_design/config/view_bot.rviz
[6.153s] -- Up-to-date: /home/ubuntu/pi_ws/install/senior_design/share/senior_design/config/my_controllers.yaml
[6.155s] -- Up-to-date: /home/ubuntu/pi_ws/install/senior_design/share/senior_design/config/map.rviz
[6.155s] -- Up-to-date: /home/ubuntu/pi_ws/install/senior_design/share/senior_design/config/ball_tracker_params_robot.yaml
[6.156s] -- Up-to-date: /home/ubuntu/pi_ws/install/senior_design/share/senior_design/config/mapper_params_online_async.yaml
[6.156s] -- Up-to-date: /home/ubuntu/pi_ws/install/senior_design/share/senior_design/config/drive_bot.rviz
[6.157s] -- Up-to-date: /home/ubuntu/pi_ws/install/senior_design/share/senior_design/config/ball_tracker_params_sim.yaml
[6.157s] -- Up-to-date: /home/ubuntu/pi_ws/install/senior_design/share/senior_design/config/main.rviz
[6.158s] -- Up-to-date: /home/ubuntu/pi_ws/install/senior_design/share/senior_design/config/nav2_params.yaml
[6.159s] -- Up-to-date: /home/ubuntu/pi_ws/install/senior_design/share/senior_design/config/joystick.yaml
[6.160s] -- Up-to-date: /home/ubuntu/pi_ws/install/senior_design/share/senior_design/config/gazebo_params.yaml
[6.160s] -- Up-to-date: /home/ubuntu/pi_ws/install/senior_design/share/senior_design/config/twist_mux.yaml
[6.161s] -- Up-to-date: /home/ubuntu/pi_ws/install/senior_design/share/senior_design/config/gaz_ros2_ctl_use_sim.yaml
[6.162s] -- Up-to-date: /home/ubuntu/pi_ws/install/senior_design/share/senior_design/config/empty.yaml
[6.163s] -- Up-to-date: /home/ubuntu/pi_ws/install/senior_design/share/senior_design/description
[6.164s] -- Up-to-date: /home/ubuntu/pi_ws/install/senior_design/share/senior_design/description/ros2_control.xacro
[6.164s] -- Up-to-date: /home/ubuntu/pi_ws/install/senior_design/share/senior_design/description/inertial_macros.xacro
[6.166s] -- Up-to-date: /home/ubuntu/pi_ws/install/senior_design/share/senior_design/description/depth_camera.xacro
[6.174s] -- Up-to-date: /home/ubuntu/pi_ws/install/senior_design/share/senior_design/description/robot_core.xacro
[6.175s] -- Up-to-date: /home/ubuntu/pi_ws/install/senior_design/share/senior_design/description/robot.urdf.xacro
[6.176s] -- Up-to-date: /home/ubuntu/pi_ws/install/senior_design/share/senior_design/description/camera.xacro
[6.177s] -- Up-to-date: /home/ubuntu/pi_ws/install/senior_design/share/senior_design/description/gazebo_control.xacro
[6.178s] -- Up-to-date: /home/ubuntu/pi_ws/install/senior_design/share/senior_design/description/lidar.xacro
[6.181s] -- Up-to-date: /home/ubuntu/pi_ws/install/senior_design/share/senior_design/description/face.xacro
[6.184s] -- Up-to-date: /home/ubuntu/pi_ws/install/senior_design/share/senior_design/launch
[6.185s] -- Up-to-date: /home/ubuntu/pi_ws/install/senior_design/share/senior_design/launch/camera.launch.py
[6.185s] -- Up-to-date: /home/ubuntu/pi_ws/install/senior_design/share/senior_design/launch/obstacle_avoid.launch.py
[6.186s] -- Up-to-date: /home/ubuntu/pi_ws/install/senior_design/share/senior_design/launch/rplidar.launch.py
[6.186s] -- Up-to-date: /home/ubuntu/pi_ws/install/senior_design/share/senior_design/launch/__pycache__
[6.187s] -- Up-to-date: /home/ubuntu/pi_ws/install/senior_design/share/senior_design/launch/__pycache__/rplidar.launch.cpython-38.pyc
[6.187s] -- Installing: /home/ubuntu/pi_ws/install/senior_design/share/senior_design/launch/launch_robot.launch.py
[6.188s] -- Up-to-date: /home/ubuntu/pi_ws/install/senior_design/share/senior_design/launch/localization_launch.py
[6.188s] -- Up-to-date: /home/ubuntu/pi_ws/install/senior_design/share/senior_design/launch/online_async_launch.py
[6.189s] -- Up-to-date: /home/ubuntu/pi_ws/install/senior_design/share/senior_design/launch/rsp.launch.py
[6.189s] -- Up-to-date: /home/ubuntu/pi_ws/install/senior_design/share/senior_design/launch/navigation_launch.py
[6.189s] -- Up-to-date: /home/ubuntu/pi_ws/install/senior_design/share/senior_design/launch/joystick.launch.py
[6.190s] -- Up-to-date: /home/ubuntu/pi_ws/install/senior_design/share/senior_design/launch/launch_sim.launch.py
[6.190s] -- Up-to-date: /home/ubuntu/pi_ws/install/senior_design/share/senior_design/launch/ball_tracker.launch.py
[6.191s] -- Up-to-date: /home/ubuntu/pi_ws/install/senior_design/share/senior_design/worlds
[6.192s] -- Up-to-date: /home/ubuntu/pi_ws/install/senior_design/share/senior_design/worlds/empty.world
[6.192s] -- Up-to-date: /home/ubuntu/pi_ws/install/senior_design/share/senior_design/worlds/obstacles.world
[6.193s] -- Up-to-date: /home/ubuntu/pi_ws/install/senior_design/share/ament_index/resource_index/package_run_dependencies/senior_design
[6.198s] -- Up-to-date: /home/ubuntu/pi_ws/install/senior_design/share/ament_index/resource_index/parent_prefix_path/senior_design
[6.198s] -- Up-to-date: /home/ubuntu/pi_ws/install/senior_design/share/senior_design/environment/ament_prefix_path.sh
[6.199s] -- Up-to-date: /home/ubuntu/pi_ws/install/senior_design/share/senior_design/environment/ament_prefix_path.dsv
[6.200s] -- Up-to-date: /home/ubuntu/pi_ws/install/senior_design/share/senior_design/environment/path.sh
[6.200s] -- Up-to-date: /home/ubuntu/pi_ws/install/senior_design/share/senior_design/environment/path.dsv
[6.201s] -- Up-to-date: /home/ubuntu/pi_ws/install/senior_design/share/senior_design/local_setup.bash
[6.202s] -- Up-to-date: /home/ubuntu/pi_ws/install/senior_design/share/senior_design/local_setup.sh
[6.203s] -- Up-to-date: /home/ubuntu/pi_ws/install/senior_design/share/senior_design/local_setup.zsh
[6.204s] -- Up-to-date: /home/ubuntu/pi_ws/install/senior_design/share/senior_design/local_setup.dsv
[6.204s] -- Installing: /home/ubuntu/pi_ws/install/senior_design/share/senior_design/package.dsv
[6.205s] -- Up-to-date: /home/ubuntu/pi_ws/install/senior_design/share/ament_index/resource_index/packages/senior_design
[6.205s] -- Up-to-date: /home/ubuntu/pi_ws/install/senior_design/share/senior_design/cmake/senior_designConfig.cmake
[6.206s] -- Up-to-date: /home/ubuntu/pi_ws/install/senior_design/share/senior_design/cmake/senior_designConfig-version.cmake
[6.206s] -- Up-to-date: /home/ubuntu/pi_ws/install/senior_design/share/senior_design/package.xml
[6.207s] Invoked command in '/home/ubuntu/pi_ws/build/senior_design' returned '0': CMAKE_PREFIX_PATH=${CMAKE_PREFIX_PATH}:/home/ubuntu/pi_ws/install/serial_motor_demo:/home/ubuntu/pi_ws/install/my_package:/opt/ros/foxy /usr/bin/cmake --install /home/ubuntu/pi_ws/build/senior_design
