[2.682s] Invoking command in '/home/ubuntu/pi_ws/build/gazebo_ros2_control': CMAKE_PREFIX_PATH=${CMAKE_PREFIX_PATH}:/home/ubuntu/pi_ws/install/serial_motor_demo:/home/ubuntu/pi_ws/install/my_package:/opt/ros/foxy /usr/bin/cmake --build /home/ubuntu/pi_ws/build/gazebo_ros2_control -- -j4 -l4
[3.476s] [ 50%] Built target gazebo_hardware_plugins
[3.549s] [100%] Built target gazebo_ros2_control
[4.934s] Invoked command in '/home/ubuntu/pi_ws/build/gazebo_ros2_control' returned '0': CMAKE_PREFIX_PATH=${CMAKE_PREFIX_PATH}:/home/ubuntu/pi_ws/install/serial_motor_demo:/home/ubuntu/pi_ws/install/my_package:/opt/ros/foxy /usr/bin/cmake --build /home/ubuntu/pi_ws/build/gazebo_ros2_control -- -j4 -l4
[5.185s] Invoking command in '/home/ubuntu/pi_ws/build/gazebo_ros2_control': CMAKE_PREFIX_PATH=${CMAKE_PREFIX_PATH}:/home/ubuntu/pi_ws/install/serial_motor_demo:/home/ubuntu/pi_ws/install/my_package:/opt/ros/foxy /usr/bin/cmake --install /home/ubuntu/pi_ws/build/gazebo_ros2_control
[5.234s] -- Install configuration: ""
[5.238s] -- Up-to-date: /home/ubuntu/pi_ws/install/gazebo_ros2_control/lib/libgazebo_ros2_control.so
[5.242s] -- Up-to-date: /home/ubuntu/pi_ws/install/gazebo_ros2_control/lib/libgazebo_hardware_plugins.so
[5.245s] -- Up-to-date: /home/ubuntu/pi_ws/install/gazebo_ros2_control/share/gazebo_ros2_control/environment/library_path.sh
[5.247s] -- Up-to-date: /home/ubuntu/pi_ws/install/gazebo_ros2_control/share/gazebo_ros2_control/environment/library_path.dsv
[5.249s] -- Up-to-date: /home/ubuntu/pi_ws/install/gazebo_ros2_control/include/gazebo_ros2_control
[5.251s] -- Up-to-date: /home/ubuntu/pi_ws/install/gazebo_ros2_control/include/gazebo_ros2_control/gazebo_system.hpp
[5.252s] -- Up-to-date: /home/ubuntu/pi_ws/install/gazebo_ros2_control/include/gazebo_ros2_control/gazebo_ros2_control_plugin.hpp
[5.254s] -- Up-to-date: /home/ubuntu/pi_ws/install/gazebo_ros2_control/include/gazebo_ros2_control/gazebo_system_interface.hpp
[5.256s] -- Up-to-date: /home/ubuntu/pi_ws/install/gazebo_ros2_control/share/gazebo_ros2_control/gazebo_hardware_plugins.xml
[5.259s] -- Up-to-date: /home/ubuntu/pi_ws/install/gazebo_ros2_control/share/ament_index/resource_index/package_run_dependencies/gazebo_ros2_control
[5.261s] -- Up-to-date: /home/ubuntu/pi_ws/install/gazebo_ros2_control/share/ament_index/resource_index/parent_prefix_path/gazebo_ros2_control
[5.263s] -- Up-to-date: /home/ubuntu/pi_ws/install/gazebo_ros2_control/share/gazebo_ros2_control/environment/ament_prefix_path.sh
[5.264s] -- Up-to-date: /home/ubuntu/pi_ws/install/gazebo_ros2_control/share/gazebo_ros2_control/environment/ament_prefix_path.dsv
[5.265s] -- Up-to-date: /home/ubuntu/pi_ws/install/gazebo_ros2_control/share/gazebo_ros2_control/environment/path.sh
[5.266s] -- Up-to-date: /home/ubuntu/pi_ws/install/gazebo_ros2_control/share/gazebo_ros2_control/environment/path.dsv
[5.266s] -- Up-to-date: /home/ubuntu/pi_ws/install/gazebo_ros2_control/share/gazebo_ros2_control/local_setup.bash
[5.267s] -- Up-to-date: /home/ubuntu/pi_ws/install/gazebo_ros2_control/share/gazebo_ros2_control/local_setup.sh
[5.269s] -- Up-to-date: /home/ubuntu/pi_ws/install/gazebo_ros2_control/share/gazebo_ros2_control/local_setup.zsh
[5.270s] -- Up-to-date: /home/ubuntu/pi_ws/install/gazebo_ros2_control/share/gazebo_ros2_control/local_setup.dsv
[5.270s] -- Installing: /home/ubuntu/pi_ws/install/gazebo_ros2_control/share/gazebo_ros2_control/package.dsv
[5.271s] -- Up-to-date: /home/ubuntu/pi_ws/install/gazebo_ros2_control/share/ament_index/resource_index/packages/gazebo_ros2_control
[5.271s] -- Up-to-date: /home/ubuntu/pi_ws/install/gazebo_ros2_control/share/ament_index/resource_index/gazebo_ros2_control__pluginlib__plugin/gazebo_ros2_control
[5.272s] -- Up-to-date: /home/ubuntu/pi_ws/install/gazebo_ros2_control/share/gazebo_ros2_control/cmake/ament_cmake_export_include_directories-extras.cmake
[5.287s] -- Up-to-date: /home/ubuntu/pi_ws/install/gazebo_ros2_control/share/gazebo_ros2_control/cmake/ament_cmake_export_dependencies-extras.cmake
[5.288s] -- Up-to-date: /home/ubuntu/pi_ws/install/gazebo_ros2_control/share/gazebo_ros2_control/cmake/ament_cmake_export_libraries-extras.cmake
[5.288s] -- Up-to-date: /home/ubuntu/pi_ws/install/gazebo_ros2_control/share/gazebo_ros2_control/cmake/gazebo_ros2_controlConfig.cmake
[5.289s] -- Up-to-date: /home/ubuntu/pi_ws/install/gazebo_ros2_control/share/gazebo_ros2_control/cmake/gazebo_ros2_controlConfig-version.cmake
[5.290s] -- Up-to-date: /home/ubuntu/pi_ws/install/gazebo_ros2_control/share/gazebo_ros2_control/package.xml
[5.314s] Invoked command in '/home/ubuntu/pi_ws/build/gazebo_ros2_control' returned '0': CMAKE_PREFIX_PATH=${CMAKE_PREFIX_PATH}:/home/ubuntu/pi_ws/install/serial_motor_demo:/home/ubuntu/pi_ws/install/my_package:/opt/ros/foxy /usr/bin/cmake --install /home/ubuntu/pi_ws/build/gazebo_ros2_control
