[7.035s] DEBUG:colcon:Command line arguments: ['/usr/bin/colcon', 'build']
[7.036s] DEBUG:colcon:Parsed command line arguments: Namespace(allow_overriding=[], ament_cmake_args=None, base_paths=['.'], build_base='build', catkin_cmake_args=None, catkin_skip_building_tests=False, cmake_args=None, cmake_clean_cache=False, cmake_clean_first=False, cmake_force_configure=False, cmake_target=None, cmake_target_skip_unavailable=False, continue_on_error=False, event_handlers=None, executor='parallel', ignore_user_meta=False, install_base='install', log_base=None, log_level=None, main=<bound method BuildVerb.main of <colcon_core.verb.build.BuildVerb object at 0xffffa8a66340>>, merge_install=False, metas=['./colcon.meta'], packages_above=None, packages_above_and_dependencies=None, packages_above_depth=None, packages_end=None, packages_ignore=None, packages_ignore_regex=None, packages_select=None, packages_select_build_failed=False, packages_select_by_dep=None, packages_select_regex=None, packages_select_test_failures=False, packages_skip=None, packages_skip_build_finished=False, packages_skip_by_dep=None, packages_skip_regex=None, packages_skip_test_passed=False, packages_skip_up_to=None, packages_start=None, packages_up_to=None, packages_up_to_regex=None, parallel_workers=4, paths=None, symlink_install=False, test_result_base=None, verb_extension=<colcon_core.verb.build.BuildVerb object at 0xffffa8a66340>, verb_name='build', verb_parser=<colcon_defaults.argument_parser.defaults.DefaultArgumentsDecorator object at 0xffffa855a6d0>)
[7.474s] Level 1:colcon.colcon_core.package_discovery:discover_packages(colcon_meta) check parameters
[7.475s] Level 1:colcon.colcon_core.package_discovery:discover_packages(recursive) check parameters
[7.475s] Level 1:colcon.colcon_core.package_discovery:discover_packages(ignore) check parameters
[7.475s] Level 1:colcon.colcon_core.package_discovery:discover_packages(path) check parameters
[7.475s] Level 1:colcon.colcon_core.package_discovery:discover_packages(colcon_meta) discover
[7.475s] Level 1:colcon.colcon_core.package_discovery:discover_packages(recursive) discover
[7.476s] INFO:colcon.colcon_core.package_discovery:Crawling recursively for packages in '/home/ubuntu/pi_ws'
[7.476s] Level 1:colcon.colcon_core.package_identification:_identify(.) by extensions ['ignore', 'ignore_ament_install']
[7.476s] Level 1:colcon.colcon_core.package_identification:_identify(.) by extension 'ignore'
[7.476s] Level 1:colcon.colcon_core.package_identification:_identify(.) by extension 'ignore_ament_install'
[7.477s] Level 1:colcon.colcon_core.package_identification:_identify(.) by extensions ['colcon_pkg']
[7.477s] Level 1:colcon.colcon_core.package_identification:_identify(.) by extension 'colcon_pkg'
[7.477s] Level 1:colcon.colcon_core.package_identification:_identify(.) by extensions ['colcon_meta']
[7.477s] Level 1:colcon.colcon_core.package_identification:_identify(.) by extension 'colcon_meta'
[7.477s] Level 1:colcon.colcon_core.package_identification:_identify(.) by extensions ['ros']
[7.477s] Level 1:colcon.colcon_core.package_identification:_identify(.) by extension 'ros'
[7.518s] Level 1:colcon.colcon_core.package_identification:_identify(.) by extensions ['cmake', 'python']
[7.518s] Level 1:colcon.colcon_core.package_identification:_identify(.) by extension 'cmake'
[7.518s] Level 1:colcon.colcon_core.package_identification:_identify(.) by extension 'python'
[7.518s] Level 1:colcon.colcon_core.package_identification:_identify(.) by extensions ['python_setup_py']
[7.518s] Level 1:colcon.colcon_core.package_identification:_identify(.) by extension 'python_setup_py'
[7.519s] Level 1:colcon.colcon_core.package_identification:_identify(build) by extensions ['ignore', 'ignore_ament_install']
[7.519s] Level 1:colcon.colcon_core.package_identification:_identify(build) by extension 'ignore'
[7.519s] Level 1:colcon.colcon_core.package_identification:_identify(build) ignored
[7.520s] Level 1:colcon.colcon_core.package_identification:_identify(install) by extensions ['ignore', 'ignore_ament_install']
[7.520s] Level 1:colcon.colcon_core.package_identification:_identify(install) by extension 'ignore'
[7.520s] Level 1:colcon.colcon_core.package_identification:_identify(install) ignored
[7.521s] Level 1:colcon.colcon_core.package_identification:_identify(log) by extensions ['ignore', 'ignore_ament_install']
[7.521s] Level 1:colcon.colcon_core.package_identification:_identify(log) by extension 'ignore'
[7.521s] Level 1:colcon.colcon_core.package_identification:_identify(log) ignored
[7.522s] Level 1:colcon.colcon_core.package_identification:_identify(src) by extensions ['ignore', 'ignore_ament_install']
[7.522s] Level 1:colcon.colcon_core.package_identification:_identify(src) by extension 'ignore'
[7.522s] Level 1:colcon.colcon_core.package_identification:_identify(src) by extension 'ignore_ament_install'
[7.522s] Level 1:colcon.colcon_core.package_identification:_identify(src) by extensions ['colcon_pkg']
[7.522s] Level 1:colcon.colcon_core.package_identification:_identify(src) by extension 'colcon_pkg'
[7.523s] Level 1:colcon.colcon_core.package_identification:_identify(src) by extensions ['colcon_meta']
[7.523s] Level 1:colcon.colcon_core.package_identification:_identify(src) by extension 'colcon_meta'
[7.523s] Level 1:colcon.colcon_core.package_identification:_identify(src) by extensions ['ros']
[7.523s] Level 1:colcon.colcon_core.package_identification:_identify(src) by extension 'ros'
[7.523s] Level 1:colcon.colcon_core.package_identification:_identify(src) by extensions ['cmake', 'python']
[7.523s] Level 1:colcon.colcon_core.package_identification:_identify(src) by extension 'cmake'
[7.524s] Level 1:colcon.colcon_core.package_identification:_identify(src) by extension 'python'
[7.524s] Level 1:colcon.colcon_core.package_identification:_identify(src) by extensions ['python_setup_py']
[7.524s] Level 1:colcon.colcon_core.package_identification:_identify(src) by extension 'python_setup_py'
[7.524s] Level 1:colcon.colcon_core.package_identification:_identify(src/senior_design) by extensions ['ignore', 'ignore_ament_install']
[7.525s] Level 1:colcon.colcon_core.package_identification:_identify(src/senior_design) by extension 'ignore'
[7.525s] Level 1:colcon.colcon_core.package_identification:_identify(src/senior_design) by extension 'ignore_ament_install'
[7.525s] Level 1:colcon.colcon_core.package_identification:_identify(src/senior_design) by extensions ['colcon_pkg']
[7.525s] Level 1:colcon.colcon_core.package_identification:_identify(src/senior_design) by extension 'colcon_pkg'
[7.525s] Level 1:colcon.colcon_core.package_identification:_identify(src/senior_design) by extensions ['colcon_meta']
[7.525s] Level 1:colcon.colcon_core.package_identification:_identify(src/senior_design) by extension 'colcon_meta'
[7.526s] Level 1:colcon.colcon_core.package_identification:_identify(src/senior_design) by extensions ['ros']
[7.526s] Level 1:colcon.colcon_core.package_identification:_identify(src/senior_design) by extension 'ros'
[7.534s] DEBUG:colcon.colcon_core.package_identification:Package 'src/senior_design' with type 'ros.ament_cmake' and name 'Senior_Design'
[7.535s] Level 1:colcon.colcon_core.package_discovery:discover_packages(recursive) using defaults
[7.535s] Level 1:colcon.colcon_core.package_discovery:discover_packages(ignore) discover
[7.535s] Level 1:colcon.colcon_core.package_discovery:discover_packages(ignore) using defaults
[7.535s] Level 1:colcon.colcon_core.package_discovery:discover_packages(path) discover
[7.535s] Level 1:colcon.colcon_core.package_discovery:discover_packages(path) using defaults
[8.166s] Level 1:colcon.colcon_core.package_discovery:discover_packages(prefix_path) check parameters
[8.166s] Level 1:colcon.colcon_core.package_discovery:discover_packages(prefix_path) discover
[8.407s] DEBUG:colcon.colcon_installed_package_information.package_discovery:Found 171 installed packages in /opt/ros/foxy
[8.411s] Level 1:colcon.colcon_core.package_discovery:discover_packages(prefix_path) using defaults
[8.829s] Level 5:colcon.colcon_core.verb:set package 'Senior_Design' build argument 'cmake_args' from command line to 'None'
[8.829s] Level 5:colcon.colcon_core.verb:set package 'Senior_Design' build argument 'cmake_target' from command line to 'None'
[8.829s] Level 5:colcon.colcon_core.verb:set package 'Senior_Design' build argument 'cmake_target_skip_unavailable' from command line to 'False'
[8.829s] Level 5:colcon.colcon_core.verb:set package 'Senior_Design' build argument 'cmake_clean_cache' from command line to 'False'
[8.829s] Level 5:colcon.colcon_core.verb:set package 'Senior_Design' build argument 'cmake_clean_first' from command line to 'False'
[8.829s] Level 5:colcon.colcon_core.verb:set package 'Senior_Design' build argument 'cmake_force_configure' from command line to 'False'
[8.830s] Level 5:colcon.colcon_core.verb:set package 'Senior_Design' build argument 'ament_cmake_args' from command line to 'None'
[8.830s] Level 5:colcon.colcon_core.verb:set package 'Senior_Design' build argument 'catkin_cmake_args' from command line to 'None'
[8.830s] Level 5:colcon.colcon_core.verb:set package 'Senior_Design' build argument 'catkin_skip_building_tests' from command line to 'False'
[8.830s] DEBUG:colcon.colcon_core.verb:Building package 'Senior_Design' with the following arguments: {'ament_cmake_args': None, 'build_base': '/home/ubuntu/pi_ws/build/Senior_Design', 'catkin_cmake_args': None, 'catkin_skip_building_tests': False, 'cmake_args': None, 'cmake_clean_cache': False, 'cmake_clean_first': False, 'cmake_force_configure': False, 'cmake_target': None, 'cmake_target_skip_unavailable': False, 'install_base': '/home/ubuntu/pi_ws/install/Senior_Design', 'merge_install': False, 'path': '/home/ubuntu/pi_ws/src/senior_design', 'symlink_install': False, 'test_result_base': None}
[8.945s] INFO:colcon.colcon_core.executor:Executing jobs using 'parallel' executor
[9.064s] DEBUG:colcon.colcon_parallel_executor.executor.parallel:run_until_complete
[9.065s] INFO:colcon.colcon_ros.task.ament_cmake.build:Building ROS package in '/home/ubuntu/pi_ws/src/senior_design' with build type 'ament_cmake'
[9.065s] INFO:colcon.colcon_cmake.task.cmake.build:Building CMake package in '/home/ubuntu/pi_ws/src/senior_design'
[9.192s] INFO:colcon.colcon_core.plugin_system:Skipping extension 'colcon_core.shell.bat': Not used on non-Windows systems
[9.193s] INFO:colcon.colcon_core.shell:Skip shell extension 'powershell' for command environment: Not usable outside of PowerShell
[9.193s] DEBUG:colcon.colcon_core.shell:Skip shell extension 'dsv' for command environment
[9.495s] DEBUG:colcon.colcon_core.event_handler.log_command:Invoking command in '/home/ubuntu/pi_ws/build/Senior_Design': CMAKE_PREFIX_PATH=/opt/ros/foxy /usr/bin/cmake /home/ubuntu/pi_ws/src/senior_design -DCMAKE_INSTALL_PREFIX=/home/ubuntu/pi_ws/install/Senior_Design
[12.659s] DEBUG:colcon.colcon_core.event_handler.log_command:Invoked command in '/home/ubuntu/pi_ws/build/Senior_Design' returned '0': CMAKE_PREFIX_PATH=/opt/ros/foxy /usr/bin/cmake /home/ubuntu/pi_ws/src/senior_design -DCMAKE_INSTALL_PREFIX=/home/ubuntu/pi_ws/install/Senior_Design
[12.670s] DEBUG:colcon.colcon_core.event_handler.log_command:Invoking command in '/home/ubuntu/pi_ws/build/Senior_Design': CMAKE_PREFIX_PATH=/opt/ros/foxy /usr/bin/cmake --build /home/ubuntu/pi_ws/build/Senior_Design -- -j4 -l4
[12.811s] DEBUG:colcon.colcon_core.event_handler.log_command:Invoked command in '/home/ubuntu/pi_ws/build/Senior_Design' returned '0': CMAKE_PREFIX_PATH=/opt/ros/foxy /usr/bin/cmake --build /home/ubuntu/pi_ws/build/Senior_Design -- -j4 -l4
[12.950s] DEBUG:colcon.colcon_core.event_handler.log_command:Invoking command in '/home/ubuntu/pi_ws/build/Senior_Design': CMAKE_PREFIX_PATH=/opt/ros/foxy /usr/bin/cmake --install /home/ubuntu/pi_ws/build/Senior_Design
[13.007s] Level 1:colcon.colcon_core.environment:create_environment_scripts_only(Senior_Design)
[13.008s] DEBUG:colcon.colcon_core.event_handler.log_command:Invoked command in '/home/ubuntu/pi_ws/build/Senior_Design' returned '0': CMAKE_PREFIX_PATH=/opt/ros/foxy /usr/bin/cmake --install /home/ubuntu/pi_ws/build/Senior_Design
[13.138s] Level 1:colcon.colcon_core.environment:checking '/home/ubuntu/pi_ws/install/Senior_Design' for CMake module files
[13.140s] Level 1:colcon.colcon_core.environment:checking '/home/ubuntu/pi_ws/install/Senior_Design' for CMake config files
[13.142s] Level 1:colcon.colcon_core.shell:create_environment_hook('Senior_Design', 'cmake_prefix_path')
[13.260s] INFO:colcon.colcon_core.shell:Creating environment hook '/home/ubuntu/pi_ws/install/Senior_Design/share/Senior_Design/hook/cmake_prefix_path.ps1'
[13.262s] INFO:colcon.colcon_core.shell:Creating environment descriptor '/home/ubuntu/pi_ws/install/Senior_Design/share/Senior_Design/hook/cmake_prefix_path.dsv'
[13.264s] INFO:colcon.colcon_core.shell:Creating environment hook '/home/ubuntu/pi_ws/install/Senior_Design/share/Senior_Design/hook/cmake_prefix_path.sh'
[13.267s] Level 1:colcon.colcon_core.environment:checking '/home/ubuntu/pi_ws/install/Senior_Design/bin'
[13.268s] Level 1:colcon.colcon_core.environment:checking '/home/ubuntu/pi_ws/install/Senior_Design/lib/pkgconfig/Senior_Design.pc'
[13.268s] Level 1:colcon.colcon_core.environment:checking '/home/ubuntu/pi_ws/install/Senior_Design/lib/python3.8/site-packages'
[13.269s] Level 1:colcon.colcon_core.environment:checking '/home/ubuntu/pi_ws/install/Senior_Design/bin'
[13.387s] INFO:colcon.colcon_core.shell:Creating package script '/home/ubuntu/pi_ws/install/Senior_Design/share/Senior_Design/package.ps1'
[13.390s] INFO:colcon.colcon_core.shell:Creating package descriptor '/home/ubuntu/pi_ws/install/Senior_Design/share/Senior_Design/package.dsv'
[13.392s] INFO:colcon.colcon_core.shell:Creating package script '/home/ubuntu/pi_ws/install/Senior_Design/share/Senior_Design/package.sh'
[13.395s] INFO:colcon.colcon_core.shell:Creating package script '/home/ubuntu/pi_ws/install/Senior_Design/share/Senior_Design/package.bash'
[13.398s] INFO:colcon.colcon_core.shell:Creating package script '/home/ubuntu/pi_ws/install/Senior_Design/share/Senior_Design/package.zsh'
[13.400s] Level 1:colcon.colcon_core.environment:create_file_with_runtime_dependencies(/home/ubuntu/pi_ws/install/Senior_Design/share/colcon-core/packages/Senior_Design)
[13.607s] Level 1:colcon.colcon_core.environment:create_environment_scripts_only(Senior_Design)
[13.726s] Level 1:colcon.colcon_core.environment:checking '/home/ubuntu/pi_ws/install/Senior_Design' for CMake module files
[13.728s] Level 1:colcon.colcon_core.environment:checking '/home/ubuntu/pi_ws/install/Senior_Design' for CMake config files
[13.730s] Level 1:colcon.colcon_core.shell:create_environment_hook('Senior_Design', 'cmake_prefix_path')
[13.849s] INFO:colcon.colcon_core.shell:Creating environment hook '/home/ubuntu/pi_ws/install/Senior_Design/share/Senior_Design/hook/cmake_prefix_path.ps1'
[13.851s] INFO:colcon.colcon_core.shell:Creating environment descriptor '/home/ubuntu/pi_ws/install/Senior_Design/share/Senior_Design/hook/cmake_prefix_path.dsv'
[13.852s] INFO:colcon.colcon_core.shell:Creating environment hook '/home/ubuntu/pi_ws/install/Senior_Design/share/Senior_Design/hook/cmake_prefix_path.sh'
[13.854s] Level 1:colcon.colcon_core.environment:checking '/home/ubuntu/pi_ws/install/Senior_Design/bin'
[13.855s] Level 1:colcon.colcon_core.environment:checking '/home/ubuntu/pi_ws/install/Senior_Design/lib/pkgconfig/Senior_Design.pc'
[13.855s] Level 1:colcon.colcon_core.environment:checking '/home/ubuntu/pi_ws/install/Senior_Design/lib/python3.8/site-packages'
[13.856s] Level 1:colcon.colcon_core.environment:checking '/home/ubuntu/pi_ws/install/Senior_Design/bin'
[13.974s] INFO:colcon.colcon_core.shell:Creating package script '/home/ubuntu/pi_ws/install/Senior_Design/share/Senior_Design/package.ps1'
[13.976s] INFO:colcon.colcon_core.shell:Creating package descriptor '/home/ubuntu/pi_ws/install/Senior_Design/share/Senior_Design/package.dsv'
[13.978s] INFO:colcon.colcon_core.shell:Creating package script '/home/ubuntu/pi_ws/install/Senior_Design/share/Senior_Design/package.sh'
[13.980s] INFO:colcon.colcon_core.shell:Creating package script '/home/ubuntu/pi_ws/install/Senior_Design/share/Senior_Design/package.bash'
[13.982s] INFO:colcon.colcon_core.shell:Creating package script '/home/ubuntu/pi_ws/install/Senior_Design/share/Senior_Design/package.zsh'
[13.983s] Level 1:colcon.colcon_core.environment:create_file_with_runtime_dependencies(/home/ubuntu/pi_ws/install/Senior_Design/share/colcon-core/packages/Senior_Design)
[13.984s] DEBUG:colcon.colcon_parallel_executor.executor.parallel:closing loop
[13.986s] DEBUG:colcon.colcon_parallel_executor.executor.parallel:loop closed
[13.986s] DEBUG:colcon.colcon_parallel_executor.executor.parallel:run_until_complete finished with '0'
[13.986s] DEBUG:colcon.colcon_core.event_reactor:joining thread
[14.121s] INFO:colcon.colcon_core.plugin_system:Skipping extension 'colcon_notification.desktop_notification.notify_send': Could not find 'notify-send'
[14.122s] INFO:colcon.colcon_core.plugin_system:Skipping extension 'colcon_notification.desktop_notification.terminal_notifier': Not used on non-Darwin systems
[14.122s] INFO:colcon.colcon_core.plugin_system:Skipping extension 'colcon_notification.desktop_notification.win32': Not used on non-Windows systems
[14.122s] INFO:colcon.colcon_notification.desktop_notification:Sending desktop notification using 'notify2'
[14.186s] DEBUG:colcon.colcon_notification.desktop_notification.notify2:Failed to initialize notify2: org.freedesktop.DBus.Error.ServiceUnknown: The name org.freedesktop.Notifications was not provided by any .service files
[14.186s] DEBUG:colcon.colcon_core.event_reactor:joined thread
[14.308s] INFO:colcon.colcon_core.shell:Creating prefix script '/home/ubuntu/pi_ws/install/local_setup.ps1'
[14.312s] INFO:colcon.colcon_core.shell:Creating prefix util module '/home/ubuntu/pi_ws/install/_local_setup_util_ps1.py'
[14.316s] INFO:colcon.colcon_core.shell:Creating prefix chain script '/home/ubuntu/pi_ws/install/setup.ps1'
[14.436s] INFO:colcon.colcon_core.shell:Creating prefix script '/home/ubuntu/pi_ws/install/local_setup.sh'
[14.438s] INFO:colcon.colcon_core.shell:Creating prefix util module '/home/ubuntu/pi_ws/install/_local_setup_util_sh.py'
[14.440s] INFO:colcon.colcon_core.shell:Creating prefix chain script '/home/ubuntu/pi_ws/install/setup.sh'
[14.560s] INFO:colcon.colcon_core.shell:Creating prefix script '/home/ubuntu/pi_ws/install/local_setup.bash'
[14.561s] INFO:colcon.colcon_core.shell:Creating prefix chain script '/home/ubuntu/pi_ws/install/setup.bash'
[14.681s] INFO:colcon.colcon_core.shell:Creating prefix script '/home/ubuntu/pi_ws/install/local_setup.zsh'
[14.683s] INFO:colcon.colcon_core.shell:Creating prefix chain script '/home/ubuntu/pi_ws/install/setup.zsh'
