[1.438s] Invoking command in '/home/ubuntu/pi_ws/build/serial': CMAKE_PREFIX_PATH=/opt/ros/foxy /usr/bin/cmake --build /home/ubuntu/pi_ws/build/serial -- -j4 -l4
[2.071s] [ 14%] Built target gtest_main
[2.081s] [ 28%] Built target gtest
[2.089s] [ 57%] Built target serial
[2.301s] [ 71%] Built target serial_example
[2.393s] [ 85%] Built target serial-test-timer
[2.413s] [100%] Built target serial-test
[2.521s] Invoked command in '/home/ubuntu/pi_ws/build/serial' returned '0': CMAKE_PREFIX_PATH=/opt/ros/foxy /usr/bin/cmake --build /home/ubuntu/pi_ws/build/serial -- -j4 -l4
[2.809s] Invoking command in '/home/ubuntu/pi_ws/build/serial': CMAKE_PREFIX_PATH=/opt/ros/foxy /usr/bin/cmake --install /home/ubuntu/pi_ws/build/serial
[2.855s] -- Install configuration: ""
[2.858s] -- Execute custom install script
[2.866s] -- Up-to-date symlink: /home/ubuntu/pi_ws/install/serial/lib/libserial.a
[2.868s] -- Up-to-date symlink: /home/ubuntu/pi_ws/install/serial/include/serial/serial.h
[2.872s] -- Up-to-date symlink: /home/ubuntu/pi_ws/install/serial/include/serial/v8stdint.h
[2.874s] -- Up-to-date symlink: /home/ubuntu/pi_ws/install/serial/share/serial/environment/library_path.sh
[2.879s] -- Up-to-date symlink: /home/ubuntu/pi_ws/install/serial/share/serial/environment/library_path.dsv
[2.882s] -- Up-to-date symlink: /home/ubuntu/pi_ws/install/serial/share/ament_index/resource_index/package_run_dependencies/serial
[2.885s] -- Up-to-date symlink: /home/ubuntu/pi_ws/install/serial/share/ament_index/resource_index/parent_prefix_path/serial
[2.888s] -- Up-to-date symlink: /home/ubuntu/pi_ws/install/serial/share/serial/environment/ament_prefix_path.sh
[2.892s] -- Up-to-date symlink: /home/ubuntu/pi_ws/install/serial/share/serial/environment/ament_prefix_path.dsv
[2.899s] -- Up-to-date symlink: /home/ubuntu/pi_ws/install/serial/share/serial/environment/path.sh
[2.903s] -- Up-to-date symlink: /home/ubuntu/pi_ws/install/serial/share/serial/environment/path.dsv
[2.904s] -- Up-to-date symlink: /home/ubuntu/pi_ws/install/serial/share/serial/local_setup.bash
[2.906s] -- Up-to-date symlink: /home/ubuntu/pi_ws/install/serial/share/serial/local_setup.sh
[2.910s] -- Up-to-date symlink: /home/ubuntu/pi_ws/install/serial/share/serial/local_setup.zsh
[2.915s] -- Up-to-date symlink: /home/ubuntu/pi_ws/install/serial/share/serial/local_setup.dsv
[2.917s] -- Symlinking: /home/ubuntu/pi_ws/install/serial/share/serial/package.dsv
[2.959s] -- Up-to-date symlink: /home/ubuntu/pi_ws/install/serial/share/ament_index/resource_index/packages/serial
[2.960s] -- Up-to-date symlink: /home/ubuntu/pi_ws/install/serial/share/serial/cmake/ament_cmake_export_include_directories-extras.cmake
[2.964s] -- Up-to-date symlink: /home/ubuntu/pi_ws/install/serial/share/serial/cmake/ament_cmake_export_libraries-extras.cmake
[2.967s] -- Up-to-date symlink: /home/ubuntu/pi_ws/install/serial/share/serial/cmake/serialConfig.cmake
[2.970s] -- Up-to-date symlink: /home/ubuntu/pi_ws/install/serial/share/serial/cmake/serialConfig-version.cmake
[2.974s] -- Up-to-date symlink: /home/ubuntu/pi_ws/install/serial/share/serial/package.xml
[3.531s] Invoked command in '/home/ubuntu/pi_ws/build/serial' returned '0': CMAKE_PREFIX_PATH=/opt/ros/foxy /usr/bin/cmake --install /home/ubuntu/pi_ws/build/serial
