[3.106s] Invoking command in '/home/ubuntu/pi_ws/build/senior_design': CMAKE_PREFIX_PATH=${CMAKE_PREFIX_PATH}:/home/ubuntu/pi_ws/install/serial_motor_demo:/home/ubuntu/pi_ws/install/my_package:/opt/ros/foxy /usr/bin/cmake /home/ubuntu/pi_ws/src/senior_design -DAMENT_CMAKE_SYMLINK_INSTALL=1 -DCMAKE_INSTALL_PREFIX=/home/ubuntu/pi_ws/install/senior_design
[3.194s] -- Found ament_cmake: 0.9.12 (/opt/ros/foxy/share/ament_cmake/cmake)
[3.371s] -- Using PYTHON_EXECUTABLE: /usr/bin/python3
[4.606s] -- Override CMake install command with custom implementation using symlinks instead of copying resources
[4.656s] -- Found ament_lint_auto: 0.9.8 (/opt/ros/foxy/share/ament_lint_auto/cmake)
[5.075s] -- Added test 'copyright' to check source files copyright and LICENSE
[5.180s] -- Added test 'flake8' to check Python code syntax and style conventions
[5.186s] -- Added test 'lint_cmake' to check CMake code style
[5.195s] -- Added test 'pep257' to check Python code against some of the style conventions in PEP 257
[5.236s] -- Added test 'xmllint' to check XML markup files
[5.256s] -- Configuring done
[5.308s] -- Generating done
[5.314s] -- Build files have been written to: /home/ubuntu/pi_ws/build/senior_design
[5.325s] Invoked command in '/home/ubuntu/pi_ws/build/senior_design' returned '0': CMAKE_PREFIX_PATH=${CMAKE_PREFIX_PATH}:/home/ubuntu/pi_ws/install/serial_motor_demo:/home/ubuntu/pi_ws/install/my_package:/opt/ros/foxy /usr/bin/cmake /home/ubuntu/pi_ws/src/senior_design -DAMENT_CMAKE_SYMLINK_INSTALL=1 -DCMAKE_INSTALL_PREFIX=/home/ubuntu/pi_ws/install/senior_design
[5.330s] Invoking command in '/home/ubuntu/pi_ws/build/senior_design': CMAKE_PREFIX_PATH=${CMAKE_PREFIX_PATH}:/home/ubuntu/pi_ws/install/serial_motor_demo:/home/ubuntu/pi_ws/install/my_package:/opt/ros/foxy /usr/bin/cmake --build /home/ubuntu/pi_ws/build/senior_design -- -j4 -l4
[5.570s] Invoked command in '/home/ubuntu/pi_ws/build/senior_design' returned '0': CMAKE_PREFIX_PATH=${CMAKE_PREFIX_PATH}:/home/ubuntu/pi_ws/install/serial_motor_demo:/home/ubuntu/pi_ws/install/my_package:/opt/ros/foxy /usr/bin/cmake --build /home/ubuntu/pi_ws/build/senior_design -- -j4 -l4
[5.720s] Invoking command in '/home/ubuntu/pi_ws/build/senior_design': CMAKE_PREFIX_PATH=${CMAKE_PREFIX_PATH}:/home/ubuntu/pi_ws/install/serial_motor_demo:/home/ubuntu/pi_ws/install/my_package:/opt/ros/foxy /usr/bin/cmake --install /home/ubuntu/pi_ws/build/senior_design
[5.761s] -- Install configuration: ""
[5.763s] -- Execute custom install script
[5.769s] -- Symlinking: /home/ubuntu/pi_ws/install/senior_design/share/senior_design/config/ball_tracker_params_robot.yaml
[5.824s] -- Symlinking: /home/ubuntu/pi_ws/install/senior_design/share/senior_design/config/ball_tracker_params_sim.yaml
[5.872s] -- Symlinking: /home/ubuntu/pi_ws/install/senior_design/share/senior_design/config/drive_bot.rviz
[5.976s] -- Symlinking: /home/ubuntu/pi_ws/install/senior_design/share/senior_design/config/empty.yaml
[6.023s] -- Symlinking: /home/ubuntu/pi_ws/install/senior_design/share/senior_design/config/gaz_ros2_ctl_use_sim.yaml
[6.078s] -- Symlinking: /home/ubuntu/pi_ws/install/senior_design/share/senior_design/config/gazebo_params.yaml
[6.127s] -- Symlinking: /home/ubuntu/pi_ws/install/senior_design/share/senior_design/config/joystick.yaml
[6.180s] -- Symlinking: /home/ubuntu/pi_ws/install/senior_design/share/senior_design/config/main.rviz
[6.229s] -- Symlinking: /home/ubuntu/pi_ws/install/senior_design/share/senior_design/config/map.rviz
[6.277s] -- Symlinking: /home/ubuntu/pi_ws/install/senior_design/share/senior_design/config/mapper_params_online_async.yaml
[6.330s] -- Symlinking: /home/ubuntu/pi_ws/install/senior_design/share/senior_design/config/my_controllers.yaml
[6.376s] -- Symlinking: /home/ubuntu/pi_ws/install/senior_design/share/senior_design/config/nav2_params.yaml
[6.426s] -- Symlinking: /home/ubuntu/pi_ws/install/senior_design/share/senior_design/config/twist_mux.yaml
[6.477s] -- Symlinking: /home/ubuntu/pi_ws/install/senior_design/share/senior_design/config/view_bot.rviz
[6.524s] -- Symlinking: /home/ubuntu/pi_ws/install/senior_design/share/senior_design/description/camera.xacro
[6.585s] -- Symlinking: /home/ubuntu/pi_ws/install/senior_design/share/senior_design/description/depth_camera.xacro
[6.632s] -- Symlinking: /home/ubuntu/pi_ws/install/senior_design/share/senior_design/description/face.xacro
[6.688s] -- Symlinking: /home/ubuntu/pi_ws/install/senior_design/share/senior_design/description/gazebo_control.xacro
[6.736s] -- Symlinking: /home/ubuntu/pi_ws/install/senior_design/share/senior_design/description/inertial_macros.xacro
[6.789s] -- Symlinking: /home/ubuntu/pi_ws/install/senior_design/share/senior_design/description/lidar.xacro
[6.843s] -- Symlinking: /home/ubuntu/pi_ws/install/senior_design/share/senior_design/description/robot.urdf.xacro
[6.895s] -- Symlinking: /home/ubuntu/pi_ws/install/senior_design/share/senior_design/description/robot_core.xacro
[6.957s] -- Symlinking: /home/ubuntu/pi_ws/install/senior_design/share/senior_design/description/ros2_control.xacro
[7.067s] -- Symlinking: /home/ubuntu/pi_ws/install/senior_design/share/senior_design/launch/__pycache__/rplidar.launch.cpython-38.pyc
[7.135s] -- Symlinking: /home/ubuntu/pi_ws/install/senior_design/share/senior_design/launch/ball_tracker.launch.py
[7.202s] -- Symlinking: /home/ubuntu/pi_ws/install/senior_design/share/senior_design/launch/camera.launch.py
[7.270s] -- Symlinking: /home/ubuntu/pi_ws/install/senior_design/share/senior_design/launch/joystick.launch.py
[7.320s] -- Symlinking: /home/ubuntu/pi_ws/install/senior_design/share/senior_design/launch/launch_robot.launch.py
[7.364s] -- Symlinking: /home/ubuntu/pi_ws/install/senior_design/share/senior_design/launch/launch_sim.launch.py
[7.413s] -- Symlinking: /home/ubuntu/pi_ws/install/senior_design/share/senior_design/launch/localization_launch.py
[7.459s] -- Symlinking: /home/ubuntu/pi_ws/install/senior_design/share/senior_design/launch/navigation_launch.py
[7.527s] -- Symlinking: /home/ubuntu/pi_ws/install/senior_design/share/senior_design/launch/obstacle_avoid.launch.py
[7.585s] -- Symlinking: /home/ubuntu/pi_ws/install/senior_design/share/senior_design/launch/online_async_launch.py
[7.637s] -- Symlinking: /home/ubuntu/pi_ws/install/senior_design/share/senior_design/launch/rplidar.launch.py
[7.693s] -- Symlinking: /home/ubuntu/pi_ws/install/senior_design/share/senior_design/launch/rsp.launch.py
[7.747s] -- Symlinking: /home/ubuntu/pi_ws/install/senior_design/share/senior_design/worlds/empty.world
[7.808s] -- Symlinking: /home/ubuntu/pi_ws/install/senior_design/share/senior_design/worlds/obstacles.world
[7.869s] -- Symlinking: /home/ubuntu/pi_ws/install/senior_design/share/ament_index/resource_index/package_run_dependencies/senior_design
[7.922s] -- Symlinking: /home/ubuntu/pi_ws/install/senior_design/share/ament_index/resource_index/parent_prefix_path/senior_design
[7.970s] -- Symlinking: /home/ubuntu/pi_ws/install/senior_design/share/senior_design/environment/ament_prefix_path.sh
[8.022s] -- Symlinking: /home/ubuntu/pi_ws/install/senior_design/share/senior_design/environment/ament_prefix_path.dsv
[8.074s] -- Symlinking: /home/ubuntu/pi_ws/install/senior_design/share/senior_design/environment/path.sh
[8.128s] -- Symlinking: /home/ubuntu/pi_ws/install/senior_design/share/senior_design/environment/path.dsv
[8.182s] -- Symlinking: /home/ubuntu/pi_ws/install/senior_design/share/senior_design/local_setup.bash
[8.236s] -- Symlinking: /home/ubuntu/pi_ws/install/senior_design/share/senior_design/local_setup.sh
[8.290s] -- Symlinking: /home/ubuntu/pi_ws/install/senior_design/share/senior_design/local_setup.zsh
[8.334s] -- Symlinking: /home/ubuntu/pi_ws/install/senior_design/share/senior_design/local_setup.dsv
[8.381s] -- Symlinking: /home/ubuntu/pi_ws/install/senior_design/share/senior_design/package.dsv
[8.425s] -- Symlinking: /home/ubuntu/pi_ws/install/senior_design/share/ament_index/resource_index/packages/senior_design
[8.482s] -- Symlinking: /home/ubuntu/pi_ws/install/senior_design/share/senior_design/cmake/senior_designConfig.cmake
[8.531s] -- Symlinking: /home/ubuntu/pi_ws/install/senior_design/share/senior_design/cmake/senior_designConfig-version.cmake
[8.578s] -- Symlinking: /home/ubuntu/pi_ws/install/senior_design/share/senior_design/package.xml
[8.636s] Invoked command in '/home/ubuntu/pi_ws/build/senior_design' returned '0': CMAKE_PREFIX_PATH=${CMAKE_PREFIX_PATH}:/home/ubuntu/pi_ws/install/serial_motor_demo:/home/ubuntu/pi_ws/install/my_package:/opt/ros/foxy /usr/bin/cmake --install /home/ubuntu/pi_ws/build/senior_design
