[2.740s] Invoking command in '/home/ubuntu/pi_ws/build/gazebo_ros2_control': CMAKE_PREFIX_PATH=${CMAKE_PREFIX_PATH}:/home/ubuntu/pi_ws/install/serial_motor_demo:/home/ubuntu/pi_ws/install/my_package:/opt/ros/foxy /usr/bin/cmake --build /home/ubuntu/pi_ws/build/gazebo_ros2_control -- -j4 -l4
[4.067s] [ 50%] Built target gazebo_hardware_plugins
[4.095s] [100%] Built target gazebo_ros2_control
[5.153s] Invoked command in '/home/ubuntu/pi_ws/build/gazebo_ros2_control' returned '0': CMAKE_PREFIX_PATH=${CMAKE_PREFIX_PATH}:/home/ubuntu/pi_ws/install/serial_motor_demo:/home/ubuntu/pi_ws/install/my_package:/opt/ros/foxy /usr/bin/cmake --build /home/ubuntu/pi_ws/build/gazebo_ros2_control -- -j4 -l4
[5.428s] Invoking command in '/home/ubuntu/pi_ws/build/gazebo_ros2_control': CMAKE_PREFIX_PATH=${CMAKE_PREFIX_PATH}:/home/ubuntu/pi_ws/install/serial_motor_demo:/home/ubuntu/pi_ws/install/my_package:/opt/ros/foxy /usr/bin/cmake --install /home/ubuntu/pi_ws/build/gazebo_ros2_control
[5.481s] -- Install configuration: ""
[5.488s] -- Up-to-date: /home/ubuntu/pi_ws/install/gazebo_ros2_control/lib/libgazebo_ros2_control.so
[5.495s] -- Up-to-date: /home/ubuntu/pi_ws/install/gazebo_ros2_control/lib/libgazebo_hardware_plugins.so
[5.497s] -- Up-to-date: /home/ubuntu/pi_ws/install/gazebo_ros2_control/share/gazebo_ros2_control/environment/library_path.sh
[5.500s] -- Up-to-date: /home/ubuntu/pi_ws/install/gazebo_ros2_control/share/gazebo_ros2_control/environment/library_path.dsv
[5.501s] -- Up-to-date: /home/ubuntu/pi_ws/install/gazebo_ros2_control/include/gazebo_ros2_control
[5.502s] -- Up-to-date: /home/ubuntu/pi_ws/install/gazebo_ros2_control/include/gazebo_ros2_control/gazebo_system.hpp
[5.503s] -- Up-to-date: /home/ubuntu/pi_ws/install/gazebo_ros2_control/include/gazebo_ros2_control/gazebo_ros2_control_plugin.hpp
[5.504s] -- Up-to-date: /home/ubuntu/pi_ws/install/gazebo_ros2_control/include/gazebo_ros2_control/gazebo_system_interface.hpp
[5.504s] -- Up-to-date: /home/ubuntu/pi_ws/install/gazebo_ros2_control/share/gazebo_ros2_control/gazebo_hardware_plugins.xml
[5.505s] -- Up-to-date: /home/ubuntu/pi_ws/install/gazebo_ros2_control/share/ament_index/resource_index/package_run_dependencies/gazebo_ros2_control
[5.505s] -- Up-to-date: /home/ubuntu/pi_ws/install/gazebo_ros2_control/share/ament_index/resource_index/parent_prefix_path/gazebo_ros2_control
[5.506s] -- Up-to-date: /home/ubuntu/pi_ws/install/gazebo_ros2_control/share/gazebo_ros2_control/environment/ament_prefix_path.sh
[5.506s] -- Up-to-date: /home/ubuntu/pi_ws/install/gazebo_ros2_control/share/gazebo_ros2_control/environment/ament_prefix_path.dsv
[5.507s] -- Up-to-date: /home/ubuntu/pi_ws/install/gazebo_ros2_control/share/gazebo_ros2_control/environment/path.sh
[5.507s] -- Up-to-date: /home/ubuntu/pi_ws/install/gazebo_ros2_control/share/gazebo_ros2_control/environment/path.dsv
[5.508s] -- Up-to-date: /home/ubuntu/pi_ws/install/gazebo_ros2_control/share/gazebo_ros2_control/local_setup.bash
[5.512s] -- Up-to-date: /home/ubuntu/pi_ws/install/gazebo_ros2_control/share/gazebo_ros2_control/local_setup.sh
[5.513s] -- Up-to-date: /home/ubuntu/pi_ws/install/gazebo_ros2_control/share/gazebo_ros2_control/local_setup.zsh
[5.514s] -- Up-to-date: /home/ubuntu/pi_ws/install/gazebo_ros2_control/share/gazebo_ros2_control/local_setup.dsv
[5.515s] -- Installing: /home/ubuntu/pi_ws/install/gazebo_ros2_control/share/gazebo_ros2_control/package.dsv
[5.516s] -- Up-to-date: /home/ubuntu/pi_ws/install/gazebo_ros2_control/share/ament_index/resource_index/packages/gazebo_ros2_control
[5.517s] -- Up-to-date: /home/ubuntu/pi_ws/install/gazebo_ros2_control/share/ament_index/resource_index/gazebo_ros2_control__pluginlib__plugin/gazebo_ros2_control
[5.517s] -- Up-to-date: /home/ubuntu/pi_ws/install/gazebo_ros2_control/share/gazebo_ros2_control/cmake/ament_cmake_export_include_directories-extras.cmake
[5.518s] -- Up-to-date: /home/ubuntu/pi_ws/install/gazebo_ros2_control/share/gazebo_ros2_control/cmake/ament_cmake_export_dependencies-extras.cmake
[5.519s] -- Up-to-date: /home/ubuntu/pi_ws/install/gazebo_ros2_control/share/gazebo_ros2_control/cmake/ament_cmake_export_libraries-extras.cmake
[5.533s] -- Up-to-date: /home/ubuntu/pi_ws/install/gazebo_ros2_control/share/gazebo_ros2_control/cmake/gazebo_ros2_controlConfig.cmake
[5.533s] -- Up-to-date: /home/ubuntu/pi_ws/install/gazebo_ros2_control/share/gazebo_ros2_control/cmake/gazebo_ros2_controlConfig-version.cmake
[5.534s] -- Up-to-date: /home/ubuntu/pi_ws/install/gazebo_ros2_control/share/gazebo_ros2_control/package.xml
[5.537s] Invoked command in '/home/ubuntu/pi_ws/build/gazebo_ros2_control' returned '0': CMAKE_PREFIX_PATH=${CMAKE_PREFIX_PATH}:/home/ubuntu/pi_ws/install/serial_motor_demo:/home/ubuntu/pi_ws/install/my_package:/opt/ros/foxy /usr/bin/cmake --install /home/ubuntu/pi_ws/build/gazebo_ros2_control
