[2.083s] Invoking command in '/home/ubuntu/pi_ws/build/gazebo_ros2_control': CMAKE_PREFIX_PATH=/opt/ros/foxy /usr/bin/cmake --build /home/ubuntu/pi_ws/build/gazebo_ros2_control -- -j4 -l4
[3.425s] [ 50%] Built target gazebo_hardware_plugins
[3.486s] [100%] Built target gazebo_ros2_control
[4.299s] Invoked command in '/home/ubuntu/pi_ws/build/gazebo_ros2_control' returned '0': CMAKE_PREFIX_PATH=/opt/ros/foxy /usr/bin/cmake --build /home/ubuntu/pi_ws/build/gazebo_ros2_control -- -j4 -l4
[4.540s] Invoking command in '/home/ubuntu/pi_ws/build/gazebo_ros2_control': CMAKE_PREFIX_PATH=/opt/ros/foxy /usr/bin/cmake --install /home/ubuntu/pi_ws/build/gazebo_ros2_control
[4.592s] -- Install configuration: ""
[4.599s] -- Up-to-date: /home/ubuntu/pi_ws/install/gazebo_ros2_control/lib/libgazebo_ros2_control.so
[4.608s] -- Up-to-date: /home/ubuntu/pi_ws/install/gazebo_ros2_control/lib/libgazebo_hardware_plugins.so
[4.612s] -- Up-to-date: /home/ubuntu/pi_ws/install/gazebo_ros2_control/share/gazebo_ros2_control/environment/library_path.sh
[4.617s] -- Up-to-date: /home/ubuntu/pi_ws/install/gazebo_ros2_control/share/gazebo_ros2_control/environment/library_path.dsv
[4.617s] -- Up-to-date: /home/ubuntu/pi_ws/install/gazebo_ros2_control/include/gazebo_ros2_control
[4.619s] -- Up-to-date: /home/ubuntu/pi_ws/install/gazebo_ros2_control/include/gazebo_ros2_control/gazebo_system.hpp
[4.634s] -- Up-to-date: /home/ubuntu/pi_ws/install/gazebo_ros2_control/include/gazebo_ros2_control/gazebo_ros2_control_plugin.hpp
[4.635s] -- Up-to-date: /home/ubuntu/pi_ws/install/gazebo_ros2_control/include/gazebo_ros2_control/gazebo_system_interface.hpp
[4.636s] -- Up-to-date: /home/ubuntu/pi_ws/install/gazebo_ros2_control/share/gazebo_ros2_control/gazebo_hardware_plugins.xml
[4.637s] -- Up-to-date: /home/ubuntu/pi_ws/install/gazebo_ros2_control/share/ament_index/resource_index/package_run_dependencies/gazebo_ros2_control
[4.638s] -- Up-to-date: /home/ubuntu/pi_ws/install/gazebo_ros2_control/share/ament_index/resource_index/parent_prefix_path/gazebo_ros2_control
[4.638s] -- Up-to-date: /home/ubuntu/pi_ws/install/gazebo_ros2_control/share/gazebo_ros2_control/environment/ament_prefix_path.sh
[4.640s] -- Up-to-date: /home/ubuntu/pi_ws/install/gazebo_ros2_control/share/gazebo_ros2_control/environment/ament_prefix_path.dsv
[4.641s] -- Up-to-date: /home/ubuntu/pi_ws/install/gazebo_ros2_control/share/gazebo_ros2_control/environment/path.sh
[4.641s] -- Up-to-date: /home/ubuntu/pi_ws/install/gazebo_ros2_control/share/gazebo_ros2_control/environment/path.dsv
[4.648s] -- Up-to-date: /home/ubuntu/pi_ws/install/gazebo_ros2_control/share/gazebo_ros2_control/local_setup.bash
[4.658s] -- Up-to-date: /home/ubuntu/pi_ws/install/gazebo_ros2_control/share/gazebo_ros2_control/local_setup.sh
[4.661s] -- Up-to-date: /home/ubuntu/pi_ws/install/gazebo_ros2_control/share/gazebo_ros2_control/local_setup.zsh
[4.666s] -- Up-to-date: /home/ubuntu/pi_ws/install/gazebo_ros2_control/share/gazebo_ros2_control/local_setup.dsv
[4.674s] -- Installing: /home/ubuntu/pi_ws/install/gazebo_ros2_control/share/gazebo_ros2_control/package.dsv
[4.675s] -- Up-to-date: /home/ubuntu/pi_ws/install/gazebo_ros2_control/share/ament_index/resource_index/packages/gazebo_ros2_control
[4.675s] -- Up-to-date: /home/ubuntu/pi_ws/install/gazebo_ros2_control/share/ament_index/resource_index/gazebo_ros2_control__pluginlib__plugin/gazebo_ros2_control
[4.676s] -- Up-to-date: /home/ubuntu/pi_ws/install/gazebo_ros2_control/share/gazebo_ros2_control/cmake/ament_cmake_export_include_directories-extras.cmake
[4.676s] -- Up-to-date: /home/ubuntu/pi_ws/install/gazebo_ros2_control/share/gazebo_ros2_control/cmake/ament_cmake_export_dependencies-extras.cmake
[4.678s] -- Up-to-date: /home/ubuntu/pi_ws/install/gazebo_ros2_control/share/gazebo_ros2_control/cmake/ament_cmake_export_libraries-extras.cmake
[4.678s] -- Up-to-date: /home/ubuntu/pi_ws/install/gazebo_ros2_control/share/gazebo_ros2_control/cmake/gazebo_ros2_controlConfig.cmake
[4.679s] -- Up-to-date: /home/ubuntu/pi_ws/install/gazebo_ros2_control/share/gazebo_ros2_control/cmake/gazebo_ros2_controlConfig-version.cmake
[4.680s] -- Up-to-date: /home/ubuntu/pi_ws/install/gazebo_ros2_control/share/gazebo_ros2_control/package.xml
[4.682s] Invoked command in '/home/ubuntu/pi_ws/build/gazebo_ros2_control' returned '0': CMAKE_PREFIX_PATH=/opt/ros/foxy /usr/bin/cmake --install /home/ubuntu/pi_ws/build/gazebo_ros2_control
