[6.202s] Invoking command in '/home/ubuntu/pi_ws/src/ros2_detection/my_package': PYTHONPATH=/home/ubuntu/pi_ws/build/my_package/prefix_override:/home/ubuntu/pi_ws/install/my_package/lib/python3.8/site-packages:${PYTHONPATH} /usr/bin/python3 setup.py egg_info --egg-base ../../../build/my_package build --build-base /home/ubuntu/pi_ws/build/my_package/build install --record /home/ubuntu/pi_ws/build/my_package/install.log --install-scripts $base/lib/my_package --single-version-externally-managed
[7.056s] running egg_info
[7.058s] writing ../../../build/my_package/my_package.egg-info/PKG-INFO
[7.059s] writing dependency_links to ../../../build/my_package/my_package.egg-info/dependency_links.txt
[7.060s] writing entry points to ../../../build/my_package/my_package.egg-info/entry_points.txt
[7.060s] writing requirements to ../../../build/my_package/my_package.egg-info/requires.txt
[7.061s] writing top-level names to ../../../build/my_package/my_package.egg-info/top_level.txt
[7.192s] reading manifest file '../../../build/my_package/my_package.egg-info/SOURCES.txt'
[7.196s] writing manifest file '../../../build/my_package/my_package.egg-info/SOURCES.txt'
[7.196s] running build
[7.197s] running build_py
[7.197s] copying my_package/controller.py -> /home/ubuntu/pi_ws/build/my_package/build/lib/my_package
[7.200s] running install
[7.203s] running install_lib
[7.207s] copying /home/ubuntu/pi_ws/build/my_package/build/lib/my_package/controller.py -> /home/ubuntu/pi_ws/install/my_package/lib/python3.8/site-packages/my_package
[7.211s] byte-compiling /home/ubuntu/pi_ws/install/my_package/lib/python3.8/site-packages/my_package/controller.py to controller.cpython-38.pyc
[7.221s] running install_data
[7.224s] copying my_package/controller.py -> /home/ubuntu/pi_ws/install/my_package/lib/my_package
[7.224s] running install_egg_info
[7.230s] removing '/home/ubuntu/pi_ws/install/my_package/lib/python3.8/site-packages/my_package-0.0.0-py3.8.egg-info' (and everything under it)
[7.231s] Copying ../../../build/my_package/my_package.egg-info to /home/ubuntu/pi_ws/install/my_package/lib/python3.8/site-packages/my_package-0.0.0-py3.8.egg-info
[7.237s] running install_scripts
[7.301s] Installing controller script to /home/ubuntu/pi_ws/install/my_package/lib/my_package
[7.302s] Installing detection script to /home/ubuntu/pi_ws/install/my_package/lib/my_package
[7.303s] Installing display script to /home/ubuntu/pi_ws/install/my_package/lib/my_package
[7.304s] writing list of installed files to '/home/ubuntu/pi_ws/build/my_package/install.log'
[7.399s] Invoked command in '/home/ubuntu/pi_ws/src/ros2_detection/my_package' returned '0': PYTHONPATH=/home/ubuntu/pi_ws/build/my_package/prefix_override:/home/ubuntu/pi_ws/install/my_package/lib/python3.8/site-packages:${PYTHONPATH} /usr/bin/python3 setup.py egg_info --egg-base ../../../build/my_package build --build-base /home/ubuntu/pi_ws/build/my_package/build install --record /home/ubuntu/pi_ws/build/my_package/install.log --install-scripts $base/lib/my_package --single-version-externally-managed
