[1.382s] Invoking command in '/home/ubuntu/pi_ws/build/tank_controller': CMAKE_PREFIX_PATH=${CMAKE_PREFIX_PATH}:/home/ubuntu/pi_ws/install/serial_motor_demo:/home/ubuntu/pi_ws/install/my_package:/opt/ros/foxy /usr/bin/cmake --build /home/ubuntu/pi_ws/build/tank_controller -- -j4 -l4
[1.742s] Invoked command in '/home/ubuntu/pi_ws/build/tank_controller' returned '0': CMAKE_PREFIX_PATH=${CMAKE_PREFIX_PATH}:/home/ubuntu/pi_ws/install/serial_motor_demo:/home/ubuntu/pi_ws/install/my_package:/opt/ros/foxy /usr/bin/cmake --build /home/ubuntu/pi_ws/build/tank_controller -- -j4 -l4
[2.248s] Invoking command in '/home/ubuntu/pi_ws/build/tank_controller': CMAKE_PREFIX_PATH=${CMAKE_PREFIX_PATH}:/home/ubuntu/pi_ws/install/serial_motor_demo:/home/ubuntu/pi_ws/install/my_package:/opt/ros/foxy /usr/bin/cmake --install /home/ubuntu/pi_ws/build/tank_controller
[2.294s] -- Install configuration: ""
[2.295s] -- Installing: /home/ubuntu/pi_ws/install/tank_controller/lib/tank_controller/start_robot.py
[2.296s] -- Up-to-date: /home/ubuntu/pi_ws/install/tank_controller/lib/tank_controller/motor_control_test.py
[2.297s] -- Up-to-date: /home/ubuntu/pi_ws/install/tank_controller/share/tank_controller/launch
[2.298s] -- Up-to-date: /home/ubuntu/pi_ws/install/tank_controller/share/tank_controller/config
[2.299s] -- Up-to-date: /home/ubuntu/pi_ws/install/tank_controller/share/ament_index/resource_index/package_run_dependencies/tank_controller
[2.299s] -- Up-to-date: /home/ubuntu/pi_ws/install/tank_controller/share/ament_index/resource_index/parent_prefix_path/tank_controller
[2.300s] -- Up-to-date: /home/ubuntu/pi_ws/install/tank_controller/share/tank_controller/environment/ament_prefix_path.sh
[2.301s] -- Up-to-date: /home/ubuntu/pi_ws/install/tank_controller/share/tank_controller/environment/ament_prefix_path.dsv
[2.301s] -- Up-to-date: /home/ubuntu/pi_ws/install/tank_controller/share/tank_controller/environment/path.sh
[2.302s] -- Up-to-date: /home/ubuntu/pi_ws/install/tank_controller/share/tank_controller/environment/path.dsv
[2.302s] -- Up-to-date: /home/ubuntu/pi_ws/install/tank_controller/share/tank_controller/local_setup.bash
[2.303s] -- Up-to-date: /home/ubuntu/pi_ws/install/tank_controller/share/tank_controller/local_setup.sh
[2.304s] -- Up-to-date: /home/ubuntu/pi_ws/install/tank_controller/share/tank_controller/local_setup.zsh
[2.305s] -- Up-to-date: /home/ubuntu/pi_ws/install/tank_controller/share/tank_controller/local_setup.dsv
[2.305s] -- Installing: /home/ubuntu/pi_ws/install/tank_controller/share/tank_controller/package.dsv
[2.306s] -- Up-to-date: /home/ubuntu/pi_ws/install/tank_controller/share/ament_index/resource_index/packages/tank_controller
[2.307s] -- Up-to-date: /home/ubuntu/pi_ws/install/tank_controller/share/tank_controller/cmake/tank_controllerConfig.cmake
[2.308s] -- Up-to-date: /home/ubuntu/pi_ws/install/tank_controller/share/tank_controller/cmake/tank_controllerConfig-version.cmake
[2.310s] -- Up-to-date: /home/ubuntu/pi_ws/install/tank_controller/share/tank_controller/package.xml
[2.313s] Invoked command in '/home/ubuntu/pi_ws/build/tank_controller' returned '0': CMAKE_PREFIX_PATH=${CMAKE_PREFIX_PATH}:/home/ubuntu/pi_ws/install/serial_motor_demo:/home/ubuntu/pi_ws/install/my_package:/opt/ros/foxy /usr/bin/cmake --install /home/ubuntu/pi_ws/build/tank_controller
