[6.284s] Invoking command in '/home/ubuntu/pi_ws/src/ros2_detection/my_package': PYTHONPATH=/home/ubuntu/pi_ws/build/my_package/prefix_override:/home/ubuntu/pi_ws/install/my_package/lib/python3.8/site-packages:${PYTHONPATH} /usr/bin/python3 setup.py egg_info --egg-base ../../../build/my_package build --build-base /home/ubuntu/pi_ws/build/my_package/build install --record /home/ubuntu/pi_ws/build/my_package/install.log --install-scripts $base/lib/my_package --single-version-externally-managed
[7.552s] running egg_info
[7.554s] writing ../../../build/my_package/my_package.egg-info/PKG-INFO
[7.555s] writing dependency_links to ../../../build/my_package/my_package.egg-info/dependency_links.txt
[7.556s] writing entry points to ../../../build/my_package/my_package.egg-info/entry_points.txt
[7.559s] writing requirements to ../../../build/my_package/my_package.egg-info/requires.txt
[7.560s] writing top-level names to ../../../build/my_package/my_package.egg-info/top_level.txt
[7.718s] reading manifest file '../../../build/my_package/my_package.egg-info/SOURCES.txt'
[7.722s] writing manifest file '../../../build/my_package/my_package.egg-info/SOURCES.txt'
[7.728s] running build
[7.729s] running build_py
[7.729s] running install
[7.732s] running install_lib
[7.739s] running install_data
[7.741s] running install_egg_info
[7.746s] removing '/home/ubuntu/pi_ws/install/my_package/lib/python3.8/site-packages/my_package-0.0.0-py3.8.egg-info' (and everything under it)
[7.748s] Copying ../../../build/my_package/my_package.egg-info to /home/ubuntu/pi_ws/install/my_package/lib/python3.8/site-packages/my_package-0.0.0-py3.8.egg-info
[7.758s] running install_scripts
[7.836s] Installing controller script to /home/ubuntu/pi_ws/install/my_package/lib/my_package
[7.837s] Installing detection script to /home/ubuntu/pi_ws/install/my_package/lib/my_package
[7.838s] Installing display script to /home/ubuntu/pi_ws/install/my_package/lib/my_package
[7.847s] writing list of installed files to '/home/ubuntu/pi_ws/build/my_package/install.log'
[11.260s] Invoked command in '/home/ubuntu/pi_ws/src/ros2_detection/my_package' returned '0': PYTHONPATH=/home/ubuntu/pi_ws/build/my_package/prefix_override:/home/ubuntu/pi_ws/install/my_package/lib/python3.8/site-packages:${PYTHONPATH} /usr/bin/python3 setup.py egg_info --egg-base ../../../build/my_package build --build-base /home/ubuntu/pi_ws/build/my_package/build install --record /home/ubuntu/pi_ws/build/my_package/install.log --install-scripts $base/lib/my_package --single-version-externally-managed
