[8.932s] Invoking command in '/home/ubuntu/pi_ws/build/senior_design1': CMAKE_PREFIX_PATH=${CMAKE_PREFIX_PATH}:/home/ubuntu/pi_ws/install/serial_motor_demo:/home/ubuntu/pi_ws/install/serial:/home/ubuntu/pi_ws/install/my_package:/opt/ros/foxy /usr/bin/cmake --build /home/ubuntu/pi_ws/build/senior_design1 -- -j4 -l4
[14.475s] Invoked command in '/home/ubuntu/pi_ws/build/senior_design1' returned '0': CMAKE_PREFIX_PATH=${CMAKE_PREFIX_PATH}:/home/ubuntu/pi_ws/install/serial_motor_demo:/home/ubuntu/pi_ws/install/serial:/home/ubuntu/pi_ws/install/my_package:/opt/ros/foxy /usr/bin/cmake --build /home/ubuntu/pi_ws/build/senior_design1 -- -j4 -l4
[14.816s] Invoking command in '/home/ubuntu/pi_ws/build/senior_design1': CMAKE_PREFIX_PATH=${CMAKE_PREFIX_PATH}:/home/ubuntu/pi_ws/install/serial_motor_demo:/home/ubuntu/pi_ws/install/serial:/home/ubuntu/pi_ws/install/my_package:/opt/ros/foxy /usr/bin/cmake --install /home/ubuntu/pi_ws/build/senior_design1
[14.992s] -- Install configuration: ""
[14.995s] -- Up-to-date: /home/ubuntu/pi_ws/install/senior_design1/share/senior_design1/config
[14.999s] -- Up-to-date: /home/ubuntu/pi_ws/install/senior_design1/share/senior_design1/config/view_bot.rviz
[15.001s] -- Up-to-date: /home/ubuntu/pi_ws/install/senior_design1/share/senior_design1/config/my_controllers.yaml
[15.004s] -- Up-to-date: /home/ubuntu/pi_ws/install/senior_design1/share/senior_design1/config/map.rviz
[15.006s] -- Up-to-date: /home/ubuntu/pi_ws/install/senior_design1/share/senior_design1/config/ball_tracker_params_robot.yaml
[15.007s] -- Up-to-date: /home/ubuntu/pi_ws/install/senior_design1/share/senior_design1/config/mapper_params_online_async.yaml
[15.012s] -- Up-to-date: /home/ubuntu/pi_ws/install/senior_design1/share/senior_design1/config/drive_bot.rviz
[15.024s] -- Up-to-date: /home/ubuntu/pi_ws/install/senior_design1/share/senior_design1/config/ball_tracker_params_sim.yaml
[15.025s] -- Up-to-date: /home/ubuntu/pi_ws/install/senior_design1/share/senior_design1/config/main.rviz
[15.027s] -- Up-to-date: /home/ubuntu/pi_ws/install/senior_design1/share/senior_design1/config/nav2_params.yaml
[15.028s] -- Up-to-date: /home/ubuntu/pi_ws/install/senior_design1/share/senior_design1/config/joystick.yaml
[15.030s] -- Up-to-date: /home/ubuntu/pi_ws/install/senior_design1/share/senior_design1/config/gazebo_params.yaml
[15.031s] -- Up-to-date: /home/ubuntu/pi_ws/install/senior_design1/share/senior_design1/config/twist_mux.yaml
[15.032s] -- Up-to-date: /home/ubuntu/pi_ws/install/senior_design1/share/senior_design1/config/gaz_ros2_ctl_use_sim.yaml
[15.033s] -- Up-to-date: /home/ubuntu/pi_ws/install/senior_design1/share/senior_design1/config/empty.yaml
[15.033s] -- Up-to-date: /home/ubuntu/pi_ws/install/senior_design1/share/senior_design1/description
[15.035s] -- Up-to-date: /home/ubuntu/pi_ws/install/senior_design1/share/senior_design1/description/ros2_control.xacro
[15.036s] -- Up-to-date: /home/ubuntu/pi_ws/install/senior_design1/share/senior_design1/description/inertial_macros.xacro
[15.038s] -- Up-to-date: /home/ubuntu/pi_ws/install/senior_design1/share/senior_design1/description/depth_camera.xacro
[15.039s] -- Installing: /home/ubuntu/pi_ws/install/senior_design1/share/senior_design1/description/robot_core.xacro
[15.062s] -- Up-to-date: /home/ubuntu/pi_ws/install/senior_design1/share/senior_design1/description/robot.urdf.xacro
[15.064s] -- Up-to-date: /home/ubuntu/pi_ws/install/senior_design1/share/senior_design1/description/camera.xacro
[15.065s] -- Up-to-date: /home/ubuntu/pi_ws/install/senior_design1/share/senior_design1/description/gazebo_control.xacro
[15.066s] -- Up-to-date: /home/ubuntu/pi_ws/install/senior_design1/share/senior_design1/description/lidar.xacro
[15.069s] -- Up-to-date: /home/ubuntu/pi_ws/install/senior_design1/share/senior_design1/description/face.xacro
[15.070s] -- Up-to-date: /home/ubuntu/pi_ws/install/senior_design1/share/senior_design1/launch
[15.072s] -- Up-to-date: /home/ubuntu/pi_ws/install/senior_design1/share/senior_design1/launch/camera.launch.py
[15.074s] -- Up-to-date: /home/ubuntu/pi_ws/install/senior_design1/share/senior_design1/launch/obstacle_avoid.launch.py
[15.083s] -- Up-to-date: /home/ubuntu/pi_ws/install/senior_design1/share/senior_design1/launch/rplidar.launch.py
[15.084s] -- Up-to-date: /home/ubuntu/pi_ws/install/senior_design1/share/senior_design1/launch/__pycache__
[15.086s] -- Up-to-date: /home/ubuntu/pi_ws/install/senior_design1/share/senior_design1/launch/__pycache__/rplidar.launch.cpython-38.pyc
[15.087s] -- Up-to-date: /home/ubuntu/pi_ws/install/senior_design1/share/senior_design1/launch/launch_robot.launch.py
[15.088s] -- Up-to-date: /home/ubuntu/pi_ws/install/senior_design1/share/senior_design1/launch/localization_launch.py
[15.089s] -- Up-to-date: /home/ubuntu/pi_ws/install/senior_design1/share/senior_design1/launch/online_async_launch.py
[15.090s] -- Up-to-date: /home/ubuntu/pi_ws/install/senior_design1/share/senior_design1/launch/rsp.launch.py
[15.091s] -- Up-to-date: /home/ubuntu/pi_ws/install/senior_design1/share/senior_design1/launch/navigation_launch.py
[15.091s] -- Up-to-date: /home/ubuntu/pi_ws/install/senior_design1/share/senior_design1/launch/joystick.launch.py
[15.092s] -- Up-to-date: /home/ubuntu/pi_ws/install/senior_design1/share/senior_design1/launch/launch_sim.launch.py
[15.093s] -- Up-to-date: /home/ubuntu/pi_ws/install/senior_design1/share/senior_design1/launch/ball_tracker.launch.py
[15.093s] -- Up-to-date: /home/ubuntu/pi_ws/install/senior_design1/share/senior_design1/worlds
[15.098s] -- Up-to-date: /home/ubuntu/pi_ws/install/senior_design1/share/senior_design1/worlds/empty.world
[15.101s] -- Up-to-date: /home/ubuntu/pi_ws/install/senior_design1/share/senior_design1/worlds/obstacles.world
[15.103s] -- Up-to-date: /home/ubuntu/pi_ws/install/senior_design1/share/ament_index/resource_index/package_run_dependencies/senior_design1
[15.104s] -- Up-to-date: /home/ubuntu/pi_ws/install/senior_design1/share/ament_index/resource_index/parent_prefix_path/senior_design1
[15.105s] -- Up-to-date: /home/ubuntu/pi_ws/install/senior_design1/share/senior_design1/environment/ament_prefix_path.sh
[15.106s] -- Up-to-date: /home/ubuntu/pi_ws/install/senior_design1/share/senior_design1/environment/ament_prefix_path.dsv
[15.109s] -- Up-to-date: /home/ubuntu/pi_ws/install/senior_design1/share/senior_design1/environment/path.sh
[15.110s] -- Up-to-date: /home/ubuntu/pi_ws/install/senior_design1/share/senior_design1/environment/path.dsv
[15.115s] -- Up-to-date: /home/ubuntu/pi_ws/install/senior_design1/share/senior_design1/local_setup.bash
[15.120s] -- Up-to-date: /home/ubuntu/pi_ws/install/senior_design1/share/senior_design1/local_setup.sh
[15.122s] -- Up-to-date: /home/ubuntu/pi_ws/install/senior_design1/share/senior_design1/local_setup.zsh
[15.125s] -- Up-to-date: /home/ubuntu/pi_ws/install/senior_design1/share/senior_design1/local_setup.dsv
[15.127s] -- Installing: /home/ubuntu/pi_ws/install/senior_design1/share/senior_design1/package.dsv
[15.147s] -- Up-to-date: /home/ubuntu/pi_ws/install/senior_design1/share/ament_index/resource_index/packages/senior_design1
[15.148s] -- Up-to-date: /home/ubuntu/pi_ws/install/senior_design1/share/senior_design1/cmake/senior_design1Config.cmake
[15.156s] -- Up-to-date: /home/ubuntu/pi_ws/install/senior_design1/share/senior_design1/cmake/senior_design1Config-version.cmake
[15.157s] -- Up-to-date: /home/ubuntu/pi_ws/install/senior_design1/share/senior_design1/package.xml
[15.197s] Invoked command in '/home/ubuntu/pi_ws/build/senior_design1' returned '0': CMAKE_PREFIX_PATH=${CMAKE_PREFIX_PATH}:/home/ubuntu/pi_ws/install/serial_motor_demo:/home/ubuntu/pi_ws/install/serial:/home/ubuntu/pi_ws/install/my_package:/opt/ros/foxy /usr/bin/cmake --install /home/ubuntu/pi_ws/build/senior_design1
