[2.608s] Invoking command in '/home/ubuntu/pi_ws/build/senior_design': CMAKE_PREFIX_PATH=${CMAKE_PREFIX_PATH}:/home/ubuntu/pi_ws/install/serial_motor_demo:/home/ubuntu/pi_ws/install/my_package:/opt/ros/foxy /usr/bin/cmake /home/ubuntu/pi_ws/src/senior_design -DCMAKE_INSTALL_PREFIX=/home/ubuntu/pi_ws/install/senior_design
[3.434s] -- The C compiler identification is GNU 9.4.0
[4.129s] -- The CXX compiler identification is GNU 9.4.0
[4.210s] -- Check for working C compiler: /usr/bin/cc
[5.407s] -- Check for working C compiler: /usr/bin/cc -- works
[5.428s] -- Detecting C compiler ABI info
[6.562s] -- Detecting C compiler ABI info - done
[6.688s] -- Detecting C compile features
[6.695s] -- Detecting C compile features - done
[6.701s] -- Check for working CXX compiler: /usr/bin/c++
[7.913s] -- Check for working CXX compiler: /usr/bin/c++ -- works
[7.918s] -- Detecting CXX compiler ABI info
[9.351s] -- Detecting CXX compiler ABI info - done
[9.533s] -- Detecting CXX compile features
[9.535s] -- Detecting CXX compile features - done
[9.652s] -- Found ament_cmake: 0.9.12 (/opt/ros/foxy/share/ament_cmake/cmake)
[10.271s] -- Found PythonInterp: /usr/bin/python3 (found suitable version "3.8.10", minimum required is "3") 
[10.273s] -- Using PYTHON_EXECUTABLE: /usr/bin/python3
[14.329s] -- Found ament_lint_auto: 0.9.8 (/opt/ros/foxy/share/ament_lint_auto/cmake)
[15.707s] -- Added test 'copyright' to check source files copyright and LICENSE
[15.895s] -- Added test 'flake8' to check Python code syntax and style conventions
[15.927s] -- Added test 'lint_cmake' to check CMake code style
[15.943s] -- Added test 'pep257' to check Python code against some of the style conventions in PEP 257
[16.042s] -- Added test 'xmllint' to check XML markup files
[16.079s] -- Configuring done
[16.122s] -- Generating done
[16.152s] -- Build files have been written to: /home/ubuntu/pi_ws/build/senior_design
[16.203s] Invoked command in '/home/ubuntu/pi_ws/build/senior_design' returned '0': CMAKE_PREFIX_PATH=${CMAKE_PREFIX_PATH}:/home/ubuntu/pi_ws/install/serial_motor_demo:/home/ubuntu/pi_ws/install/my_package:/opt/ros/foxy /usr/bin/cmake /home/ubuntu/pi_ws/src/senior_design -DCMAKE_INSTALL_PREFIX=/home/ubuntu/pi_ws/install/senior_design
[16.208s] Invoking command in '/home/ubuntu/pi_ws/build/senior_design': CMAKE_PREFIX_PATH=${CMAKE_PREFIX_PATH}:/home/ubuntu/pi_ws/install/serial_motor_demo:/home/ubuntu/pi_ws/install/my_package:/opt/ros/foxy /usr/bin/cmake --build /home/ubuntu/pi_ws/build/senior_design -- -j4 -l4
[16.837s] Invoked command in '/home/ubuntu/pi_ws/build/senior_design' returned '0': CMAKE_PREFIX_PATH=${CMAKE_PREFIX_PATH}:/home/ubuntu/pi_ws/install/serial_motor_demo:/home/ubuntu/pi_ws/install/my_package:/opt/ros/foxy /usr/bin/cmake --build /home/ubuntu/pi_ws/build/senior_design -- -j4 -l4
[17.502s] Invoking command in '/home/ubuntu/pi_ws/build/senior_design': CMAKE_PREFIX_PATH=${CMAKE_PREFIX_PATH}:/home/ubuntu/pi_ws/install/serial_motor_demo:/home/ubuntu/pi_ws/install/my_package:/opt/ros/foxy /usr/bin/cmake --install /home/ubuntu/pi_ws/build/senior_design
[17.589s] -- Install configuration: ""
[17.607s] -- Installing: /home/ubuntu/pi_ws/install/senior_design/share/senior_design/config
[17.615s] -- Installing: /home/ubuntu/pi_ws/install/senior_design/share/senior_design/config/view_bot.rviz
[17.625s] -- Installing: /home/ubuntu/pi_ws/install/senior_design/share/senior_design/config/my_controllers.yaml
[17.628s] -- Installing: /home/ubuntu/pi_ws/install/senior_design/share/senior_design/config/map.rviz
[17.640s] -- Installing: /home/ubuntu/pi_ws/install/senior_design/share/senior_design/config/ball_tracker_params_robot.yaml
[17.647s] -- Installing: /home/ubuntu/pi_ws/install/senior_design/share/senior_design/config/mapper_params_online_async.yaml
[17.653s] -- Installing: /home/ubuntu/pi_ws/install/senior_design/share/senior_design/config/drive_bot.rviz
[17.657s] -- Installing: /home/ubuntu/pi_ws/install/senior_design/share/senior_design/config/ball_tracker_params_sim.yaml
[17.663s] -- Installing: /home/ubuntu/pi_ws/install/senior_design/share/senior_design/config/main.rviz
[17.676s] -- Installing: /home/ubuntu/pi_ws/install/senior_design/share/senior_design/config/nav2_params.yaml
[17.677s] -- Installing: /home/ubuntu/pi_ws/install/senior_design/share/senior_design/config/joystick.yaml
[17.680s] -- Installing: /home/ubuntu/pi_ws/install/senior_design/share/senior_design/config/gazebo_params.yaml
[17.683s] -- Installing: /home/ubuntu/pi_ws/install/senior_design/share/senior_design/config/twist_mux.yaml
[17.687s] -- Installing: /home/ubuntu/pi_ws/install/senior_design/share/senior_design/config/gaz_ros2_ctl_use_sim.yaml
[17.688s] -- Installing: /home/ubuntu/pi_ws/install/senior_design/share/senior_design/config/empty.yaml
[17.689s] -- Installing: /home/ubuntu/pi_ws/install/senior_design/share/senior_design/description
[17.690s] -- Installing: /home/ubuntu/pi_ws/install/senior_design/share/senior_design/description/ros2_control.xacro
[17.691s] -- Installing: /home/ubuntu/pi_ws/install/senior_design/share/senior_design/description/inertial_macros.xacro
[17.698s] -- Installing: /home/ubuntu/pi_ws/install/senior_design/share/senior_design/description/depth_camera.xacro
[17.703s] -- Installing: /home/ubuntu/pi_ws/install/senior_design/share/senior_design/description/robot_core.xacro
[17.705s] -- Installing: /home/ubuntu/pi_ws/install/senior_design/share/senior_design/description/robot.urdf.xacro
[17.723s] -- Installing: /home/ubuntu/pi_ws/install/senior_design/share/senior_design/description/camera.xacro
[17.724s] -- Installing: /home/ubuntu/pi_ws/install/senior_design/share/senior_design/description/gazebo_control.xacro
[17.725s] -- Installing: /home/ubuntu/pi_ws/install/senior_design/share/senior_design/description/lidar.xacro
[17.727s] -- Installing: /home/ubuntu/pi_ws/install/senior_design/share/senior_design/description/face.xacro
[17.733s] -- Installing: /home/ubuntu/pi_ws/install/senior_design/share/senior_design/launch
[17.734s] -- Installing: /home/ubuntu/pi_ws/install/senior_design/share/senior_design/launch/camera.launch.py
[17.736s] -- Installing: /home/ubuntu/pi_ws/install/senior_design/share/senior_design/launch/obstacle_avoid.launch.py
[17.738s] -- Installing: /home/ubuntu/pi_ws/install/senior_design/share/senior_design/launch/rplidar.launch.py
[17.739s] -- Installing: /home/ubuntu/pi_ws/install/senior_design/share/senior_design/launch/__pycache__
[17.739s] -- Installing: /home/ubuntu/pi_ws/install/senior_design/share/senior_design/launch/__pycache__/rplidar.launch.cpython-38.pyc
[17.750s] -- Installing: /home/ubuntu/pi_ws/install/senior_design/share/senior_design/launch/launch_robot.launch.py
[17.755s] -- Installing: /home/ubuntu/pi_ws/install/senior_design/share/senior_design/launch/localization_launch.py
[17.755s] -- Installing: /home/ubuntu/pi_ws/install/senior_design/share/senior_design/launch/online_async_launch.py
[17.756s] -- Installing: /home/ubuntu/pi_ws/install/senior_design/share/senior_design/launch/rsp.launch.py
[17.757s] -- Installing: /home/ubuntu/pi_ws/install/senior_design/share/senior_design/launch/navigation_launch.py
[17.759s] -- Installing: /home/ubuntu/pi_ws/install/senior_design/share/senior_design/launch/launch_sim.launch.py
[17.784s] -- Installing: /home/ubuntu/pi_ws/install/senior_design/share/senior_design/launch/ball_tracker.launch.py
[17.786s] -- Installing: /home/ubuntu/pi_ws/install/senior_design/share/senior_design/worlds
[17.787s] -- Installing: /home/ubuntu/pi_ws/install/senior_design/share/senior_design/worlds/empty.world
[17.801s] -- Installing: /home/ubuntu/pi_ws/install/senior_design/share/senior_design/worlds/obstacles.world
[17.810s] -- Installing: /home/ubuntu/pi_ws/install/senior_design/share/ament_index/resource_index/package_run_dependencies/senior_design
[17.811s] -- Installing: /home/ubuntu/pi_ws/install/senior_design/share/ament_index/resource_index/parent_prefix_path/senior_design
[17.812s] -- Installing: /home/ubuntu/pi_ws/install/senior_design/share/senior_design/environment/ament_prefix_path.sh
[17.813s] -- Installing: /home/ubuntu/pi_ws/install/senior_design/share/senior_design/environment/ament_prefix_path.dsv
[17.825s] -- Installing: /home/ubuntu/pi_ws/install/senior_design/share/senior_design/environment/path.sh
[17.827s] -- Installing: /home/ubuntu/pi_ws/install/senior_design/share/senior_design/environment/path.dsv
[17.828s] -- Installing: /home/ubuntu/pi_ws/install/senior_design/share/senior_design/local_setup.bash
[17.829s] -- Installing: /home/ubuntu/pi_ws/install/senior_design/share/senior_design/local_setup.sh
[17.851s] -- Installing: /home/ubuntu/pi_ws/install/senior_design/share/senior_design/local_setup.zsh
[17.853s] -- Installing: /home/ubuntu/pi_ws/install/senior_design/share/senior_design/local_setup.dsv
[17.854s] -- Installing: /home/ubuntu/pi_ws/install/senior_design/share/senior_design/package.dsv
[17.856s] -- Installing: /home/ubuntu/pi_ws/install/senior_design/share/ament_index/resource_index/packages/senior_design
[17.857s] -- Installing: /home/ubuntu/pi_ws/install/senior_design/share/senior_design/cmake/senior_designConfig.cmake
[17.859s] -- Installing: /home/ubuntu/pi_ws/install/senior_design/share/senior_design/cmake/senior_designConfig-version.cmake
[17.891s] -- Installing: /home/ubuntu/pi_ws/install/senior_design/share/senior_design/package.xml
[17.916s] Invoked command in '/home/ubuntu/pi_ws/build/senior_design' returned '0': CMAKE_PREFIX_PATH=${CMAKE_PREFIX_PATH}:/home/ubuntu/pi_ws/install/serial_motor_demo:/home/ubuntu/pi_ws/install/my_package:/opt/ros/foxy /usr/bin/cmake --install /home/ubuntu/pi_ws/build/senior_design
