[6.242s] Invoking command in '/home/ubuntu/pi_ws/src/ros2_detection/my_package': PYTHONPATH=/home/ubuntu/pi_ws/build/my_package/prefix_override:/home/ubuntu/pi_ws/install/my_package/lib/python3.8/site-packages:${PYTHONPATH} /usr/bin/python3 setup.py egg_info --egg-base ../../../build/my_package build --build-base /home/ubuntu/pi_ws/build/my_package/build install --record /home/ubuntu/pi_ws/build/my_package/install.log --install-scripts $base/lib/my_package --single-version-externally-managed
[7.270s] running egg_info
[7.273s] writing ../../../build/my_package/my_package.egg-info/PKG-INFO
[7.276s] writing dependency_links to ../../../build/my_package/my_package.egg-info/dependency_links.txt
[7.279s] writing entry points to ../../../build/my_package/my_package.egg-info/entry_points.txt
[7.281s] writing requirements to ../../../build/my_package/my_package.egg-info/requires.txt
[7.285s] writing top-level names to ../../../build/my_package/my_package.egg-info/top_level.txt
[7.417s] reading manifest file '../../../build/my_package/my_package.egg-info/SOURCES.txt'
[7.423s] writing manifest file '../../../build/my_package/my_package.egg-info/SOURCES.txt'
[7.425s] running build
[7.428s] running build_py
[7.431s] copying my_package/controller.py -> /home/ubuntu/pi_ws/build/my_package/build/lib/my_package
[7.435s] running install
[7.437s] running install_lib
[7.441s] copying /home/ubuntu/pi_ws/build/my_package/build/lib/my_package/controller.py -> /home/ubuntu/pi_ws/install/my_package/lib/python3.8/site-packages/my_package
[7.444s] byte-compiling /home/ubuntu/pi_ws/install/my_package/lib/python3.8/site-packages/my_package/controller.py to controller.cpython-38.pyc
[7.447s] running install_data
[7.454s] copying my_package/controller.py -> /home/ubuntu/pi_ws/install/my_package/lib/my_package
[7.456s] running install_egg_info
[7.457s] removing '/home/ubuntu/pi_ws/install/my_package/lib/python3.8/site-packages/my_package-0.0.0-py3.8.egg-info' (and everything under it)
[7.459s] Copying ../../../build/my_package/my_package.egg-info to /home/ubuntu/pi_ws/install/my_package/lib/python3.8/site-packages/my_package-0.0.0-py3.8.egg-info
[7.468s] running install_scripts
[7.538s] Installing controller script to /home/ubuntu/pi_ws/install/my_package/lib/my_package
[7.539s] Installing detection script to /home/ubuntu/pi_ws/install/my_package/lib/my_package
[7.542s] Installing display script to /home/ubuntu/pi_ws/install/my_package/lib/my_package
[7.545s] writing list of installed files to '/home/ubuntu/pi_ws/build/my_package/install.log'
[9.460s] Invoked command in '/home/ubuntu/pi_ws/src/ros2_detection/my_package' returned '0': PYTHONPATH=/home/ubuntu/pi_ws/build/my_package/prefix_override:/home/ubuntu/pi_ws/install/my_package/lib/python3.8/site-packages:${PYTHONPATH} /usr/bin/python3 setup.py egg_info --egg-base ../../../build/my_package build --build-base /home/ubuntu/pi_ws/build/my_package/build install --record /home/ubuntu/pi_ws/build/my_package/install.log --install-scripts $base/lib/my_package --single-version-externally-managed
