[6.342s] Invoking command in '/home/ubuntu/pi_ws/build/serial': CMAKE_PREFIX_PATH=${CMAKE_PREFIX_PATH}:/home/ubuntu/pi_ws/install/serial_motor_demo:/home/ubuntu/pi_ws/install/my_package:/opt/ros/foxy /usr/bin/cmake /home/ubuntu/pi_ws/src/serial -DAMENT_CMAKE_SYMLINK_INSTALL=1 -DCMAKE_INSTALL_PREFIX=/home/ubuntu/pi_ws/install/serial
[6.604s] -- Found ament_cmake: 0.9.12 (/opt/ros/foxy/share/ament_cmake/cmake)
[6.826s] -- Using PYTHON_EXECUTABLE: /usr/bin/python3
[8.939s] -- Override CMake install command with custom implementation using symlinks instead of copying resources
[9.003s] -- Found ament_cmake_gtest: 0.9.12 (/opt/ros/foxy/share/ament_cmake_gtest/cmake)
[9.064s] -- Found gtest sources under '/opt/ros/foxy/src/gtest_vendor': C++ tests using 'Google Test' will be built
[9.878s] -- Configuring done
[10.172s] -- Generating done
[10.190s] -- Build files have been written to: /home/ubuntu/pi_ws/build/serial
[11.250s] Invoked command in '/home/ubuntu/pi_ws/build/serial' returned '0': CMAKE_PREFIX_PATH=${CMAKE_PREFIX_PATH}:/home/ubuntu/pi_ws/install/serial_motor_demo:/home/ubuntu/pi_ws/install/my_package:/opt/ros/foxy /usr/bin/cmake /home/ubuntu/pi_ws/src/serial -DAMENT_CMAKE_SYMLINK_INSTALL=1 -DCMAKE_INSTALL_PREFIX=/home/ubuntu/pi_ws/install/serial
[11.269s] Invoking command in '/home/ubuntu/pi_ws/build/serial': CMAKE_PREFIX_PATH=${CMAKE_PREFIX_PATH}:/home/ubuntu/pi_ws/install/serial_motor_demo:/home/ubuntu/pi_ws/install/my_package:/opt/ros/foxy /usr/bin/cmake --build /home/ubuntu/pi_ws/build/serial -- -j4 -l4
[11.778s] [ 28%] Built target serial
[11.998s] [ 42%] Built target gtest_main
[12.211s] [ 57%] Built target serial_example
[12.436s] [ 71%] Built target gtest
[12.583s] [ 85%] Built target serial-test-timer
[12.942s] [100%] Built target serial-test
[13.077s] Invoked command in '/home/ubuntu/pi_ws/build/serial' returned '0': CMAKE_PREFIX_PATH=${CMAKE_PREFIX_PATH}:/home/ubuntu/pi_ws/install/serial_motor_demo:/home/ubuntu/pi_ws/install/my_package:/opt/ros/foxy /usr/bin/cmake --build /home/ubuntu/pi_ws/build/serial -- -j4 -l4
[13.742s] Invoking command in '/home/ubuntu/pi_ws/build/serial': CMAKE_PREFIX_PATH=${CMAKE_PREFIX_PATH}:/home/ubuntu/pi_ws/install/serial_motor_demo:/home/ubuntu/pi_ws/install/my_package:/opt/ros/foxy /usr/bin/cmake --install /home/ubuntu/pi_ws/build/serial
[13.825s] -- Install configuration: ""
[13.831s] -- Execute custom install script
[13.844s] -- Symlinking: /home/ubuntu/pi_ws/install/serial/lib/libserial.a
[13.925s] -- Symlinking: /home/ubuntu/pi_ws/install/serial/include/serial/serial.h
[14.024s] -- Symlinking: /home/ubuntu/pi_ws/install/serial/include/serial/v8stdint.h
[14.093s] -- Symlinking: /home/ubuntu/pi_ws/install/serial/share/serial/environment/library_path.sh
[14.209s] -- Symlinking: /home/ubuntu/pi_ws/install/serial/share/serial/environment/library_path.dsv
[14.344s] -- Symlinking: /home/ubuntu/pi_ws/install/serial/share/ament_index/resource_index/package_run_dependencies/serial
[14.422s] -- Symlinking: /home/ubuntu/pi_ws/install/serial/share/ament_index/resource_index/parent_prefix_path/serial
[14.481s] -- Symlinking: /home/ubuntu/pi_ws/install/serial/share/serial/environment/ament_prefix_path.sh
[14.546s] -- Symlinking: /home/ubuntu/pi_ws/install/serial/share/serial/environment/ament_prefix_path.dsv
[14.606s] -- Symlinking: /home/ubuntu/pi_ws/install/serial/share/serial/environment/path.sh
[14.688s] -- Symlinking: /home/ubuntu/pi_ws/install/serial/share/serial/environment/path.dsv
[14.764s] -- Symlinking: /home/ubuntu/pi_ws/install/serial/share/serial/local_setup.bash
[14.830s] -- Symlinking: /home/ubuntu/pi_ws/install/serial/share/serial/local_setup.sh
[14.894s] -- Symlinking: /home/ubuntu/pi_ws/install/serial/share/serial/local_setup.zsh
[14.995s] -- Symlinking: /home/ubuntu/pi_ws/install/serial/share/serial/local_setup.dsv
[15.180s] -- Symlinking: /home/ubuntu/pi_ws/install/serial/share/serial/package.dsv
[15.268s] -- Symlinking: /home/ubuntu/pi_ws/install/serial/share/ament_index/resource_index/packages/serial
[15.342s] -- Symlinking: /home/ubuntu/pi_ws/install/serial/share/serial/cmake/ament_cmake_export_include_directories-extras.cmake
[15.421s] -- Symlinking: /home/ubuntu/pi_ws/install/serial/share/serial/cmake/ament_cmake_export_libraries-extras.cmake
[15.498s] -- Symlinking: /home/ubuntu/pi_ws/install/serial/share/serial/cmake/serialConfig.cmake
[15.651s] -- Symlinking: /home/ubuntu/pi_ws/install/serial/share/serial/cmake/serialConfig-version.cmake
[15.725s] -- Symlinking: /home/ubuntu/pi_ws/install/serial/share/serial/package.xml
[15.801s] Invoked command in '/home/ubuntu/pi_ws/build/serial' returned '0': CMAKE_PREFIX_PATH=${CMAKE_PREFIX_PATH}:/home/ubuntu/pi_ws/install/serial_motor_demo:/home/ubuntu/pi_ws/install/my_package:/opt/ros/foxy /usr/bin/cmake --install /home/ubuntu/pi_ws/build/serial
