[5.928s] Invoking command in '/home/ubuntu/pi_ws/src/ros2_detection/my_package': PYTHONPATH=/home/ubuntu/pi_ws/build/my_package/prefix_override:/home/ubuntu/pi_ws/install/my_package/lib/python3.8/site-packages:${PYTHONPATH} /usr/bin/python3 setup.py egg_info --egg-base ../../../build/my_package build --build-base /home/ubuntu/pi_ws/build/my_package/build install --record /home/ubuntu/pi_ws/build/my_package/install.log --install-scripts $base/lib/my_package --single-version-externally-managed
[6.912s] running egg_info
[6.916s] writing ../../../build/my_package/my_package.egg-info/PKG-INFO
[6.918s] writing dependency_links to ../../../build/my_package/my_package.egg-info/dependency_links.txt
[6.921s] writing entry points to ../../../build/my_package/my_package.egg-info/entry_points.txt
[6.924s] writing requirements to ../../../build/my_package/my_package.egg-info/requires.txt
[6.926s] writing top-level names to ../../../build/my_package/my_package.egg-info/top_level.txt
[7.068s] reading manifest file '../../../build/my_package/my_package.egg-info/SOURCES.txt'
[7.072s] writing manifest file '../../../build/my_package/my_package.egg-info/SOURCES.txt'
[7.072s] running build
[7.073s] running build_py
[7.076s] running install
[7.080s] running install_lib
[7.089s] running install_data
[7.092s] running install_egg_info
[7.099s] removing '/home/ubuntu/pi_ws/install/my_package/lib/python3.8/site-packages/my_package-0.0.0-py3.8.egg-info' (and everything under it)
[7.101s] Copying ../../../build/my_package/my_package.egg-info to /home/ubuntu/pi_ws/install/my_package/lib/python3.8/site-packages/my_package-0.0.0-py3.8.egg-info
[7.110s] running install_scripts
[7.190s] Installing controller script to /home/ubuntu/pi_ws/install/my_package/lib/my_package
[7.192s] Installing detection script to /home/ubuntu/pi_ws/install/my_package/lib/my_package
[7.192s] Installing display script to /home/ubuntu/pi_ws/install/my_package/lib/my_package
[7.197s] writing list of installed files to '/home/ubuntu/pi_ws/build/my_package/install.log'
[10.449s] Invoked command in '/home/ubuntu/pi_ws/src/ros2_detection/my_package' returned '0': PYTHONPATH=/home/ubuntu/pi_ws/build/my_package/prefix_override:/home/ubuntu/pi_ws/install/my_package/lib/python3.8/site-packages:${PYTHONPATH} /usr/bin/python3 setup.py egg_info --egg-base ../../../build/my_package build --build-base /home/ubuntu/pi_ws/build/my_package/build install --record /home/ubuntu/pi_ws/build/my_package/install.log --install-scripts $base/lib/my_package --single-version-externally-managed
