[2.696s] Invoking command in '/home/ubuntu/pi_ws/build/gazebo_ros2_control': CMAKE_PREFIX_PATH=${CMAKE_PREFIX_PATH}:/home/ubuntu/pi_ws/install/my_package:/opt/ros/foxy /usr/bin/cmake --build /home/ubuntu/pi_ws/build/gazebo_ros2_control -- -j4 -l4
[3.353s] [ 50%] Built target gazebo_hardware_plugins
[3.545s] [100%] Built target gazebo_ros2_control
[4.863s] Invoked command in '/home/ubuntu/pi_ws/build/gazebo_ros2_control' returned '0': CMAKE_PREFIX_PATH=${CMAKE_PREFIX_PATH}:/home/ubuntu/pi_ws/install/my_package:/opt/ros/foxy /usr/bin/cmake --build /home/ubuntu/pi_ws/build/gazebo_ros2_control -- -j4 -l4
[5.119s] Invoking command in '/home/ubuntu/pi_ws/build/gazebo_ros2_control': CMAKE_PREFIX_PATH=${CMAKE_PREFIX_PATH}:/home/ubuntu/pi_ws/install/my_package:/opt/ros/foxy /usr/bin/cmake --install /home/ubuntu/pi_ws/build/gazebo_ros2_control
[5.170s] -- Install configuration: ""
[5.171s] -- Up-to-date: /home/ubuntu/pi_ws/install/gazebo_ros2_control/lib/libgazebo_ros2_control.so
[5.175s] -- Up-to-date: /home/ubuntu/pi_ws/install/gazebo_ros2_control/lib/libgazebo_hardware_plugins.so
[5.178s] -- Up-to-date: /home/ubuntu/pi_ws/install/gazebo_ros2_control/share/gazebo_ros2_control/environment/library_path.sh
[5.180s] -- Up-to-date: /home/ubuntu/pi_ws/install/gazebo_ros2_control/share/gazebo_ros2_control/environment/library_path.dsv
[5.182s] -- Up-to-date: /home/ubuntu/pi_ws/install/gazebo_ros2_control/include/gazebo_ros2_control
[5.183s] -- Up-to-date: /home/ubuntu/pi_ws/install/gazebo_ros2_control/include/gazebo_ros2_control/gazebo_system.hpp
[5.184s] -- Up-to-date: /home/ubuntu/pi_ws/install/gazebo_ros2_control/include/gazebo_ros2_control/gazebo_ros2_control_plugin.hpp
[5.186s] -- Up-to-date: /home/ubuntu/pi_ws/install/gazebo_ros2_control/include/gazebo_ros2_control/gazebo_system_interface.hpp
[5.190s] -- Up-to-date: /home/ubuntu/pi_ws/install/gazebo_ros2_control/share/gazebo_ros2_control/gazebo_hardware_plugins.xml
[5.193s] -- Up-to-date: /home/ubuntu/pi_ws/install/gazebo_ros2_control/share/ament_index/resource_index/package_run_dependencies/gazebo_ros2_control
[5.195s] -- Up-to-date: /home/ubuntu/pi_ws/install/gazebo_ros2_control/share/ament_index/resource_index/parent_prefix_path/gazebo_ros2_control
[5.198s] -- Up-to-date: /home/ubuntu/pi_ws/install/gazebo_ros2_control/share/gazebo_ros2_control/environment/ament_prefix_path.sh
[5.203s] -- Up-to-date: /home/ubuntu/pi_ws/install/gazebo_ros2_control/share/gazebo_ros2_control/environment/ament_prefix_path.dsv
[5.204s] -- Up-to-date: /home/ubuntu/pi_ws/install/gazebo_ros2_control/share/gazebo_ros2_control/environment/path.sh
[5.204s] -- Up-to-date: /home/ubuntu/pi_ws/install/gazebo_ros2_control/share/gazebo_ros2_control/environment/path.dsv
[5.205s] -- Up-to-date: /home/ubuntu/pi_ws/install/gazebo_ros2_control/share/gazebo_ros2_control/local_setup.bash
[5.206s] -- Up-to-date: /home/ubuntu/pi_ws/install/gazebo_ros2_control/share/gazebo_ros2_control/local_setup.sh
[5.207s] -- Up-to-date: /home/ubuntu/pi_ws/install/gazebo_ros2_control/share/gazebo_ros2_control/local_setup.zsh
[5.222s] -- Up-to-date: /home/ubuntu/pi_ws/install/gazebo_ros2_control/share/gazebo_ros2_control/local_setup.dsv
[5.230s] -- Installing: /home/ubuntu/pi_ws/install/gazebo_ros2_control/share/gazebo_ros2_control/package.dsv
[5.239s] -- Up-to-date: /home/ubuntu/pi_ws/install/gazebo_ros2_control/share/ament_index/resource_index/packages/gazebo_ros2_control
[5.239s] -- Up-to-date: /home/ubuntu/pi_ws/install/gazebo_ros2_control/share/ament_index/resource_index/gazebo_ros2_control__pluginlib__plugin/gazebo_ros2_control
[5.240s] -- Up-to-date: /home/ubuntu/pi_ws/install/gazebo_ros2_control/share/gazebo_ros2_control/cmake/ament_cmake_export_include_directories-extras.cmake
[5.240s] -- Up-to-date: /home/ubuntu/pi_ws/install/gazebo_ros2_control/share/gazebo_ros2_control/cmake/ament_cmake_export_dependencies-extras.cmake
[5.241s] -- Up-to-date: /home/ubuntu/pi_ws/install/gazebo_ros2_control/share/gazebo_ros2_control/cmake/ament_cmake_export_libraries-extras.cmake
[5.242s] -- Up-to-date: /home/ubuntu/pi_ws/install/gazebo_ros2_control/share/gazebo_ros2_control/cmake/gazebo_ros2_controlConfig.cmake
[5.243s] -- Up-to-date: /home/ubuntu/pi_ws/install/gazebo_ros2_control/share/gazebo_ros2_control/cmake/gazebo_ros2_controlConfig-version.cmake
[5.244s] -- Up-to-date: /home/ubuntu/pi_ws/install/gazebo_ros2_control/share/gazebo_ros2_control/package.xml
[5.245s] Invoked command in '/home/ubuntu/pi_ws/build/gazebo_ros2_control' returned '0': CMAKE_PREFIX_PATH=${CMAKE_PREFIX_PATH}:/home/ubuntu/pi_ws/install/my_package:/opt/ros/foxy /usr/bin/cmake --install /home/ubuntu/pi_ws/build/gazebo_ros2_control
