[2.860s] Invoking command in '/home/ubuntu/pi_ws/build/senior_design': CMAKE_PREFIX_PATH=${CMAKE_PREFIX_PATH}:/home/ubuntu/pi_ws/install/serial_motor_demo:/home/ubuntu/pi_ws/install/my_package:/opt/ros/foxy /usr/bin/cmake /home/ubuntu/pi_ws/src/senior_design -DCMAKE_INSTALL_PREFIX=/home/ubuntu/pi_ws/install/senior_design
[3.813s] -- The C compiler identification is GNU 9.4.0
[4.649s] -- The CXX compiler identification is GNU 9.4.0
[4.721s] -- Check for working C compiler: /usr/bin/cc
[5.903s] -- Check for working C compiler: /usr/bin/cc -- works
[5.907s] -- Detecting C compiler ABI info
[7.067s] -- Detecting C compiler ABI info - done
[7.184s] -- Detecting C compile features
[7.188s] -- Detecting C compile features - done
[7.220s] -- Check for working CXX compiler: /usr/bin/c++
[8.547s] -- Check for working CXX compiler: /usr/bin/c++ -- works
[8.553s] -- Detecting CXX compiler ABI info
[9.636s] -- Detecting CXX compiler ABI info - done
[9.698s] -- Detecting CXX compile features
[9.702s] -- Detecting CXX compile features - done
[9.788s] -- Found ament_cmake: 0.9.12 (/opt/ros/foxy/share/ament_cmake/cmake)
[10.150s] -- Found PythonInterp: /usr/bin/python3 (found suitable version "3.8.10", minimum required is "3") 
[10.152s] -- Using PYTHON_EXECUTABLE: /usr/bin/python3
[13.822s] -- Found ament_lint_auto: 0.9.8 (/opt/ros/foxy/share/ament_lint_auto/cmake)
[15.594s] -- Added test 'copyright' to check source files copyright and LICENSE
[15.777s] -- Added test 'flake8' to check Python code syntax and style conventions
[15.806s] -- Added test 'lint_cmake' to check CMake code style
[15.845s] -- Added test 'pep257' to check Python code against some of the style conventions in PEP 257
[15.972s] -- Added test 'xmllint' to check XML markup files
[16.038s] -- Configuring done
[16.117s] -- Generating done
[16.151s] -- Build files have been written to: /home/ubuntu/pi_ws/build/senior_design
[16.236s] Invoked command in '/home/ubuntu/pi_ws/build/senior_design' returned '0': CMAKE_PREFIX_PATH=${CMAKE_PREFIX_PATH}:/home/ubuntu/pi_ws/install/serial_motor_demo:/home/ubuntu/pi_ws/install/my_package:/opt/ros/foxy /usr/bin/cmake /home/ubuntu/pi_ws/src/senior_design -DCMAKE_INSTALL_PREFIX=/home/ubuntu/pi_ws/install/senior_design
[16.240s] Invoking command in '/home/ubuntu/pi_ws/build/senior_design': CMAKE_PREFIX_PATH=${CMAKE_PREFIX_PATH}:/home/ubuntu/pi_ws/install/serial_motor_demo:/home/ubuntu/pi_ws/install/my_package:/opt/ros/foxy /usr/bin/cmake --build /home/ubuntu/pi_ws/build/senior_design -- -j4 -l4
[17.051s] Invoked command in '/home/ubuntu/pi_ws/build/senior_design' returned '0': CMAKE_PREFIX_PATH=${CMAKE_PREFIX_PATH}:/home/ubuntu/pi_ws/install/serial_motor_demo:/home/ubuntu/pi_ws/install/my_package:/opt/ros/foxy /usr/bin/cmake --build /home/ubuntu/pi_ws/build/senior_design -- -j4 -l4
[17.779s] Invoking command in '/home/ubuntu/pi_ws/build/senior_design': CMAKE_PREFIX_PATH=${CMAKE_PREFIX_PATH}:/home/ubuntu/pi_ws/install/serial_motor_demo:/home/ubuntu/pi_ws/install/my_package:/opt/ros/foxy /usr/bin/cmake --install /home/ubuntu/pi_ws/build/senior_design
[17.924s] -- Install configuration: ""
[17.926s] -- Installing: /home/ubuntu/pi_ws/install/senior_design/share/senior_design/config
[17.928s] -- Installing: /home/ubuntu/pi_ws/install/senior_design/share/senior_design/config/view_bot.rviz
[17.931s] -- Installing: /home/ubuntu/pi_ws/install/senior_design/share/senior_design/config/my_controllers.yaml
[17.933s] -- Installing: /home/ubuntu/pi_ws/install/senior_design/share/senior_design/config/map.rviz
[17.939s] -- Installing: /home/ubuntu/pi_ws/install/senior_design/share/senior_design/config/ball_tracker_params_robot.yaml
[17.942s] -- Installing: /home/ubuntu/pi_ws/install/senior_design/share/senior_design/config/mapper_params_online_async.yaml
[17.943s] -- Installing: /home/ubuntu/pi_ws/install/senior_design/share/senior_design/config/drive_bot.rviz
[17.946s] -- Installing: /home/ubuntu/pi_ws/install/senior_design/share/senior_design/config/ball_tracker_params_sim.yaml
[17.954s] -- Installing: /home/ubuntu/pi_ws/install/senior_design/share/senior_design/config/main.rviz
[17.956s] -- Installing: /home/ubuntu/pi_ws/install/senior_design/share/senior_design/config/nav2_params.yaml
[17.959s] -- Installing: /home/ubuntu/pi_ws/install/senior_design/share/senior_design/config/joystick.yaml
[17.969s] -- Installing: /home/ubuntu/pi_ws/install/senior_design/share/senior_design/config/gazebo_params.yaml
[17.971s] -- Installing: /home/ubuntu/pi_ws/install/senior_design/share/senior_design/config/twist_mux.yaml
[17.972s] -- Installing: /home/ubuntu/pi_ws/install/senior_design/share/senior_design/config/gaz_ros2_ctl_use_sim.yaml
[17.973s] -- Installing: /home/ubuntu/pi_ws/install/senior_design/share/senior_design/config/empty.yaml
[17.974s] -- Installing: /home/ubuntu/pi_ws/install/senior_design/share/senior_design/description
[17.987s] -- Installing: /home/ubuntu/pi_ws/install/senior_design/share/senior_design/description/ros2_control.xacro
[17.990s] -- Installing: /home/ubuntu/pi_ws/install/senior_design/share/senior_design/description/inertial_macros.xacro
[17.993s] -- Installing: /home/ubuntu/pi_ws/install/senior_design/share/senior_design/description/depth_camera.xacro
[18.007s] -- Installing: /home/ubuntu/pi_ws/install/senior_design/share/senior_design/description/robot_core.xacro
[18.011s] -- Installing: /home/ubuntu/pi_ws/install/senior_design/share/senior_design/description/robot.urdf.xacro
[18.021s] -- Installing: /home/ubuntu/pi_ws/install/senior_design/share/senior_design/description/camera.xacro
[18.024s] -- Installing: /home/ubuntu/pi_ws/install/senior_design/share/senior_design/description/gazebo_control.xacro
[18.029s] -- Installing: /home/ubuntu/pi_ws/install/senior_design/share/senior_design/description/lidar.xacro
[18.046s] -- Installing: /home/ubuntu/pi_ws/install/senior_design/share/senior_design/description/face.xacro
[18.047s] -- Installing: /home/ubuntu/pi_ws/install/senior_design/share/senior_design/launch
[18.047s] -- Installing: /home/ubuntu/pi_ws/install/senior_design/share/senior_design/launch/camera.launch.py
[18.048s] -- Installing: /home/ubuntu/pi_ws/install/senior_design/share/senior_design/launch/obstacle_avoid.launch.py
[18.048s] -- Installing: /home/ubuntu/pi_ws/install/senior_design/share/senior_design/launch/rplidar.launch.py
[18.049s] -- Installing: /home/ubuntu/pi_ws/install/senior_design/share/senior_design/launch/__pycache__
[18.057s] -- Installing: /home/ubuntu/pi_ws/install/senior_design/share/senior_design/launch/__pycache__/rplidar.launch.cpython-38.pyc
[18.058s] -- Installing: /home/ubuntu/pi_ws/install/senior_design/share/senior_design/launch/launch_robot.launch.py
[18.065s] -- Installing: /home/ubuntu/pi_ws/install/senior_design/share/senior_design/launch/localization_launch.py
[18.066s] -- Installing: /home/ubuntu/pi_ws/install/senior_design/share/senior_design/launch/online_async_launch.py
[18.067s] -- Installing: /home/ubuntu/pi_ws/install/senior_design/share/senior_design/launch/rsp.launch.py
[18.068s] -- Installing: /home/ubuntu/pi_ws/install/senior_design/share/senior_design/launch/navigation_launch.py
[18.068s] -- Installing: /home/ubuntu/pi_ws/install/senior_design/share/senior_design/launch/joystick.launch.py
[18.069s] -- Installing: /home/ubuntu/pi_ws/install/senior_design/share/senior_design/launch/launch_sim.launch.py
[18.077s] -- Installing: /home/ubuntu/pi_ws/install/senior_design/share/senior_design/launch/ball_tracker.launch.py
[18.078s] -- Installing: /home/ubuntu/pi_ws/install/senior_design/share/senior_design/worlds
[18.079s] -- Installing: /home/ubuntu/pi_ws/install/senior_design/share/senior_design/worlds/empty.world
[18.080s] -- Installing: /home/ubuntu/pi_ws/install/senior_design/share/senior_design/worlds/obstacles.world
[18.081s] -- Installing: /home/ubuntu/pi_ws/install/senior_design/share/ament_index/resource_index/package_run_dependencies/senior_design
[18.082s] -- Installing: /home/ubuntu/pi_ws/install/senior_design/share/ament_index/resource_index/parent_prefix_path/senior_design
[18.082s] -- Installing: /home/ubuntu/pi_ws/install/senior_design/share/senior_design/environment/ament_prefix_path.sh
[18.083s] -- Installing: /home/ubuntu/pi_ws/install/senior_design/share/senior_design/environment/ament_prefix_path.dsv
[18.084s] -- Installing: /home/ubuntu/pi_ws/install/senior_design/share/senior_design/environment/path.sh
[18.101s] -- Installing: /home/ubuntu/pi_ws/install/senior_design/share/senior_design/environment/path.dsv
[18.103s] -- Installing: /home/ubuntu/pi_ws/install/senior_design/share/senior_design/local_setup.bash
[18.106s] -- Installing: /home/ubuntu/pi_ws/install/senior_design/share/senior_design/local_setup.sh
[18.106s] -- Installing: /home/ubuntu/pi_ws/install/senior_design/share/senior_design/local_setup.zsh
[18.107s] -- Installing: /home/ubuntu/pi_ws/install/senior_design/share/senior_design/local_setup.dsv
[18.107s] -- Installing: /home/ubuntu/pi_ws/install/senior_design/share/senior_design/package.dsv
[18.107s] -- Installing: /home/ubuntu/pi_ws/install/senior_design/share/ament_index/resource_index/packages/senior_design
[18.108s] -- Installing: /home/ubuntu/pi_ws/install/senior_design/share/senior_design/cmake/senior_designConfig.cmake
[18.108s] -- Installing: /home/ubuntu/pi_ws/install/senior_design/share/senior_design/cmake/senior_designConfig-version.cmake
[18.109s] -- Installing: /home/ubuntu/pi_ws/install/senior_design/share/senior_design/package.xml
[18.110s] Invoked command in '/home/ubuntu/pi_ws/build/senior_design' returned '0': CMAKE_PREFIX_PATH=${CMAKE_PREFIX_PATH}:/home/ubuntu/pi_ws/install/serial_motor_demo:/home/ubuntu/pi_ws/install/my_package:/opt/ros/foxy /usr/bin/cmake --install /home/ubuntu/pi_ws/build/senior_design
