[1.514s] Invoking command in '/home/ubuntu/pi_ws/build/diffdrive_arduino': CMAKE_PREFIX_PATH=/home/ubuntu/pi_ws/install/serial:/home/ubuntu/pi_ws/install/tank_controller:/home/ubuntu/pi_ws/install/serial_motor_demo_msgs:/home/ubuntu/pi_ws/install/diffdrive_arduino:/home/ubuntu/pi_ws/install/senior_design1:/home/ubuntu/pi_ws/install/gazebo_ros2_control_demos:/home/ubuntu/pi_ws/install/gazebo_ros2_control:/home/ubuntu/pi_ws/install/serial_motor_demo:/home/ubuntu/pi_ws/install/my_package:/opt/ros/foxy /usr/bin/cmake /home/ubuntu/pi_ws/src/diffdrive_arduino -DCMAKE_INSTALL_PREFIX=/home/ubuntu/pi_ws/install/diffdrive_arduino
[1.916s] -- The C compiler identification is GNU 9.4.0
[2.378s] -- The CXX compiler identification is GNU 9.4.0
[2.438s] -- Check for working C compiler: /usr/bin/cc
[2.957s] -- Check for working C compiler: /usr/bin/cc -- works
[2.968s] -- Detecting C compiler ABI info
[3.554s] -- Detecting C compiler ABI info - done
[3.628s] -- Detecting C compile features
[3.631s] -- Detecting C compile features - done
[3.647s] -- Check for working CXX compiler: /usr/bin/c++
[4.289s] -- Check for working CXX compiler: /usr/bin/c++ -- works
[4.296s] -- Detecting CXX compiler ABI info
[4.858s] -- Detecting CXX compiler ABI info - done
[4.914s] -- Detecting CXX compile features
[4.918s] -- Detecting CXX compile features - done
[4.958s] -- Found ament_cmake: 0.9.12 (/opt/ros/foxy/share/ament_cmake/cmake)
[5.212s] -- Found PythonInterp: /usr/bin/python3 (found suitable version "3.8.10", minimum required is "3") 
[5.215s] -- Using PYTHON_EXECUTABLE: /usr/bin/python3
[7.637s] -- Found serial: 1.2.1 (/home/ubuntu/pi_ws/install/serial/share/serial/cmake)
[7.676s] -- Found hardware_interface: 0.11.0 (/opt/ros/foxy/share/hardware_interface/cmake)
[8.161s] -- Using all available rosidl_typesupport_c: rosidl_typesupport_fastrtps_c;rosidl_typesupport_introspection_c
[8.276s] -- Found rosidl_adapter: 1.3.1 (/opt/ros/foxy/share/rosidl_adapter/cmake)
[9.499s] -- Found OpenSSL: /usr/lib/aarch64-linux-gnu/libcrypto.so (found version "1.1.1f")  
[9.829s] -- Found FastRTPS: /opt/ros/foxy/include  
[10.565s] -- Using all available rosidl_typesupport_cpp: rosidl_typesupport_fastrtps_cpp;rosidl_typesupport_introspection_cpp
[13.184s] -- Found controller_manager: 0.11.0 (/opt/ros/foxy/share/controller_manager/cmake)
[13.709s] -- Found rmw_implementation_cmake: 1.0.4 (/opt/ros/foxy/share/rmw_implementation_cmake/cmake)
[13.711s] -- Using RMW implementation 'rmw_fastrtps_cpp' as default
[13.712s] -- Looking for pthread.h
[14.121s] -- Looking for pthread.h - found
[14.124s] -- Performing Test CMAKE_HAVE_LIBC_PTHREAD
[14.538s] -- Performing Test CMAKE_HAVE_LIBC_PTHREAD - Failed
[14.545s] -- Looking for pthread_create in pthreads
[14.888s] -- Looking for pthread_create in pthreads - not found
[14.890s] -- Looking for pthread_create in pthread
[15.302s] -- Looking for pthread_create in pthread - found
[15.307s] -- Found Threads: TRUE  
[18.472s] -- Configuring done
[18.774s] -- Generating done
[18.783s] -- Build files have been written to: /home/ubuntu/pi_ws/build/diffdrive_arduino
[18.843s] Invoked command in '/home/ubuntu/pi_ws/build/diffdrive_arduino' returned '0': CMAKE_PREFIX_PATH=/home/ubuntu/pi_ws/install/serial:/home/ubuntu/pi_ws/install/tank_controller:/home/ubuntu/pi_ws/install/serial_motor_demo_msgs:/home/ubuntu/pi_ws/install/diffdrive_arduino:/home/ubuntu/pi_ws/install/senior_design1:/home/ubuntu/pi_ws/install/gazebo_ros2_control_demos:/home/ubuntu/pi_ws/install/gazebo_ros2_control:/home/ubuntu/pi_ws/install/serial_motor_demo:/home/ubuntu/pi_ws/install/my_package:/opt/ros/foxy /usr/bin/cmake /home/ubuntu/pi_ws/src/diffdrive_arduino -DCMAKE_INSTALL_PREFIX=/home/ubuntu/pi_ws/install/diffdrive_arduino
[18.849s] Invoking command in '/home/ubuntu/pi_ws/build/diffdrive_arduino': CMAKE_PREFIX_PATH=/home/ubuntu/pi_ws/install/serial:/home/ubuntu/pi_ws/install/tank_controller:/home/ubuntu/pi_ws/install/serial_motor_demo_msgs:/home/ubuntu/pi_ws/install/diffdrive_arduino:/home/ubuntu/pi_ws/install/senior_design1:/home/ubuntu/pi_ws/install/gazebo_ros2_control_demos:/home/ubuntu/pi_ws/install/gazebo_ros2_control:/home/ubuntu/pi_ws/install/serial_motor_demo:/home/ubuntu/pi_ws/install/my_package:/opt/ros/foxy /usr/bin/cmake --build /home/ubuntu/pi_ws/build/diffdrive_arduino -- -j4 -l4
[19.088s] [35m[1mScanning dependencies of target fake_robot[0m
[19.479s] [ 14%] [32mBuilding CXX object CMakeFiles/fake_robot.dir/src/fake_robot.cpp.o[0m
[33.921s] [ 28%] [32mBuilding CXX object CMakeFiles/fake_robot.dir/src/wheel.cpp.o[0m
[34.787s] [ 42%] [32m[1mLinking CXX shared library libfake_robot.so[0m
[35.875s] [ 42%] Built target fake_robot
[35.923s] [35m[1mScanning dependencies of target diffdrive_arduino[0m
[36.149s] [ 57%] [32mBuilding CXX object CMakeFiles/diffdrive_arduino.dir/src/diffdrive_arduino.cpp.o[0m
[47.206s] [ 71%] [32mBuilding CXX object CMakeFiles/diffdrive_arduino.dir/src/arduino_comms.cpp.o[0m
[54.816s] [ 85%] [32mBuilding CXX object CMakeFiles/diffdrive_arduino.dir/src/wheel.cpp.o[0m
[55.838s] [100%] [32m[1mLinking CXX shared library libdiffdrive_arduino.so[0m
[57.281s] [100%] Built target diffdrive_arduino
[57.343s] Invoked command in '/home/ubuntu/pi_ws/build/diffdrive_arduino' returned '0': CMAKE_PREFIX_PATH=/home/ubuntu/pi_ws/install/serial:/home/ubuntu/pi_ws/install/tank_controller:/home/ubuntu/pi_ws/install/serial_motor_demo_msgs:/home/ubuntu/pi_ws/install/diffdrive_arduino:/home/ubuntu/pi_ws/install/senior_design1:/home/ubuntu/pi_ws/install/gazebo_ros2_control_demos:/home/ubuntu/pi_ws/install/gazebo_ros2_control:/home/ubuntu/pi_ws/install/serial_motor_demo:/home/ubuntu/pi_ws/install/my_package:/opt/ros/foxy /usr/bin/cmake --build /home/ubuntu/pi_ws/build/diffdrive_arduino -- -j4 -l4
[57.570s] Invoking command in '/home/ubuntu/pi_ws/build/diffdrive_arduino': CMAKE_PREFIX_PATH=/home/ubuntu/pi_ws/install/serial:/home/ubuntu/pi_ws/install/tank_controller:/home/ubuntu/pi_ws/install/serial_motor_demo_msgs:/home/ubuntu/pi_ws/install/diffdrive_arduino:/home/ubuntu/pi_ws/install/senior_design1:/home/ubuntu/pi_ws/install/gazebo_ros2_control_demos:/home/ubuntu/pi_ws/install/gazebo_ros2_control:/home/ubuntu/pi_ws/install/serial_motor_demo:/home/ubuntu/pi_ws/install/my_package:/opt/ros/foxy /usr/bin/cmake --install /home/ubuntu/pi_ws/build/diffdrive_arduino
[57.606s] -- Install configuration: ""
[57.607s] -- Installing: /home/ubuntu/pi_ws/install/diffdrive_arduino/share/diffdrive_arduino/robot_hardware.xml
[57.611s] -- Installing: /home/ubuntu/pi_ws/install/diffdrive_arduino/share/diffdrive_arduino/fake_robot_hardware.xml
[57.616s] -- Installing: /home/ubuntu/pi_ws/install/diffdrive_arduino/lib/libdiffdrive_arduino.so
[57.627s] -- Set runtime path of "/home/ubuntu/pi_ws/install/diffdrive_arduino/lib/libdiffdrive_arduino.so" to ""
[57.628s] -- Installing: /home/ubuntu/pi_ws/install/diffdrive_arduino/lib/libfake_robot.so
[57.633s] -- Set runtime path of "/home/ubuntu/pi_ws/install/diffdrive_arduino/lib/libfake_robot.so" to ""
[57.634s] -- Installing: /home/ubuntu/pi_ws/install/diffdrive_arduino/share/diffdrive_arduino/controllers
[57.634s] -- Installing: /home/ubuntu/pi_ws/install/diffdrive_arduino/share/diffdrive_arduino/controllers/robot_controller_example.yaml
[57.648s] -- Up-to-date: /home/ubuntu/pi_ws/install/diffdrive_arduino/share/diffdrive_arduino
[57.649s] -- Installing: /home/ubuntu/pi_ws/install/diffdrive_arduino/share/diffdrive_arduino/test_robot.launch.py
[57.649s] -- Installing: /home/ubuntu/pi_ws/install/diffdrive_arduino/share/diffdrive_arduino/fake_robot.launch.py
[57.651s] -- Installing: /home/ubuntu/pi_ws/install/diffdrive_arduino/share/diffdrive_arduino/environment/library_path.sh
[57.653s] -- Installing: /home/ubuntu/pi_ws/install/diffdrive_arduino/share/diffdrive_arduino/environment/library_path.dsv
[57.657s] -- Installing: /home/ubuntu/pi_ws/install/diffdrive_arduino/share/ament_index/resource_index/package_run_dependencies/diffdrive_arduino
[57.658s] -- Installing: /home/ubuntu/pi_ws/install/diffdrive_arduino/share/ament_index/resource_index/parent_prefix_path/diffdrive_arduino
[57.660s] -- Installing: /home/ubuntu/pi_ws/install/diffdrive_arduino/share/diffdrive_arduino/environment/ament_prefix_path.sh
[57.661s] -- Installing: /home/ubuntu/pi_ws/install/diffdrive_arduino/share/diffdrive_arduino/environment/ament_prefix_path.dsv
[57.662s] -- Installing: /home/ubuntu/pi_ws/install/diffdrive_arduino/share/diffdrive_arduino/environment/path.sh
[57.663s] -- Installing: /home/ubuntu/pi_ws/install/diffdrive_arduino/share/diffdrive_arduino/environment/path.dsv
[57.664s] -- Installing: /home/ubuntu/pi_ws/install/diffdrive_arduino/share/diffdrive_arduino/local_setup.bash
[57.665s] -- Installing: /home/ubuntu/pi_ws/install/diffdrive_arduino/share/diffdrive_arduino/local_setup.sh
[57.666s] -- Installing: /home/ubuntu/pi_ws/install/diffdrive_arduino/share/diffdrive_arduino/local_setup.zsh
[57.668s] -- Installing: /home/ubuntu/pi_ws/install/diffdrive_arduino/share/diffdrive_arduino/local_setup.dsv
[57.668s] -- Installing: /home/ubuntu/pi_ws/install/diffdrive_arduino/share/diffdrive_arduino/package.dsv
[57.670s] -- Installing: /home/ubuntu/pi_ws/install/diffdrive_arduino/share/ament_index/resource_index/packages/diffdrive_arduino
[57.671s] -- Installing: /home/ubuntu/pi_ws/install/diffdrive_arduino/share/ament_index/resource_index/hardware_interface__pluginlib__plugin/diffdrive_arduino
[57.672s] -- Installing: /home/ubuntu/pi_ws/install/diffdrive_arduino/share/diffdrive_arduino/cmake/ament_cmake_export_libraries-extras.cmake
[57.674s] -- Installing: /home/ubuntu/pi_ws/install/diffdrive_arduino/share/diffdrive_arduino/cmake/ament_cmake_export_dependencies-extras.cmake
[57.676s] -- Installing: /home/ubuntu/pi_ws/install/diffdrive_arduino/share/diffdrive_arduino/cmake/diffdrive_arduinoConfig.cmake
[57.677s] -- Installing: /home/ubuntu/pi_ws/install/diffdrive_arduino/share/diffdrive_arduino/cmake/diffdrive_arduinoConfig-version.cmake
[57.678s] -- Installing: /home/ubuntu/pi_ws/install/diffdrive_arduino/share/diffdrive_arduino/package.xml
[57.686s] Invoked command in '/home/ubuntu/pi_ws/build/diffdrive_arduino' returned '0': CMAKE_PREFIX_PATH=/home/ubuntu/pi_ws/install/serial:/home/ubuntu/pi_ws/install/tank_controller:/home/ubuntu/pi_ws/install/serial_motor_demo_msgs:/home/ubuntu/pi_ws/install/diffdrive_arduino:/home/ubuntu/pi_ws/install/senior_design1:/home/ubuntu/pi_ws/install/gazebo_ros2_control_demos:/home/ubuntu/pi_ws/install/gazebo_ros2_control:/home/ubuntu/pi_ws/install/serial_motor_demo:/home/ubuntu/pi_ws/install/my_package:/opt/ros/foxy /usr/bin/cmake --install /home/ubuntu/pi_ws/build/diffdrive_arduino
