[0.816s] Invoking command in '/home/ubuntu/pi_ws/build/articubot_one': CMAKE_PREFIX_PATH=/opt/ros/foxy /usr/bin/cmake /home/ubuntu/pi_ws/src/senior_design1 -DCMAKE_INSTALL_PREFIX=/home/ubuntu/pi_ws/install/articubot_one
[1.969s] -- The C compiler identification is GNU 9.4.0
[2.811s] -- The CXX compiler identification is GNU 9.4.0
[2.830s] -- Check for working C compiler: /usr/bin/cc
[3.124s] -- Check for working C compiler: /usr/bin/cc -- works
[3.131s] -- Detecting C compiler ABI info
[3.432s] -- Detecting C compiler ABI info - done
[3.469s] -- Detecting C compile features
[3.471s] -- Detecting C compile features - done
[3.482s] -- Check for working CXX compiler: /usr/bin/c++
[3.805s] -- Check for working CXX compiler: /usr/bin/c++ -- works
[3.808s] -- Detecting CXX compiler ABI info
[4.130s] -- Detecting CXX compiler ABI info - done
[4.167s] -- Detecting CXX compile features
[4.168s] -- Detecting CXX compile features - done
[4.192s] -- Found ament_cmake: 0.9.12 (/opt/ros/foxy/share/ament_cmake/cmake)
[4.312s] -- Found PythonInterp: /usr/bin/python3 (found suitable version "3.8.10", minimum required is "3") 
[4.313s] -- Using PYTHON_EXECUTABLE: /usr/bin/python3
[5.163s] -- Found ament_lint_auto: 0.9.8 (/opt/ros/foxy/share/ament_lint_auto/cmake)
[5.488s] -- Added test 'copyright' to check source files copyright and LICENSE
[5.557s] -- Added test 'flake8' to check Python code syntax and style conventions
[5.567s] -- Added test 'lint_cmake' to check CMake code style
[5.573s] -- Added test 'pep257' to check Python code against some of the style conventions in PEP 257
[5.610s] -- Added test 'xmllint' to check XML markup files
[5.621s] -- Configuring done
[5.629s] -- Generating done
[5.633s] -- Build files have been written to: /home/ubuntu/pi_ws/build/articubot_one
[5.645s] Invoked command in '/home/ubuntu/pi_ws/build/articubot_one' returned '0': CMAKE_PREFIX_PATH=/opt/ros/foxy /usr/bin/cmake /home/ubuntu/pi_ws/src/senior_design1 -DCMAKE_INSTALL_PREFIX=/home/ubuntu/pi_ws/install/articubot_one
[5.653s] Invoking command in '/home/ubuntu/pi_ws/build/articubot_one': CMAKE_PREFIX_PATH=/opt/ros/foxy /usr/bin/cmake --build /home/ubuntu/pi_ws/build/articubot_one -- -j4 -l4
[5.799s] Invoked command in '/home/ubuntu/pi_ws/build/articubot_one' returned '0': CMAKE_PREFIX_PATH=/opt/ros/foxy /usr/bin/cmake --build /home/ubuntu/pi_ws/build/articubot_one -- -j4 -l4
[5.899s] Invoking command in '/home/ubuntu/pi_ws/build/articubot_one': CMAKE_PREFIX_PATH=/opt/ros/foxy /usr/bin/cmake --install /home/ubuntu/pi_ws/build/articubot_one
[5.931s] -- Install configuration: ""
[5.932s] -- Installing: /home/ubuntu/pi_ws/install/articubot_one/share/articubot_one/config
[5.933s] -- Installing: /home/ubuntu/pi_ws/install/articubot_one/share/articubot_one/config/view_bot.rviz
[5.933s] -- Installing: /home/ubuntu/pi_ws/install/articubot_one/share/articubot_one/config/my_controllers.yaml
[5.934s] -- Installing: /home/ubuntu/pi_ws/install/articubot_one/share/articubot_one/config/map.rviz
[5.935s] -- Installing: /home/ubuntu/pi_ws/install/articubot_one/share/articubot_one/config/ball_tracker_params_robot.yaml
[5.935s] -- Installing: /home/ubuntu/pi_ws/install/articubot_one/share/articubot_one/config/mapper_params_online_async.yaml
[5.937s] -- Installing: /home/ubuntu/pi_ws/install/articubot_one/share/articubot_one/config/drive_bot.rviz
[5.937s] -- Installing: /home/ubuntu/pi_ws/install/articubot_one/share/articubot_one/config/ball_tracker_params_sim.yaml
[5.938s] -- Installing: /home/ubuntu/pi_ws/install/articubot_one/share/articubot_one/config/main.rviz
[5.939s] -- Installing: /home/ubuntu/pi_ws/install/articubot_one/share/articubot_one/config/nav2_params.yaml
[5.940s] -- Installing: /home/ubuntu/pi_ws/install/articubot_one/share/articubot_one/config/joystick.yaml
[5.941s] -- Installing: /home/ubuntu/pi_ws/install/articubot_one/share/articubot_one/config/gazebo_params.yaml
[5.941s] -- Installing: /home/ubuntu/pi_ws/install/articubot_one/share/articubot_one/config/twist_mux.yaml
[5.942s] -- Installing: /home/ubuntu/pi_ws/install/articubot_one/share/articubot_one/config/gaz_ros2_ctl_use_sim.yaml
[5.943s] -- Installing: /home/ubuntu/pi_ws/install/articubot_one/share/articubot_one/config/empty.yaml
[5.944s] -- Installing: /home/ubuntu/pi_ws/install/articubot_one/share/articubot_one/description
[5.950s] -- Installing: /home/ubuntu/pi_ws/install/articubot_one/share/articubot_one/description/ros2_control.xacro
[5.950s] -- Installing: /home/ubuntu/pi_ws/install/articubot_one/share/articubot_one/description/inertial_macros.xacro
[5.951s] -- Installing: /home/ubuntu/pi_ws/install/articubot_one/share/articubot_one/description/depth_camera.xacro
[5.951s] -- Installing: /home/ubuntu/pi_ws/install/articubot_one/share/articubot_one/description/robot_core.xacro
[5.960s] -- Installing: /home/ubuntu/pi_ws/install/articubot_one/share/articubot_one/description/robot.urdf.xacro
[5.962s] -- Installing: /home/ubuntu/pi_ws/install/articubot_one/share/articubot_one/description/camera.xacro
[5.962s] -- Installing: /home/ubuntu/pi_ws/install/articubot_one/share/articubot_one/description/gazebo_control.xacro
[5.963s] -- Installing: /home/ubuntu/pi_ws/install/articubot_one/share/articubot_one/description/lidar.xacro
[5.963s] -- Installing: /home/ubuntu/pi_ws/install/articubot_one/share/articubot_one/description/face.xacro
[5.963s] -- Installing: /home/ubuntu/pi_ws/install/articubot_one/share/articubot_one/launch
[5.964s] -- Installing: /home/ubuntu/pi_ws/install/articubot_one/share/articubot_one/launch/camera.launch.py
[5.964s] -- Installing: /home/ubuntu/pi_ws/install/articubot_one/share/articubot_one/launch/rplidar.launch.py
[5.967s] -- Installing: /home/ubuntu/pi_ws/install/articubot_one/share/articubot_one/launch/launch_robot.launch.py
[5.970s] -- Installing: /home/ubuntu/pi_ws/install/articubot_one/share/articubot_one/launch/localization_launch.py
[5.973s] -- Installing: /home/ubuntu/pi_ws/install/articubot_one/share/articubot_one/launch/online_async_launch.py
[5.975s] -- Installing: /home/ubuntu/pi_ws/install/articubot_one/share/articubot_one/launch/rsp.launch.py
[5.977s] -- Installing: /home/ubuntu/pi_ws/install/articubot_one/share/articubot_one/launch/navigation_launch.py
[5.977s] -- Installing: /home/ubuntu/pi_ws/install/articubot_one/share/articubot_one/launch/joystick.launch.py
[5.978s] -- Installing: /home/ubuntu/pi_ws/install/articubot_one/share/articubot_one/launch/launch_sim.launch.py
[5.978s] -- Installing: /home/ubuntu/pi_ws/install/articubot_one/share/articubot_one/launch/ball_tracker.launch.py
[5.978s] -- Installing: /home/ubuntu/pi_ws/install/articubot_one/share/articubot_one/worlds
[5.979s] -- Installing: /home/ubuntu/pi_ws/install/articubot_one/share/articubot_one/worlds/empty.world
[5.979s] -- Installing: /home/ubuntu/pi_ws/install/articubot_one/share/articubot_one/worlds/obstacles.world
[5.979s] -- Installing: /home/ubuntu/pi_ws/install/articubot_one/share/ament_index/resource_index/package_run_dependencies/articubot_one
[5.980s] -- Installing: /home/ubuntu/pi_ws/install/articubot_one/share/ament_index/resource_index/parent_prefix_path/articubot_one
[5.980s] -- Installing: /home/ubuntu/pi_ws/install/articubot_one/share/articubot_one/environment/ament_prefix_path.sh
[5.981s] -- Installing: /home/ubuntu/pi_ws/install/articubot_one/share/articubot_one/environment/ament_prefix_path.dsv
[5.981s] -- Installing: /home/ubuntu/pi_ws/install/articubot_one/share/articubot_one/environment/path.sh
[5.981s] -- Installing: /home/ubuntu/pi_ws/install/articubot_one/share/articubot_one/environment/path.dsv
[5.982s] -- Installing: /home/ubuntu/pi_ws/install/articubot_one/share/articubot_one/local_setup.bash
[5.982s] -- Installing: /home/ubuntu/pi_ws/install/articubot_one/share/articubot_one/local_setup.sh
[5.982s] -- Installing: /home/ubuntu/pi_ws/install/articubot_one/share/articubot_one/local_setup.zsh
[5.983s] -- Installing: /home/ubuntu/pi_ws/install/articubot_one/share/articubot_one/local_setup.dsv
[5.983s] -- Installing: /home/ubuntu/pi_ws/install/articubot_one/share/articubot_one/package.dsv
[5.985s] -- Installing: /home/ubuntu/pi_ws/install/articubot_one/share/ament_index/resource_index/packages/articubot_one
[5.986s] -- Installing: /home/ubuntu/pi_ws/install/articubot_one/share/articubot_one/cmake/articubot_oneConfig.cmake
[5.986s] -- Installing: /home/ubuntu/pi_ws/install/articubot_one/share/articubot_one/cmake/articubot_oneConfig-version.cmake
[5.987s] -- Installing: /home/ubuntu/pi_ws/install/articubot_one/share/articubot_one/package.xml
[5.993s] Invoked command in '/home/ubuntu/pi_ws/build/articubot_one' returned '0': CMAKE_PREFIX_PATH=/opt/ros/foxy /usr/bin/cmake --install /home/ubuntu/pi_ws/build/articubot_one
