[2.067s] Invoking command in '/home/ubuntu/pi_ws/build/serial': CMAKE_PREFIX_PATH=${CMAKE_PREFIX_PATH}:/home/ubuntu/pi_ws/install/serial_motor_demo:/home/ubuntu/pi_ws/install/my_package:/opt/ros/foxy /usr/bin/cmake --build /home/ubuntu/pi_ws/build/serial -- -j4 -l4
[2.739s] [ 14%] Built target gtest
[2.752s] [ 42%] Built target serial
[2.776s] [ 57%] Built target gtest_main
[3.093s] [ 71%] Built target serial-test-timer
[3.113s] [ 85%] Built target serial_example
[3.130s] [100%] Built target serial-test
[4.350s] Invoked command in '/home/ubuntu/pi_ws/build/serial' returned '0': CMAKE_PREFIX_PATH=${CMAKE_PREFIX_PATH}:/home/ubuntu/pi_ws/install/serial_motor_demo:/home/ubuntu/pi_ws/install/my_package:/opt/ros/foxy /usr/bin/cmake --build /home/ubuntu/pi_ws/build/serial -- -j4 -l4
[4.619s] Invoking command in '/home/ubuntu/pi_ws/build/serial': CMAKE_PREFIX_PATH=${CMAKE_PREFIX_PATH}:/home/ubuntu/pi_ws/install/serial_motor_demo:/home/ubuntu/pi_ws/install/my_package:/opt/ros/foxy /usr/bin/cmake --install /home/ubuntu/pi_ws/build/serial
[4.679s] -- Install configuration: ""
[4.681s] -- Up-to-date: /home/ubuntu/pi_ws/install/serial/lib/libserial.a
[4.682s] -- Up-to-date: /home/ubuntu/pi_ws/install/serial/include/serial/serial.h
[4.688s] -- Up-to-date: /home/ubuntu/pi_ws/install/serial/include/serial/v8stdint.h
[4.688s] -- Up-to-date: /home/ubuntu/pi_ws/install/serial/share/serial/environment/library_path.sh
[4.701s] -- Up-to-date: /home/ubuntu/pi_ws/install/serial/share/serial/environment/library_path.dsv
[4.703s] -- Up-to-date: /home/ubuntu/pi_ws/install/serial/share/ament_index/resource_index/package_run_dependencies/serial
[4.710s] -- Up-to-date: /home/ubuntu/pi_ws/install/serial/share/ament_index/resource_index/parent_prefix_path/serial
[4.712s] -- Up-to-date: /home/ubuntu/pi_ws/install/serial/share/serial/environment/ament_prefix_path.sh
[4.714s] -- Up-to-date: /home/ubuntu/pi_ws/install/serial/share/serial/environment/ament_prefix_path.dsv
[4.723s] -- Up-to-date: /home/ubuntu/pi_ws/install/serial/share/serial/environment/path.sh
[4.725s] -- Up-to-date: /home/ubuntu/pi_ws/install/serial/share/serial/environment/path.dsv
[4.726s] -- Up-to-date: /home/ubuntu/pi_ws/install/serial/share/serial/local_setup.bash
[4.727s] -- Up-to-date: /home/ubuntu/pi_ws/install/serial/share/serial/local_setup.sh
[4.728s] -- Up-to-date: /home/ubuntu/pi_ws/install/serial/share/serial/local_setup.zsh
[4.733s] -- Up-to-date: /home/ubuntu/pi_ws/install/serial/share/serial/local_setup.dsv
[4.736s] -- Installing: /home/ubuntu/pi_ws/install/serial/share/serial/package.dsv
[4.736s] -- Up-to-date: /home/ubuntu/pi_ws/install/serial/share/ament_index/resource_index/packages/serial
[4.737s] -- Up-to-date: /home/ubuntu/pi_ws/install/serial/share/serial/cmake/ament_cmake_export_include_directories-extras.cmake
[4.737s] -- Up-to-date: /home/ubuntu/pi_ws/install/serial/share/serial/cmake/ament_cmake_export_libraries-extras.cmake
[4.740s] -- Up-to-date: /home/ubuntu/pi_ws/install/serial/share/serial/cmake/serialConfig.cmake
[4.741s] -- Up-to-date: /home/ubuntu/pi_ws/install/serial/share/serial/cmake/serialConfig-version.cmake
[4.742s] -- Up-to-date: /home/ubuntu/pi_ws/install/serial/share/serial/package.xml
[5.668s] Invoked command in '/home/ubuntu/pi_ws/build/serial' returned '0': CMAKE_PREFIX_PATH=${CMAKE_PREFIX_PATH}:/home/ubuntu/pi_ws/install/serial_motor_demo:/home/ubuntu/pi_ws/install/my_package:/opt/ros/foxy /usr/bin/cmake --install /home/ubuntu/pi_ws/build/serial
