[2.379s] Invoking command in '/home/ubuntu/pi_ws/build/serial': CMAKE_PREFIX_PATH=${CMAKE_PREFIX_PATH}:/home/ubuntu/pi_ws/install/my_package:/opt/ros/foxy /usr/bin/cmake --build /home/ubuntu/pi_ws/build/serial -- -j4 -l4
[3.060s] [ 28%] Built target serial
[3.132s] [ 42%] Built target gtest_main
[3.153s] [ 57%] Built target gtest
[3.376s] [ 71%] Built target serial_example
[3.528s] [ 85%] Built target serial-test
[3.554s] [100%] Built target serial-test-timer
[4.888s] Invoked command in '/home/ubuntu/pi_ws/build/serial' returned '0': CMAKE_PREFIX_PATH=${CMAKE_PREFIX_PATH}:/home/ubuntu/pi_ws/install/my_package:/opt/ros/foxy /usr/bin/cmake --build /home/ubuntu/pi_ws/build/serial -- -j4 -l4
[5.188s] Invoking command in '/home/ubuntu/pi_ws/build/serial': CMAKE_PREFIX_PATH=${CMAKE_PREFIX_PATH}:/home/ubuntu/pi_ws/install/my_package:/opt/ros/foxy /usr/bin/cmake --install /home/ubuntu/pi_ws/build/serial
[5.252s] -- Install configuration: ""
[5.254s] -- Up-to-date: /home/ubuntu/pi_ws/install/serial/lib/libserial.a
[5.256s] -- Up-to-date: /home/ubuntu/pi_ws/install/serial/include/serial/serial.h
[5.257s] -- Up-to-date: /home/ubuntu/pi_ws/install/serial/include/serial/v8stdint.h
[5.260s] -- Up-to-date: /home/ubuntu/pi_ws/install/serial/share/serial/environment/library_path.sh
[5.265s] -- Up-to-date: /home/ubuntu/pi_ws/install/serial/share/serial/environment/library_path.dsv
[5.266s] -- Up-to-date: /home/ubuntu/pi_ws/install/serial/share/ament_index/resource_index/package_run_dependencies/serial
[5.268s] -- Up-to-date: /home/ubuntu/pi_ws/install/serial/share/ament_index/resource_index/parent_prefix_path/serial
[5.268s] -- Up-to-date: /home/ubuntu/pi_ws/install/serial/share/serial/environment/ament_prefix_path.sh
[5.270s] -- Up-to-date: /home/ubuntu/pi_ws/install/serial/share/serial/environment/ament_prefix_path.dsv
[5.277s] -- Up-to-date: /home/ubuntu/pi_ws/install/serial/share/serial/environment/path.sh
[5.279s] -- Up-to-date: /home/ubuntu/pi_ws/install/serial/share/serial/environment/path.dsv
[5.280s] -- Up-to-date: /home/ubuntu/pi_ws/install/serial/share/serial/local_setup.bash
[5.282s] -- Up-to-date: /home/ubuntu/pi_ws/install/serial/share/serial/local_setup.sh
[5.284s] -- Up-to-date: /home/ubuntu/pi_ws/install/serial/share/serial/local_setup.zsh
[5.285s] -- Up-to-date: /home/ubuntu/pi_ws/install/serial/share/serial/local_setup.dsv
[5.286s] -- Installing: /home/ubuntu/pi_ws/install/serial/share/serial/package.dsv
[5.288s] -- Up-to-date: /home/ubuntu/pi_ws/install/serial/share/ament_index/resource_index/packages/serial
[5.292s] -- Up-to-date: /home/ubuntu/pi_ws/install/serial/share/serial/cmake/ament_cmake_export_include_directories-extras.cmake
[5.298s] -- Up-to-date: /home/ubuntu/pi_ws/install/serial/share/serial/cmake/ament_cmake_export_libraries-extras.cmake
[5.299s] -- Up-to-date: /home/ubuntu/pi_ws/install/serial/share/serial/cmake/serialConfig.cmake
[5.300s] -- Up-to-date: /home/ubuntu/pi_ws/install/serial/share/serial/cmake/serialConfig-version.cmake
[5.301s] -- Up-to-date: /home/ubuntu/pi_ws/install/serial/share/serial/package.xml
[6.289s] Invoked command in '/home/ubuntu/pi_ws/build/serial' returned '0': CMAKE_PREFIX_PATH=${CMAKE_PREFIX_PATH}:/home/ubuntu/pi_ws/install/my_package:/opt/ros/foxy /usr/bin/cmake --install /home/ubuntu/pi_ws/build/serial
