[7.782s] Invoking command in '/home/ubuntu/pi_ws/src/ros2_detection/my_package': PYTHONPATH=/home/ubuntu/pi_ws/build/my_package/prefix_override:/home/ubuntu/pi_ws/install/my_package/lib/python3.8/site-packages:${PYTHONPATH} /usr/bin/python3 setup.py egg_info --egg-base ../../../build/my_package build --build-base /home/ubuntu/pi_ws/build/my_package/build install --record /home/ubuntu/pi_ws/build/my_package/install.log --install-scripts $base/lib/my_package --single-version-externally-managed
[9.184s] running egg_info
[9.185s] writing ../../../build/my_package/my_package.egg-info/PKG-INFO
[9.186s] writing dependency_links to ../../../build/my_package/my_package.egg-info/dependency_links.txt
[9.190s] writing entry points to ../../../build/my_package/my_package.egg-info/entry_points.txt
[9.192s] writing requirements to ../../../build/my_package/my_package.egg-info/requires.txt
[9.192s] writing top-level names to ../../../build/my_package/my_package.egg-info/top_level.txt
[9.386s] reading manifest file '../../../build/my_package/my_package.egg-info/SOURCES.txt'
[9.392s] writing manifest file '../../../build/my_package/my_package.egg-info/SOURCES.txt'
[9.400s] running build
[9.401s] running build_py
[9.402s] copying my_package/controller.py -> /home/ubuntu/pi_ws/build/my_package/build/lib/my_package
[9.402s] running install
[9.425s] running install_lib
[9.433s] copying /home/ubuntu/pi_ws/build/my_package/build/lib/my_package/controller.py -> /home/ubuntu/pi_ws/install/my_package/lib/python3.8/site-packages/my_package
[9.434s] byte-compiling /home/ubuntu/pi_ws/install/my_package/lib/python3.8/site-packages/my_package/controller.py to controller.cpython-38.pyc
[9.444s] running install_data
[9.456s] copying my_package/controller.py -> /home/ubuntu/pi_ws/install/my_package/lib/my_package
[9.463s] running install_egg_info
[9.468s] removing '/home/ubuntu/pi_ws/install/my_package/lib/python3.8/site-packages/my_package-0.0.0-py3.8.egg-info' (and everything under it)
[9.480s] Copying ../../../build/my_package/my_package.egg-info to /home/ubuntu/pi_ws/install/my_package/lib/python3.8/site-packages/my_package-0.0.0-py3.8.egg-info
[9.485s] running install_scripts
[9.532s] Installing controller script to /home/ubuntu/pi_ws/install/my_package/lib/my_package
[9.542s] Installing detection script to /home/ubuntu/pi_ws/install/my_package/lib/my_package
[9.552s] Installing display script to /home/ubuntu/pi_ws/install/my_package/lib/my_package
[9.559s] writing list of installed files to '/home/ubuntu/pi_ws/build/my_package/install.log'
[12.552s] Invoked command in '/home/ubuntu/pi_ws/src/ros2_detection/my_package' returned '0': PYTHONPATH=/home/ubuntu/pi_ws/build/my_package/prefix_override:/home/ubuntu/pi_ws/install/my_package/lib/python3.8/site-packages:${PYTHONPATH} /usr/bin/python3 setup.py egg_info --egg-base ../../../build/my_package build --build-base /home/ubuntu/pi_ws/build/my_package/build install --record /home/ubuntu/pi_ws/build/my_package/install.log --install-scripts $base/lib/my_package --single-version-externally-managed
