[2.110s] Invoking command in '/home/ubuntu/pi_ws/build/serial': CMAKE_PREFIX_PATH=${CMAKE_PREFIX_PATH}:/home/ubuntu/pi_ws/install/serial_motor_demo:/home/ubuntu/pi_ws/install/diffdrive_arduino:/home/ubuntu/pi_ws/install/my_package:/home/ubuntu/pi_ws/install/gazebo_ros2_control_demos:/opt/ros/foxy /usr/bin/cmake --build /home/ubuntu/pi_ws/build/serial -- -j4 -l4
[2.538s] [ 14%] Built target gtest
[2.552s] [ 42%] Built target serial
[2.617s] [ 57%] Built target gtest_main
[2.936s] [ 71%] Built target serial_example
[2.999s] [ 85%] Built target serial-test-timer
[3.022s] [100%] Built target serial-test
[4.395s] Invoked command in '/home/ubuntu/pi_ws/build/serial' returned '0': CMAKE_PREFIX_PATH=${CMAKE_PREFIX_PATH}:/home/ubuntu/pi_ws/install/serial_motor_demo:/home/ubuntu/pi_ws/install/diffdrive_arduino:/home/ubuntu/pi_ws/install/my_package:/home/ubuntu/pi_ws/install/gazebo_ros2_control_demos:/opt/ros/foxy /usr/bin/cmake --build /home/ubuntu/pi_ws/build/serial -- -j4 -l4
[4.673s] Invoking command in '/home/ubuntu/pi_ws/build/serial': CMAKE_PREFIX_PATH=${CMAKE_PREFIX_PATH}:/home/ubuntu/pi_ws/install/serial_motor_demo:/home/ubuntu/pi_ws/install/diffdrive_arduino:/home/ubuntu/pi_ws/install/my_package:/home/ubuntu/pi_ws/install/gazebo_ros2_control_demos:/opt/ros/foxy /usr/bin/cmake --install /home/ubuntu/pi_ws/build/serial
[4.731s] -- Install configuration: ""
[4.732s] -- Execute custom install script
[4.735s] -- Up-to-date symlink: /home/ubuntu/pi_ws/install/serial/lib/libserial.a
[4.740s] -- Up-to-date symlink: /home/ubuntu/pi_ws/install/serial/include/serial/serial.h
[4.750s] -- Up-to-date symlink: /home/ubuntu/pi_ws/install/serial/include/serial/v8stdint.h
[4.750s] -- Up-to-date symlink: /home/ubuntu/pi_ws/install/serial/share/serial/environment/library_path.sh
[4.752s] -- Up-to-date symlink: /home/ubuntu/pi_ws/install/serial/share/serial/environment/library_path.dsv
[4.756s] -- Up-to-date symlink: /home/ubuntu/pi_ws/install/serial/share/ament_index/resource_index/package_run_dependencies/serial
[4.757s] -- Up-to-date symlink: /home/ubuntu/pi_ws/install/serial/share/ament_index/resource_index/parent_prefix_path/serial
[4.769s] -- Up-to-date symlink: /home/ubuntu/pi_ws/install/serial/share/serial/environment/ament_prefix_path.sh
[4.769s] -- Up-to-date symlink: /home/ubuntu/pi_ws/install/serial/share/serial/environment/ament_prefix_path.dsv
[4.770s] -- Up-to-date symlink: /home/ubuntu/pi_ws/install/serial/share/serial/environment/path.sh
[4.770s] -- Up-to-date symlink: /home/ubuntu/pi_ws/install/serial/share/serial/environment/path.dsv
[4.771s] -- Up-to-date symlink: /home/ubuntu/pi_ws/install/serial/share/serial/local_setup.bash
[4.771s] -- Up-to-date symlink: /home/ubuntu/pi_ws/install/serial/share/serial/local_setup.sh
[4.772s] -- Up-to-date symlink: /home/ubuntu/pi_ws/install/serial/share/serial/local_setup.zsh
[4.772s] -- Up-to-date symlink: /home/ubuntu/pi_ws/install/serial/share/serial/local_setup.dsv
[4.774s] -- Symlinking: /home/ubuntu/pi_ws/install/serial/share/serial/package.dsv
[4.822s] -- Up-to-date symlink: /home/ubuntu/pi_ws/install/serial/share/ament_index/resource_index/packages/serial
[4.825s] -- Up-to-date symlink: /home/ubuntu/pi_ws/install/serial/share/serial/cmake/ament_cmake_export_include_directories-extras.cmake
[4.825s] -- Up-to-date symlink: /home/ubuntu/pi_ws/install/serial/share/serial/cmake/ament_cmake_export_libraries-extras.cmake
[4.827s] -- Up-to-date symlink: /home/ubuntu/pi_ws/install/serial/share/serial/cmake/serialConfig.cmake
[4.830s] -- Up-to-date symlink: /home/ubuntu/pi_ws/install/serial/share/serial/cmake/serialConfig-version.cmake
[4.832s] -- Up-to-date symlink: /home/ubuntu/pi_ws/install/serial/share/serial/package.xml
[5.735s] Invoked command in '/home/ubuntu/pi_ws/build/serial' returned '0': CMAKE_PREFIX_PATH=${CMAKE_PREFIX_PATH}:/home/ubuntu/pi_ws/install/serial_motor_demo:/home/ubuntu/pi_ws/install/diffdrive_arduino:/home/ubuntu/pi_ws/install/my_package:/home/ubuntu/pi_ws/install/gazebo_ros2_control_demos:/opt/ros/foxy /usr/bin/cmake --install /home/ubuntu/pi_ws/build/serial
