[0.791s] Invoking command in '/home/ubuntu/pi_ws/build/gazebo_ros2_control_demos': CMAKE_PREFIX_PATH=/home/ubuntu/pi_ws/install/gazebo_ros2_control:/home/ubuntu/pi_ws/install/tank_controller:/home/ubuntu/pi_ws/install/serial_motor_demo_msgs:/home/ubuntu/pi_ws/install/serial:/home/ubuntu/pi_ws/install/senior_design1:/home/ubuntu/pi_ws/install/articubot_one:/home/ubuntu/pi_ws/install/serial_motor_demo:/home/ubuntu/pi_ws/install/diffdrive_arduino:/home/ubuntu/pi_ws/install/my_package:/home/ubuntu/pi_ws/install/gazebo_ros2_control_demos:/opt/ros/foxy LD_LIBRARY_PATH=/home/ubuntu/pi_ws/install/gazebo_ros2_control/lib:/home/ubuntu/pi_ws/install/serial_motor_demo_msgs/lib:/home/ubuntu/pi_ws/install/diffdrive_arduino/lib:/home/ubuntu/pi_ws/install/serial/lib:/usr/lib/aarch64-linux-gnu/gazebo-11/plugins:/opt/ros/foxy/opt/yaml_cpp_vendor/lib:/opt/ros/foxy/opt/rviz_ogre_vendor/lib:/opt/ros/foxy/lib/aarch64-linux-gnu:/opt/ros/foxy/lib /usr/bin/cmake --build /home/ubuntu/pi_ws/build/gazebo_ros2_control_demos -- -j4 -l4
[1.549s] [ 20%] Built target example_gripper
[1.590s] [ 40%] Built target example_position
[1.594s] [ 60%] Built target example_effort
[1.596s] [ 80%] Built target example_velocity
[1.755s] [100%] Built target example_diff_drive
[2.082s] Invoked command in '/home/ubuntu/pi_ws/build/gazebo_ros2_control_demos' returned '0': CMAKE_PREFIX_PATH=/home/ubuntu/pi_ws/install/gazebo_ros2_control:/home/ubuntu/pi_ws/install/tank_controller:/home/ubuntu/pi_ws/install/serial_motor_demo_msgs:/home/ubuntu/pi_ws/install/serial:/home/ubuntu/pi_ws/install/senior_design1:/home/ubuntu/pi_ws/install/articubot_one:/home/ubuntu/pi_ws/install/serial_motor_demo:/home/ubuntu/pi_ws/install/diffdrive_arduino:/home/ubuntu/pi_ws/install/my_package:/home/ubuntu/pi_ws/install/gazebo_ros2_control_demos:/opt/ros/foxy LD_LIBRARY_PATH=/home/ubuntu/pi_ws/install/gazebo_ros2_control/lib:/home/ubuntu/pi_ws/install/serial_motor_demo_msgs/lib:/home/ubuntu/pi_ws/install/diffdrive_arduino/lib:/home/ubuntu/pi_ws/install/serial/lib:/usr/lib/aarch64-linux-gnu/gazebo-11/plugins:/opt/ros/foxy/opt/yaml_cpp_vendor/lib:/opt/ros/foxy/opt/rviz_ogre_vendor/lib:/opt/ros/foxy/lib/aarch64-linux-gnu:/opt/ros/foxy/lib /usr/bin/cmake --build /home/ubuntu/pi_ws/build/gazebo_ros2_control_demos -- -j4 -l4
[3.711s] Invoking command in '/home/ubuntu/pi_ws/build/gazebo_ros2_control_demos': CMAKE_PREFIX_PATH=/home/ubuntu/pi_ws/install/gazebo_ros2_control:/home/ubuntu/pi_ws/install/tank_controller:/home/ubuntu/pi_ws/install/serial_motor_demo_msgs:/home/ubuntu/pi_ws/install/serial:/home/ubuntu/pi_ws/install/senior_design1:/home/ubuntu/pi_ws/install/articubot_one:/home/ubuntu/pi_ws/install/serial_motor_demo:/home/ubuntu/pi_ws/install/diffdrive_arduino:/home/ubuntu/pi_ws/install/my_package:/home/ubuntu/pi_ws/install/gazebo_ros2_control_demos:/opt/ros/foxy LD_LIBRARY_PATH=/home/ubuntu/pi_ws/install/gazebo_ros2_control/lib:/home/ubuntu/pi_ws/install/serial_motor_demo_msgs/lib:/home/ubuntu/pi_ws/install/diffdrive_arduino/lib:/home/ubuntu/pi_ws/install/serial/lib:/usr/lib/aarch64-linux-gnu/gazebo-11/plugins:/opt/ros/foxy/opt/yaml_cpp_vendor/lib:/opt/ros/foxy/opt/rviz_ogre_vendor/lib:/opt/ros/foxy/lib/aarch64-linux-gnu:/opt/ros/foxy/lib /usr/bin/cmake --install /home/ubuntu/pi_ws/build/gazebo_ros2_control_demos
[4.474s] -- Install configuration: ""
[4.476s] -- Up-to-date: /home/ubuntu/pi_ws/install/gazebo_ros2_control_demos/share/gazebo_ros2_control_demos//launch
[4.477s] -- Up-to-date: /home/ubuntu/pi_ws/install/gazebo_ros2_control_demos/share/gazebo_ros2_control_demos//launch/cart_example_velocity.launch.py
[4.477s] -- Up-to-date: /home/ubuntu/pi_ws/install/gazebo_ros2_control_demos/share/gazebo_ros2_control_demos//launch/diff_drive.launch.py
[4.477s] -- Up-to-date: /home/ubuntu/pi_ws/install/gazebo_ros2_control_demos/share/gazebo_ros2_control_demos//launch/cart_example_position.launch.py
[4.478s] -- Up-to-date: /home/ubuntu/pi_ws/install/gazebo_ros2_control_demos/share/gazebo_ros2_control_demos//launch/cart_example_effort.launch.py
[4.478s] -- Up-to-date: /home/ubuntu/pi_ws/install/gazebo_ros2_control_demos/share/gazebo_ros2_control_demos//launch/gripper_mimic_joint_example.launch.py
[4.478s] -- Up-to-date: /home/ubuntu/pi_ws/install/gazebo_ros2_control_demos/share/gazebo_ros2_control_demos//config
[4.479s] -- Up-to-date: /home/ubuntu/pi_ws/install/gazebo_ros2_control_demos/share/gazebo_ros2_control_demos//config/cartpole_controller_velocity.yaml
[4.479s] -- Up-to-date: /home/ubuntu/pi_ws/install/gazebo_ros2_control_demos/share/gazebo_ros2_control_demos//config/diff_drive_controller.yaml
[4.479s] -- Up-to-date: /home/ubuntu/pi_ws/install/gazebo_ros2_control_demos/share/gazebo_ros2_control_demos//config/cartpole_controller_effort.yaml
[4.480s] -- Up-to-date: /home/ubuntu/pi_ws/install/gazebo_ros2_control_demos/share/gazebo_ros2_control_demos//config/cartpole_controller.yaml
[4.480s] -- Up-to-date: /home/ubuntu/pi_ws/install/gazebo_ros2_control_demos/share/gazebo_ros2_control_demos//config/gripper_controller.yaml
[4.480s] -- Up-to-date: /home/ubuntu/pi_ws/install/gazebo_ros2_control_demos/share/gazebo_ros2_control_demos//urdf
[4.481s] -- Up-to-date: /home/ubuntu/pi_ws/install/gazebo_ros2_control_demos/share/gazebo_ros2_control_demos//urdf/test_diff_drive.xacro.urdf
[4.481s] -- Up-to-date: /home/ubuntu/pi_ws/install/gazebo_ros2_control_demos/share/gazebo_ros2_control_demos//urdf/test_cart_velocity.xacro.urdf
[4.481s] -- Up-to-date: /home/ubuntu/pi_ws/install/gazebo_ros2_control_demos/share/gazebo_ros2_control_demos//urdf/test_cart_effort.xacro.urdf
[4.482s] -- Up-to-date: /home/ubuntu/pi_ws/install/gazebo_ros2_control_demos/share/gazebo_ros2_control_demos//urdf/test_cart_position.xacro.urdf
[4.482s] -- Up-to-date: /home/ubuntu/pi_ws/install/gazebo_ros2_control_demos/share/gazebo_ros2_control_demos//urdf/test_gripper_mimic_joint.xacro.urdf
[4.483s] -- Up-to-date: /home/ubuntu/pi_ws/install/gazebo_ros2_control_demos/lib/gazebo_ros2_control_demos/example_position
[4.483s] -- Up-to-date: /home/ubuntu/pi_ws/install/gazebo_ros2_control_demos/lib/gazebo_ros2_control_demos/example_velocity
[4.484s] -- Up-to-date: /home/ubuntu/pi_ws/install/gazebo_ros2_control_demos/lib/gazebo_ros2_control_demos/example_effort
[4.484s] -- Up-to-date: /home/ubuntu/pi_ws/install/gazebo_ros2_control_demos/lib/gazebo_ros2_control_demos/example_gripper
[4.484s] -- Up-to-date: /home/ubuntu/pi_ws/install/gazebo_ros2_control_demos/lib/gazebo_ros2_control_demos/example_diff_drive
[4.485s] -- Up-to-date: /home/ubuntu/pi_ws/install/gazebo_ros2_control_demos/share/ament_index/resource_index/package_run_dependencies/gazebo_ros2_control_demos
[4.485s] -- Up-to-date: /home/ubuntu/pi_ws/install/gazebo_ros2_control_demos/share/ament_index/resource_index/parent_prefix_path/gazebo_ros2_control_demos
[4.486s] -- Up-to-date: /home/ubuntu/pi_ws/install/gazebo_ros2_control_demos/share/gazebo_ros2_control_demos/environment/ament_prefix_path.sh
[4.486s] -- Up-to-date: /home/ubuntu/pi_ws/install/gazebo_ros2_control_demos/share/gazebo_ros2_control_demos/environment/ament_prefix_path.dsv
[4.486s] -- Up-to-date: /home/ubuntu/pi_ws/install/gazebo_ros2_control_demos/share/gazebo_ros2_control_demos/environment/path.sh
[4.487s] -- Up-to-date: /home/ubuntu/pi_ws/install/gazebo_ros2_control_demos/share/gazebo_ros2_control_demos/environment/path.dsv
[4.487s] -- Up-to-date: /home/ubuntu/pi_ws/install/gazebo_ros2_control_demos/share/gazebo_ros2_control_demos/local_setup.bash
[4.488s] -- Up-to-date: /home/ubuntu/pi_ws/install/gazebo_ros2_control_demos/share/gazebo_ros2_control_demos/local_setup.sh
[4.488s] -- Up-to-date: /home/ubuntu/pi_ws/install/gazebo_ros2_control_demos/share/gazebo_ros2_control_demos/local_setup.zsh
[4.489s] -- Up-to-date: /home/ubuntu/pi_ws/install/gazebo_ros2_control_demos/share/gazebo_ros2_control_demos/local_setup.dsv
[4.489s] -- Up-to-date: /home/ubuntu/pi_ws/install/gazebo_ros2_control_demos/share/gazebo_ros2_control_demos/package.dsv
[4.489s] -- Up-to-date: /home/ubuntu/pi_ws/install/gazebo_ros2_control_demos/share/ament_index/resource_index/packages/gazebo_ros2_control_demos
[4.490s] -- Up-to-date: /home/ubuntu/pi_ws/install/gazebo_ros2_control_demos/share/gazebo_ros2_control_demos/cmake/gazebo_ros2_control_demosConfig.cmake
[4.490s] -- Up-to-date: /home/ubuntu/pi_ws/install/gazebo_ros2_control_demos/share/gazebo_ros2_control_demos/cmake/gazebo_ros2_control_demosConfig-version.cmake
[4.491s] -- Up-to-date: /home/ubuntu/pi_ws/install/gazebo_ros2_control_demos/share/gazebo_ros2_control_demos/package.xml
