[9.718s] Invoking command in '/home/ubuntu/pi_ws/src/ros2_detection/my_package': PYTHONPATH=/home/ubuntu/pi_ws/build/my_package/prefix_override:/home/ubuntu/pi_ws/install/my_package/lib/python3.8/site-packages:${PYTHONPATH} /usr/bin/python3 setup.py egg_info --egg-base ../../../build/my_package build --build-base /home/ubuntu/pi_ws/build/my_package/build install --record /home/ubuntu/pi_ws/build/my_package/install.log --install-scripts $base/lib/my_package --single-version-externally-managed
[11.895s] running egg_info
[11.895s] writing ../../../build/my_package/my_package.egg-info/PKG-INFO
[11.897s] writing dependency_links to ../../../build/my_package/my_package.egg-info/dependency_links.txt
[11.900s] writing entry points to ../../../build/my_package/my_package.egg-info/entry_points.txt
[11.904s] writing requirements to ../../../build/my_package/my_package.egg-info/requires.txt
[11.905s] writing top-level names to ../../../build/my_package/my_package.egg-info/top_level.txt
[12.128s] reading manifest file '../../../build/my_package/my_package.egg-info/SOURCES.txt'
[12.133s] writing manifest file '../../../build/my_package/my_package.egg-info/SOURCES.txt'
[12.138s] running build
[12.143s] running build_py
[12.147s] running install
[12.149s] running install_lib
[12.150s] running install_data
[12.152s] running install_egg_info
[12.170s] removing '/home/ubuntu/pi_ws/install/my_package/lib/python3.8/site-packages/my_package-0.0.0-py3.8.egg-info' (and everything under it)
[12.174s] Copying ../../../build/my_package/my_package.egg-info to /home/ubuntu/pi_ws/install/my_package/lib/python3.8/site-packages/my_package-0.0.0-py3.8.egg-info
[12.178s] running install_scripts
[12.259s] Installing controller script to /home/ubuntu/pi_ws/install/my_package/lib/my_package
[12.262s] Installing detection script to /home/ubuntu/pi_ws/install/my_package/lib/my_package
[12.263s] Installing display script to /home/ubuntu/pi_ws/install/my_package/lib/my_package
[12.264s] writing list of installed files to '/home/ubuntu/pi_ws/build/my_package/install.log'
[12.662s] Invoked command in '/home/ubuntu/pi_ws/src/ros2_detection/my_package' returned '0': PYTHONPATH=/home/ubuntu/pi_ws/build/my_package/prefix_override:/home/ubuntu/pi_ws/install/my_package/lib/python3.8/site-packages:${PYTHONPATH} /usr/bin/python3 setup.py egg_info --egg-base ../../../build/my_package build --build-base /home/ubuntu/pi_ws/build/my_package/build install --record /home/ubuntu/pi_ws/build/my_package/install.log --install-scripts $base/lib/my_package --single-version-externally-managed
