[2.161s] Invoking command in '/home/ubuntu/pi_ws/build/serial': CMAKE_PREFIX_PATH=${CMAKE_PREFIX_PATH}:/home/ubuntu/pi_ws/install/serial_motor_demo:/home/ubuntu/pi_ws/install/my_package:/opt/ros/foxy /usr/bin/cmake --build /home/ubuntu/pi_ws/build/serial -- -j4 -l4
[2.852s] [ 14%] Built target gtest_main
[2.883s] [ 42%] Built target serial
[2.920s] [ 57%] Built target gtest
[3.291s] [ 71%] Built target serial-test-timer
[3.387s] [ 85%] Built target serial_example
[3.404s] [100%] Built target serial-test
[4.513s] Invoked command in '/home/ubuntu/pi_ws/build/serial' returned '0': CMAKE_PREFIX_PATH=${CMAKE_PREFIX_PATH}:/home/ubuntu/pi_ws/install/serial_motor_demo:/home/ubuntu/pi_ws/install/my_package:/opt/ros/foxy /usr/bin/cmake --build /home/ubuntu/pi_ws/build/serial -- -j4 -l4
[4.823s] Invoking command in '/home/ubuntu/pi_ws/build/serial': CMAKE_PREFIX_PATH=${CMAKE_PREFIX_PATH}:/home/ubuntu/pi_ws/install/serial_motor_demo:/home/ubuntu/pi_ws/install/my_package:/opt/ros/foxy /usr/bin/cmake --install /home/ubuntu/pi_ws/build/serial
[4.907s] -- Install configuration: ""
[4.908s] -- Up-to-date: /home/ubuntu/pi_ws/install/serial/lib/libserial.a
[4.908s] -- Up-to-date: /home/ubuntu/pi_ws/install/serial/include/serial/serial.h
[4.909s] -- Up-to-date: /home/ubuntu/pi_ws/install/serial/include/serial/v8stdint.h
[4.909s] -- Up-to-date: /home/ubuntu/pi_ws/install/serial/share/serial/environment/library_path.sh
[4.911s] -- Up-to-date: /home/ubuntu/pi_ws/install/serial/share/serial/environment/library_path.dsv
[4.916s] -- Up-to-date: /home/ubuntu/pi_ws/install/serial/share/ament_index/resource_index/package_run_dependencies/serial
[4.917s] -- Up-to-date: /home/ubuntu/pi_ws/install/serial/share/ament_index/resource_index/parent_prefix_path/serial
[4.918s] -- Up-to-date: /home/ubuntu/pi_ws/install/serial/share/serial/environment/ament_prefix_path.sh
[4.919s] -- Up-to-date: /home/ubuntu/pi_ws/install/serial/share/serial/environment/ament_prefix_path.dsv
[4.919s] -- Up-to-date: /home/ubuntu/pi_ws/install/serial/share/serial/environment/path.sh
[4.920s] -- Up-to-date: /home/ubuntu/pi_ws/install/serial/share/serial/environment/path.dsv
[4.925s] -- Up-to-date: /home/ubuntu/pi_ws/install/serial/share/serial/local_setup.bash
[4.926s] -- Up-to-date: /home/ubuntu/pi_ws/install/serial/share/serial/local_setup.sh
[4.926s] -- Up-to-date: /home/ubuntu/pi_ws/install/serial/share/serial/local_setup.zsh
[4.927s] -- Up-to-date: /home/ubuntu/pi_ws/install/serial/share/serial/local_setup.dsv
[4.929s] -- Installing: /home/ubuntu/pi_ws/install/serial/share/serial/package.dsv
[4.930s] -- Up-to-date: /home/ubuntu/pi_ws/install/serial/share/ament_index/resource_index/packages/serial
[4.930s] -- Up-to-date: /home/ubuntu/pi_ws/install/serial/share/serial/cmake/ament_cmake_export_include_directories-extras.cmake
[4.931s] -- Up-to-date: /home/ubuntu/pi_ws/install/serial/share/serial/cmake/ament_cmake_export_libraries-extras.cmake
[4.931s] -- Up-to-date: /home/ubuntu/pi_ws/install/serial/share/serial/cmake/serialConfig.cmake
[4.932s] -- Up-to-date: /home/ubuntu/pi_ws/install/serial/share/serial/cmake/serialConfig-version.cmake
[4.933s] -- Up-to-date: /home/ubuntu/pi_ws/install/serial/share/serial/package.xml
[5.873s] Invoked command in '/home/ubuntu/pi_ws/build/serial' returned '0': CMAKE_PREFIX_PATH=${CMAKE_PREFIX_PATH}:/home/ubuntu/pi_ws/install/serial_motor_demo:/home/ubuntu/pi_ws/install/my_package:/opt/ros/foxy /usr/bin/cmake --install /home/ubuntu/pi_ws/build/serial
