-- Install configuration: ""
-- Up-to-date: /home/ubuntu/pi_ws/install/senior_design1/share/senior_design1/config
-- Up-to-date: /home/ubuntu/pi_ws/install/senior_design1/share/senior_design1/config/view_bot.rviz
-- Up-to-date: /home/ubuntu/pi_ws/install/senior_design1/share/senior_design1/config/my_controllers.yaml
-- Up-to-date: /home/ubuntu/pi_ws/install/senior_design1/share/senior_design1/config/map.rviz
-- Up-to-date: /home/ubuntu/pi_ws/install/senior_design1/share/senior_design1/config/ball_tracker_params_robot.yaml
-- Up-to-date: /home/ubuntu/pi_ws/install/senior_design1/share/senior_design1/config/mapper_params_online_async.yaml
-- Up-to-date: /home/ubuntu/pi_ws/install/senior_design1/share/senior_design1/config/drive_bot.rviz
-- Up-to-date: /home/ubuntu/pi_ws/install/senior_design1/share/senior_design1/config/ball_tracker_params_sim.yaml
-- Up-to-date: /home/ubuntu/pi_ws/install/senior_design1/share/senior_design1/config/main.rviz
-- Up-to-date: /home/ubuntu/pi_ws/install/senior_design1/share/senior_design1/config/nav2_params.yaml
-- Up-to-date: /home/ubuntu/pi_ws/install/senior_design1/share/senior_design1/config/joystick.yaml
-- Up-to-date: /home/ubuntu/pi_ws/install/senior_design1/share/senior_design1/config/gazebo_params.yaml
-- Up-to-date: /home/ubuntu/pi_ws/install/senior_design1/share/senior_design1/config/twist_mux.yaml
-- Up-to-date: /home/ubuntu/pi_ws/install/senior_design1/share/senior_design1/config/gaz_ros2_ctl_use_sim.yaml
-- Up-to-date: /home/ubuntu/pi_ws/install/senior_design1/share/senior_design1/config/empty.yaml
-- Up-to-date: /home/ubuntu/pi_ws/install/senior_design1/share/senior_design1/description
-- Up-to-date: /home/ubuntu/pi_ws/install/senior_design1/share/senior_design1/description/ros2_control.xacro
-- Up-to-date: /home/ubuntu/pi_ws/install/senior_design1/share/senior_design1/description/inertial_macros.xacro
-- Up-to-date: /home/ubuntu/pi_ws/install/senior_design1/share/senior_design1/description/depth_camera.xacro
-- Up-to-date: /home/ubuntu/pi_ws/install/senior_design1/share/senior_design1/description/robot_core.xacro
-- Up-to-date: /home/ubuntu/pi_ws/install/senior_design1/share/senior_design1/description/robot.urdf.xacro
-- Up-to-date: /home/ubuntu/pi_ws/install/senior_design1/share/senior_design1/description/camera.xacro
-- Up-to-date: /home/ubuntu/pi_ws/install/senior_design1/share/senior_design1/description/gazebo_control.xacro
-- Up-to-date: /home/ubuntu/pi_ws/install/senior_design1/share/senior_design1/description/lidar.xacro
-- Up-to-date: /home/ubuntu/pi_ws/install/senior_design1/share/senior_design1/description/face.xacro
-- Up-to-date: /home/ubuntu/pi_ws/install/senior_design1/share/senior_design1/launch
-- Up-to-date: /home/ubuntu/pi_ws/install/senior_design1/share/senior_design1/launch/camera.launch.py
-- Up-to-date: /home/ubuntu/pi_ws/install/senior_design1/share/senior_design1/launch/obstacle_avoid.launch.py
-- Up-to-date: /home/ubuntu/pi_ws/install/senior_design1/share/senior_design1/launch/rplidar.launch.py
-- Up-to-date: /home/ubuntu/pi_ws/install/senior_design1/share/senior_design1/launch/__pycache__
-- Installing: /home/ubuntu/pi_ws/install/senior_design1/share/senior_design1/launch/__pycache__/rplidar.launch.cpython-38.pyc
-- Up-to-date: /home/ubuntu/pi_ws/install/senior_design1/share/senior_design1/launch/launch_robot.launch.py
-- Up-to-date: /home/ubuntu/pi_ws/install/senior_design1/share/senior_design1/launch/localization_launch.py
-- Up-to-date: /home/ubuntu/pi_ws/install/senior_design1/share/senior_design1/launch/online_async_launch.py
-- Up-to-date: /home/ubuntu/pi_ws/install/senior_design1/share/senior_design1/launch/rsp.launch.py
-- Up-to-date: /home/ubuntu/pi_ws/install/senior_design1/share/senior_design1/launch/navigation_launch.py
-- Up-to-date: /home/ubuntu/pi_ws/install/senior_design1/share/senior_design1/launch/joystick.launch.py
-- Up-to-date: /home/ubuntu/pi_ws/install/senior_design1/share/senior_design1/launch/launch_sim.launch.py
-- Up-to-date: /home/ubuntu/pi_ws/install/senior_design1/share/senior_design1/launch/ball_tracker.launch.py
-- Up-to-date: /home/ubuntu/pi_ws/install/senior_design1/share/senior_design1/worlds
-- Up-to-date: /home/ubuntu/pi_ws/install/senior_design1/share/senior_design1/worlds/empty.world
-- Up-to-date: /home/ubuntu/pi_ws/install/senior_design1/share/senior_design1/worlds/obstacles.world
-- Up-to-date: /home/ubuntu/pi_ws/install/senior_design1/share/ament_index/resource_index/package_run_dependencies/senior_design1
-- Up-to-date: /home/ubuntu/pi_ws/install/senior_design1/share/ament_index/resource_index/parent_prefix_path/senior_design1
-- Up-to-date: /home/ubuntu/pi_ws/install/senior_design1/share/senior_design1/environment/ament_prefix_path.sh
-- Up-to-date: /home/ubuntu/pi_ws/install/senior_design1/share/senior_design1/environment/ament_prefix_path.dsv
-- Up-to-date: /home/ubuntu/pi_ws/install/senior_design1/share/senior_design1/environment/path.sh
-- Up-to-date: /home/ubuntu/pi_ws/install/senior_design1/share/senior_design1/environment/path.dsv
-- Up-to-date: /home/ubuntu/pi_ws/install/senior_design1/share/senior_design1/local_setup.bash
-- Up-to-date: /home/ubuntu/pi_ws/install/senior_design1/share/senior_design1/local_setup.sh
-- Up-to-date: /home/ubuntu/pi_ws/install/senior_design1/share/senior_design1/local_setup.zsh
-- Up-to-date: /home/ubuntu/pi_ws/install/senior_design1/share/senior_design1/local_setup.dsv
-- Installing: /home/ubuntu/pi_ws/install/senior_design1/share/senior_design1/package.dsv
-- Up-to-date: /home/ubuntu/pi_ws/install/senior_design1/share/ament_index/resource_index/packages/senior_design1
-- Up-to-date: /home/ubuntu/pi_ws/install/senior_design1/share/senior_design1/cmake/senior_design1Config.cmake
-- Up-to-date: /home/ubuntu/pi_ws/install/senior_design1/share/senior_design1/cmake/senior_design1Config-version.cmake
-- Up-to-date: /home/ubuntu/pi_ws/install/senior_design1/share/senior_design1/package.xml
