[0.706s] Invoking command in '/home/ubuntu/pi_ws/build/gazebo_ros2_control_demos': CMAKE_PREFIX_PATH=/home/ubuntu/pi_ws/install/gazebo_ros2_control:/home/ubuntu/pi_ws/install/serial_motor_demo_msgs:/home/ubuntu/pi_ws/install/diffdrive_arduino:/home/ubuntu/pi_ws/install/serial:/home/ubuntu/pi_ws/install/senior_design1:/home/ubuntu/pi_ws/install/gazebo_ros2_control_demos:/home/ubuntu/pi_ws/install/serial_motor_demo:/home/ubuntu/pi_ws/install/my_package:/opt/ros/foxy LD_LIBRARY_PATH=/home/ubuntu/pi_ws/install/gazebo_ros2_control/lib:/home/ubuntu/pi_ws/install/serial_motor_demo_msgs/lib:/home/ubuntu/pi_ws/install/diffdrive_arduino/lib:/home/ubuntu/pi_ws/install/serial/lib:/usr/lib/aarch64-linux-gnu/gazebo-11/plugins:/opt/ros/foxy/opt/yaml_cpp_vendor/lib:/opt/ros/foxy/opt/rviz_ogre_vendor/lib:/opt/ros/foxy/lib/aarch64-linux-gnu:/opt/ros/foxy/lib /usr/bin/cmake --build /home/ubuntu/pi_ws/build/gazebo_ros2_control_demos -- -j4 -l4
[1.447s] [ 20%] Built target example_gripper
[1.461s] [ 40%] Built target example_position
[1.501s] [ 60%] Built target example_effort
[1.513s] [ 80%] Built target example_velocity
[1.721s] [100%] Built target example_diff_drive
[2.112s] Invoked command in '/home/ubuntu/pi_ws/build/gazebo_ros2_control_demos' returned '0': CMAKE_PREFIX_PATH=/home/ubuntu/pi_ws/install/gazebo_ros2_control:/home/ubuntu/pi_ws/install/serial_motor_demo_msgs:/home/ubuntu/pi_ws/install/diffdrive_arduino:/home/ubuntu/pi_ws/install/serial:/home/ubuntu/pi_ws/install/senior_design1:/home/ubuntu/pi_ws/install/gazebo_ros2_control_demos:/home/ubuntu/pi_ws/install/serial_motor_demo:/home/ubuntu/pi_ws/install/my_package:/opt/ros/foxy LD_LIBRARY_PATH=/home/ubuntu/pi_ws/install/gazebo_ros2_control/lib:/home/ubuntu/pi_ws/install/serial_motor_demo_msgs/lib:/home/ubuntu/pi_ws/install/diffdrive_arduino/lib:/home/ubuntu/pi_ws/install/serial/lib:/usr/lib/aarch64-linux-gnu/gazebo-11/plugins:/opt/ros/foxy/opt/yaml_cpp_vendor/lib:/opt/ros/foxy/opt/rviz_ogre_vendor/lib:/opt/ros/foxy/lib/aarch64-linux-gnu:/opt/ros/foxy/lib /usr/bin/cmake --build /home/ubuntu/pi_ws/build/gazebo_ros2_control_demos -- -j4 -l4
[4.949s] Invoking command in '/home/ubuntu/pi_ws/build/gazebo_ros2_control_demos': CMAKE_PREFIX_PATH=/home/ubuntu/pi_ws/install/gazebo_ros2_control:/home/ubuntu/pi_ws/install/serial_motor_demo_msgs:/home/ubuntu/pi_ws/install/diffdrive_arduino:/home/ubuntu/pi_ws/install/serial:/home/ubuntu/pi_ws/install/senior_design1:/home/ubuntu/pi_ws/install/gazebo_ros2_control_demos:/home/ubuntu/pi_ws/install/serial_motor_demo:/home/ubuntu/pi_ws/install/my_package:/opt/ros/foxy LD_LIBRARY_PATH=/home/ubuntu/pi_ws/install/gazebo_ros2_control/lib:/home/ubuntu/pi_ws/install/serial_motor_demo_msgs/lib:/home/ubuntu/pi_ws/install/diffdrive_arduino/lib:/home/ubuntu/pi_ws/install/serial/lib:/usr/lib/aarch64-linux-gnu/gazebo-11/plugins:/opt/ros/foxy/opt/yaml_cpp_vendor/lib:/opt/ros/foxy/opt/rviz_ogre_vendor/lib:/opt/ros/foxy/lib/aarch64-linux-gnu:/opt/ros/foxy/lib /usr/bin/cmake --install /home/ubuntu/pi_ws/build/gazebo_ros2_control_demos
[5.071s] -- Install configuration: ""
[5.109s] -- Up-to-date: /home/ubuntu/pi_ws/install/gazebo_ros2_control_demos/share/gazebo_ros2_control_demos//launch
[5.134s] -- Up-to-date: /home/ubuntu/pi_ws/install/gazebo_ros2_control_demos/share/gazebo_ros2_control_demos//launch/cart_example_velocity.launch.py
[5.155s] -- Up-to-date: /home/ubuntu/pi_ws/install/gazebo_ros2_control_demos/share/gazebo_ros2_control_demos//launch/diff_drive.launch.py
[5.157s] -- Up-to-date: /home/ubuntu/pi_ws/install/gazebo_ros2_control_demos/share/gazebo_ros2_control_demos//launch/cart_example_position.launch.py
[5.157s] -- Up-to-date: /home/ubuntu/pi_ws/install/gazebo_ros2_control_demos/share/gazebo_ros2_control_demos//launch/cart_example_effort.launch.py
[5.158s] -- Up-to-date: /home/ubuntu/pi_ws/install/gazebo_ros2_control_demos/share/gazebo_ros2_control_demos//launch/gripper_mimic_joint_example.launch.py
[5.159s] -- Up-to-date: /home/ubuntu/pi_ws/install/gazebo_ros2_control_demos/share/gazebo_ros2_control_demos//config
[5.160s] -- Up-to-date: /home/ubuntu/pi_ws/install/gazebo_ros2_control_demos/share/gazebo_ros2_control_demos//config/cartpole_controller_velocity.yaml
[5.161s] -- Up-to-date: /home/ubuntu/pi_ws/install/gazebo_ros2_control_demos/share/gazebo_ros2_control_demos//config/diff_drive_controller.yaml
[5.162s] -- Up-to-date: /home/ubuntu/pi_ws/install/gazebo_ros2_control_demos/share/gazebo_ros2_control_demos//config/cartpole_controller_effort.yaml
[5.166s] -- Up-to-date: /home/ubuntu/pi_ws/install/gazebo_ros2_control_demos/share/gazebo_ros2_control_demos//config/cartpole_controller.yaml
[5.170s] -- Up-to-date: /home/ubuntu/pi_ws/install/gazebo_ros2_control_demos/share/gazebo_ros2_control_demos//config/gripper_controller.yaml
[5.173s] -- Up-to-date: /home/ubuntu/pi_ws/install/gazebo_ros2_control_demos/share/gazebo_ros2_control_demos//urdf
[5.176s] -- Up-to-date: /home/ubuntu/pi_ws/install/gazebo_ros2_control_demos/share/gazebo_ros2_control_demos//urdf/test_diff_drive.xacro.urdf
[5.179s] -- Up-to-date: /home/ubuntu/pi_ws/install/gazebo_ros2_control_demos/share/gazebo_ros2_control_demos//urdf/test_cart_velocity.xacro.urdf
[5.181s] -- Up-to-date: /home/ubuntu/pi_ws/install/gazebo_ros2_control_demos/share/gazebo_ros2_control_demos//urdf/test_cart_effort.xacro.urdf
[5.183s] -- Up-to-date: /home/ubuntu/pi_ws/install/gazebo_ros2_control_demos/share/gazebo_ros2_control_demos//urdf/test_cart_position.xacro.urdf
[5.185s] -- Up-to-date: /home/ubuntu/pi_ws/install/gazebo_ros2_control_demos/share/gazebo_ros2_control_demos//urdf/test_gripper_mimic_joint.xacro.urdf
[5.186s] -- Up-to-date: /home/ubuntu/pi_ws/install/gazebo_ros2_control_demos/lib/gazebo_ros2_control_demos/example_position
[5.188s] -- Up-to-date: /home/ubuntu/pi_ws/install/gazebo_ros2_control_demos/lib/gazebo_ros2_control_demos/example_velocity
[5.189s] -- Up-to-date: /home/ubuntu/pi_ws/install/gazebo_ros2_control_demos/lib/gazebo_ros2_control_demos/example_effort
[5.191s] -- Up-to-date: /home/ubuntu/pi_ws/install/gazebo_ros2_control_demos/lib/gazebo_ros2_control_demos/example_gripper
[5.194s] -- Up-to-date: /home/ubuntu/pi_ws/install/gazebo_ros2_control_demos/lib/gazebo_ros2_control_demos/example_diff_drive
[5.197s] -- Up-to-date: /home/ubuntu/pi_ws/install/gazebo_ros2_control_demos/share/ament_index/resource_index/package_run_dependencies/gazebo_ros2_control_demos
[5.200s] -- Up-to-date: /home/ubuntu/pi_ws/install/gazebo_ros2_control_demos/share/ament_index/resource_index/parent_prefix_path/gazebo_ros2_control_demos
[5.208s] -- Up-to-date: /home/ubuntu/pi_ws/install/gazebo_ros2_control_demos/share/gazebo_ros2_control_demos/environment/ament_prefix_path.sh
[5.209s] -- Up-to-date: /home/ubuntu/pi_ws/install/gazebo_ros2_control_demos/share/gazebo_ros2_control_demos/environment/ament_prefix_path.dsv
[5.211s] -- Up-to-date: /home/ubuntu/pi_ws/install/gazebo_ros2_control_demos/share/gazebo_ros2_control_demos/environment/path.sh
[5.212s] -- Up-to-date: /home/ubuntu/pi_ws/install/gazebo_ros2_control_demos/share/gazebo_ros2_control_demos/environment/path.dsv
[5.214s] -- Up-to-date: /home/ubuntu/pi_ws/install/gazebo_ros2_control_demos/share/gazebo_ros2_control_demos/local_setup.bash
[5.216s] -- Up-to-date: /home/ubuntu/pi_ws/install/gazebo_ros2_control_demos/share/gazebo_ros2_control_demos/local_setup.sh
[5.219s] -- Up-to-date: /home/ubuntu/pi_ws/install/gazebo_ros2_control_demos/share/gazebo_ros2_control_demos/local_setup.zsh
[5.221s] -- Up-to-date: /home/ubuntu/pi_ws/install/gazebo_ros2_control_demos/share/gazebo_ros2_control_demos/local_setup.dsv
[5.226s] -- Installing: /home/ubuntu/pi_ws/install/gazebo_ros2_control_demos/share/gazebo_ros2_control_demos/package.dsv
[5.230s] -- Up-to-date: /home/ubuntu/pi_ws/install/gazebo_ros2_control_demos/share/ament_index/resource_index/packages/gazebo_ros2_control_demos
[5.232s] -- Up-to-date: /home/ubuntu/pi_ws/install/gazebo_ros2_control_demos/share/gazebo_ros2_control_demos/cmake/gazebo_ros2_control_demosConfig.cmake
[5.234s] -- Up-to-date: /home/ubuntu/pi_ws/install/gazebo_ros2_control_demos/share/gazebo_ros2_control_demos/cmake/gazebo_ros2_control_demosConfig-version.cmake
[5.235s] -- Up-to-date: /home/ubuntu/pi_ws/install/gazebo_ros2_control_demos/share/gazebo_ros2_control_demos/package.xml
[8.624s] Invoked command in '/home/ubuntu/pi_ws/build/gazebo_ros2_control_demos' returned '0': CMAKE_PREFIX_PATH=/home/ubuntu/pi_ws/install/gazebo_ros2_control:/home/ubuntu/pi_ws/install/serial_motor_demo_msgs:/home/ubuntu/pi_ws/install/diffdrive_arduino:/home/ubuntu/pi_ws/install/serial:/home/ubuntu/pi_ws/install/senior_design1:/home/ubuntu/pi_ws/install/gazebo_ros2_control_demos:/home/ubuntu/pi_ws/install/serial_motor_demo:/home/ubuntu/pi_ws/install/my_package:/opt/ros/foxy LD_LIBRARY_PATH=/home/ubuntu/pi_ws/install/gazebo_ros2_control/lib:/home/ubuntu/pi_ws/install/serial_motor_demo_msgs/lib:/home/ubuntu/pi_ws/install/diffdrive_arduino/lib:/home/ubuntu/pi_ws/install/serial/lib:/usr/lib/aarch64-linux-gnu/gazebo-11/plugins:/opt/ros/foxy/opt/yaml_cpp_vendor/lib:/opt/ros/foxy/opt/rviz_ogre_vendor/lib:/opt/ros/foxy/lib/aarch64-linux-gnu:/opt/ros/foxy/lib /usr/bin/cmake --install /home/ubuntu/pi_ws/build/gazebo_ros2_control_demos
