[4.320s] Invoking command in '/home/ubuntu/pi_ws/src/ros2_detection/my_package': PYTHONPATH=/home/ubuntu/pi_ws/build/my_package/prefix_override:/home/ubuntu/pi_ws/install/my_package/lib/python3.8/site-packages:${PYTHONPATH} /usr/bin/python3 setup.py egg_info --egg-base ../../../build/my_package build --build-base /home/ubuntu/pi_ws/build/my_package/build install --record /home/ubuntu/pi_ws/build/my_package/install.log --install-scripts $base/lib/my_package --single-version-externally-managed
[5.236s] running egg_info
[5.238s] writing ../../../build/my_package/my_package.egg-info/PKG-INFO
[5.241s] writing dependency_links to ../../../build/my_package/my_package.egg-info/dependency_links.txt
[5.243s] writing entry points to ../../../build/my_package/my_package.egg-info/entry_points.txt
[5.244s] writing requirements to ../../../build/my_package/my_package.egg-info/requires.txt
[5.244s] writing top-level names to ../../../build/my_package/my_package.egg-info/top_level.txt
[5.382s] reading manifest file '../../../build/my_package/my_package.egg-info/SOURCES.txt'
[5.387s] writing manifest file '../../../build/my_package/my_package.egg-info/SOURCES.txt'
[5.388s] running build
[5.389s] running build_py
[5.390s] copying my_package/detection.py -> /home/ubuntu/pi_ws/build/my_package/build/lib/my_package
[5.391s] running install
[5.395s] running install_lib
[5.399s] copying /home/ubuntu/pi_ws/build/my_package/build/lib/my_package/detection.py -> /home/ubuntu/pi_ws/install/my_package/lib/python3.8/site-packages/my_package
[5.403s] byte-compiling /home/ubuntu/pi_ws/install/my_package/lib/python3.8/site-packages/my_package/detection.py to detection.cpython-38.pyc
[5.411s] running install_data
[5.414s] running install_egg_info
[5.419s] removing '/home/ubuntu/pi_ws/install/my_package/lib/python3.8/site-packages/my_package-0.0.0-py3.8.egg-info' (and everything under it)
[5.421s] Copying ../../../build/my_package/my_package.egg-info to /home/ubuntu/pi_ws/install/my_package/lib/python3.8/site-packages/my_package-0.0.0-py3.8.egg-info
[5.439s] running install_scripts
[5.503s] Installing controller script to /home/ubuntu/pi_ws/install/my_package/lib/my_package
[5.504s] Installing detection script to /home/ubuntu/pi_ws/install/my_package/lib/my_package
[5.505s] Installing display script to /home/ubuntu/pi_ws/install/my_package/lib/my_package
[5.506s] writing list of installed files to '/home/ubuntu/pi_ws/build/my_package/install.log'
[5.602s] Invoked command in '/home/ubuntu/pi_ws/src/ros2_detection/my_package' returned '0': PYTHONPATH=/home/ubuntu/pi_ws/build/my_package/prefix_override:/home/ubuntu/pi_ws/install/my_package/lib/python3.8/site-packages:${PYTHONPATH} /usr/bin/python3 setup.py egg_info --egg-base ../../../build/my_package build --build-base /home/ubuntu/pi_ws/build/my_package/build install --record /home/ubuntu/pi_ws/build/my_package/install.log --install-scripts $base/lib/my_package --single-version-externally-managed
