[1.370s] Invoking command in '/home/ubuntu/pi_ws/build/tank_controller': CMAKE_PREFIX_PATH=${CMAKE_PREFIX_PATH}:/home/ubuntu/pi_ws/install/serial_motor_demo:/home/ubuntu/pi_ws/install/my_package:/opt/ros/foxy /usr/bin/cmake --build /home/ubuntu/pi_ws/build/tank_controller -- -j4 -l4
[1.850s] Invoked command in '/home/ubuntu/pi_ws/build/tank_controller' returned '0': CMAKE_PREFIX_PATH=${CMAKE_PREFIX_PATH}:/home/ubuntu/pi_ws/install/serial_motor_demo:/home/ubuntu/pi_ws/install/my_package:/opt/ros/foxy /usr/bin/cmake --build /home/ubuntu/pi_ws/build/tank_controller -- -j4 -l4
[2.224s] Invoking command in '/home/ubuntu/pi_ws/build/tank_controller': CMAKE_PREFIX_PATH=${CMAKE_PREFIX_PATH}:/home/ubuntu/pi_ws/install/serial_motor_demo:/home/ubuntu/pi_ws/install/my_package:/opt/ros/foxy /usr/bin/cmake --install /home/ubuntu/pi_ws/build/tank_controller
[2.282s] -- Install configuration: ""
[2.287s] -- Execute custom install script
[2.289s] -- Up-to-date symlink: /home/ubuntu/pi_ws/install/tank_controller/lib/tank_controller/obstacle_avoidance_node.py
[2.290s] -- Up-to-date symlink: /home/ubuntu/pi_ws/install/tank_controller/lib/tank_controller/motor_control_test.py
[2.294s] -- Up-to-date symlink: /home/ubuntu/pi_ws/install/tank_controller/share/ament_index/resource_index/package_run_dependencies/tank_controller
[2.295s] -- Up-to-date symlink: /home/ubuntu/pi_ws/install/tank_controller/share/ament_index/resource_index/parent_prefix_path/tank_controller
[2.297s] -- Up-to-date symlink: /home/ubuntu/pi_ws/install/tank_controller/share/tank_controller/environment/ament_prefix_path.sh
[2.298s] -- Up-to-date symlink: /home/ubuntu/pi_ws/install/tank_controller/share/tank_controller/environment/ament_prefix_path.dsv
[2.299s] -- Up-to-date symlink: /home/ubuntu/pi_ws/install/tank_controller/share/tank_controller/environment/path.sh
[2.301s] -- Up-to-date symlink: /home/ubuntu/pi_ws/install/tank_controller/share/tank_controller/environment/path.dsv
[2.302s] -- Up-to-date symlink: /home/ubuntu/pi_ws/install/tank_controller/share/tank_controller/local_setup.bash
[2.304s] -- Up-to-date symlink: /home/ubuntu/pi_ws/install/tank_controller/share/tank_controller/local_setup.sh
[2.305s] -- Up-to-date symlink: /home/ubuntu/pi_ws/install/tank_controller/share/tank_controller/local_setup.zsh
[2.306s] -- Up-to-date symlink: /home/ubuntu/pi_ws/install/tank_controller/share/tank_controller/local_setup.dsv
[2.307s] -- Symlinking: /home/ubuntu/pi_ws/install/tank_controller/share/tank_controller/package.dsv
[2.346s] -- Up-to-date symlink: /home/ubuntu/pi_ws/install/tank_controller/share/ament_index/resource_index/packages/tank_controller
[2.348s] -- Up-to-date symlink: /home/ubuntu/pi_ws/install/tank_controller/share/tank_controller/cmake/tank_controllerConfig.cmake
[2.349s] -- Up-to-date symlink: /home/ubuntu/pi_ws/install/tank_controller/share/tank_controller/cmake/tank_controllerConfig-version.cmake
[2.350s] -- Up-to-date symlink: /home/ubuntu/pi_ws/install/tank_controller/share/tank_controller/package.xml
[2.359s] Invoked command in '/home/ubuntu/pi_ws/build/tank_controller' returned '0': CMAKE_PREFIX_PATH=${CMAKE_PREFIX_PATH}:/home/ubuntu/pi_ws/install/serial_motor_demo:/home/ubuntu/pi_ws/install/my_package:/opt/ros/foxy /usr/bin/cmake --install /home/ubuntu/pi_ws/build/tank_controller
