-- Found ament_cmake: 0.9.12 (/opt/ros/foxy/share/ament_cmake/cmake)
-- Using PYTHON_EXECUTABLE: /usr/bin/python3
-- Found ament_lint_auto: 0.9.8 (/opt/ros/foxy/share/ament_lint_auto/cmake)
-- Added test 'copyright' to check source files copyright and LICENSE
-- Added test 'lint_cmake' to check CMake code style
-- Added test 'xmllint' to check XML markup files
-- Configuring done
-- Generating done
-- Build files have been written to: /home/ubuntu/pi_ws/build/tank_controller
-- Install configuration: ""
-- Installing: /home/ubuntu/pi_ws/install/tank_controller/share/ament_index/resource_index/package_run_dependencies/tank_controller
-- Installing: /home/ubuntu/pi_ws/install/tank_controller/share/ament_index/resource_index/parent_prefix_path/tank_controller
-- Installing: /home/ubuntu/pi_ws/install/tank_controller/share/tank_controller/environment/ament_prefix_path.sh
-- Installing: /home/ubuntu/pi_ws/install/tank_controller/share/tank_controller/environment/ament_prefix_path.dsv
-- Installing: /home/ubuntu/pi_ws/install/tank_controller/share/tank_controller/environment/path.sh
-- Installing: /home/ubuntu/pi_ws/install/tank_controller/share/tank_controller/environment/path.dsv
-- Installing: /home/ubuntu/pi_ws/install/tank_controller/share/tank_controller/local_setup.bash
-- Installing: /home/ubuntu/pi_ws/install/tank_controller/share/tank_controller/local_setup.sh
-- Installing: /home/ubuntu/pi_ws/install/tank_controller/share/tank_controller/local_setup.zsh
-- Installing: /home/ubuntu/pi_ws/install/tank_controller/share/tank_controller/local_setup.dsv
-- Installing: /home/ubuntu/pi_ws/install/tank_controller/share/tank_controller/package.dsv
-- Installing: /home/ubuntu/pi_ws/install/tank_controller/share/ament_index/resource_index/packages/tank_controller
-- Installing: /home/ubuntu/pi_ws/install/tank_controller/share/tank_controller/cmake/tank_controllerConfig.cmake
-- Installing: /home/ubuntu/pi_ws/install/tank_controller/share/tank_controller/cmake/tank_controllerConfig-version.cmake
-- Installing: /home/ubuntu/pi_ws/install/tank_controller/share/tank_controller/package.xml
