[5.631s] Invoking command in '/home/ubuntu/pi_ws/build/tank_controller': CMAKE_PREFIX_PATH=${CMAKE_PREFIX_PATH}:/home/ubuntu/pi_ws/install/serial_motor_demo:/home/ubuntu/pi_ws/install/my_package:/opt/ros/foxy /usr/bin/cmake --build /home/ubuntu/pi_ws/build/tank_controller -- -j4 -l4
[5.804s] -- Found ament_cmake: 0.9.12 (/opt/ros/foxy/share/ament_cmake/cmake)
[6.033s] -- Using PYTHON_EXECUTABLE: /usr/bin/python3
[7.760s] -- Found ament_lint_auto: 0.9.8 (/opt/ros/foxy/share/ament_lint_auto/cmake)
[8.732s] -- Added test 'copyright' to check source files copyright and LICENSE
[8.768s] -- Added test 'lint_cmake' to check CMake code style
[8.772s] -- Added test 'xmllint' to check XML markup files
[8.806s] -- Configuring done
[8.909s] -- Generating done
[8.940s] -- Build files have been written to: /home/ubuntu/pi_ws/build/tank_controller
[11.207s] Invoked command in '/home/ubuntu/pi_ws/build/tank_controller' returned '0': CMAKE_PREFIX_PATH=${CMAKE_PREFIX_PATH}:/home/ubuntu/pi_ws/install/serial_motor_demo:/home/ubuntu/pi_ws/install/my_package:/opt/ros/foxy /usr/bin/cmake --build /home/ubuntu/pi_ws/build/tank_controller -- -j4 -l4
[17.029s] Invoking command in '/home/ubuntu/pi_ws/build/tank_controller': CMAKE_PREFIX_PATH=${CMAKE_PREFIX_PATH}:/home/ubuntu/pi_ws/install/serial_motor_demo:/home/ubuntu/pi_ws/install/my_package:/opt/ros/foxy /usr/bin/cmake --install /home/ubuntu/pi_ws/build/tank_controller
[17.100s] -- Install configuration: ""
[17.103s] -- Installing: /home/ubuntu/pi_ws/install/tank_controller/share/ament_index/resource_index/package_run_dependencies/tank_controller
[17.111s] -- Installing: /home/ubuntu/pi_ws/install/tank_controller/share/ament_index/resource_index/parent_prefix_path/tank_controller
[17.118s] -- Installing: /home/ubuntu/pi_ws/install/tank_controller/share/tank_controller/environment/ament_prefix_path.sh
[17.121s] -- Installing: /home/ubuntu/pi_ws/install/tank_controller/share/tank_controller/environment/ament_prefix_path.dsv
[17.125s] -- Installing: /home/ubuntu/pi_ws/install/tank_controller/share/tank_controller/environment/path.sh
[17.127s] -- Installing: /home/ubuntu/pi_ws/install/tank_controller/share/tank_controller/environment/path.dsv
[17.128s] -- Installing: /home/ubuntu/pi_ws/install/tank_controller/share/tank_controller/local_setup.bash
[17.129s] -- Installing: /home/ubuntu/pi_ws/install/tank_controller/share/tank_controller/local_setup.sh
[17.130s] -- Installing: /home/ubuntu/pi_ws/install/tank_controller/share/tank_controller/local_setup.zsh
[17.132s] -- Installing: /home/ubuntu/pi_ws/install/tank_controller/share/tank_controller/local_setup.dsv
[17.133s] -- Installing: /home/ubuntu/pi_ws/install/tank_controller/share/tank_controller/package.dsv
[17.134s] -- Installing: /home/ubuntu/pi_ws/install/tank_controller/share/ament_index/resource_index/packages/tank_controller
[17.153s] -- Installing: /home/ubuntu/pi_ws/install/tank_controller/share/tank_controller/cmake/tank_controllerConfig.cmake
[17.154s] -- Installing: /home/ubuntu/pi_ws/install/tank_controller/share/tank_controller/cmake/tank_controllerConfig-version.cmake
[17.155s] -- Installing: /home/ubuntu/pi_ws/install/tank_controller/share/tank_controller/package.xml
[18.954s] Invoked command in '/home/ubuntu/pi_ws/build/tank_controller' returned '0': CMAKE_PREFIX_PATH=${CMAKE_PREFIX_PATH}:/home/ubuntu/pi_ws/install/serial_motor_demo:/home/ubuntu/pi_ws/install/my_package:/opt/ros/foxy /usr/bin/cmake --install /home/ubuntu/pi_ws/build/tank_controller
