[3.883s] Invoking command in '/home/ubuntu/pi_ws/src/ros2_detection/my_package': PYTHONPATH=/home/ubuntu/pi_ws/build/my_package/prefix_override:/home/ubuntu/pi_ws/install/my_package/lib/python3.8/site-packages:${PYTHONPATH} /usr/bin/python3 setup.py egg_info --egg-base ../../../build/my_package build --build-base /home/ubuntu/pi_ws/build/my_package/build install --record /home/ubuntu/pi_ws/build/my_package/install.log --install-scripts $base/lib/my_package --single-version-externally-managed
[4.721s] running egg_info
[4.723s] writing ../../../build/my_package/my_package.egg-info/PKG-INFO
[4.724s] writing dependency_links to ../../../build/my_package/my_package.egg-info/dependency_links.txt
[4.725s] writing entry points to ../../../build/my_package/my_package.egg-info/entry_points.txt
[4.726s] writing requirements to ../../../build/my_package/my_package.egg-info/requires.txt
[4.727s] writing top-level names to ../../../build/my_package/my_package.egg-info/top_level.txt
[4.856s] reading manifest file '../../../build/my_package/my_package.egg-info/SOURCES.txt'
[4.859s] writing manifest file '../../../build/my_package/my_package.egg-info/SOURCES.txt'
[4.860s] running build
[4.860s] running build_py
[4.861s] copying my_package/controller.py -> /home/ubuntu/pi_ws/build/my_package/build/lib/my_package
[4.863s] running install
[4.867s] running install_lib
[4.871s] copying /home/ubuntu/pi_ws/build/my_package/build/lib/my_package/controller.py -> /home/ubuntu/pi_ws/install/my_package/lib/python3.8/site-packages/my_package
[4.875s] byte-compiling /home/ubuntu/pi_ws/install/my_package/lib/python3.8/site-packages/my_package/controller.py to controller.cpython-38.pyc
[4.884s] running install_data
[4.887s] copying my_package/controller.py -> /home/ubuntu/pi_ws/install/my_package/lib/my_package
[4.888s] running install_egg_info
[4.893s] removing '/home/ubuntu/pi_ws/install/my_package/lib/python3.8/site-packages/my_package-0.0.0-py3.8.egg-info' (and everything under it)
[4.894s] Copying ../../../build/my_package/my_package.egg-info to /home/ubuntu/pi_ws/install/my_package/lib/python3.8/site-packages/my_package-0.0.0-py3.8.egg-info
[4.900s] running install_scripts
[4.961s] Installing controller script to /home/ubuntu/pi_ws/install/my_package/lib/my_package
[4.961s] Installing detection script to /home/ubuntu/pi_ws/install/my_package/lib/my_package
[4.962s] Installing display script to /home/ubuntu/pi_ws/install/my_package/lib/my_package
[4.964s] writing list of installed files to '/home/ubuntu/pi_ws/build/my_package/install.log'
[5.058s] Invoked command in '/home/ubuntu/pi_ws/src/ros2_detection/my_package' returned '0': PYTHONPATH=/home/ubuntu/pi_ws/build/my_package/prefix_override:/home/ubuntu/pi_ws/install/my_package/lib/python3.8/site-packages:${PYTHONPATH} /usr/bin/python3 setup.py egg_info --egg-base ../../../build/my_package build --build-base /home/ubuntu/pi_ws/build/my_package/build install --record /home/ubuntu/pi_ws/build/my_package/install.log --install-scripts $base/lib/my_package --single-version-externally-managed
