[6.825s] Invoking command in '/home/ubuntu/pi_ws/src/ros2_detection/my_package': PYTHONPATH=/home/ubuntu/pi_ws/build/my_package/prefix_override:/home/ubuntu/pi_ws/install/my_package/lib/python3.8/site-packages:${PYTHONPATH} /usr/bin/python3 setup.py egg_info --egg-base ../../../build/my_package build --build-base /home/ubuntu/pi_ws/build/my_package/build install --record /home/ubuntu/pi_ws/build/my_package/install.log --install-scripts $base/lib/my_package --single-version-externally-managed
[7.893s] running egg_info
[7.896s] writing ../../../build/my_package/my_package.egg-info/PKG-INFO
[7.899s] writing dependency_links to ../../../build/my_package/my_package.egg-info/dependency_links.txt
[7.901s] writing entry points to ../../../build/my_package/my_package.egg-info/entry_points.txt
[7.905s] writing requirements to ../../../build/my_package/my_package.egg-info/requires.txt
[7.906s] writing top-level names to ../../../build/my_package/my_package.egg-info/top_level.txt
[8.041s] reading manifest file '../../../build/my_package/my_package.egg-info/SOURCES.txt'
[8.048s] writing manifest file '../../../build/my_package/my_package.egg-info/SOURCES.txt'
[8.049s] running build
[8.052s] running build_py
[8.056s] copying my_package/detection.py -> /home/ubuntu/pi_ws/build/my_package/build/lib/my_package
[8.060s] copying my_package/controller.py -> /home/ubuntu/pi_ws/build/my_package/build/lib/my_package
[8.065s] running install
[8.071s] running install_lib
[8.076s] copying /home/ubuntu/pi_ws/build/my_package/build/lib/my_package/detection.py -> /home/ubuntu/pi_ws/install/my_package/lib/python3.8/site-packages/my_package
[8.079s] copying /home/ubuntu/pi_ws/build/my_package/build/lib/my_package/controller.py -> /home/ubuntu/pi_ws/install/my_package/lib/python3.8/site-packages/my_package
[8.080s] byte-compiling /home/ubuntu/pi_ws/install/my_package/lib/python3.8/site-packages/my_package/detection.py to detection.cpython-38.pyc
[8.081s] byte-compiling /home/ubuntu/pi_ws/install/my_package/lib/python3.8/site-packages/my_package/controller.py to controller.cpython-38.pyc
[8.082s] running install_data
[8.088s] copying my_package/controller.py -> /home/ubuntu/pi_ws/install/my_package/lib/my_package
[8.092s] running install_egg_info
[8.096s] removing '/home/ubuntu/pi_ws/install/my_package/lib/python3.8/site-packages/my_package-0.0.0-py3.8.egg-info' (and everything under it)
[8.102s] Copying ../../../build/my_package/my_package.egg-info to /home/ubuntu/pi_ws/install/my_package/lib/python3.8/site-packages/my_package-0.0.0-py3.8.egg-info
[8.103s] running install_scripts
[8.189s] Installing controller script to /home/ubuntu/pi_ws/install/my_package/lib/my_package
[8.190s] Installing detection script to /home/ubuntu/pi_ws/install/my_package/lib/my_package
[8.191s] Installing display script to /home/ubuntu/pi_ws/install/my_package/lib/my_package
[8.193s] writing list of installed files to '/home/ubuntu/pi_ws/build/my_package/install.log'
[10.284s] Invoked command in '/home/ubuntu/pi_ws/src/ros2_detection/my_package' returned '0': PYTHONPATH=/home/ubuntu/pi_ws/build/my_package/prefix_override:/home/ubuntu/pi_ws/install/my_package/lib/python3.8/site-packages:${PYTHONPATH} /usr/bin/python3 setup.py egg_info --egg-base ../../../build/my_package build --build-base /home/ubuntu/pi_ws/build/my_package/build install --record /home/ubuntu/pi_ws/build/my_package/install.log --install-scripts $base/lib/my_package --single-version-externally-managed
