[0.720s] Invoking command in '/home/ubuntu/pi_ws/build/gazebo_ros2_control_demos': CMAKE_PREFIX_PATH=/home/ubuntu/pi_ws/install/gazebo_ros2_control:/home/ubuntu/pi_ws/install/tank_controller:/home/ubuntu/pi_ws/install/serial_motor_demo_msgs:/home/ubuntu/pi_ws/install/serial:/home/ubuntu/pi_ws/install/senior_design1:/home/ubuntu/pi_ws/install/articubot_one:/home/ubuntu/pi_ws/install/serial_motor_demo:/home/ubuntu/pi_ws/install/diffdrive_arduino:/home/ubuntu/pi_ws/install/my_package:/home/ubuntu/pi_ws/install/gazebo_ros2_control_demos:/opt/ros/foxy LD_LIBRARY_PATH=/home/ubuntu/pi_ws/install/gazebo_ros2_control/lib:/home/ubuntu/pi_ws/install/serial_motor_demo_msgs/lib:/home/ubuntu/pi_ws/install/diffdrive_arduino/lib:/home/ubuntu/pi_ws/install/serial/lib:/usr/lib/aarch64-linux-gnu/gazebo-11/plugins:/opt/ros/foxy/opt/yaml_cpp_vendor/lib:/opt/ros/foxy/opt/rviz_ogre_vendor/lib:/opt/ros/foxy/lib/aarch64-linux-gnu:/opt/ros/foxy/lib /usr/bin/cmake /home/ubuntu/pi_ws/src/gazebo_ros2_control/gazebo_ros2_control_demos -DCMAKE_INSTALL_PREFIX=/home/ubuntu/pi_ws/install/gazebo_ros2_control_demos
[1.141s] -- The C compiler identification is GNU 9.4.0
[1.497s] -- The CXX compiler identification is GNU 9.4.0
[1.518s] -- Check for working C compiler: /usr/bin/cc
[1.939s] -- Check for working C compiler: /usr/bin/cc -- works
[1.945s] -- Detecting C compiler ABI info
[2.381s] -- Detecting C compiler ABI info - done
[2.464s] -- Detecting C compile features
[2.466s] -- Detecting C compile features - done
[2.487s] -- Check for working CXX compiler: /usr/bin/c++
[2.923s] -- Check for working CXX compiler: /usr/bin/c++ -- works
[2.930s] -- Detecting CXX compiler ABI info
[3.421s] -- Detecting CXX compiler ABI info - done
[3.466s] -- Detecting CXX compile features
[3.467s] -- Detecting CXX compile features - done
[3.501s] -- Found ament_cmake: 0.9.12 (/opt/ros/foxy/share/ament_cmake/cmake)
[3.684s] -- Found PythonInterp: /usr/bin/python3 (found suitable version "3.8.10", minimum required is "3") 
[3.688s] -- Using PYTHON_EXECUTABLE: /usr/bin/python3
[5.137s] -- Found control_msgs: 2.5.1 (/opt/ros/foxy/share/control_msgs/cmake)
[5.473s] -- Using all available rosidl_typesupport_c: rosidl_typesupport_fastrtps_c;rosidl_typesupport_introspection_c
[5.556s] -- Found rosidl_adapter: 1.3.1 (/opt/ros/foxy/share/rosidl_adapter/cmake)
[6.247s] -- Found OpenSSL: /usr/lib/aarch64-linux-gnu/libcrypto.so (found version "1.1.1f")  
[6.512s] -- Found FastRTPS: /opt/ros/foxy/include  
[7.167s] -- Using all available rosidl_typesupport_cpp: rosidl_typesupport_fastrtps_cpp;rosidl_typesupport_introspection_cpp
[8.862s] -- Found rclcpp: 2.4.3 (/opt/ros/foxy/share/rclcpp/cmake)
[9.166s] -- Found rmw_implementation_cmake: 1.0.4 (/opt/ros/foxy/share/rmw_implementation_cmake/cmake)
[9.174s] -- Using RMW implementation 'rmw_fastrtps_cpp' as default
[9.180s] -- Looking for pthread.h
[9.532s] -- Looking for pthread.h - found
[9.533s] -- Performing Test CMAKE_HAVE_LIBC_PTHREAD
[9.883s] -- Performing Test CMAKE_HAVE_LIBC_PTHREAD - Failed
[9.884s] -- Looking for pthread_create in pthreads
[10.193s] -- Looking for pthread_create in pthreads - not found
[10.195s] -- Looking for pthread_create in pthread
[10.553s] -- Looking for pthread_create in pthread - found
[10.558s] -- Found Threads: TRUE  
[11.263s] -- Found rclcpp_action: 2.4.3 (/opt/ros/foxy/share/rclcpp_action/cmake)
[11.459s] -- Found ament_cmake_gtest: 0.9.12 (/opt/ros/foxy/share/ament_cmake_gtest/cmake)
[11.485s] -- Found ament_lint_auto: 0.9.8 (/opt/ros/foxy/share/ament_lint_auto/cmake)
[11.997s] -- Added test 'copyright' to check source files copyright and LICENSE
[12.012s] -- Added test 'cppcheck' to perform static code analysis on C / C++ code
[12.014s] -- Configured cppcheck include dirs: 
[12.014s] -- Configured cppcheck exclude dirs and/or files: 
[12.028s] -- Added test 'cpplint' to check C / C++ code against the Google style
[12.029s] -- Configured cpplint exclude dirs and/or files: 
[12.033s] -- Added test 'flake8' to check Python code syntax and style conventions
[12.038s] -- Added test 'lint_cmake' to check CMake code style
[12.042s] -- Added test 'pep257' to check Python code against some of the style conventions in PEP 257
[12.056s] -- Added test 'uncrustify' to check C / C++ code style
[12.057s] -- Configured uncrustify additional arguments: 
[12.061s] -- Added test 'xmllint' to check XML markup files
[12.086s] -- Configuring done
[12.180s] -- Generating done
[12.188s] -- Build files have been written to: /home/ubuntu/pi_ws/build/gazebo_ros2_control_demos
