[6.078s] Invoking command in '/home/ubuntu/pi_ws/src/ros2_detection/my_package': PYTHONPATH=/home/ubuntu/pi_ws/build/my_package/prefix_override:/home/ubuntu/pi_ws/install/my_package/lib/python3.8/site-packages:${PYTHONPATH} /usr/bin/python3 setup.py egg_info --egg-base ../../../build/my_package build --build-base /home/ubuntu/pi_ws/build/my_package/build install --record /home/ubuntu/pi_ws/build/my_package/install.log --install-scripts $base/lib/my_package --single-version-externally-managed
[7.039s] running egg_info
[7.040s] writing ../../../build/my_package/my_package.egg-info/PKG-INFO
[7.041s] writing dependency_links to ../../../build/my_package/my_package.egg-info/dependency_links.txt
[7.042s] writing entry points to ../../../build/my_package/my_package.egg-info/entry_points.txt
[7.044s] writing requirements to ../../../build/my_package/my_package.egg-info/requires.txt
[7.044s] writing top-level names to ../../../build/my_package/my_package.egg-info/top_level.txt
[7.200s] reading manifest file '../../../build/my_package/my_package.egg-info/SOURCES.txt'
[7.206s] writing manifest file '../../../build/my_package/my_package.egg-info/SOURCES.txt'
[7.208s] running build
[7.210s] running build_py
[7.212s] running install
[7.214s] running install_lib
[7.221s] running install_data
[7.224s] running install_egg_info
[7.241s] removing '/home/ubuntu/pi_ws/install/my_package/lib/python3.8/site-packages/my_package-0.0.0-py3.8.egg-info' (and everything under it)
[7.243s] Copying ../../../build/my_package/my_package.egg-info to /home/ubuntu/pi_ws/install/my_package/lib/python3.8/site-packages/my_package-0.0.0-py3.8.egg-info
[7.244s] running install_scripts
[7.333s] Installing controller script to /home/ubuntu/pi_ws/install/my_package/lib/my_package
[7.339s] Installing detection script to /home/ubuntu/pi_ws/install/my_package/lib/my_package
[7.344s] Installing display script to /home/ubuntu/pi_ws/install/my_package/lib/my_package
[7.366s] writing list of installed files to '/home/ubuntu/pi_ws/build/my_package/install.log'
[10.607s] Invoked command in '/home/ubuntu/pi_ws/src/ros2_detection/my_package' returned '0': PYTHONPATH=/home/ubuntu/pi_ws/build/my_package/prefix_override:/home/ubuntu/pi_ws/install/my_package/lib/python3.8/site-packages:${PYTHONPATH} /usr/bin/python3 setup.py egg_info --egg-base ../../../build/my_package build --build-base /home/ubuntu/pi_ws/build/my_package/build install --record /home/ubuntu/pi_ws/build/my_package/install.log --install-scripts $base/lib/my_package --single-version-externally-managed
