[7.968s] Invoking command in '/home/ubuntu/pi_ws/src/ros2_detection/my_package': PYTHONPATH=/home/ubuntu/pi_ws/build/my_package/prefix_override:/home/ubuntu/pi_ws/install/my_package/lib/python3.8/site-packages:${PYTHONPATH} /usr/bin/python3 setup.py egg_info --egg-base ../../../build/my_package build --build-base /home/ubuntu/pi_ws/build/my_package/build install --record /home/ubuntu/pi_ws/build/my_package/install.log --install-scripts $base/lib/my_package --single-version-externally-managed
[9.012s] running egg_info
[9.017s] creating ../../../build/my_package/my_package.egg-info
[9.020s] writing ../../../build/my_package/my_package.egg-info/PKG-INFO
[9.023s] writing dependency_links to ../../../build/my_package/my_package.egg-info/dependency_links.txt
[9.025s] writing entry points to ../../../build/my_package/my_package.egg-info/entry_points.txt
[9.027s] writing requirements to ../../../build/my_package/my_package.egg-info/requires.txt
[9.028s] writing top-level names to ../../../build/my_package/my_package.egg-info/top_level.txt
[9.028s] writing manifest file '../../../build/my_package/my_package.egg-info/SOURCES.txt'
[9.167s] reading manifest file '../../../build/my_package/my_package.egg-info/SOURCES.txt'
[9.171s] writing manifest file '../../../build/my_package/my_package.egg-info/SOURCES.txt'
[9.173s] running build
[9.174s] running build_py
[9.177s] creating /home/ubuntu/pi_ws/build/my_package/build
[9.179s] creating /home/ubuntu/pi_ws/build/my_package/build/lib
[9.182s] creating /home/ubuntu/pi_ws/build/my_package/build/lib/my_package
[9.182s] copying my_package/detection.py -> /home/ubuntu/pi_ws/build/my_package/build/lib/my_package
[9.183s] copying my_package/display.py -> /home/ubuntu/pi_ws/build/my_package/build/lib/my_package
[9.189s] copying my_package/controller.py -> /home/ubuntu/pi_ws/build/my_package/build/lib/my_package
[9.190s] copying my_package/__init__.py -> /home/ubuntu/pi_ws/build/my_package/build/lib/my_package
[9.193s] creating /home/ubuntu/pi_ws/build/my_package/build/lib/my_package/models
[9.195s] copying my_package/models/yolov3-tiny.cfg -> /home/ubuntu/pi_ws/build/my_package/build/lib/my_package/models
[9.200s] copying my_package/models/yolov3-tiny.weights -> /home/ubuntu/pi_ws/build/my_package/build/lib/my_package/models
[9.343s] copying my_package/models/coco.names -> /home/ubuntu/pi_ws/build/my_package/build/lib/my_package/models
[9.343s] running install
[9.350s] running install_lib
[9.355s] creating /home/ubuntu/pi_ws/install/my_package/lib/python3.8/site-packages/my_package
[9.357s] copying /home/ubuntu/pi_ws/build/my_package/build/lib/my_package/detection.py -> /home/ubuntu/pi_ws/install/my_package/lib/python3.8/site-packages/my_package
[9.361s] copying /home/ubuntu/pi_ws/build/my_package/build/lib/my_package/display.py -> /home/ubuntu/pi_ws/install/my_package/lib/python3.8/site-packages/my_package
[9.364s] copying /home/ubuntu/pi_ws/build/my_package/build/lib/my_package/controller.py -> /home/ubuntu/pi_ws/install/my_package/lib/python3.8/site-packages/my_package
[9.367s] creating /home/ubuntu/pi_ws/install/my_package/lib/python3.8/site-packages/my_package/models
[9.370s] copying /home/ubuntu/pi_ws/build/my_package/build/lib/my_package/models/coco.names -> /home/ubuntu/pi_ws/install/my_package/lib/python3.8/site-packages/my_package/models
[9.373s] copying /home/ubuntu/pi_ws/build/my_package/build/lib/my_package/models/yolov3-tiny.cfg -> /home/ubuntu/pi_ws/install/my_package/lib/python3.8/site-packages/my_package/models
[9.378s] copying /home/ubuntu/pi_ws/build/my_package/build/lib/my_package/models/yolov3-tiny.weights -> /home/ubuntu/pi_ws/install/my_package/lib/python3.8/site-packages/my_package/models
[9.522s] copying /home/ubuntu/pi_ws/build/my_package/build/lib/my_package/__init__.py -> /home/ubuntu/pi_ws/install/my_package/lib/python3.8/site-packages/my_package
[9.526s] byte-compiling /home/ubuntu/pi_ws/install/my_package/lib/python3.8/site-packages/my_package/detection.py to detection.cpython-38.pyc
[9.533s] byte-compiling /home/ubuntu/pi_ws/install/my_package/lib/python3.8/site-packages/my_package/display.py to display.cpython-38.pyc
[9.535s] byte-compiling /home/ubuntu/pi_ws/install/my_package/lib/python3.8/site-packages/my_package/controller.py to controller.cpython-38.pyc
[9.540s] byte-compiling /home/ubuntu/pi_ws/install/my_package/lib/python3.8/site-packages/my_package/__init__.py to __init__.cpython-38.pyc
[9.542s] running install_data
[9.544s] creating /home/ubuntu/pi_ws/install/my_package/share/ament_index
[9.547s] creating /home/ubuntu/pi_ws/install/my_package/share/ament_index/resource_index
[9.551s] creating /home/ubuntu/pi_ws/install/my_package/share/ament_index/resource_index/packages
[9.552s] copying resource/my_package -> /home/ubuntu/pi_ws/install/my_package/share/ament_index/resource_index/packages
[9.554s] copying package.xml -> /home/ubuntu/pi_ws/install/my_package/share/my_package
[9.555s] creating /home/ubuntu/pi_ws/install/my_package/share/my_package/launch
[9.558s] copying launch/detection_launch.py -> /home/ubuntu/pi_ws/install/my_package/share/my_package/launch
[9.559s] creating /home/ubuntu/pi_ws/install/my_package/lib/my_package
[9.562s] creating /home/ubuntu/pi_ws/install/my_package/lib/my_package/models
[9.564s] copying my_package/models/yolov3-tiny.weights -> /home/ubuntu/pi_ws/install/my_package/lib/my_package/models
[9.725s] copying my_package/models/yolov3-tiny.cfg -> /home/ubuntu/pi_ws/install/my_package/lib/my_package/models
[9.727s] copying my_package/models/coco.names -> /home/ubuntu/pi_ws/install/my_package/lib/my_package/models
[9.730s] copying my_package/controller.py -> /home/ubuntu/pi_ws/install/my_package/lib/my_package
[9.733s] running install_egg_info
[9.736s] Copying ../../../build/my_package/my_package.egg-info to /home/ubuntu/pi_ws/install/my_package/lib/python3.8/site-packages/my_package-0.0.0-py3.8.egg-info
[9.738s] running install_scripts
[9.809s] Installing controller script to /home/ubuntu/pi_ws/install/my_package/lib/my_package
[9.812s] Installing detection script to /home/ubuntu/pi_ws/install/my_package/lib/my_package
[9.817s] Installing display script to /home/ubuntu/pi_ws/install/my_package/lib/my_package
[9.821s] writing list of installed files to '/home/ubuntu/pi_ws/build/my_package/install.log'
[10.506s] Invoked command in '/home/ubuntu/pi_ws/src/ros2_detection/my_package' returned '0': PYTHONPATH=/home/ubuntu/pi_ws/build/my_package/prefix_override:/home/ubuntu/pi_ws/install/my_package/lib/python3.8/site-packages:${PYTHONPATH} /usr/bin/python3 setup.py egg_info --egg-base ../../../build/my_package build --build-base /home/ubuntu/pi_ws/build/my_package/build install --record /home/ubuntu/pi_ws/build/my_package/install.log --install-scripts $base/lib/my_package --single-version-externally-managed
