[2.628s] Invoking command in '/home/ubuntu/pi_ws/build/senior_design1': CMAKE_PREFIX_PATH=/opt/ros/foxy /usr/bin/cmake --build /home/ubuntu/pi_ws/build/senior_design1 -- -j4 -l4
[4.494s] Invoked command in '/home/ubuntu/pi_ws/build/senior_design1' returned '0': CMAKE_PREFIX_PATH=/opt/ros/foxy /usr/bin/cmake --build /home/ubuntu/pi_ws/build/senior_design1 -- -j4 -l4
[5.585s] Invoking command in '/home/ubuntu/pi_ws/build/senior_design1': CMAKE_PREFIX_PATH=/opt/ros/foxy /usr/bin/cmake --install /home/ubuntu/pi_ws/build/senior_design1
[5.648s] -- Install configuration: ""
[5.668s] -- Execute custom install script
[5.671s] -- Up-to-date symlink: /home/ubuntu/pi_ws/install/senior_design1/share/senior_design1/config/ball_tracker_params_robot.yaml
[5.672s] -- Up-to-date symlink: /home/ubuntu/pi_ws/install/senior_design1/share/senior_design1/config/ball_tracker_params_sim.yaml
[5.673s] -- Up-to-date symlink: /home/ubuntu/pi_ws/install/senior_design1/share/senior_design1/config/drive_bot.rviz
[5.673s] -- Up-to-date symlink: /home/ubuntu/pi_ws/install/senior_design1/share/senior_design1/config/empty.yaml
[5.673s] -- Up-to-date symlink: /home/ubuntu/pi_ws/install/senior_design1/share/senior_design1/config/gaz_ros2_ctl_use_sim.yaml
[5.674s] -- Up-to-date symlink: /home/ubuntu/pi_ws/install/senior_design1/share/senior_design1/config/gazebo_params.yaml
[5.674s] -- Up-to-date symlink: /home/ubuntu/pi_ws/install/senior_design1/share/senior_design1/config/joystick.yaml
[5.678s] -- Up-to-date symlink: /home/ubuntu/pi_ws/install/senior_design1/share/senior_design1/config/main.rviz
[5.681s] -- Up-to-date symlink: /home/ubuntu/pi_ws/install/senior_design1/share/senior_design1/config/map.rviz
[5.684s] -- Up-to-date symlink: /home/ubuntu/pi_ws/install/senior_design1/share/senior_design1/config/mapper_params_online_async.yaml
[5.686s] -- Up-to-date symlink: /home/ubuntu/pi_ws/install/senior_design1/share/senior_design1/config/my_controllers.yaml
[5.691s] -- Up-to-date symlink: /home/ubuntu/pi_ws/install/senior_design1/share/senior_design1/config/nav2_params.yaml
[5.694s] -- Up-to-date symlink: /home/ubuntu/pi_ws/install/senior_design1/share/senior_design1/config/twist_mux.yaml
[5.697s] -- Up-to-date symlink: /home/ubuntu/pi_ws/install/senior_design1/share/senior_design1/config/view_bot.rviz
[5.701s] -- Up-to-date symlink: /home/ubuntu/pi_ws/install/senior_design1/share/senior_design1/description/camera.xacro
[5.702s] -- Up-to-date symlink: /home/ubuntu/pi_ws/install/senior_design1/share/senior_design1/description/depth_camera.xacro
[5.704s] -- Up-to-date symlink: /home/ubuntu/pi_ws/install/senior_design1/share/senior_design1/description/face.xacro
[5.705s] -- Up-to-date symlink: /home/ubuntu/pi_ws/install/senior_design1/share/senior_design1/description/gazebo_control.xacro
[5.706s] -- Up-to-date symlink: /home/ubuntu/pi_ws/install/senior_design1/share/senior_design1/description/inertial_macros.xacro
[5.707s] -- Up-to-date symlink: /home/ubuntu/pi_ws/install/senior_design1/share/senior_design1/description/lidar.xacro
[5.708s] -- Up-to-date symlink: /home/ubuntu/pi_ws/install/senior_design1/share/senior_design1/description/robot.urdf.xacro
[5.710s] -- Up-to-date symlink: /home/ubuntu/pi_ws/install/senior_design1/share/senior_design1/description/robot_core.xacro
[5.711s] -- Up-to-date symlink: /home/ubuntu/pi_ws/install/senior_design1/share/senior_design1/description/ros2_control.xacro
[5.714s] -- Up-to-date symlink: /home/ubuntu/pi_ws/install/senior_design1/share/senior_design1/launch/__pycache__/rplidar.launch.cpython-38.pyc
[5.715s] -- Up-to-date symlink: /home/ubuntu/pi_ws/install/senior_design1/share/senior_design1/launch/ball_tracker.launch.py
[5.717s] -- Up-to-date symlink: /home/ubuntu/pi_ws/install/senior_design1/share/senior_design1/launch/camera.launch.py
[5.718s] -- Up-to-date symlink: /home/ubuntu/pi_ws/install/senior_design1/share/senior_design1/launch/joystick.launch.py
[5.719s] -- Up-to-date symlink: /home/ubuntu/pi_ws/install/senior_design1/share/senior_design1/launch/launch_robot.launch.py
[5.720s] -- Up-to-date symlink: /home/ubuntu/pi_ws/install/senior_design1/share/senior_design1/launch/launch_sim.launch.py
[5.722s] -- Up-to-date symlink: /home/ubuntu/pi_ws/install/senior_design1/share/senior_design1/launch/localization_launch.py
[5.722s] -- Up-to-date symlink: /home/ubuntu/pi_ws/install/senior_design1/share/senior_design1/launch/navigation_launch.py
[5.724s] -- Up-to-date symlink: /home/ubuntu/pi_ws/install/senior_design1/share/senior_design1/launch/obstacle_avoid.launch.py
[5.732s] -- Up-to-date symlink: /home/ubuntu/pi_ws/install/senior_design1/share/senior_design1/launch/online_async_launch.py
[5.733s] -- Up-to-date symlink: /home/ubuntu/pi_ws/install/senior_design1/share/senior_design1/launch/rplidar.launch.py
[5.733s] -- Up-to-date symlink: /home/ubuntu/pi_ws/install/senior_design1/share/senior_design1/launch/rsp.launch.py
[5.734s] -- Up-to-date symlink: /home/ubuntu/pi_ws/install/senior_design1/share/senior_design1/worlds/empty.world
[5.735s] -- Up-to-date symlink: /home/ubuntu/pi_ws/install/senior_design1/share/senior_design1/worlds/obstacles.world
[5.736s] -- Up-to-date symlink: /home/ubuntu/pi_ws/install/senior_design1/share/ament_index/resource_index/package_run_dependencies/senior_design1
[5.737s] -- Up-to-date symlink: /home/ubuntu/pi_ws/install/senior_design1/share/ament_index/resource_index/parent_prefix_path/senior_design1
[5.737s] -- Up-to-date symlink: /home/ubuntu/pi_ws/install/senior_design1/share/senior_design1/environment/ament_prefix_path.sh
[5.738s] -- Up-to-date symlink: /home/ubuntu/pi_ws/install/senior_design1/share/senior_design1/environment/ament_prefix_path.dsv
[5.750s] -- Up-to-date symlink: /home/ubuntu/pi_ws/install/senior_design1/share/senior_design1/environment/path.sh
[5.756s] -- Up-to-date symlink: /home/ubuntu/pi_ws/install/senior_design1/share/senior_design1/environment/path.dsv
[5.758s] -- Up-to-date symlink: /home/ubuntu/pi_ws/install/senior_design1/share/senior_design1/local_setup.bash
[5.759s] -- Up-to-date symlink: /home/ubuntu/pi_ws/install/senior_design1/share/senior_design1/local_setup.sh
[5.760s] -- Up-to-date symlink: /home/ubuntu/pi_ws/install/senior_design1/share/senior_design1/local_setup.zsh
[5.761s] -- Up-to-date symlink: /home/ubuntu/pi_ws/install/senior_design1/share/senior_design1/local_setup.dsv
[5.762s] -- Symlinking: /home/ubuntu/pi_ws/install/senior_design1/share/senior_design1/package.dsv
[5.809s] -- Up-to-date symlink: /home/ubuntu/pi_ws/install/senior_design1/share/ament_index/resource_index/packages/senior_design1
[5.810s] -- Up-to-date symlink: /home/ubuntu/pi_ws/install/senior_design1/share/senior_design1/cmake/senior_design1Config.cmake
[5.814s] -- Up-to-date symlink: /home/ubuntu/pi_ws/install/senior_design1/share/senior_design1/cmake/senior_design1Config-version.cmake
[5.817s] -- Up-to-date symlink: /home/ubuntu/pi_ws/install/senior_design1/share/senior_design1/package.xml
[5.827s] Invoked command in '/home/ubuntu/pi_ws/build/senior_design1' returned '0': CMAKE_PREFIX_PATH=/opt/ros/foxy /usr/bin/cmake --install /home/ubuntu/pi_ws/build/senior_design1
