[0.637s] Invoking command in '/home/ubuntu/pi_ws/build/senior_design': CMAKE_PREFIX_PATH=${CMAKE_PREFIX_PATH}:/home/ubuntu/pi_ws/install/serial_motor_demo:/home/ubuntu/pi_ws/install/my_package:/opt/ros/foxy /usr/bin/cmake --build /home/ubuntu/pi_ws/build/senior_design -- -j4 -l4
[0.818s] Invoked command in '/home/ubuntu/pi_ws/build/senior_design' returned '0': CMAKE_PREFIX_PATH=${CMAKE_PREFIX_PATH}:/home/ubuntu/pi_ws/install/serial_motor_demo:/home/ubuntu/pi_ws/install/my_package:/opt/ros/foxy /usr/bin/cmake --build /home/ubuntu/pi_ws/build/senior_design -- -j4 -l4
[0.997s] Invoking command in '/home/ubuntu/pi_ws/build/senior_design': CMAKE_PREFIX_PATH=${CMAKE_PREFIX_PATH}:/home/ubuntu/pi_ws/install/serial_motor_demo:/home/ubuntu/pi_ws/install/my_package:/opt/ros/foxy /usr/bin/cmake --install /home/ubuntu/pi_ws/build/senior_design
[1.040s] -- Install configuration: ""
[1.040s] -- Up-to-date: /home/ubuntu/pi_ws/install/senior_design/share/senior_design/config
[1.041s] -- Up-to-date: /home/ubuntu/pi_ws/install/senior_design/share/senior_design/config/view_bot.rviz
[1.042s] -- Up-to-date: /home/ubuntu/pi_ws/install/senior_design/share/senior_design/config/my_controllers.yaml
[1.042s] -- Up-to-date: /home/ubuntu/pi_ws/install/senior_design/share/senior_design/config/map.rviz
[1.043s] -- Up-to-date: /home/ubuntu/pi_ws/install/senior_design/share/senior_design/config/ball_tracker_params_robot.yaml
[1.043s] -- Up-to-date: /home/ubuntu/pi_ws/install/senior_design/share/senior_design/config/mapper_params_online_async.yaml
[1.044s] -- Up-to-date: /home/ubuntu/pi_ws/install/senior_design/share/senior_design/config/drive_bot.rviz
[1.045s] -- Up-to-date: /home/ubuntu/pi_ws/install/senior_design/share/senior_design/config/ball_tracker_params_sim.yaml
[1.046s] -- Up-to-date: /home/ubuntu/pi_ws/install/senior_design/share/senior_design/config/main.rviz
[1.047s] -- Up-to-date: /home/ubuntu/pi_ws/install/senior_design/share/senior_design/config/nav2_params.yaml
[1.048s] -- Up-to-date: /home/ubuntu/pi_ws/install/senior_design/share/senior_design/config/joystick.yaml
[1.049s] -- Up-to-date: /home/ubuntu/pi_ws/install/senior_design/share/senior_design/config/gazebo_params.yaml
[1.050s] -- Up-to-date: /home/ubuntu/pi_ws/install/senior_design/share/senior_design/config/twist_mux.yaml
[1.052s] -- Up-to-date: /home/ubuntu/pi_ws/install/senior_design/share/senior_design/config/gaz_ros2_ctl_use_sim.yaml
[1.053s] -- Up-to-date: /home/ubuntu/pi_ws/install/senior_design/share/senior_design/config/empty.yaml
[1.054s] -- Up-to-date: /home/ubuntu/pi_ws/install/senior_design/share/senior_design/description
[1.056s] -- Installing: /home/ubuntu/pi_ws/install/senior_design/share/senior_design/description/ros2_control.xacro
[1.059s] -- Up-to-date: /home/ubuntu/pi_ws/install/senior_design/share/senior_design/description/inertial_macros.xacro
[1.060s] -- Up-to-date: /home/ubuntu/pi_ws/install/senior_design/share/senior_design/description/depth_camera.xacro
[1.061s] -- Up-to-date: /home/ubuntu/pi_ws/install/senior_design/share/senior_design/description/robot_core.xacro
[1.061s] -- Up-to-date: /home/ubuntu/pi_ws/install/senior_design/share/senior_design/description/robot.urdf.xacro
[1.062s] -- Up-to-date: /home/ubuntu/pi_ws/install/senior_design/share/senior_design/description/camera.xacro
[1.063s] -- Up-to-date: /home/ubuntu/pi_ws/install/senior_design/share/senior_design/description/gazebo_control.xacro
[1.065s] -- Up-to-date: /home/ubuntu/pi_ws/install/senior_design/share/senior_design/description/lidar.xacro
[1.067s] -- Up-to-date: /home/ubuntu/pi_ws/install/senior_design/share/senior_design/description/face.xacro
[1.068s] -- Up-to-date: /home/ubuntu/pi_ws/install/senior_design/share/senior_design/launch
[1.068s] -- Up-to-date: /home/ubuntu/pi_ws/install/senior_design/share/senior_design/launch/camera.launch.py
[1.069s] -- Up-to-date: /home/ubuntu/pi_ws/install/senior_design/share/senior_design/launch/obstacle_avoid.launch.py
[1.069s] -- Up-to-date: /home/ubuntu/pi_ws/install/senior_design/share/senior_design/launch/rplidar.launch.py
[1.070s] -- Up-to-date: /home/ubuntu/pi_ws/install/senior_design/share/senior_design/launch/__pycache__
[1.070s] -- Up-to-date: /home/ubuntu/pi_ws/install/senior_design/share/senior_design/launch/__pycache__/rplidar.launch.cpython-38.pyc
[1.071s] -- Up-to-date: /home/ubuntu/pi_ws/install/senior_design/share/senior_design/launch/launch_robot.launch.py
[1.071s] -- Up-to-date: /home/ubuntu/pi_ws/install/senior_design/share/senior_design/launch/localization_launch.py
[1.071s] -- Up-to-date: /home/ubuntu/pi_ws/install/senior_design/share/senior_design/launch/online_async_launch.py
[1.072s] -- Up-to-date: /home/ubuntu/pi_ws/install/senior_design/share/senior_design/launch/rsp.launch.py
[1.072s] -- Up-to-date: /home/ubuntu/pi_ws/install/senior_design/share/senior_design/launch/navigation_launch.py
[1.072s] -- Up-to-date: /home/ubuntu/pi_ws/install/senior_design/share/senior_design/launch/joystick.launch.py
[1.073s] -- Up-to-date: /home/ubuntu/pi_ws/install/senior_design/share/senior_design/launch/launch_sim.launch.py
[1.073s] -- Up-to-date: /home/ubuntu/pi_ws/install/senior_design/share/senior_design/launch/ball_tracker.launch.py
[1.073s] -- Up-to-date: /home/ubuntu/pi_ws/install/senior_design/share/senior_design/worlds
[1.074s] -- Up-to-date: /home/ubuntu/pi_ws/install/senior_design/share/senior_design/worlds/empty.world
[1.074s] -- Up-to-date: /home/ubuntu/pi_ws/install/senior_design/share/senior_design/worlds/obstacles.world
[1.074s] -- Up-to-date: /home/ubuntu/pi_ws/install/senior_design/share/ament_index/resource_index/package_run_dependencies/senior_design
[1.075s] -- Up-to-date: /home/ubuntu/pi_ws/install/senior_design/share/ament_index/resource_index/parent_prefix_path/senior_design
[1.075s] -- Up-to-date: /home/ubuntu/pi_ws/install/senior_design/share/senior_design/environment/ament_prefix_path.sh
[1.076s] -- Up-to-date: /home/ubuntu/pi_ws/install/senior_design/share/senior_design/environment/ament_prefix_path.dsv
[1.076s] -- Up-to-date: /home/ubuntu/pi_ws/install/senior_design/share/senior_design/environment/path.sh
[1.077s] -- Up-to-date: /home/ubuntu/pi_ws/install/senior_design/share/senior_design/environment/path.dsv
[1.078s] -- Up-to-date: /home/ubuntu/pi_ws/install/senior_design/share/senior_design/local_setup.bash
[1.078s] -- Up-to-date: /home/ubuntu/pi_ws/install/senior_design/share/senior_design/local_setup.sh
[1.079s] -- Up-to-date: /home/ubuntu/pi_ws/install/senior_design/share/senior_design/local_setup.zsh
[1.079s] -- Up-to-date: /home/ubuntu/pi_ws/install/senior_design/share/senior_design/local_setup.dsv
[1.080s] -- Installing: /home/ubuntu/pi_ws/install/senior_design/share/senior_design/package.dsv
[1.080s] -- Up-to-date: /home/ubuntu/pi_ws/install/senior_design/share/ament_index/resource_index/packages/senior_design
[1.081s] -- Up-to-date: /home/ubuntu/pi_ws/install/senior_design/share/senior_design/cmake/senior_designConfig.cmake
[1.081s] -- Up-to-date: /home/ubuntu/pi_ws/install/senior_design/share/senior_design/cmake/senior_designConfig-version.cmake
[1.082s] -- Up-to-date: /home/ubuntu/pi_ws/install/senior_design/share/senior_design/package.xml
[1.082s] Invoked command in '/home/ubuntu/pi_ws/build/senior_design' returned '0': CMAKE_PREFIX_PATH=${CMAKE_PREFIX_PATH}:/home/ubuntu/pi_ws/install/serial_motor_demo:/home/ubuntu/pi_ws/install/my_package:/opt/ros/foxy /usr/bin/cmake --install /home/ubuntu/pi_ws/build/senior_design
