[4.128s] Invoking command in '/home/ubuntu/pi_ws/src/ros2_detection/my_package': PYTHONPATH=/home/ubuntu/pi_ws/build/my_package/prefix_override:/home/ubuntu/pi_ws/install/my_package/lib/python3.8/site-packages:${PYTHONPATH} /usr/bin/python3 setup.py egg_info --egg-base ../../../build/my_package build --build-base /home/ubuntu/pi_ws/build/my_package/build install --record /home/ubuntu/pi_ws/build/my_package/install.log --install-scripts $base/lib/my_package --single-version-externally-managed
[5.015s] running egg_info
[5.018s] writing ../../../build/my_package/my_package.egg-info/PKG-INFO
[5.019s] writing dependency_links to ../../../build/my_package/my_package.egg-info/dependency_links.txt
[5.020s] writing entry points to ../../../build/my_package/my_package.egg-info/entry_points.txt
[5.021s] writing requirements to ../../../build/my_package/my_package.egg-info/requires.txt
[5.021s] writing top-level names to ../../../build/my_package/my_package.egg-info/top_level.txt
[5.151s] reading manifest file '../../../build/my_package/my_package.egg-info/SOURCES.txt'
[5.155s] writing manifest file '../../../build/my_package/my_package.egg-info/SOURCES.txt'
[5.156s] running build
[5.156s] running build_py
[5.157s] copying my_package/controller.py -> /home/ubuntu/pi_ws/build/my_package/build/lib/my_package
[5.159s] running install
[5.162s] running install_lib
[5.167s] copying /home/ubuntu/pi_ws/build/my_package/build/lib/my_package/controller.py -> /home/ubuntu/pi_ws/install/my_package/lib/python3.8/site-packages/my_package
[5.171s] byte-compiling /home/ubuntu/pi_ws/install/my_package/lib/python3.8/site-packages/my_package/controller.py to controller.cpython-38.pyc
[5.180s] running install_data
[5.183s] copying my_package/controller.py -> /home/ubuntu/pi_ws/install/my_package/lib/my_package
[5.184s] running install_egg_info
[5.191s] removing '/home/ubuntu/pi_ws/install/my_package/lib/python3.8/site-packages/my_package-0.0.0-py3.8.egg-info' (and everything under it)
[5.192s] Copying ../../../build/my_package/my_package.egg-info to /home/ubuntu/pi_ws/install/my_package/lib/python3.8/site-packages/my_package-0.0.0-py3.8.egg-info
[5.198s] running install_scripts
[5.262s] Installing controller script to /home/ubuntu/pi_ws/install/my_package/lib/my_package
[5.262s] Installing detection script to /home/ubuntu/pi_ws/install/my_package/lib/my_package
[5.264s] Installing display script to /home/ubuntu/pi_ws/install/my_package/lib/my_package
[5.265s] writing list of installed files to '/home/ubuntu/pi_ws/build/my_package/install.log'
[5.362s] Invoked command in '/home/ubuntu/pi_ws/src/ros2_detection/my_package' returned '0': PYTHONPATH=/home/ubuntu/pi_ws/build/my_package/prefix_override:/home/ubuntu/pi_ws/install/my_package/lib/python3.8/site-packages:${PYTHONPATH} /usr/bin/python3 setup.py egg_info --egg-base ../../../build/my_package build --build-base /home/ubuntu/pi_ws/build/my_package/build install --record /home/ubuntu/pi_ws/build/my_package/install.log --install-scripts $base/lib/my_package --single-version-externally-managed
