[5.548s] Invoking command in '/home/ubuntu/pi_ws/build/serial': CMAKE_PREFIX_PATH=${CMAKE_PREFIX_PATH}:/home/ubuntu/pi_ws/install/serial_motor_demo:/home/ubuntu/pi_ws/install/my_package:/opt/ros/foxy /usr/bin/cmake --build /home/ubuntu/pi_ws/build/serial -- -j4 -l4
[6.141s] [ 28%] Built target serial
[6.182s] [ 42%] Built target gtest
[6.208s] [ 57%] Built target gtest_main
[6.564s] [ 71%] Built target serial_example
[6.652s] [ 85%] Built target serial-test-timer
[6.687s] [100%] Built target serial-test
[8.955s] Invoked command in '/home/ubuntu/pi_ws/build/serial' returned '0': CMAKE_PREFIX_PATH=${CMAKE_PREFIX_PATH}:/home/ubuntu/pi_ws/install/serial_motor_demo:/home/ubuntu/pi_ws/install/my_package:/opt/ros/foxy /usr/bin/cmake --build /home/ubuntu/pi_ws/build/serial -- -j4 -l4
[9.278s] Invoking command in '/home/ubuntu/pi_ws/build/serial': CMAKE_PREFIX_PATH=${CMAKE_PREFIX_PATH}:/home/ubuntu/pi_ws/install/serial_motor_demo:/home/ubuntu/pi_ws/install/my_package:/opt/ros/foxy /usr/bin/cmake --install /home/ubuntu/pi_ws/build/serial
[9.336s] -- Install configuration: ""
[9.344s] -- Execute custom install script
[9.350s] -- Up-to-date symlink: /home/ubuntu/pi_ws/install/serial/lib/libserial.a
[9.355s] -- Up-to-date symlink: /home/ubuntu/pi_ws/install/serial/include/serial/serial.h
[9.360s] -- Up-to-date symlink: /home/ubuntu/pi_ws/install/serial/include/serial/v8stdint.h
[9.367s] -- Up-to-date symlink: /home/ubuntu/pi_ws/install/serial/share/serial/environment/library_path.sh
[9.367s] -- Up-to-date symlink: /home/ubuntu/pi_ws/install/serial/share/serial/environment/library_path.dsv
[9.371s] -- Up-to-date symlink: /home/ubuntu/pi_ws/install/serial/share/ament_index/resource_index/package_run_dependencies/serial
[9.376s] -- Up-to-date symlink: /home/ubuntu/pi_ws/install/serial/share/ament_index/resource_index/parent_prefix_path/serial
[9.378s] -- Up-to-date symlink: /home/ubuntu/pi_ws/install/serial/share/serial/environment/ament_prefix_path.sh
[9.380s] -- Up-to-date symlink: /home/ubuntu/pi_ws/install/serial/share/serial/environment/ament_prefix_path.dsv
[9.386s] -- Up-to-date symlink: /home/ubuntu/pi_ws/install/serial/share/serial/environment/path.sh
[9.387s] -- Up-to-date symlink: /home/ubuntu/pi_ws/install/serial/share/serial/environment/path.dsv
[9.388s] -- Up-to-date symlink: /home/ubuntu/pi_ws/install/serial/share/serial/local_setup.bash
[9.389s] -- Up-to-date symlink: /home/ubuntu/pi_ws/install/serial/share/serial/local_setup.sh
[9.390s] -- Up-to-date symlink: /home/ubuntu/pi_ws/install/serial/share/serial/local_setup.zsh
[9.395s] -- Up-to-date symlink: /home/ubuntu/pi_ws/install/serial/share/serial/local_setup.dsv
[9.396s] -- Symlinking: /home/ubuntu/pi_ws/install/serial/share/serial/package.dsv
[9.441s] -- Up-to-date symlink: /home/ubuntu/pi_ws/install/serial/share/ament_index/resource_index/packages/serial
[9.443s] -- Up-to-date symlink: /home/ubuntu/pi_ws/install/serial/share/serial/cmake/ament_cmake_export_include_directories-extras.cmake
[9.445s] -- Up-to-date symlink: /home/ubuntu/pi_ws/install/serial/share/serial/cmake/ament_cmake_export_libraries-extras.cmake
[9.447s] -- Up-to-date symlink: /home/ubuntu/pi_ws/install/serial/share/serial/cmake/serialConfig.cmake
[9.448s] -- Up-to-date symlink: /home/ubuntu/pi_ws/install/serial/share/serial/cmake/serialConfig-version.cmake
[9.451s] -- Up-to-date symlink: /home/ubuntu/pi_ws/install/serial/share/serial/package.xml
[9.470s] Invoked command in '/home/ubuntu/pi_ws/build/serial' returned '0': CMAKE_PREFIX_PATH=${CMAKE_PREFIX_PATH}:/home/ubuntu/pi_ws/install/serial_motor_demo:/home/ubuntu/pi_ws/install/my_package:/opt/ros/foxy /usr/bin/cmake --install /home/ubuntu/pi_ws/build/serial
