[4.008s] Invoking command in '/home/ubuntu/pi_ws/src/ros2_detection/my_package': PYTHONPATH=/home/ubuntu/pi_ws/build/my_package/prefix_override:/home/ubuntu/pi_ws/install/my_package/lib/python3.8/site-packages:${PYTHONPATH} /usr/bin/python3 setup.py egg_info --egg-base ../../../build/my_package build --build-base /home/ubuntu/pi_ws/build/my_package/build install --record /home/ubuntu/pi_ws/build/my_package/install.log --install-scripts $base/lib/my_package --single-version-externally-managed
[4.888s] running egg_info
[4.891s] writing ../../../build/my_package/my_package.egg-info/PKG-INFO
[4.892s] writing dependency_links to ../../../build/my_package/my_package.egg-info/dependency_links.txt
[4.892s] writing entry points to ../../../build/my_package/my_package.egg-info/entry_points.txt
[4.893s] writing requirements to ../../../build/my_package/my_package.egg-info/requires.txt
[4.894s] writing top-level names to ../../../build/my_package/my_package.egg-info/top_level.txt
[5.023s] reading manifest file '../../../build/my_package/my_package.egg-info/SOURCES.txt'
[5.027s] writing manifest file '../../../build/my_package/my_package.egg-info/SOURCES.txt'
[5.028s] running build
[5.028s] running build_py
[5.029s] copying my_package/controller.py -> /home/ubuntu/pi_ws/build/my_package/build/lib/my_package
[5.032s] running install
[5.034s] running install_lib
[5.039s] copying /home/ubuntu/pi_ws/build/my_package/build/lib/my_package/controller.py -> /home/ubuntu/pi_ws/install/my_package/lib/python3.8/site-packages/my_package
[5.042s] byte-compiling /home/ubuntu/pi_ws/install/my_package/lib/python3.8/site-packages/my_package/controller.py to controller.cpython-38.pyc
[5.051s] running install_data
[5.053s] copying my_package/controller.py -> /home/ubuntu/pi_ws/install/my_package/lib/my_package
[5.054s] running install_egg_info
[5.060s] removing '/home/ubuntu/pi_ws/install/my_package/lib/python3.8/site-packages/my_package-0.0.0-py3.8.egg-info' (and everything under it)
[5.061s] Copying ../../../build/my_package/my_package.egg-info to /home/ubuntu/pi_ws/install/my_package/lib/python3.8/site-packages/my_package-0.0.0-py3.8.egg-info
[5.066s] running install_scripts
[5.127s] Installing controller script to /home/ubuntu/pi_ws/install/my_package/lib/my_package
[5.128s] Installing detection script to /home/ubuntu/pi_ws/install/my_package/lib/my_package
[5.129s] Installing display script to /home/ubuntu/pi_ws/install/my_package/lib/my_package
[5.130s] writing list of installed files to '/home/ubuntu/pi_ws/build/my_package/install.log'
[5.227s] Invoked command in '/home/ubuntu/pi_ws/src/ros2_detection/my_package' returned '0': PYTHONPATH=/home/ubuntu/pi_ws/build/my_package/prefix_override:/home/ubuntu/pi_ws/install/my_package/lib/python3.8/site-packages:${PYTHONPATH} /usr/bin/python3 setup.py egg_info --egg-base ../../../build/my_package build --build-base /home/ubuntu/pi_ws/build/my_package/build install --record /home/ubuntu/pi_ws/build/my_package/install.log --install-scripts $base/lib/my_package --single-version-externally-managed
