[8.231s] Invoking command in '/home/ubuntu/pi_ws/build/gazebo_ros2_control': CMAKE_PREFIX_PATH=${CMAKE_PREFIX_PATH}:/home/ubuntu/pi_ws/install/serial_motor_demo:/home/ubuntu/pi_ws/install/my_package:/opt/ros/foxy /usr/bin/cmake /home/ubuntu/pi_ws/src/gazebo_ros2_control/gazebo_ros2_control -DAMENT_CMAKE_SYMLINK_INSTALL=1 -DCMAKE_INSTALL_PREFIX=/home/ubuntu/pi_ws/install/gazebo_ros2_control
[8.518s] -- Found ament_cmake: 0.9.12 (/opt/ros/foxy/share/ament_cmake/cmake)
[8.868s] -- Using PYTHON_EXECUTABLE: /usr/bin/python3
[10.249s] -- Override CMake install command with custom implementation using symlinks instead of copying resources
[10.903s] -- Found angles: 1.12.6 (/opt/ros/foxy/share/angles/cmake)
[10.921s] -- Found controller_manager: 0.11.0 (/opt/ros/foxy/share/controller_manager/cmake)
[11.534s] -- Using all available rosidl_typesupport_c: rosidl_typesupport_fastrtps_c;rosidl_typesupport_introspection_c
[11.582s] -- Found rosidl_adapter: 1.3.1 (/opt/ros/foxy/share/rosidl_adapter/cmake)
[13.207s] -- Using all available rosidl_typesupport_cpp: rosidl_typesupport_fastrtps_cpp;rosidl_typesupport_introspection_cpp
[17.674s] -- Found rmw_implementation_cmake: 1.0.4 (/opt/ros/foxy/share/rmw_implementation_cmake/cmake)
[17.692s] -- Using RMW implementation 'rmw_fastrtps_cpp' as default
[23.218s] -- Found gazebo_dev: 3.5.3 (/opt/ros/foxy/share/gazebo_dev/cmake)
[24.109s] -- Found DART: /usr/include (Required is at least version "6.6") found components: dart 
[24.605s] -- Found Protobuf: /usr/lib/aarch64-linux-gnu/libprotobuf.so;-lpthread (found version "3.6.1") 
[24.646s] -- Looking for ignition-math6 -- found version 6.15.1
[24.719s] -- Searching for dependencies of ignition-math6
[24.746s] -- Looking for OGRE...
[24.804s] -- Found Ogre Ghadamon (1.9.0)
[24.825s] -- Found OGRE: optimized;/usr/lib/aarch64-linux-gnu/libOgreMain.so;debug;/usr/lib/aarch64-linux-gnu/libOgreMain.so
[24.953s] -- Looking for OGRE_Paging...
[24.959s] -- Found OGRE_Paging: optimized;/usr/lib/aarch64-linux-gnu/libOgrePaging.so;debug;/usr/lib/aarch64-linux-gnu/libOgrePaging.so
[24.961s] -- Looking for OGRE_Terrain...
[24.962s] -- Found OGRE_Terrain: optimized;/usr/lib/aarch64-linux-gnu/libOgreTerrain.so;debug;/usr/lib/aarch64-linux-gnu/libOgreTerrain.so
[24.962s] -- Looking for OGRE_Property...
[24.968s] -- Found OGRE_Property: optimized;/usr/lib/aarch64-linux-gnu/libOgreProperty.so;debug;/usr/lib/aarch64-linux-gnu/libOgreProperty.so
[24.970s] -- Looking for OGRE_RTShaderSystem...
[24.971s] -- Found OGRE_RTShaderSystem: optimized;/usr/lib/aarch64-linux-gnu/libOgreRTShaderSystem.so;debug;/usr/lib/aarch64-linux-gnu/libOgreRTShaderSystem.so
[24.972s] -- Looking for OGRE_Volume...
[24.972s] -- Found OGRE_Volume: optimized;/usr/lib/aarch64-linux-gnu/libOgreVolume.so;debug;/usr/lib/aarch64-linux-gnu/libOgreVolume.so
[24.973s] -- Looking for OGRE_Overlay...
[24.974s] -- Found OGRE_Overlay: optimized;/usr/lib/aarch64-linux-gnu/libOgreOverlay.so;debug;/usr/lib/aarch64-linux-gnu/libOgreOverlay.so
[26.343s] -- Looking for ignition-math6 -- found version 6.15.1
[26.350s] -- Looking for ignition-transport8 -- found version 8.3.0
[26.361s] -- Searching for dependencies of ignition-transport8
[27.045s] -- Found Protobuf: /usr/lib/aarch64-linux-gnu/libprotobuf.so;-lpthread (found suitable version "3.6.1", minimum required is "3") 
[27.296s] -- Config-file not installed for ZeroMQ -- checking for pkg-config
[27.346s] -- Checking for module 'libzmq >= 4'
[27.539s] --   Found libzmq , version 4.3.2
[28.329s] -- Checking for module 'uuid'
[28.543s] --   Found uuid, version 2.34.0
[29.288s] -- Looking for ignition-msgs5 -- found version 5.10.0
[29.294s] -- Searching for dependencies of ignition-msgs5
[29.616s] -- Looking for ignition-math6 -- found version 6.15.1
[29.698s] -- Looking for ignition-msgs5 -- found version 5.10.0
[29.708s] -- Looking for ignition-common3 -- found version 3.14.2
[29.714s] -- Searching for dependencies of ignition-common3
[29.727s] -- Looking for dlfcn.h - found
[29.735s] -- Looking for libdl - found
[29.866s] -- Searching for <ignition-common3> component [graphics]
[29.888s] -- Looking for ignition-common3-graphics -- found version 3.14.2
[29.901s] -- Searching for dependencies of ignition-common3-graphics
[29.915s] -- Looking for ignition-math6 -- found version 6.15.1
[29.973s] -- Looking for ignition-fuel_tools4 -- found version 4.6.0
[29.978s] -- Searching for dependencies of ignition-fuel_tools4
[30.399s] -- Checking for module 'jsoncpp'
[30.746s] --   Found jsoncpp, version 1.7.4
[31.345s] -- Checking for module 'libzip'
[31.535s] --   Found libzip, version 1.5.1
[32.267s] -- Looking for ignition-common3 -- found version 3.14.2
[32.269s] -- Looking for ignition-math6 -- found version 6.15.1
[32.273s] -- Looking for ignition-msgs5 -- found version 5.10.0
[32.299s] -- Gazebo version: 11.11
[32.316s] -- Found gazebo_ros: 3.5.3 (/opt/ros/foxy/share/gazebo_ros/cmake)
[32.430s] -- Found yaml_cpp_vendor: 7.0.3 (/opt/ros/foxy/share/yaml_cpp_vendor/cmake)
[32.431s] -- Setting yaml-cpp_DIR to: '/opt/ros/foxy/share/yaml_cpp_vendor/cmake/../../../opt/yaml_cpp_vendor/lib/cmake/yaml-cpp'
[33.904s] -- Found ament_cmake_gtest: 0.9.12 (/opt/ros/foxy/share/ament_cmake_gtest/cmake)
[33.912s] -- Found ament_lint_auto: 0.9.8 (/opt/ros/foxy/share/ament_lint_auto/cmake)
[34.496s] -- Added test 'copyright' to check source files copyright and LICENSE
[34.511s] -- Added test 'cppcheck' to perform static code analysis on C / C++ code
[34.514s] -- Configured cppcheck include dirs: /home/ubuntu/pi_ws/src/gazebo_ros2_control/gazebo_ros2_control/include
[34.516s] -- Configured cppcheck exclude dirs and/or files: 
[34.532s] -- Added test 'cpplint' to check C / C++ code against the Google style
[34.533s] -- Configured cpplint exclude dirs and/or files: 
[34.533s] -- Added test 'lint_cmake' to check CMake code style
[34.578s] -- Added test 'uncrustify' to check C / C++ code style
[34.579s] -- Configured uncrustify additional arguments: 
[34.585s] -- Added test 'xmllint' to check XML markup files
[34.691s] -- Configuring done
[35.649s] -- Generating done
[35.684s] -- Build files have been written to: /home/ubuntu/pi_ws/build/gazebo_ros2_control
[39.471s] Invoked command in '/home/ubuntu/pi_ws/build/gazebo_ros2_control' returned '0': CMAKE_PREFIX_PATH=${CMAKE_PREFIX_PATH}:/home/ubuntu/pi_ws/install/serial_motor_demo:/home/ubuntu/pi_ws/install/my_package:/opt/ros/foxy /usr/bin/cmake /home/ubuntu/pi_ws/src/gazebo_ros2_control/gazebo_ros2_control -DAMENT_CMAKE_SYMLINK_INSTALL=1 -DCMAKE_INSTALL_PREFIX=/home/ubuntu/pi_ws/install/gazebo_ros2_control
[39.493s] Invoking command in '/home/ubuntu/pi_ws/build/gazebo_ros2_control': CMAKE_PREFIX_PATH=${CMAKE_PREFIX_PATH}:/home/ubuntu/pi_ws/install/serial_motor_demo:/home/ubuntu/pi_ws/install/my_package:/opt/ros/foxy /usr/bin/cmake --build /home/ubuntu/pi_ws/build/gazebo_ros2_control -- -j4 -l4
[40.822s] [ 25%] [32m[1mLinking CXX shared library libgazebo_hardware_plugins.so[0m
[50.338s] [ 50%] Built target gazebo_hardware_plugins
[51.075s] [ 75%] [32m[1mLinking CXX shared library libgazebo_ros2_control.so[0m
[58.780s] [100%] Built target gazebo_ros2_control
[63.687s] Invoked command in '/home/ubuntu/pi_ws/build/gazebo_ros2_control' returned '0': CMAKE_PREFIX_PATH=${CMAKE_PREFIX_PATH}:/home/ubuntu/pi_ws/install/serial_motor_demo:/home/ubuntu/pi_ws/install/my_package:/opt/ros/foxy /usr/bin/cmake --build /home/ubuntu/pi_ws/build/gazebo_ros2_control -- -j4 -l4
[74.951s] Invoking command in '/home/ubuntu/pi_ws/build/gazebo_ros2_control': CMAKE_PREFIX_PATH=${CMAKE_PREFIX_PATH}:/home/ubuntu/pi_ws/install/serial_motor_demo:/home/ubuntu/pi_ws/install/my_package:/opt/ros/foxy /usr/bin/cmake --install /home/ubuntu/pi_ws/build/gazebo_ros2_control
[75.028s] -- Install configuration: ""
[75.029s] -- Execute custom install script
[75.030s] -- Symlinking: /home/ubuntu/pi_ws/install/gazebo_ros2_control/lib/libgazebo_ros2_control.so
[75.094s] -- Symlinking: /home/ubuntu/pi_ws/install/gazebo_ros2_control/lib/libgazebo_hardware_plugins.so
[75.160s] -- Symlinking: /home/ubuntu/pi_ws/install/gazebo_ros2_control/share/gazebo_ros2_control/environment/library_path.sh
[75.220s] -- Symlinking: /home/ubuntu/pi_ws/install/gazebo_ros2_control/share/gazebo_ros2_control/environment/library_path.dsv
[75.317s] -- Symlinking: /home/ubuntu/pi_ws/install/gazebo_ros2_control/include/gazebo_ros2_control/gazebo_ros2_control_plugin.hpp
[75.381s] -- Symlinking: /home/ubuntu/pi_ws/install/gazebo_ros2_control/include/gazebo_ros2_control/gazebo_system.hpp
[75.452s] -- Symlinking: /home/ubuntu/pi_ws/install/gazebo_ros2_control/include/gazebo_ros2_control/gazebo_system_interface.hpp
[75.520s] -- Symlinking: /home/ubuntu/pi_ws/install/gazebo_ros2_control/share/gazebo_ros2_control//gazebo_hardware_plugins.xml
[75.665s] -- Symlinking: /home/ubuntu/pi_ws/install/gazebo_ros2_control/share/ament_index/resource_index/package_run_dependencies/gazebo_ros2_control
[75.742s] -- Symlinking: /home/ubuntu/pi_ws/install/gazebo_ros2_control/share/ament_index/resource_index/parent_prefix_path/gazebo_ros2_control
[75.870s] -- Symlinking: /home/ubuntu/pi_ws/install/gazebo_ros2_control/share/gazebo_ros2_control/environment/ament_prefix_path.sh
[75.933s] -- Symlinking: /home/ubuntu/pi_ws/install/gazebo_ros2_control/share/gazebo_ros2_control/environment/ament_prefix_path.dsv
[75.990s] -- Symlinking: /home/ubuntu/pi_ws/install/gazebo_ros2_control/share/gazebo_ros2_control/environment/path.sh
[76.070s] -- Symlinking: /home/ubuntu/pi_ws/install/gazebo_ros2_control/share/gazebo_ros2_control/environment/path.dsv
[76.194s] -- Symlinking: /home/ubuntu/pi_ws/install/gazebo_ros2_control/share/gazebo_ros2_control/local_setup.bash
[76.295s] -- Symlinking: /home/ubuntu/pi_ws/install/gazebo_ros2_control/share/gazebo_ros2_control/local_setup.sh
[76.368s] -- Symlinking: /home/ubuntu/pi_ws/install/gazebo_ros2_control/share/gazebo_ros2_control/local_setup.zsh
[76.455s] -- Symlinking: /home/ubuntu/pi_ws/install/gazebo_ros2_control/share/gazebo_ros2_control/local_setup.dsv
[76.512s] -- Symlinking: /home/ubuntu/pi_ws/install/gazebo_ros2_control/share/gazebo_ros2_control/package.dsv
[76.576s] -- Symlinking: /home/ubuntu/pi_ws/install/gazebo_ros2_control/share/ament_index/resource_index/packages/gazebo_ros2_control
[76.670s] -- Symlinking: /home/ubuntu/pi_ws/install/gazebo_ros2_control/share/ament_index/resource_index/gazebo_ros2_control__pluginlib__plugin/gazebo_ros2_control
[76.750s] -- Symlinking: /home/ubuntu/pi_ws/install/gazebo_ros2_control/share/gazebo_ros2_control/cmake/ament_cmake_export_include_directories-extras.cmake
[76.805s] -- Symlinking: /home/ubuntu/pi_ws/install/gazebo_ros2_control/share/gazebo_ros2_control/cmake/ament_cmake_export_dependencies-extras.cmake
[76.905s] -- Symlinking: /home/ubuntu/pi_ws/install/gazebo_ros2_control/share/gazebo_ros2_control/cmake/ament_cmake_export_libraries-extras.cmake
[76.956s] -- Symlinking: /home/ubuntu/pi_ws/install/gazebo_ros2_control/share/gazebo_ros2_control/cmake/gazebo_ros2_controlConfig.cmake
[77.024s] -- Symlinking: /home/ubuntu/pi_ws/install/gazebo_ros2_control/share/gazebo_ros2_control/cmake/gazebo_ros2_controlConfig-version.cmake
[77.077s] -- Symlinking: /home/ubuntu/pi_ws/install/gazebo_ros2_control/share/gazebo_ros2_control/package.xml
[78.945s] Invoked command in '/home/ubuntu/pi_ws/build/gazebo_ros2_control' returned '0': CMAKE_PREFIX_PATH=${CMAKE_PREFIX_PATH}:/home/ubuntu/pi_ws/install/serial_motor_demo:/home/ubuntu/pi_ws/install/my_package:/opt/ros/foxy /usr/bin/cmake --install /home/ubuntu/pi_ws/build/gazebo_ros2_control
