[2.327s] Invoking command in '/home/ubuntu/pi_ws/build/tank_controller': CMAKE_PREFIX_PATH=/opt/ros/foxy /usr/bin/cmake /home/ubuntu/pi_ws/src/tank_controller -DCMAKE_INSTALL_PREFIX=/home/ubuntu/pi_ws/install/tank_controller
[3.161s] -- The C compiler identification is GNU 9.4.0
[3.944s] -- The CXX compiler identification is GNU 9.4.0
[3.974s] -- Check for working C compiler: /usr/bin/cc
[4.285s] -- Check for working C compiler: /usr/bin/cc -- works
[4.291s] -- Detecting C compiler ABI info
[4.612s] -- Detecting C compiler ABI info - done
[4.648s] -- Detecting C compile features
[4.650s] -- Detecting C compile features - done
[4.664s] -- Check for working CXX compiler: /usr/bin/c++
[5.007s] -- Check for working CXX compiler: /usr/bin/c++ -- works
[5.012s] -- Detecting CXX compiler ABI info
[5.387s] -- Detecting CXX compiler ABI info - done
[5.424s] -- Detecting CXX compile features
[5.425s] -- Detecting CXX compile features - done
[5.456s] -- Found ament_cmake: 0.9.12 (/opt/ros/foxy/share/ament_cmake/cmake)
[5.684s] -- Found PythonInterp: /usr/bin/python3 (found suitable version "3.8.10", minimum required is "3") 
[5.685s] -- Using PYTHON_EXECUTABLE: /usr/bin/python3
[7.841s] -- Found ament_lint_auto: 0.9.8 (/opt/ros/foxy/share/ament_lint_auto/cmake)
[8.339s] -- Added test 'copyright' to check source files copyright and LICENSE
[8.353s] -- Added test 'lint_cmake' to check CMake code style
[8.362s] -- Added test 'xmllint' to check XML markup files
[8.377s] -- Configuring done
[8.387s] -- Generating done
[8.391s] -- Build files have been written to: /home/ubuntu/pi_ws/build/tank_controller
[9.072s] Invoked command in '/home/ubuntu/pi_ws/build/tank_controller' returned '0': CMAKE_PREFIX_PATH=/opt/ros/foxy /usr/bin/cmake /home/ubuntu/pi_ws/src/tank_controller -DCMAKE_INSTALL_PREFIX=/home/ubuntu/pi_ws/install/tank_controller
[9.083s] Invoking command in '/home/ubuntu/pi_ws/build/tank_controller': CMAKE_PREFIX_PATH=/opt/ros/foxy /usr/bin/cmake --build /home/ubuntu/pi_ws/build/tank_controller -- -j4 -l4
[9.855s] Invoked command in '/home/ubuntu/pi_ws/build/tank_controller' returned '0': CMAKE_PREFIX_PATH=/opt/ros/foxy /usr/bin/cmake --build /home/ubuntu/pi_ws/build/tank_controller -- -j4 -l4
[11.452s] Invoking command in '/home/ubuntu/pi_ws/build/tank_controller': CMAKE_PREFIX_PATH=/opt/ros/foxy /usr/bin/cmake --install /home/ubuntu/pi_ws/build/tank_controller
[11.482s] -- Install configuration: ""
[11.485s] -- Installing: /home/ubuntu/pi_ws/install/tank_controller/share/ament_index/resource_index/package_run_dependencies/tank_controller
[11.486s] -- Installing: /home/ubuntu/pi_ws/install/tank_controller/share/ament_index/resource_index/parent_prefix_path/tank_controller
[11.488s] -- Installing: /home/ubuntu/pi_ws/install/tank_controller/share/tank_controller/environment/ament_prefix_path.sh
[11.490s] -- Installing: /home/ubuntu/pi_ws/install/tank_controller/share/tank_controller/environment/ament_prefix_path.dsv
[11.492s] -- Installing: /home/ubuntu/pi_ws/install/tank_controller/share/tank_controller/environment/path.sh
[11.494s] -- Installing: /home/ubuntu/pi_ws/install/tank_controller/share/tank_controller/environment/path.dsv
[11.495s] -- Installing: /home/ubuntu/pi_ws/install/tank_controller/share/tank_controller/local_setup.bash
[11.499s] -- Installing: /home/ubuntu/pi_ws/install/tank_controller/share/tank_controller/local_setup.sh
[11.502s] -- Installing: /home/ubuntu/pi_ws/install/tank_controller/share/tank_controller/local_setup.zsh
[11.503s] -- Installing: /home/ubuntu/pi_ws/install/tank_controller/share/tank_controller/local_setup.dsv
[11.504s] -- Installing: /home/ubuntu/pi_ws/install/tank_controller/share/tank_controller/package.dsv
[11.505s] -- Installing: /home/ubuntu/pi_ws/install/tank_controller/share/ament_index/resource_index/packages/tank_controller
[11.506s] -- Installing: /home/ubuntu/pi_ws/install/tank_controller/share/tank_controller/cmake/tank_controllerConfig.cmake
[11.508s] -- Installing: /home/ubuntu/pi_ws/install/tank_controller/share/tank_controller/cmake/tank_controllerConfig-version.cmake
[11.509s] -- Installing: /home/ubuntu/pi_ws/install/tank_controller/share/tank_controller/package.xml
[12.206s] Invoked command in '/home/ubuntu/pi_ws/build/tank_controller' returned '0': CMAKE_PREFIX_PATH=/opt/ros/foxy /usr/bin/cmake --install /home/ubuntu/pi_ws/build/tank_controller
