[5.999s] Invoking command in '/home/ubuntu/pi_ws/src/ros2_detection/my_package': PYTHONPATH=/home/ubuntu/pi_ws/build/my_package/prefix_override:/home/ubuntu/pi_ws/install/my_package/lib/python3.8/site-packages:${PYTHONPATH} /usr/bin/python3 setup.py egg_info --egg-base ../../../build/my_package build --build-base /home/ubuntu/pi_ws/build/my_package/build install --record /home/ubuntu/pi_ws/build/my_package/install.log --install-scripts $base/lib/my_package --single-version-externally-managed
[6.977s] running egg_info
[6.979s] writing ../../../build/my_package/my_package.egg-info/PKG-INFO
[6.980s] writing dependency_links to ../../../build/my_package/my_package.egg-info/dependency_links.txt
[6.980s] writing entry points to ../../../build/my_package/my_package.egg-info/entry_points.txt
[6.981s] writing requirements to ../../../build/my_package/my_package.egg-info/requires.txt
[6.981s] writing top-level names to ../../../build/my_package/my_package.egg-info/top_level.txt
[7.120s] reading manifest file '../../../build/my_package/my_package.egg-info/SOURCES.txt'
[7.126s] writing manifest file '../../../build/my_package/my_package.egg-info/SOURCES.txt'
[7.128s] running build
[7.132s] running build_py
[7.136s] copying my_package/controller.py -> /home/ubuntu/pi_ws/build/my_package/build/lib/my_package
[7.136s] running install
[7.137s] running install_lib
[7.137s] copying /home/ubuntu/pi_ws/build/my_package/build/lib/my_package/controller.py -> /home/ubuntu/pi_ws/install/my_package/lib/python3.8/site-packages/my_package
[7.140s] byte-compiling /home/ubuntu/pi_ws/install/my_package/lib/python3.8/site-packages/my_package/controller.py to controller.cpython-38.pyc
[7.150s] running install_data
[7.153s] copying my_package/controller.py -> /home/ubuntu/pi_ws/install/my_package/lib/my_package
[7.157s] running install_egg_info
[7.159s] removing '/home/ubuntu/pi_ws/install/my_package/lib/python3.8/site-packages/my_package-0.0.0-py3.8.egg-info' (and everything under it)
[7.162s] Copying ../../../build/my_package/my_package.egg-info to /home/ubuntu/pi_ws/install/my_package/lib/python3.8/site-packages/my_package-0.0.0-py3.8.egg-info
[7.168s] running install_scripts
[7.234s] Installing controller script to /home/ubuntu/pi_ws/install/my_package/lib/my_package
[7.236s] Installing detection script to /home/ubuntu/pi_ws/install/my_package/lib/my_package
[7.237s] Installing display script to /home/ubuntu/pi_ws/install/my_package/lib/my_package
[7.238s] writing list of installed files to '/home/ubuntu/pi_ws/build/my_package/install.log'
[9.111s] Invoked command in '/home/ubuntu/pi_ws/src/ros2_detection/my_package' returned '0': PYTHONPATH=/home/ubuntu/pi_ws/build/my_package/prefix_override:/home/ubuntu/pi_ws/install/my_package/lib/python3.8/site-packages:${PYTHONPATH} /usr/bin/python3 setup.py egg_info --egg-base ../../../build/my_package build --build-base /home/ubuntu/pi_ws/build/my_package/build install --record /home/ubuntu/pi_ws/build/my_package/install.log --install-scripts $base/lib/my_package --single-version-externally-managed
