[6.225s] Invoking command in '/home/ubuntu/pi_ws/src/ros2_detection/my_package': PYTHONPATH=/home/ubuntu/pi_ws/build/my_package/prefix_override:/home/ubuntu/pi_ws/install/my_package/lib/python3.8/site-packages:${PYTHONPATH} /usr/bin/python3 setup.py egg_info --egg-base ../../../build/my_package build --build-base /home/ubuntu/pi_ws/build/my_package/build install --record /home/ubuntu/pi_ws/build/my_package/install.log --install-scripts $base/lib/my_package --single-version-externally-managed
[7.229s] running egg_info
[7.231s] writing ../../../build/my_package/my_package.egg-info/PKG-INFO
[7.233s] writing dependency_links to ../../../build/my_package/my_package.egg-info/dependency_links.txt
[7.233s] writing entry points to ../../../build/my_package/my_package.egg-info/entry_points.txt
[7.234s] writing requirements to ../../../build/my_package/my_package.egg-info/requires.txt
[7.235s] writing top-level names to ../../../build/my_package/my_package.egg-info/top_level.txt
[7.400s] reading manifest file '../../../build/my_package/my_package.egg-info/SOURCES.txt'
[7.407s] writing manifest file '../../../build/my_package/my_package.egg-info/SOURCES.txt'
[7.411s] running build
[7.414s] running build_py
[7.417s] copying my_package/detection.py -> /home/ubuntu/pi_ws/build/my_package/build/lib/my_package
[7.421s] copying my_package/controller.py -> /home/ubuntu/pi_ws/build/my_package/build/lib/my_package
[7.425s] running install
[7.427s] running install_lib
[7.431s] copying /home/ubuntu/pi_ws/build/my_package/build/lib/my_package/detection.py -> /home/ubuntu/pi_ws/install/my_package/lib/python3.8/site-packages/my_package
[7.434s] copying /home/ubuntu/pi_ws/build/my_package/build/lib/my_package/controller.py -> /home/ubuntu/pi_ws/install/my_package/lib/python3.8/site-packages/my_package
[7.439s] byte-compiling /home/ubuntu/pi_ws/install/my_package/lib/python3.8/site-packages/my_package/detection.py to detection.cpython-38.pyc
[7.442s] byte-compiling /home/ubuntu/pi_ws/install/my_package/lib/python3.8/site-packages/my_package/controller.py to controller.cpython-38.pyc
[7.444s] running install_data
[7.446s] copying my_package/controller.py -> /home/ubuntu/pi_ws/install/my_package/lib/my_package
[7.450s] running install_egg_info
[7.452s] removing '/home/ubuntu/pi_ws/install/my_package/lib/python3.8/site-packages/my_package-0.0.0-py3.8.egg-info' (and everything under it)
[7.454s] Copying ../../../build/my_package/my_package.egg-info to /home/ubuntu/pi_ws/install/my_package/lib/python3.8/site-packages/my_package-0.0.0-py3.8.egg-info
[7.455s] running install_scripts
[7.527s] Installing controller script to /home/ubuntu/pi_ws/install/my_package/lib/my_package
[7.529s] Installing detection script to /home/ubuntu/pi_ws/install/my_package/lib/my_package
[7.537s] Installing display script to /home/ubuntu/pi_ws/install/my_package/lib/my_package
[7.540s] writing list of installed files to '/home/ubuntu/pi_ws/build/my_package/install.log'
[9.478s] Invoked command in '/home/ubuntu/pi_ws/src/ros2_detection/my_package' returned '0': PYTHONPATH=/home/ubuntu/pi_ws/build/my_package/prefix_override:/home/ubuntu/pi_ws/install/my_package/lib/python3.8/site-packages:${PYTHONPATH} /usr/bin/python3 setup.py egg_info --egg-base ../../../build/my_package build --build-base /home/ubuntu/pi_ws/build/my_package/build install --record /home/ubuntu/pi_ws/build/my_package/install.log --install-scripts $base/lib/my_package --single-version-externally-managed
