[6.155s] Invoking command in '/home/ubuntu/pi_ws/src/ros2_detection/my_package': PYTHONPATH=/home/ubuntu/pi_ws/build/my_package/prefix_override:/home/ubuntu/pi_ws/install/my_package/lib/python3.8/site-packages:${PYTHONPATH} /usr/bin/python3 setup.py egg_info --egg-base ../../../build/my_package build --build-base /home/ubuntu/pi_ws/build/my_package/build install --record /home/ubuntu/pi_ws/build/my_package/install.log --install-scripts $base/lib/my_package --single-version-externally-managed
[7.023s] running egg_info
[7.025s] writing ../../../build/my_package/my_package.egg-info/PKG-INFO
[7.026s] writing dependency_links to ../../../build/my_package/my_package.egg-info/dependency_links.txt
[7.027s] writing entry points to ../../../build/my_package/my_package.egg-info/entry_points.txt
[7.028s] writing requirements to ../../../build/my_package/my_package.egg-info/requires.txt
[7.028s] writing top-level names to ../../../build/my_package/my_package.egg-info/top_level.txt
[7.158s] reading manifest file '../../../build/my_package/my_package.egg-info/SOURCES.txt'
[7.162s] writing manifest file '../../../build/my_package/my_package.egg-info/SOURCES.txt'
[7.163s] running build
[7.163s] running build_py
[7.164s] copying my_package/controller.py -> /home/ubuntu/pi_ws/build/my_package/build/lib/my_package
[7.166s] running install
[7.169s] running install_lib
[7.173s] copying /home/ubuntu/pi_ws/build/my_package/build/lib/my_package/controller.py -> /home/ubuntu/pi_ws/install/my_package/lib/python3.8/site-packages/my_package
[7.177s] byte-compiling /home/ubuntu/pi_ws/install/my_package/lib/python3.8/site-packages/my_package/controller.py to controller.cpython-38.pyc
[7.186s] running install_data
[7.190s] copying my_package/controller.py -> /home/ubuntu/pi_ws/install/my_package/lib/my_package
[7.190s] running install_egg_info
[7.196s] removing '/home/ubuntu/pi_ws/install/my_package/lib/python3.8/site-packages/my_package-0.0.0-py3.8.egg-info' (and everything under it)
[7.197s] Copying ../../../build/my_package/my_package.egg-info to /home/ubuntu/pi_ws/install/my_package/lib/python3.8/site-packages/my_package-0.0.0-py3.8.egg-info
[7.202s] running install_scripts
[7.263s] Installing controller script to /home/ubuntu/pi_ws/install/my_package/lib/my_package
[7.264s] Installing detection script to /home/ubuntu/pi_ws/install/my_package/lib/my_package
[7.265s] Installing display script to /home/ubuntu/pi_ws/install/my_package/lib/my_package
[7.266s] writing list of installed files to '/home/ubuntu/pi_ws/build/my_package/install.log'
[7.361s] Invoked command in '/home/ubuntu/pi_ws/src/ros2_detection/my_package' returned '0': PYTHONPATH=/home/ubuntu/pi_ws/build/my_package/prefix_override:/home/ubuntu/pi_ws/install/my_package/lib/python3.8/site-packages:${PYTHONPATH} /usr/bin/python3 setup.py egg_info --egg-base ../../../build/my_package build --build-base /home/ubuntu/pi_ws/build/my_package/build install --record /home/ubuntu/pi_ws/build/my_package/install.log --install-scripts $base/lib/my_package --single-version-externally-managed
