[2.063s] Invoking command in '/home/ubuntu/pi_ws/build/serial': CMAKE_PREFIX_PATH=${CMAKE_PREFIX_PATH}:/home/ubuntu/pi_ws/install/serial_motor_demo:/home/ubuntu/pi_ws/install/my_package:/opt/ros/foxy /usr/bin/cmake /home/ubuntu/pi_ws/src/serial -DCMAKE_INSTALL_PREFIX=/home/ubuntu/pi_ws/install/serial
[2.451s] -- The C compiler identification is GNU 9.4.0
[2.806s] -- The CXX compiler identification is GNU 9.4.0
[2.849s] -- Check for working C compiler: /usr/bin/cc
[3.357s] -- Check for working C compiler: /usr/bin/cc -- works
[3.362s] -- Detecting C compiler ABI info
[3.813s] -- Detecting C compiler ABI info - done
[3.883s] -- Detecting C compile features
[3.885s] -- Detecting C compile features - done
[3.899s] -- Check for working CXX compiler: /usr/bin/c++
[4.406s] -- Check for working CXX compiler: /usr/bin/c++ -- works
[4.410s] -- Detecting CXX compiler ABI info
[5.084s] -- Detecting CXX compiler ABI info - done
[5.146s] -- Detecting CXX compile features
[5.152s] -- Detecting CXX compile features - done
[5.176s] -- Found ament_cmake: 0.9.12 (/opt/ros/foxy/share/ament_cmake/cmake)
[5.355s] -- Found PythonInterp: /usr/bin/python3 (found suitable version "3.8.10", minimum required is "3") 
[5.355s] -- Using PYTHON_EXECUTABLE: /usr/bin/python3
[6.908s] -- Found ament_cmake_gtest: 0.9.12 (/opt/ros/foxy/share/ament_cmake_gtest/cmake)
[6.967s] -- Found Boost: /usr/lib/aarch64-linux-gnu/cmake/Boost-1.71.0/BoostConfig.cmake (found version "1.71.0")  
[6.993s] -- Found gtest sources under '/opt/ros/foxy/src/gtest_vendor': C++ tests using 'Google Test' will be built
[7.002s] -- Looking for pthread.h
[7.523s] -- Looking for pthread.h - found
[7.527s] -- Performing Test CMAKE_HAVE_LIBC_PTHREAD
[8.007s] -- Performing Test CMAKE_HAVE_LIBC_PTHREAD - Failed
[8.014s] -- Check if compiler accepts -pthread
[8.502s] -- Check if compiler accepts -pthread - yes
[8.512s] -- Found Threads: TRUE  
[8.873s] -- Configuring done
[8.937s] -- Generating done
[8.946s] -- Build files have been written to: /home/ubuntu/pi_ws/build/serial
[8.975s] Invoked command in '/home/ubuntu/pi_ws/build/serial' returned '0': CMAKE_PREFIX_PATH=${CMAKE_PREFIX_PATH}:/home/ubuntu/pi_ws/install/serial_motor_demo:/home/ubuntu/pi_ws/install/my_package:/opt/ros/foxy /usr/bin/cmake /home/ubuntu/pi_ws/src/serial -DCMAKE_INSTALL_PREFIX=/home/ubuntu/pi_ws/install/serial
[8.977s] Invoking command in '/home/ubuntu/pi_ws/build/serial': CMAKE_PREFIX_PATH=${CMAKE_PREFIX_PATH}:/home/ubuntu/pi_ws/install/serial_motor_demo:/home/ubuntu/pi_ws/install/my_package:/opt/ros/foxy /usr/bin/cmake --build /home/ubuntu/pi_ws/build/serial -- -j4 -l4
[9.244s] [35m[1mScanning dependencies of target serial[0m
[9.281s] [35m[1mScanning dependencies of target gtest_main[0m
[9.285s] [35m[1mScanning dependencies of target gtest[0m
[9.431s] [ 14%] [32mBuilding CXX object CMakeFiles/serial.dir/src/impl/unix.cc.o[0m
[9.455s] [ 14%] [32mBuilding CXX object CMakeFiles/serial.dir/src/serial.cc.o[0m
[9.502s] [ 21%] [32mBuilding CXX object gtest/CMakeFiles/gtest.dir/src/gtest-all.cc.o[0m
[9.519s] [ 28%] [32mBuilding CXX object gtest/CMakeFiles/gtest_main.dir/src/gtest_main.cc.o[0m
[14.672s] [ 35%] [32mBuilding CXX object CMakeFiles/serial.dir/src/impl/list_ports/list_ports_linux.cc.o[0m
[18.473s] [ 42%] [32m[1mLinking CXX static library libgtest_main.a[0m
[19.112s] [ 42%] Built target gtest_main
[20.347s] [ 50%] [32m[1mLinking CXX static library libserial.a[0m
[20.802s] [ 50%] Built target serial
[21.013s] [35m[1mScanning dependencies of target serial_example[0m
[21.194s] [ 57%] [32mBuilding CXX object CMakeFiles/serial_example.dir/examples/serial_example.cc.o[0m
[25.999s] [ 64%] [32m[1mLinking CXX executable serial_example[0m
[27.029s] [ 64%] Built target serial_example
[46.566s] [ 71%] [32m[1mLinking CXX static library libgtest.a[0m
[48.646s] [ 71%] Built target gtest
[48.716s] [35m[1mScanning dependencies of target serial-test-timer[0m
[48.822s] [ 78%] [32mBuilding CXX object tests/CMakeFiles/serial-test-timer.dir/unit/unix_timer_tests.cc.o[0m
[54.259s] [ 85%] [32m[1mLinking CXX executable serial-test-timer[0m
[54.944s] [ 85%] Built target serial-test-timer
[55.005s] [35m[1mScanning dependencies of target serial-test[0m
[55.089s] [ 92%] [32mBuilding CXX object tests/CMakeFiles/serial-test.dir/unix_serial_tests.cc.o[0m
[59.544s] [100%] [32m[1mLinking CXX executable serial-test[0m
[60.196s] [100%] Built target serial-test
[60.252s] Invoked command in '/home/ubuntu/pi_ws/build/serial' returned '0': CMAKE_PREFIX_PATH=${CMAKE_PREFIX_PATH}:/home/ubuntu/pi_ws/install/serial_motor_demo:/home/ubuntu/pi_ws/install/my_package:/opt/ros/foxy /usr/bin/cmake --build /home/ubuntu/pi_ws/build/serial -- -j4 -l4
[60.515s] Invoking command in '/home/ubuntu/pi_ws/build/serial': CMAKE_PREFIX_PATH=${CMAKE_PREFIX_PATH}:/home/ubuntu/pi_ws/install/serial_motor_demo:/home/ubuntu/pi_ws/install/my_package:/opt/ros/foxy /usr/bin/cmake --install /home/ubuntu/pi_ws/build/serial
[60.562s] -- Install configuration: ""
[60.565s] -- Installing: /home/ubuntu/pi_ws/install/serial/lib/libserial.a
[60.583s] -- Installing: /home/ubuntu/pi_ws/install/serial/include/serial/serial.h
[60.586s] -- Installing: /home/ubuntu/pi_ws/install/serial/include/serial/v8stdint.h
[60.590s] -- Installing: /home/ubuntu/pi_ws/install/serial/share/serial/environment/library_path.sh
[60.596s] -- Installing: /home/ubuntu/pi_ws/install/serial/share/serial/environment/library_path.dsv
[60.601s] -- Installing: /home/ubuntu/pi_ws/install/serial/share/ament_index/resource_index/package_run_dependencies/serial
[60.604s] -- Installing: /home/ubuntu/pi_ws/install/serial/share/ament_index/resource_index/parent_prefix_path/serial
[60.607s] -- Installing: /home/ubuntu/pi_ws/install/serial/share/serial/environment/ament_prefix_path.sh
[60.614s] -- Installing: /home/ubuntu/pi_ws/install/serial/share/serial/environment/ament_prefix_path.dsv
[60.616s] -- Installing: /home/ubuntu/pi_ws/install/serial/share/serial/environment/path.sh
[60.617s] -- Installing: /home/ubuntu/pi_ws/install/serial/share/serial/environment/path.dsv
[60.619s] -- Installing: /home/ubuntu/pi_ws/install/serial/share/serial/local_setup.bash
[60.620s] -- Installing: /home/ubuntu/pi_ws/install/serial/share/serial/local_setup.sh
[60.621s] -- Installing: /home/ubuntu/pi_ws/install/serial/share/serial/local_setup.zsh
[60.623s] -- Installing: /home/ubuntu/pi_ws/install/serial/share/serial/local_setup.dsv
[60.624s] -- Installing: /home/ubuntu/pi_ws/install/serial/share/serial/package.dsv
[60.626s] -- Installing: /home/ubuntu/pi_ws/install/serial/share/ament_index/resource_index/packages/serial
[60.628s] -- Installing: /home/ubuntu/pi_ws/install/serial/share/serial/cmake/ament_cmake_export_include_directories-extras.cmake
[60.629s] -- Installing: /home/ubuntu/pi_ws/install/serial/share/serial/cmake/ament_cmake_export_libraries-extras.cmake
[60.631s] -- Installing: /home/ubuntu/pi_ws/install/serial/share/serial/cmake/serialConfig.cmake
[60.632s] -- Installing: /home/ubuntu/pi_ws/install/serial/share/serial/cmake/serialConfig-version.cmake
[60.633s] -- Installing: /home/ubuntu/pi_ws/install/serial/share/serial/package.xml
[60.647s] Invoked command in '/home/ubuntu/pi_ws/build/serial' returned '0': CMAKE_PREFIX_PATH=${CMAKE_PREFIX_PATH}:/home/ubuntu/pi_ws/install/serial_motor_demo:/home/ubuntu/pi_ws/install/my_package:/opt/ros/foxy /usr/bin/cmake --install /home/ubuntu/pi_ws/build/serial
