[3.214s] Invoking command in '/home/ubuntu/pi_ws/build/senior_design1': CMAKE_PREFIX_PATH=${CMAKE_PREFIX_PATH}:/home/ubuntu/pi_ws/install/serial_motor_demo:/home/ubuntu/pi_ws/install/my_package:/opt/ros/foxy /usr/bin/cmake --build /home/ubuntu/pi_ws/build/senior_design1 -- -j4 -l4
[5.952s] Invoked command in '/home/ubuntu/pi_ws/build/senior_design1' returned '0': CMAKE_PREFIX_PATH=${CMAKE_PREFIX_PATH}:/home/ubuntu/pi_ws/install/serial_motor_demo:/home/ubuntu/pi_ws/install/my_package:/opt/ros/foxy /usr/bin/cmake --build /home/ubuntu/pi_ws/build/senior_design1 -- -j4 -l4
[6.145s] Invoking command in '/home/ubuntu/pi_ws/build/senior_design1': CMAKE_PREFIX_PATH=${CMAKE_PREFIX_PATH}:/home/ubuntu/pi_ws/install/serial_motor_demo:/home/ubuntu/pi_ws/install/my_package:/opt/ros/foxy /usr/bin/cmake --install /home/ubuntu/pi_ws/build/senior_design1
[6.209s] -- Install configuration: ""
[6.211s] -- Execute custom install script
[6.216s] -- Up-to-date symlink: /home/ubuntu/pi_ws/install/senior_design1/share/senior_design1/config/ball_tracker_params_robot.yaml
[6.220s] -- Up-to-date symlink: /home/ubuntu/pi_ws/install/senior_design1/share/senior_design1/config/ball_tracker_params_sim.yaml
[6.223s] -- Up-to-date symlink: /home/ubuntu/pi_ws/install/senior_design1/share/senior_design1/config/drive_bot.rviz
[6.224s] -- Up-to-date symlink: /home/ubuntu/pi_ws/install/senior_design1/share/senior_design1/config/empty.yaml
[6.226s] -- Up-to-date symlink: /home/ubuntu/pi_ws/install/senior_design1/share/senior_design1/config/gaz_ros2_ctl_use_sim.yaml
[6.228s] -- Up-to-date symlink: /home/ubuntu/pi_ws/install/senior_design1/share/senior_design1/config/gazebo_params.yaml
[6.229s] -- Up-to-date symlink: /home/ubuntu/pi_ws/install/senior_design1/share/senior_design1/config/joystick.yaml
[6.230s] -- Up-to-date symlink: /home/ubuntu/pi_ws/install/senior_design1/share/senior_design1/config/main.rviz
[6.231s] -- Up-to-date symlink: /home/ubuntu/pi_ws/install/senior_design1/share/senior_design1/config/map.rviz
[6.233s] -- Up-to-date symlink: /home/ubuntu/pi_ws/install/senior_design1/share/senior_design1/config/mapper_params_online_async.yaml
[6.235s] -- Up-to-date symlink: /home/ubuntu/pi_ws/install/senior_design1/share/senior_design1/config/my_controllers.yaml
[6.236s] -- Up-to-date symlink: /home/ubuntu/pi_ws/install/senior_design1/share/senior_design1/config/nav2_params.yaml
[6.238s] -- Up-to-date symlink: /home/ubuntu/pi_ws/install/senior_design1/share/senior_design1/config/twist_mux.yaml
[6.239s] -- Up-to-date symlink: /home/ubuntu/pi_ws/install/senior_design1/share/senior_design1/config/view_bot.rviz
[6.242s] -- Up-to-date symlink: /home/ubuntu/pi_ws/install/senior_design1/share/senior_design1/description/camera.xacro
[6.250s] -- Up-to-date symlink: /home/ubuntu/pi_ws/install/senior_design1/share/senior_design1/description/depth_camera.xacro
[6.251s] -- Up-to-date symlink: /home/ubuntu/pi_ws/install/senior_design1/share/senior_design1/description/face.xacro
[6.252s] -- Up-to-date symlink: /home/ubuntu/pi_ws/install/senior_design1/share/senior_design1/description/gazebo_control.xacro
[6.252s] -- Up-to-date symlink: /home/ubuntu/pi_ws/install/senior_design1/share/senior_design1/description/inertial_macros.xacro
[6.255s] -- Up-to-date symlink: /home/ubuntu/pi_ws/install/senior_design1/share/senior_design1/description/lidar.xacro
[6.257s] -- Up-to-date symlink: /home/ubuntu/pi_ws/install/senior_design1/share/senior_design1/description/robot.urdf.xacro
[6.260s] -- Up-to-date symlink: /home/ubuntu/pi_ws/install/senior_design1/share/senior_design1/description/robot_core.xacro
[6.261s] -- Up-to-date symlink: /home/ubuntu/pi_ws/install/senior_design1/share/senior_design1/description/ros2_control.xacro
[6.265s] -- Up-to-date symlink: /home/ubuntu/pi_ws/install/senior_design1/share/senior_design1/launch/__pycache__/rplidar.launch.cpython-38.pyc
[6.267s] -- Up-to-date symlink: /home/ubuntu/pi_ws/install/senior_design1/share/senior_design1/launch/ball_tracker.launch.py
[6.268s] -- Up-to-date symlink: /home/ubuntu/pi_ws/install/senior_design1/share/senior_design1/launch/camera.launch.py
[6.269s] -- Up-to-date symlink: /home/ubuntu/pi_ws/install/senior_design1/share/senior_design1/launch/joystick.launch.py
[6.271s] -- Up-to-date symlink: /home/ubuntu/pi_ws/install/senior_design1/share/senior_design1/launch/launch_robot.launch.py
[6.272s] -- Up-to-date symlink: /home/ubuntu/pi_ws/install/senior_design1/share/senior_design1/launch/launch_sim.launch.py
[6.274s] -- Up-to-date symlink: /home/ubuntu/pi_ws/install/senior_design1/share/senior_design1/launch/localization_launch.py
[6.275s] -- Up-to-date symlink: /home/ubuntu/pi_ws/install/senior_design1/share/senior_design1/launch/navigation_launch.py
[6.278s] -- Up-to-date symlink: /home/ubuntu/pi_ws/install/senior_design1/share/senior_design1/launch/obstacle_avoid.launch.py
[6.279s] -- Up-to-date symlink: /home/ubuntu/pi_ws/install/senior_design1/share/senior_design1/launch/online_async_launch.py
[6.282s] -- Up-to-date symlink: /home/ubuntu/pi_ws/install/senior_design1/share/senior_design1/launch/rplidar.launch.py
[6.283s] -- Up-to-date symlink: /home/ubuntu/pi_ws/install/senior_design1/share/senior_design1/launch/rsp.launch.py
[6.286s] -- Up-to-date symlink: /home/ubuntu/pi_ws/install/senior_design1/share/senior_design1/worlds/empty.world
[6.287s] -- Up-to-date symlink: /home/ubuntu/pi_ws/install/senior_design1/share/senior_design1/worlds/obstacles.world
[6.288s] -- Up-to-date symlink: /home/ubuntu/pi_ws/install/senior_design1/share/ament_index/resource_index/package_run_dependencies/senior_design1
[6.290s] -- Up-to-date symlink: /home/ubuntu/pi_ws/install/senior_design1/share/ament_index/resource_index/parent_prefix_path/senior_design1
[6.292s] -- Up-to-date symlink: /home/ubuntu/pi_ws/install/senior_design1/share/senior_design1/environment/ament_prefix_path.sh
[6.294s] -- Up-to-date symlink: /home/ubuntu/pi_ws/install/senior_design1/share/senior_design1/environment/ament_prefix_path.dsv
[6.296s] -- Up-to-date symlink: /home/ubuntu/pi_ws/install/senior_design1/share/senior_design1/environment/path.sh
[6.298s] -- Up-to-date symlink: /home/ubuntu/pi_ws/install/senior_design1/share/senior_design1/environment/path.dsv
[6.300s] -- Up-to-date symlink: /home/ubuntu/pi_ws/install/senior_design1/share/senior_design1/local_setup.bash
[6.302s] -- Up-to-date symlink: /home/ubuntu/pi_ws/install/senior_design1/share/senior_design1/local_setup.sh
[6.304s] -- Up-to-date symlink: /home/ubuntu/pi_ws/install/senior_design1/share/senior_design1/local_setup.zsh
[6.306s] -- Up-to-date symlink: /home/ubuntu/pi_ws/install/senior_design1/share/senior_design1/local_setup.dsv
[6.307s] -- Symlinking: /home/ubuntu/pi_ws/install/senior_design1/share/senior_design1/package.dsv
[6.365s] -- Up-to-date symlink: /home/ubuntu/pi_ws/install/senior_design1/share/ament_index/resource_index/packages/senior_design1
[6.370s] -- Up-to-date symlink: /home/ubuntu/pi_ws/install/senior_design1/share/senior_design1/cmake/senior_design1Config.cmake
[6.374s] -- Up-to-date symlink: /home/ubuntu/pi_ws/install/senior_design1/share/senior_design1/cmake/senior_design1Config-version.cmake
[6.378s] -- Up-to-date symlink: /home/ubuntu/pi_ws/install/senior_design1/share/senior_design1/package.xml
[6.391s] Invoked command in '/home/ubuntu/pi_ws/build/senior_design1' returned '0': CMAKE_PREFIX_PATH=${CMAKE_PREFIX_PATH}:/home/ubuntu/pi_ws/install/serial_motor_demo:/home/ubuntu/pi_ws/install/my_package:/opt/ros/foxy /usr/bin/cmake --install /home/ubuntu/pi_ws/build/senior_design1
