[5.513s] Invoking command in '/home/ubuntu/pi_ws/src/serial_motor_demo/serial_motor_demo': AMENT_PREFIX_PATH=/home/ubuntu/pi_ws/install/serial_motor_demo_msgs:${AMENT_PREFIX_PATH} CMAKE_PREFIX_PATH=/home/ubuntu/pi_ws/install/serial_motor_demo_msgs LD_LIBRARY_PATH=/home/ubuntu/pi_ws/install/serial_motor_demo_msgs/lib:${LD_LIBRARY_PATH} PYTHONPATH=/home/ubuntu/pi_ws/build/serial_motor_demo/prefix_override:/home/ubuntu/pi_ws/install/serial_motor_demo/lib/python3.8/site-packages:/home/ubuntu/pi_ws/install/serial_motor_demo_msgs/lib/python3.8/site-packages:${PYTHONPATH} /usr/bin/python3 setup.py egg_info --egg-base ../../../build/serial_motor_demo build --build-base /home/ubuntu/pi_ws/build/serial_motor_demo/build install --record /home/ubuntu/pi_ws/build/serial_motor_demo/install.log --install-scripts $base/lib/serial_motor_demo --single-version-externally-managed
[6.459s] running egg_info
[6.462s] writing ../../../build/serial_motor_demo/serial_motor_demo.egg-info/PKG-INFO
[6.465s] writing dependency_links to ../../../build/serial_motor_demo/serial_motor_demo.egg-info/dependency_links.txt
[6.468s] writing entry points to ../../../build/serial_motor_demo/serial_motor_demo.egg-info/entry_points.txt
[6.468s] writing requirements to ../../../build/serial_motor_demo/serial_motor_demo.egg-info/requires.txt
[6.470s] writing top-level names to ../../../build/serial_motor_demo/serial_motor_demo.egg-info/top_level.txt
[6.617s] reading manifest file '../../../build/serial_motor_demo/serial_motor_demo.egg-info/SOURCES.txt'
[6.622s] writing manifest file '../../../build/serial_motor_demo/serial_motor_demo.egg-info/SOURCES.txt'
[6.623s] running build
[6.626s] running build_py
[6.628s] running install
[6.632s] running install_lib
[6.642s] running install_data
[6.644s] running install_egg_info
[6.652s] removing '/home/ubuntu/pi_ws/install/serial_motor_demo/lib/python3.8/site-packages/serial_motor_demo-0.0.0-py3.8.egg-info' (and everything under it)
[6.654s] Copying ../../../build/serial_motor_demo/serial_motor_demo.egg-info to /home/ubuntu/pi_ws/install/serial_motor_demo/lib/python3.8/site-packages/serial_motor_demo-0.0.0-py3.8.egg-info
[6.661s] running install_scripts
[6.747s] Installing driver script to /home/ubuntu/pi_ws/install/serial_motor_demo/lib/serial_motor_demo
[6.749s] Installing gui script to /home/ubuntu/pi_ws/install/serial_motor_demo/lib/serial_motor_demo
[6.752s] writing list of installed files to '/home/ubuntu/pi_ws/build/serial_motor_demo/install.log'
[6.982s] Invoked command in '/home/ubuntu/pi_ws/src/serial_motor_demo/serial_motor_demo' returned '0': AMENT_PREFIX_PATH=/home/ubuntu/pi_ws/install/serial_motor_demo_msgs:${AMENT_PREFIX_PATH} CMAKE_PREFIX_PATH=/home/ubuntu/pi_ws/install/serial_motor_demo_msgs LD_LIBRARY_PATH=/home/ubuntu/pi_ws/install/serial_motor_demo_msgs/lib:${LD_LIBRARY_PATH} PYTHONPATH=/home/ubuntu/pi_ws/build/serial_motor_demo/prefix_override:/home/ubuntu/pi_ws/install/serial_motor_demo/lib/python3.8/site-packages:/home/ubuntu/pi_ws/install/serial_motor_demo_msgs/lib/python3.8/site-packages:${PYTHONPATH} /usr/bin/python3 setup.py egg_info --egg-base ../../../build/serial_motor_demo build --build-base /home/ubuntu/pi_ws/build/serial_motor_demo/build install --record /home/ubuntu/pi_ws/build/serial_motor_demo/install.log --install-scripts $base/lib/serial_motor_demo --single-version-externally-managed
