[1.259s] Invoking command in '/home/ubuntu/pi_ws/build/serial': CMAKE_PREFIX_PATH=/opt/ros/foxy /usr/bin/cmake /home/ubuntu/pi_ws/src/serial -DAMENT_CMAKE_SYMLINK_INSTALL=1 -DCMAKE_INSTALL_PREFIX=/home/ubuntu/pi_ws/install/serial
[1.576s] -- Found ament_cmake: 0.9.12 (/opt/ros/foxy/share/ament_cmake/cmake)
[1.732s] -- Using PYTHON_EXECUTABLE: /usr/bin/python3
[2.720s] -- Override CMake install command with custom implementation using symlinks instead of copying resources
[2.860s] -- Found ament_cmake_gtest: 0.9.12 (/opt/ros/foxy/share/ament_cmake_gtest/cmake)
[2.913s] -- Found gtest sources under '/opt/ros/foxy/src/gtest_vendor': C++ tests using 'Google Test' will be built
[3.360s] -- Configuring done
[3.713s] -- Generating done
[3.720s] -- Build files have been written to: /home/ubuntu/pi_ws/build/serial
[3.729s] Invoked command in '/home/ubuntu/pi_ws/build/serial' returned '0': CMAKE_PREFIX_PATH=/opt/ros/foxy /usr/bin/cmake /home/ubuntu/pi_ws/src/serial -DAMENT_CMAKE_SYMLINK_INSTALL=1 -DCMAKE_INSTALL_PREFIX=/home/ubuntu/pi_ws/install/serial
[3.738s] Invoking command in '/home/ubuntu/pi_ws/build/serial': CMAKE_PREFIX_PATH=/opt/ros/foxy /usr/bin/cmake --build /home/ubuntu/pi_ws/build/serial -- -j4 -l4
[3.967s] [ 28%] Built target serial
[3.983s] [ 50%] Built target gtest
[3.986s] [ 57%] Built target gtest_main
[4.089s] [ 71%] Built target serial_example
[4.109s] [ 85%] Built target serial-test-timer
[4.125s] [100%] Built target serial-test
[4.163s] Invoked command in '/home/ubuntu/pi_ws/build/serial' returned '0': CMAKE_PREFIX_PATH=/opt/ros/foxy /usr/bin/cmake --build /home/ubuntu/pi_ws/build/serial -- -j4 -l4
[4.324s] Invoking command in '/home/ubuntu/pi_ws/build/serial': CMAKE_PREFIX_PATH=/opt/ros/foxy /usr/bin/cmake --install /home/ubuntu/pi_ws/build/serial
[4.358s] -- Install configuration: ""
[4.360s] -- Execute custom install script
[4.363s] -- Symlinking: /home/ubuntu/pi_ws/install/serial/lib/libserial.a
[4.402s] -- Symlinking: /home/ubuntu/pi_ws/install/serial/include/serial/serial.h
[4.438s] -- Symlinking: /home/ubuntu/pi_ws/install/serial/include/serial/v8stdint.h
[4.480s] -- Symlinking: /home/ubuntu/pi_ws/install/serial/share/serial/environment/library_path.sh
[4.514s] -- Symlinking: /home/ubuntu/pi_ws/install/serial/share/serial/environment/library_path.dsv
[4.553s] -- Symlinking: /home/ubuntu/pi_ws/install/serial/share/ament_index/resource_index/package_run_dependencies/serial
[4.591s] -- Symlinking: /home/ubuntu/pi_ws/install/serial/share/ament_index/resource_index/parent_prefix_path/serial
[4.627s] -- Symlinking: /home/ubuntu/pi_ws/install/serial/share/serial/environment/ament_prefix_path.sh
[4.665s] -- Symlinking: /home/ubuntu/pi_ws/install/serial/share/serial/environment/ament_prefix_path.dsv
[4.702s] -- Symlinking: /home/ubuntu/pi_ws/install/serial/share/serial/environment/path.sh
[4.741s] -- Symlinking: /home/ubuntu/pi_ws/install/serial/share/serial/environment/path.dsv
[4.779s] -- Symlinking: /home/ubuntu/pi_ws/install/serial/share/serial/local_setup.bash
[4.818s] -- Symlinking: /home/ubuntu/pi_ws/install/serial/share/serial/local_setup.sh
[4.858s] -- Symlinking: /home/ubuntu/pi_ws/install/serial/share/serial/local_setup.zsh
[4.901s] -- Symlinking: /home/ubuntu/pi_ws/install/serial/share/serial/local_setup.dsv
[4.940s] -- Symlinking: /home/ubuntu/pi_ws/install/serial/share/serial/package.dsv
[4.982s] -- Symlinking: /home/ubuntu/pi_ws/install/serial/share/ament_index/resource_index/packages/serial
[5.022s] -- Symlinking: /home/ubuntu/pi_ws/install/serial/share/serial/cmake/ament_cmake_export_include_directories-extras.cmake
[5.063s] -- Symlinking: /home/ubuntu/pi_ws/install/serial/share/serial/cmake/ament_cmake_export_libraries-extras.cmake
[5.104s] -- Symlinking: /home/ubuntu/pi_ws/install/serial/share/serial/cmake/serialConfig.cmake
[5.145s] -- Symlinking: /home/ubuntu/pi_ws/install/serial/share/serial/cmake/serialConfig-version.cmake
[5.185s] -- Symlinking: /home/ubuntu/pi_ws/install/serial/share/serial/package.xml
[5.230s] Invoked command in '/home/ubuntu/pi_ws/build/serial' returned '0': CMAKE_PREFIX_PATH=/opt/ros/foxy /usr/bin/cmake --install /home/ubuntu/pi_ws/build/serial
