[6.462s] Invoking command in '/home/ubuntu/pi_ws/src/ros2_detection/my_package': PYTHONPATH=/home/ubuntu/pi_ws/build/my_package/prefix_override:/home/ubuntu/pi_ws/install/my_package/lib/python3.8/site-packages:${PYTHONPATH} /usr/bin/python3 setup.py egg_info --egg-base ../../../build/my_package build --build-base /home/ubuntu/pi_ws/build/my_package/build install --record /home/ubuntu/pi_ws/build/my_package/install.log --install-scripts $base/lib/my_package --single-version-externally-managed
[7.337s] running egg_info
[7.339s] writing ../../../build/my_package/my_package.egg-info/PKG-INFO
[7.340s] writing dependency_links to ../../../build/my_package/my_package.egg-info/dependency_links.txt
[7.341s] writing entry points to ../../../build/my_package/my_package.egg-info/entry_points.txt
[7.341s] writing requirements to ../../../build/my_package/my_package.egg-info/requires.txt
[7.342s] writing top-level names to ../../../build/my_package/my_package.egg-info/top_level.txt
[7.502s] reading manifest file '../../../build/my_package/my_package.egg-info/SOURCES.txt'
[7.506s] writing manifest file '../../../build/my_package/my_package.egg-info/SOURCES.txt'
[7.507s] running build
[7.508s] running build_py
[7.508s] copying my_package/detection.py -> /home/ubuntu/pi_ws/build/my_package/build/lib/my_package
[7.511s] running install
[7.514s] running install_lib
[7.518s] copying /home/ubuntu/pi_ws/build/my_package/build/lib/my_package/detection.py -> /home/ubuntu/pi_ws/install/my_package/lib/python3.8/site-packages/my_package
[7.522s] byte-compiling /home/ubuntu/pi_ws/install/my_package/lib/python3.8/site-packages/my_package/detection.py to detection.cpython-38.pyc
[7.530s] running install_data
[7.533s] running install_egg_info
[7.539s] removing '/home/ubuntu/pi_ws/install/my_package/lib/python3.8/site-packages/my_package-0.0.0-py3.8.egg-info' (and everything under it)
[7.540s] Copying ../../../build/my_package/my_package.egg-info to /home/ubuntu/pi_ws/install/my_package/lib/python3.8/site-packages/my_package-0.0.0-py3.8.egg-info
[7.547s] running install_scripts
[7.608s] Installing controller script to /home/ubuntu/pi_ws/install/my_package/lib/my_package
[7.609s] Installing detection script to /home/ubuntu/pi_ws/install/my_package/lib/my_package
[7.610s] Installing display script to /home/ubuntu/pi_ws/install/my_package/lib/my_package
[7.612s] writing list of installed files to '/home/ubuntu/pi_ws/build/my_package/install.log'
[7.706s] Invoked command in '/home/ubuntu/pi_ws/src/ros2_detection/my_package' returned '0': PYTHONPATH=/home/ubuntu/pi_ws/build/my_package/prefix_override:/home/ubuntu/pi_ws/install/my_package/lib/python3.8/site-packages:${PYTHONPATH} /usr/bin/python3 setup.py egg_info --egg-base ../../../build/my_package build --build-base /home/ubuntu/pi_ws/build/my_package/build install --record /home/ubuntu/pi_ws/build/my_package/install.log --install-scripts $base/lib/my_package --single-version-externally-managed
