running develop
Removing /home/ubuntu/pi_ws/install/my_package/lib/python3.8/site-packages/my-package.egg-link (link to .)
running egg_info
writing ../../../build/my_package/my_package.egg-info/PKG-INFO
writing dependency_links to ../../../build/my_package/my_package.egg-info/dependency_links.txt
writing entry points to ../../../build/my_package/my_package.egg-info/entry_points.txt
writing requirements to ../../../build/my_package/my_package.egg-info/requires.txt
writing top-level names to ../../../build/my_package/my_package.egg-info/top_level.txt
reading manifest file '../../../build/my_package/my_package.egg-info/SOURCES.txt'
writing manifest file '../../../build/my_package/my_package.egg-info/SOURCES.txt'
running build
running build_py
copying my_package/controller.py -> /home/ubuntu/pi_ws/build/my_package/build/lib/my_package
running install
running install_lib
creating /home/ubuntu/pi_ws/install/my_package/lib/python3.8/site-packages/my_package
copying /home/ubuntu/pi_ws/build/my_package/build/lib/my_package/detection.py -> /home/ubuntu/pi_ws/install/my_package/lib/python3.8/site-packages/my_package
copying /home/ubuntu/pi_ws/build/my_package/build/lib/my_package/display.py -> /home/ubuntu/pi_ws/install/my_package/lib/python3.8/site-packages/my_package
copying /home/ubuntu/pi_ws/build/my_package/build/lib/my_package/controller.py -> /home/ubuntu/pi_ws/install/my_package/lib/python3.8/site-packages/my_package
creating /home/ubuntu/pi_ws/install/my_package/lib/python3.8/site-packages/my_package/models
copying /home/ubuntu/pi_ws/build/my_package/build/lib/my_package/models/coco.names -> /home/ubuntu/pi_ws/install/my_package/lib/python3.8/site-packages/my_package/models
copying /home/ubuntu/pi_ws/build/my_package/build/lib/my_package/models/yolov3-tiny.cfg -> /home/ubuntu/pi_ws/install/my_package/lib/python3.8/site-packages/my_package/models
copying /home/ubuntu/pi_ws/build/my_package/build/lib/my_package/models/yolov3-tiny.weights -> /home/ubuntu/pi_ws/install/my_package/lib/python3.8/site-packages/my_package/models
copying /home/ubuntu/pi_ws/build/my_package/build/lib/my_package/__init__.py -> /home/ubuntu/pi_ws/install/my_package/lib/python3.8/site-packages/my_package
byte-compiling /home/ubuntu/pi_ws/install/my_package/lib/python3.8/site-packages/my_package/detection.py to detection.cpython-38.pyc
byte-compiling /home/ubuntu/pi_ws/install/my_package/lib/python3.8/site-packages/my_package/display.py to display.cpython-38.pyc
byte-compiling /home/ubuntu/pi_ws/install/my_package/lib/python3.8/site-packages/my_package/controller.py to controller.cpython-38.pyc
byte-compiling /home/ubuntu/pi_ws/install/my_package/lib/python3.8/site-packages/my_package/__init__.py to __init__.cpython-38.pyc
running install_data
running install_egg_info
Copying ../../../build/my_package/my_package.egg-info to /home/ubuntu/pi_ws/install/my_package/lib/python3.8/site-packages/my_package-0.0.0-py3.8.egg-info
running install_scripts
Installing controller script to /home/ubuntu/pi_ws/install/my_package/lib/my_package
Installing detection script to /home/ubuntu/pi_ws/install/my_package/lib/my_package
Installing display script to /home/ubuntu/pi_ws/install/my_package/lib/my_package
writing list of installed files to '/home/ubuntu/pi_ws/build/my_package/install.log'
