[4.512s] Invoking command in '/home/ubuntu/pi_ws/build/my_package': PYTHONPATH=/home/ubuntu/pi_ws/build/my_package/prefix_override:/home/ubuntu/pi_ws/install/my_package/lib/python3.8/site-packages:${PYTHONPATH} /usr/bin/python3 setup.py develop --uninstall --editable --build-directory /home/ubuntu/pi_ws/build/my_package/build
[5.516s] running develop
[6.140s] Removing /home/ubuntu/pi_ws/install/my_package/lib/python3.8/site-packages/my-package.egg-link (link to .)
[6.236s] Invoked command in '/home/ubuntu/pi_ws/build/my_package' returned '0': PYTHONPATH=/home/ubuntu/pi_ws/build/my_package/prefix_override:/home/ubuntu/pi_ws/install/my_package/lib/python3.8/site-packages:${PYTHONPATH} /usr/bin/python3 setup.py develop --uninstall --editable --build-directory /home/ubuntu/pi_ws/build/my_package/build
[6.247s] Invoking command in '/home/ubuntu/pi_ws/src/ros2_detection/my_package': PYTHONPATH=/home/ubuntu/pi_ws/build/my_package/prefix_override:/home/ubuntu/pi_ws/install/my_package/lib/python3.8/site-packages:${PYTHONPATH} /usr/bin/python3 setup.py egg_info --egg-base ../../../build/my_package build --build-base /home/ubuntu/pi_ws/build/my_package/build install --record /home/ubuntu/pi_ws/build/my_package/install.log --install-scripts $base/lib/my_package --single-version-externally-managed
[7.191s] running egg_info
[7.194s] writing ../../../build/my_package/my_package.egg-info/PKG-INFO
[7.197s] writing dependency_links to ../../../build/my_package/my_package.egg-info/dependency_links.txt
[7.198s] writing entry points to ../../../build/my_package/my_package.egg-info/entry_points.txt
[7.198s] writing requirements to ../../../build/my_package/my_package.egg-info/requires.txt
[7.199s] writing top-level names to ../../../build/my_package/my_package.egg-info/top_level.txt
[7.371s] reading manifest file '../../../build/my_package/my_package.egg-info/SOURCES.txt'
[7.377s] writing manifest file '../../../build/my_package/my_package.egg-info/SOURCES.txt'
[7.377s] running build
[7.378s] running build_py
[7.379s] copying my_package/controller.py -> /home/ubuntu/pi_ws/build/my_package/build/lib/my_package
[7.382s] running install
[7.386s] running install_lib
[7.390s] creating /home/ubuntu/pi_ws/install/my_package/lib/python3.8/site-packages/my_package
[7.391s] copying /home/ubuntu/pi_ws/build/my_package/build/lib/my_package/detection.py -> /home/ubuntu/pi_ws/install/my_package/lib/python3.8/site-packages/my_package
[7.392s] copying /home/ubuntu/pi_ws/build/my_package/build/lib/my_package/display.py -> /home/ubuntu/pi_ws/install/my_package/lib/python3.8/site-packages/my_package
[7.393s] copying /home/ubuntu/pi_ws/build/my_package/build/lib/my_package/controller.py -> /home/ubuntu/pi_ws/install/my_package/lib/python3.8/site-packages/my_package
[7.394s] creating /home/ubuntu/pi_ws/install/my_package/lib/python3.8/site-packages/my_package/models
[7.396s] copying /home/ubuntu/pi_ws/build/my_package/build/lib/my_package/models/coco.names -> /home/ubuntu/pi_ws/install/my_package/lib/python3.8/site-packages/my_package/models
[7.396s] copying /home/ubuntu/pi_ws/build/my_package/build/lib/my_package/models/yolov3-tiny.cfg -> /home/ubuntu/pi_ws/install/my_package/lib/python3.8/site-packages/my_package/models
[7.397s] copying /home/ubuntu/pi_ws/build/my_package/build/lib/my_package/models/yolov3-tiny.weights -> /home/ubuntu/pi_ws/install/my_package/lib/python3.8/site-packages/my_package/models
[8.245s] copying /home/ubuntu/pi_ws/build/my_package/build/lib/my_package/__init__.py -> /home/ubuntu/pi_ws/install/my_package/lib/python3.8/site-packages/my_package
[8.249s] byte-compiling /home/ubuntu/pi_ws/install/my_package/lib/python3.8/site-packages/my_package/detection.py to detection.cpython-38.pyc
[8.258s] byte-compiling /home/ubuntu/pi_ws/install/my_package/lib/python3.8/site-packages/my_package/display.py to display.cpython-38.pyc
[8.260s] byte-compiling /home/ubuntu/pi_ws/install/my_package/lib/python3.8/site-packages/my_package/controller.py to controller.cpython-38.pyc
[8.265s] byte-compiling /home/ubuntu/pi_ws/install/my_package/lib/python3.8/site-packages/my_package/__init__.py to __init__.cpython-38.pyc
[8.266s] running install_data
[8.271s] running install_egg_info
[8.278s] Copying ../../../build/my_package/my_package.egg-info to /home/ubuntu/pi_ws/install/my_package/lib/python3.8/site-packages/my_package-0.0.0-py3.8.egg-info
[8.288s] running install_scripts
[8.371s] Installing controller script to /home/ubuntu/pi_ws/install/my_package/lib/my_package
[8.372s] Installing detection script to /home/ubuntu/pi_ws/install/my_package/lib/my_package
[8.373s] Installing display script to /home/ubuntu/pi_ws/install/my_package/lib/my_package
[8.376s] writing list of installed files to '/home/ubuntu/pi_ws/build/my_package/install.log'
[8.498s] Invoked command in '/home/ubuntu/pi_ws/src/ros2_detection/my_package' returned '0': PYTHONPATH=/home/ubuntu/pi_ws/build/my_package/prefix_override:/home/ubuntu/pi_ws/install/my_package/lib/python3.8/site-packages:${PYTHONPATH} /usr/bin/python3 setup.py egg_info --egg-base ../../../build/my_package build --build-base /home/ubuntu/pi_ws/build/my_package/build install --record /home/ubuntu/pi_ws/build/my_package/install.log --install-scripts $base/lib/my_package --single-version-externally-managed
