[5.349s] Invoking command in '/home/ubuntu/pi_ws/build/senior_design1': CMAKE_PREFIX_PATH=${CMAKE_PREFIX_PATH}:/home/ubuntu/pi_ws/install/my_package:/opt/ros/foxy /usr/bin/cmake --build /home/ubuntu/pi_ws/build/senior_design1 -- -j4 -l4
[8.564s] Invoked command in '/home/ubuntu/pi_ws/build/senior_design1' returned '0': CMAKE_PREFIX_PATH=${CMAKE_PREFIX_PATH}:/home/ubuntu/pi_ws/install/my_package:/opt/ros/foxy /usr/bin/cmake --build /home/ubuntu/pi_ws/build/senior_design1 -- -j4 -l4
[10.157s] Invoking command in '/home/ubuntu/pi_ws/build/senior_design1': CMAKE_PREFIX_PATH=${CMAKE_PREFIX_PATH}:/home/ubuntu/pi_ws/install/my_package:/opt/ros/foxy /usr/bin/cmake --install /home/ubuntu/pi_ws/build/senior_design1
[10.215s] -- Install configuration: ""
[10.216s] -- Up-to-date: /home/ubuntu/pi_ws/install/senior_design1/share/senior_design1/config
[10.218s] -- Up-to-date: /home/ubuntu/pi_ws/install/senior_design1/share/senior_design1/config/view_bot.rviz
[10.219s] -- Up-to-date: /home/ubuntu/pi_ws/install/senior_design1/share/senior_design1/config/my_controllers.yaml
[10.220s] -- Up-to-date: /home/ubuntu/pi_ws/install/senior_design1/share/senior_design1/config/map.rviz
[10.221s] -- Up-to-date: /home/ubuntu/pi_ws/install/senior_design1/share/senior_design1/config/ball_tracker_params_robot.yaml
[10.221s] -- Up-to-date: /home/ubuntu/pi_ws/install/senior_design1/share/senior_design1/config/mapper_params_online_async.yaml
[10.222s] -- Up-to-date: /home/ubuntu/pi_ws/install/senior_design1/share/senior_design1/config/drive_bot.rviz
[10.231s] -- Up-to-date: /home/ubuntu/pi_ws/install/senior_design1/share/senior_design1/config/ball_tracker_params_sim.yaml
[10.231s] -- Up-to-date: /home/ubuntu/pi_ws/install/senior_design1/share/senior_design1/config/main.rviz
[10.232s] -- Up-to-date: /home/ubuntu/pi_ws/install/senior_design1/share/senior_design1/config/nav2_params.yaml
[10.233s] -- Up-to-date: /home/ubuntu/pi_ws/install/senior_design1/share/senior_design1/config/joystick.yaml
[10.234s] -- Up-to-date: /home/ubuntu/pi_ws/install/senior_design1/share/senior_design1/config/gazebo_params.yaml
[10.235s] -- Up-to-date: /home/ubuntu/pi_ws/install/senior_design1/share/senior_design1/config/twist_mux.yaml
[10.235s] -- Up-to-date: /home/ubuntu/pi_ws/install/senior_design1/share/senior_design1/config/gaz_ros2_ctl_use_sim.yaml
[10.236s] -- Up-to-date: /home/ubuntu/pi_ws/install/senior_design1/share/senior_design1/config/empty.yaml
[10.237s] -- Up-to-date: /home/ubuntu/pi_ws/install/senior_design1/share/senior_design1/description
[10.237s] -- Up-to-date: /home/ubuntu/pi_ws/install/senior_design1/share/senior_design1/description/ros2_control.xacro
[10.238s] -- Up-to-date: /home/ubuntu/pi_ws/install/senior_design1/share/senior_design1/description/inertial_macros.xacro
[10.239s] -- Up-to-date: /home/ubuntu/pi_ws/install/senior_design1/share/senior_design1/description/depth_camera.xacro
[10.243s] -- Up-to-date: /home/ubuntu/pi_ws/install/senior_design1/share/senior_design1/description/robot_core.xacro
[10.244s] -- Up-to-date: /home/ubuntu/pi_ws/install/senior_design1/share/senior_design1/description/robot.urdf.xacro
[10.245s] -- Up-to-date: /home/ubuntu/pi_ws/install/senior_design1/share/senior_design1/description/camera.xacro
[10.247s] -- Up-to-date: /home/ubuntu/pi_ws/install/senior_design1/share/senior_design1/description/gazebo_control.xacro
[10.250s] -- Up-to-date: /home/ubuntu/pi_ws/install/senior_design1/share/senior_design1/description/lidar.xacro
[10.251s] -- Up-to-date: /home/ubuntu/pi_ws/install/senior_design1/share/senior_design1/description/face.xacro
[10.251s] -- Up-to-date: /home/ubuntu/pi_ws/install/senior_design1/share/senior_design1/launch
[10.252s] -- Up-to-date: /home/ubuntu/pi_ws/install/senior_design1/share/senior_design1/launch/camera.launch.py
[10.252s] -- Up-to-date: /home/ubuntu/pi_ws/install/senior_design1/share/senior_design1/launch/obstacle_avoid.launch.py
[10.253s] -- Up-to-date: /home/ubuntu/pi_ws/install/senior_design1/share/senior_design1/launch/rplidar.launch.py
[10.253s] -- Up-to-date: /home/ubuntu/pi_ws/install/senior_design1/share/senior_design1/launch/__pycache__
[10.253s] -- Up-to-date: /home/ubuntu/pi_ws/install/senior_design1/share/senior_design1/launch/__pycache__/rplidar.launch.cpython-38.pyc
[10.254s] -- Up-to-date: /home/ubuntu/pi_ws/install/senior_design1/share/senior_design1/launch/launch_robot.launch.py
[10.254s] -- Up-to-date: /home/ubuntu/pi_ws/install/senior_design1/share/senior_design1/launch/localization_launch.py
[10.268s] -- Up-to-date: /home/ubuntu/pi_ws/install/senior_design1/share/senior_design1/launch/online_async_launch.py
[10.269s] -- Up-to-date: /home/ubuntu/pi_ws/install/senior_design1/share/senior_design1/launch/rsp.launch.py
[10.270s] -- Up-to-date: /home/ubuntu/pi_ws/install/senior_design1/share/senior_design1/launch/navigation_launch.py
[10.271s] -- Up-to-date: /home/ubuntu/pi_ws/install/senior_design1/share/senior_design1/launch/joystick.launch.py
[10.271s] -- Up-to-date: /home/ubuntu/pi_ws/install/senior_design1/share/senior_design1/launch/launch_sim.launch.py
[10.272s] -- Up-to-date: /home/ubuntu/pi_ws/install/senior_design1/share/senior_design1/launch/ball_tracker.launch.py
[10.272s] -- Up-to-date: /home/ubuntu/pi_ws/install/senior_design1/share/senior_design1/worlds
[10.273s] -- Up-to-date: /home/ubuntu/pi_ws/install/senior_design1/share/senior_design1/worlds/empty.world
[10.273s] -- Up-to-date: /home/ubuntu/pi_ws/install/senior_design1/share/senior_design1/worlds/obstacles.world
[10.274s] -- Up-to-date: /home/ubuntu/pi_ws/install/senior_design1/share/ament_index/resource_index/package_run_dependencies/senior_design1
[10.274s] -- Up-to-date: /home/ubuntu/pi_ws/install/senior_design1/share/ament_index/resource_index/parent_prefix_path/senior_design1
[10.274s] -- Up-to-date: /home/ubuntu/pi_ws/install/senior_design1/share/senior_design1/environment/ament_prefix_path.sh
[10.275s] -- Up-to-date: /home/ubuntu/pi_ws/install/senior_design1/share/senior_design1/environment/ament_prefix_path.dsv
[10.275s] -- Up-to-date: /home/ubuntu/pi_ws/install/senior_design1/share/senior_design1/environment/path.sh
[10.275s] -- Up-to-date: /home/ubuntu/pi_ws/install/senior_design1/share/senior_design1/environment/path.dsv
[10.275s] -- Up-to-date: /home/ubuntu/pi_ws/install/senior_design1/share/senior_design1/local_setup.bash
[10.276s] -- Up-to-date: /home/ubuntu/pi_ws/install/senior_design1/share/senior_design1/local_setup.sh
[10.276s] -- Up-to-date: /home/ubuntu/pi_ws/install/senior_design1/share/senior_design1/local_setup.zsh
[10.276s] -- Up-to-date: /home/ubuntu/pi_ws/install/senior_design1/share/senior_design1/local_setup.dsv
[10.277s] -- Installing: /home/ubuntu/pi_ws/install/senior_design1/share/senior_design1/package.dsv
[10.277s] -- Up-to-date: /home/ubuntu/pi_ws/install/senior_design1/share/ament_index/resource_index/packages/senior_design1
[10.278s] -- Up-to-date: /home/ubuntu/pi_ws/install/senior_design1/share/senior_design1/cmake/senior_design1Config.cmake
[10.278s] -- Up-to-date: /home/ubuntu/pi_ws/install/senior_design1/share/senior_design1/cmake/senior_design1Config-version.cmake
[10.278s] -- Up-to-date: /home/ubuntu/pi_ws/install/senior_design1/share/senior_design1/package.xml
[10.292s] Invoked command in '/home/ubuntu/pi_ws/build/senior_design1' returned '0': CMAKE_PREFIX_PATH=${CMAKE_PREFIX_PATH}:/home/ubuntu/pi_ws/install/my_package:/opt/ros/foxy /usr/bin/cmake --install /home/ubuntu/pi_ws/build/senior_design1
