[2.107s] Invoking command in '/home/ubuntu/pi_ws/src/build/tank_controller': CMAKE_PREFIX_PATH=${CMAKE_PREFIX_PATH}:/home/ubuntu/pi_ws/install/serial_motor_demo:/home/ubuntu/pi_ws/install/diffdrive_arduino:/home/ubuntu/pi_ws/install/my_package:/home/ubuntu/pi_ws/install/gazebo_ros2_control_demos:/opt/ros/foxy /usr/bin/cmake /home/ubuntu/pi_ws/src/tank_controller -DCMAKE_INSTALL_PREFIX=/home/ubuntu/pi_ws/src/install/tank_controller
[2.920s] -- The C compiler identification is GNU 9.4.0
[3.698s] -- The CXX compiler identification is GNU 9.4.0
[3.791s] -- Check for working C compiler: /usr/bin/cc
[4.737s] -- Check for working C compiler: /usr/bin/cc -- works
[4.751s] -- Detecting C compiler ABI info
[5.812s] -- Detecting C compiler ABI info - done
[5.978s] -- Detecting C compile features
[5.988s] -- Detecting C compile features - done
[6.019s] -- Check for working CXX compiler: /usr/bin/c++
[6.903s] -- Check for working CXX compiler: /usr/bin/c++ -- works
[6.910s] -- Detecting CXX compiler ABI info
[7.922s] -- Detecting CXX compiler ABI info - done
[8.050s] -- Detecting CXX compile features
[8.054s] -- Detecting CXX compile features - done
[8.177s] -- Found ament_cmake: 0.9.12 (/opt/ros/foxy/share/ament_cmake/cmake)
[8.613s] -- Found PythonInterp: /usr/bin/python3 (found suitable version "3.8.10", minimum required is "3") 
[8.614s] -- Using PYTHON_EXECUTABLE: /usr/bin/python3
[11.322s] -- Found rclpy: 1.0.13 (/opt/ros/foxy/share/rclpy/cmake)
[11.387s] -- Found geometry_msgs: 2.0.5 (/opt/ros/foxy/share/geometry_msgs/cmake)
[11.895s] -- Using all available rosidl_typesupport_c: rosidl_typesupport_fastrtps_c;rosidl_typesupport_introspection_c
[12.003s] -- Found rosidl_adapter: 1.3.1 (/opt/ros/foxy/share/rosidl_adapter/cmake)
[13.246s] -- Found OpenSSL: /usr/lib/aarch64-linux-gnu/libcrypto.so (found version "1.1.1f")  
[13.555s] -- Found FastRTPS: /opt/ros/foxy/include  
[14.339s] -- Using all available rosidl_typesupport_cpp: rosidl_typesupport_fastrtps_cpp;rosidl_typesupport_introspection_cpp
[15.269s] -- Configuring done
[15.306s] -- Generating done
[15.313s] -- Build files have been written to: /home/ubuntu/pi_ws/src/build/tank_controller
[15.355s] Invoked command in '/home/ubuntu/pi_ws/src/build/tank_controller' returned '0': CMAKE_PREFIX_PATH=${CMAKE_PREFIX_PATH}:/home/ubuntu/pi_ws/install/serial_motor_demo:/home/ubuntu/pi_ws/install/diffdrive_arduino:/home/ubuntu/pi_ws/install/my_package:/home/ubuntu/pi_ws/install/gazebo_ros2_control_demos:/opt/ros/foxy /usr/bin/cmake /home/ubuntu/pi_ws/src/tank_controller -DCMAKE_INSTALL_PREFIX=/home/ubuntu/pi_ws/src/install/tank_controller
[15.357s] Invoking command in '/home/ubuntu/pi_ws/src/build/tank_controller': CMAKE_PREFIX_PATH=${CMAKE_PREFIX_PATH}:/home/ubuntu/pi_ws/install/serial_motor_demo:/home/ubuntu/pi_ws/install/diffdrive_arduino:/home/ubuntu/pi_ws/install/my_package:/home/ubuntu/pi_ws/install/gazebo_ros2_control_demos:/opt/ros/foxy /usr/bin/cmake --build /home/ubuntu/pi_ws/src/build/tank_controller -- -j4 -l4
[15.613s] Invoked command in '/home/ubuntu/pi_ws/src/build/tank_controller' returned '0': CMAKE_PREFIX_PATH=${CMAKE_PREFIX_PATH}:/home/ubuntu/pi_ws/install/serial_motor_demo:/home/ubuntu/pi_ws/install/diffdrive_arduino:/home/ubuntu/pi_ws/install/my_package:/home/ubuntu/pi_ws/install/gazebo_ros2_control_demos:/opt/ros/foxy /usr/bin/cmake --build /home/ubuntu/pi_ws/src/build/tank_controller -- -j4 -l4
[15.771s] Invoking command in '/home/ubuntu/pi_ws/src/build/tank_controller': CMAKE_PREFIX_PATH=${CMAKE_PREFIX_PATH}:/home/ubuntu/pi_ws/install/serial_motor_demo:/home/ubuntu/pi_ws/install/diffdrive_arduino:/home/ubuntu/pi_ws/install/my_package:/home/ubuntu/pi_ws/install/gazebo_ros2_control_demos:/opt/ros/foxy /usr/bin/cmake --install /home/ubuntu/pi_ws/src/build/tank_controller
[15.855s] -- Install configuration: ""
[15.857s] -- Installing: /home/ubuntu/pi_ws/src/install/tank_controller/lib/tank_controller/motor_control_test.py
[15.859s] CMake Error at cmake_install.cmake:45 (file):
[15.860s]   file INSTALL cannot find "/home/ubuntu/pi_ws/src/tank_controller/launch":
[15.861s]   No such file or directory.
[15.863s] 
[15.864s] 
[15.872s] Invoked command in '/home/ubuntu/pi_ws/src/build/tank_controller' returned '1': CMAKE_PREFIX_PATH=${CMAKE_PREFIX_PATH}:/home/ubuntu/pi_ws/install/serial_motor_demo:/home/ubuntu/pi_ws/install/diffdrive_arduino:/home/ubuntu/pi_ws/install/my_package:/home/ubuntu/pi_ws/install/gazebo_ros2_control_demos:/opt/ros/foxy /usr/bin/cmake --install /home/ubuntu/pi_ws/src/build/tank_controller
