[2.651s] Invoking command in '/home/ubuntu/pi_ws/build/senior_design': CMAKE_PREFIX_PATH=${CMAKE_PREFIX_PATH}:/home/ubuntu/pi_ws/install/serial_motor_demo:/home/ubuntu/pi_ws/install/my_package:/opt/ros/foxy /usr/bin/cmake /home/ubuntu/pi_ws/src/senior_design -DCMAKE_INSTALL_PREFIX=/home/ubuntu/pi_ws/install/senior_design
[3.404s] -- The C compiler identification is GNU 9.4.0
[4.026s] -- The CXX compiler identification is GNU 9.4.0
[4.111s] -- Check for working C compiler: /usr/bin/cc
[5.183s] -- Check for working C compiler: /usr/bin/cc -- works
[5.203s] -- Detecting C compiler ABI info
[6.396s] -- Detecting C compiler ABI info - done
[6.479s] -- Detecting C compile features
[6.483s] -- Detecting C compile features - done
[6.509s] -- Check for working CXX compiler: /usr/bin/c++
[7.512s] -- Check for working CXX compiler: /usr/bin/c++ -- works
[7.520s] -- Detecting CXX compiler ABI info
[8.842s] -- Detecting CXX compiler ABI info - done
[9.011s] -- Detecting CXX compile features
[9.014s] -- Detecting CXX compile features - done
[9.100s] -- Found ament_cmake: 0.9.12 (/opt/ros/foxy/share/ament_cmake/cmake)
[9.598s] -- Found PythonInterp: /usr/bin/python3 (found suitable version "3.8.10", minimum required is "3") 
[9.600s] -- Using PYTHON_EXECUTABLE: /usr/bin/python3
[12.917s] -- Found ament_lint_auto: 0.9.8 (/opt/ros/foxy/share/ament_lint_auto/cmake)
[14.497s] -- Added test 'copyright' to check source files copyright and LICENSE
[14.610s] -- Added test 'flake8' to check Python code syntax and style conventions
[14.637s] -- Added test 'lint_cmake' to check CMake code style
[14.658s] -- Added test 'pep257' to check Python code against some of the style conventions in PEP 257
[14.761s] -- Added test 'xmllint' to check XML markup files
[14.814s] -- Configuring done
[14.846s] -- Generating done
[14.867s] -- Build files have been written to: /home/ubuntu/pi_ws/build/senior_design
[14.932s] Invoked command in '/home/ubuntu/pi_ws/build/senior_design' returned '0': CMAKE_PREFIX_PATH=${CMAKE_PREFIX_PATH}:/home/ubuntu/pi_ws/install/serial_motor_demo:/home/ubuntu/pi_ws/install/my_package:/opt/ros/foxy /usr/bin/cmake /home/ubuntu/pi_ws/src/senior_design -DCMAKE_INSTALL_PREFIX=/home/ubuntu/pi_ws/install/senior_design
[14.939s] Invoking command in '/home/ubuntu/pi_ws/build/senior_design': CMAKE_PREFIX_PATH=${CMAKE_PREFIX_PATH}:/home/ubuntu/pi_ws/install/serial_motor_demo:/home/ubuntu/pi_ws/install/my_package:/opt/ros/foxy /usr/bin/cmake --build /home/ubuntu/pi_ws/build/senior_design -- -j4 -l4
[15.423s] Invoked command in '/home/ubuntu/pi_ws/build/senior_design' returned '0': CMAKE_PREFIX_PATH=${CMAKE_PREFIX_PATH}:/home/ubuntu/pi_ws/install/serial_motor_demo:/home/ubuntu/pi_ws/install/my_package:/opt/ros/foxy /usr/bin/cmake --build /home/ubuntu/pi_ws/build/senior_design -- -j4 -l4
[16.174s] Invoking command in '/home/ubuntu/pi_ws/build/senior_design': CMAKE_PREFIX_PATH=${CMAKE_PREFIX_PATH}:/home/ubuntu/pi_ws/install/serial_motor_demo:/home/ubuntu/pi_ws/install/my_package:/opt/ros/foxy /usr/bin/cmake --install /home/ubuntu/pi_ws/build/senior_design
[16.335s] -- Install configuration: ""
[16.340s] -- Installing: /home/ubuntu/pi_ws/install/senior_design/share/senior_design/config
[16.346s] -- Installing: /home/ubuntu/pi_ws/install/senior_design/share/senior_design/config/view_bot.rviz
[16.364s] -- Installing: /home/ubuntu/pi_ws/install/senior_design/share/senior_design/config/my_controllers.yaml
[16.369s] -- Installing: /home/ubuntu/pi_ws/install/senior_design/share/senior_design/config/map.rviz
[16.374s] -- Installing: /home/ubuntu/pi_ws/install/senior_design/share/senior_design/config/ball_tracker_params_robot.yaml
[16.380s] -- Installing: /home/ubuntu/pi_ws/install/senior_design/share/senior_design/config/mapper_params_online_async.yaml
[16.387s] -- Installing: /home/ubuntu/pi_ws/install/senior_design/share/senior_design/config/drive_bot.rviz
[16.405s] -- Installing: /home/ubuntu/pi_ws/install/senior_design/share/senior_design/config/ball_tracker_params_sim.yaml
[16.406s] -- Installing: /home/ubuntu/pi_ws/install/senior_design/share/senior_design/config/main.rviz
[16.407s] -- Installing: /home/ubuntu/pi_ws/install/senior_design/share/senior_design/config/nav2_params.yaml
[16.408s] -- Installing: /home/ubuntu/pi_ws/install/senior_design/share/senior_design/config/joystick.yaml
[16.408s] -- Installing: /home/ubuntu/pi_ws/install/senior_design/share/senior_design/config/gazebo_params.yaml
[16.409s] -- Installing: /home/ubuntu/pi_ws/install/senior_design/share/senior_design/config/twist_mux.yaml
[16.410s] -- Installing: /home/ubuntu/pi_ws/install/senior_design/share/senior_design/config/gaz_ros2_ctl_use_sim.yaml
[16.411s] -- Installing: /home/ubuntu/pi_ws/install/senior_design/share/senior_design/config/empty.yaml
[16.414s] -- Installing: /home/ubuntu/pi_ws/install/senior_design/share/senior_design/description
[16.415s] -- Installing: /home/ubuntu/pi_ws/install/senior_design/share/senior_design/description/ros2_control.xacro
[16.416s] -- Installing: /home/ubuntu/pi_ws/install/senior_design/share/senior_design/description/inertial_macros.xacro
[16.423s] -- Installing: /home/ubuntu/pi_ws/install/senior_design/share/senior_design/description/depth_camera.xacro
[16.430s] -- Installing: /home/ubuntu/pi_ws/install/senior_design/share/senior_design/description/robot_core.xacro
[16.431s] -- Installing: /home/ubuntu/pi_ws/install/senior_design/share/senior_design/description/robot.urdf.xacro
[16.432s] -- Installing: /home/ubuntu/pi_ws/install/senior_design/share/senior_design/description/camera.xacro
[16.443s] -- Installing: /home/ubuntu/pi_ws/install/senior_design/share/senior_design/description/gazebo_control.xacro
[16.448s] -- Installing: /home/ubuntu/pi_ws/install/senior_design/share/senior_design/description/lidar.xacro
[16.449s] -- Installing: /home/ubuntu/pi_ws/install/senior_design/share/senior_design/description/face.xacro
[16.450s] -- Installing: /home/ubuntu/pi_ws/install/senior_design/share/senior_design/launch
[16.459s] -- Installing: /home/ubuntu/pi_ws/install/senior_design/share/senior_design/launch/camera.launch.py
[16.461s] -- Installing: /home/ubuntu/pi_ws/install/senior_design/share/senior_design/launch/obstacle_avoid.launch.py
[16.462s] -- Installing: /home/ubuntu/pi_ws/install/senior_design/share/senior_design/launch/rplidar.launch.py
[16.463s] -- Installing: /home/ubuntu/pi_ws/install/senior_design/share/senior_design/launch/__pycache__
[16.470s] -- Installing: /home/ubuntu/pi_ws/install/senior_design/share/senior_design/launch/__pycache__/rplidar.launch.cpython-38.pyc
[16.470s] -- Installing: /home/ubuntu/pi_ws/install/senior_design/share/senior_design/launch/launch_robot.launch.py
[16.471s] -- Installing: /home/ubuntu/pi_ws/install/senior_design/share/senior_design/launch/localization_launch.py
[16.472s] -- Installing: /home/ubuntu/pi_ws/install/senior_design/share/senior_design/launch/online_async_launch.py
[16.473s] -- Installing: /home/ubuntu/pi_ws/install/senior_design/share/senior_design/launch/rsp.launch.py
[16.481s] -- Installing: /home/ubuntu/pi_ws/install/senior_design/share/senior_design/launch/navigation_launch.py
[16.482s] -- Installing: /home/ubuntu/pi_ws/install/senior_design/share/senior_design/launch/joystick.launch.py
[16.490s] -- Installing: /home/ubuntu/pi_ws/install/senior_design/share/senior_design/launch/launch_sim.launch.py
[16.493s] -- Installing: /home/ubuntu/pi_ws/install/senior_design/share/senior_design/launch/ball_tracker.launch.py
[16.494s] -- Installing: /home/ubuntu/pi_ws/install/senior_design/share/senior_design/worlds
[16.499s] -- Installing: /home/ubuntu/pi_ws/install/senior_design/share/senior_design/worlds/empty.world
[16.502s] -- Installing: /home/ubuntu/pi_ws/install/senior_design/share/senior_design/worlds/obstacles.world
[16.516s] -- Installing: /home/ubuntu/pi_ws/install/senior_design/share/ament_index/resource_index/package_run_dependencies/senior_design
[16.524s] -- Installing: /home/ubuntu/pi_ws/install/senior_design/share/ament_index/resource_index/parent_prefix_path/senior_design
[16.528s] -- Installing: /home/ubuntu/pi_ws/install/senior_design/share/senior_design/environment/ament_prefix_path.sh
[16.529s] -- Installing: /home/ubuntu/pi_ws/install/senior_design/share/senior_design/environment/ament_prefix_path.dsv
[16.531s] -- Installing: /home/ubuntu/pi_ws/install/senior_design/share/senior_design/environment/path.sh
[16.532s] -- Installing: /home/ubuntu/pi_ws/install/senior_design/share/senior_design/environment/path.dsv
[16.539s] -- Installing: /home/ubuntu/pi_ws/install/senior_design/share/senior_design/local_setup.bash
[16.540s] -- Installing: /home/ubuntu/pi_ws/install/senior_design/share/senior_design/local_setup.sh
[16.547s] -- Installing: /home/ubuntu/pi_ws/install/senior_design/share/senior_design/local_setup.zsh
[16.550s] -- Installing: /home/ubuntu/pi_ws/install/senior_design/share/senior_design/local_setup.dsv
[16.551s] -- Installing: /home/ubuntu/pi_ws/install/senior_design/share/senior_design/package.dsv
[16.556s] -- Installing: /home/ubuntu/pi_ws/install/senior_design/share/ament_index/resource_index/packages/senior_design
[16.558s] -- Installing: /home/ubuntu/pi_ws/install/senior_design/share/senior_design/cmake/senior_designConfig.cmake
[16.580s] -- Installing: /home/ubuntu/pi_ws/install/senior_design/share/senior_design/cmake/senior_designConfig-version.cmake
[16.581s] -- Installing: /home/ubuntu/pi_ws/install/senior_design/share/senior_design/package.xml
[16.602s] Invoked command in '/home/ubuntu/pi_ws/build/senior_design' returned '0': CMAKE_PREFIX_PATH=${CMAKE_PREFIX_PATH}:/home/ubuntu/pi_ws/install/serial_motor_demo:/home/ubuntu/pi_ws/install/my_package:/opt/ros/foxy /usr/bin/cmake --install /home/ubuntu/pi_ws/build/senior_design
