[7.768s] Invoking command in '/home/ubuntu/pi_ws/src/ros2_detection/my_package': PYTHONPATH=/home/ubuntu/pi_ws/build/my_package/prefix_override:/home/ubuntu/pi_ws/install/my_package/lib/python3.8/site-packages:${PYTHONPATH} /usr/bin/python3 setup.py egg_info --egg-base ../../../build/my_package build --build-base /home/ubuntu/pi_ws/build/my_package/build install --record /home/ubuntu/pi_ws/build/my_package/install.log --install-scripts $base/lib/my_package --single-version-externally-managed
[9.953s] running egg_info
[9.958s] writing ../../../build/my_package/my_package.egg-info/PKG-INFO
[9.958s] writing dependency_links to ../../../build/my_package/my_package.egg-info/dependency_links.txt
[9.962s] writing entry points to ../../../build/my_package/my_package.egg-info/entry_points.txt
[9.963s] writing requirements to ../../../build/my_package/my_package.egg-info/requires.txt
[9.964s] writing top-level names to ../../../build/my_package/my_package.egg-info/top_level.txt
[10.277s] reading manifest file '../../../build/my_package/my_package.egg-info/SOURCES.txt'
[10.286s] writing manifest file '../../../build/my_package/my_package.egg-info/SOURCES.txt'
[10.290s] running build
[10.299s] running build_py
[10.300s] copying my_package/detection.py -> /home/ubuntu/pi_ws/build/my_package/build/lib/my_package
[10.301s] running install
[10.333s] running install_lib
[10.334s] copying /home/ubuntu/pi_ws/build/my_package/build/lib/my_package/detection.py -> /home/ubuntu/pi_ws/install/my_package/lib/python3.8/site-packages/my_package
[10.354s] byte-compiling /home/ubuntu/pi_ws/install/my_package/lib/python3.8/site-packages/my_package/detection.py to detection.cpython-38.pyc
[10.378s] running install_data
[10.383s] running install_egg_info
[10.402s] removing '/home/ubuntu/pi_ws/install/my_package/lib/python3.8/site-packages/my_package-0.0.0-py3.8.egg-info' (and everything under it)
[10.404s] Copying ../../../build/my_package/my_package.egg-info to /home/ubuntu/pi_ws/install/my_package/lib/python3.8/site-packages/my_package-0.0.0-py3.8.egg-info
[10.428s] running install_scripts
[10.602s] Installing controller script to /home/ubuntu/pi_ws/install/my_package/lib/my_package
[10.604s] Installing detection script to /home/ubuntu/pi_ws/install/my_package/lib/my_package
[10.605s] Installing display script to /home/ubuntu/pi_ws/install/my_package/lib/my_package
[10.614s] writing list of installed files to '/home/ubuntu/pi_ws/build/my_package/install.log'
[16.811s] Invoked command in '/home/ubuntu/pi_ws/src/ros2_detection/my_package' returned '0': PYTHONPATH=/home/ubuntu/pi_ws/build/my_package/prefix_override:/home/ubuntu/pi_ws/install/my_package/lib/python3.8/site-packages:${PYTHONPATH} /usr/bin/python3 setup.py egg_info --egg-base ../../../build/my_package build --build-base /home/ubuntu/pi_ws/build/my_package/build install --record /home/ubuntu/pi_ws/build/my_package/install.log --install-scripts $base/lib/my_package --single-version-externally-managed
