[6.635s] Invoking command in '/home/ubuntu/pi_ws/src/serial_motor_demo/serial_motor_demo': CMAKE_PREFIX_PATH=/home/ubuntu/pi_ws/install/serial_motor_demo_msgs:/home/ubuntu/pi_ws/install/senior_design:/home/ubuntu/pi_ws/install/tank_controller:/home/ubuntu/pi_ws/install/diffdrive_arduino:/home/ubuntu/pi_ws/install/serial:/home/ubuntu/pi_ws/install/senior_design1:/home/ubuntu/pi_ws/install/gazebo_ros2_control_demos:/home/ubuntu/pi_ws/install/gazebo_ros2_control PYTHONPATH=/home/ubuntu/pi_ws/build/serial_motor_demo/prefix_override:/home/ubuntu/pi_ws/install/serial_motor_demo/lib/python3.8/site-packages:/home/ubuntu/pi_ws/install/serial_motor_demo_msgs/lib/python3.8/site-packages:/home/ubuntu/pi_ws/install/tank_controller/lib/python3.8/site-packages:/home/ubuntu/pi_ws/install/serial_motor_demo/lib/python3.8/site-packages:/home/ubuntu/pi_ws/install/my_package/lib/python3.8/site-packages:/opt/ros/foxy/lib/python3.8/site-packages /usr/bin/python3 setup.py egg_info --egg-base ../../../build/serial_motor_demo build --build-base /home/ubuntu/pi_ws/build/serial_motor_demo/build install --record /home/ubuntu/pi_ws/build/serial_motor_demo/install.log --install-scripts $base/lib/serial_motor_demo --single-version-externally-managed
[8.441s] running egg_info
[8.446s] creating ../../../build/serial_motor_demo/serial_motor_demo.egg-info
[8.447s] writing ../../../build/serial_motor_demo/serial_motor_demo.egg-info/PKG-INFO
[8.452s] writing dependency_links to ../../../build/serial_motor_demo/serial_motor_demo.egg-info/dependency_links.txt
[8.456s] writing entry points to ../../../build/serial_motor_demo/serial_motor_demo.egg-info/entry_points.txt
[8.457s] writing requirements to ../../../build/serial_motor_demo/serial_motor_demo.egg-info/requires.txt
[8.458s] writing top-level names to ../../../build/serial_motor_demo/serial_motor_demo.egg-info/top_level.txt
[8.463s] writing manifest file '../../../build/serial_motor_demo/serial_motor_demo.egg-info/SOURCES.txt'
[8.665s] reading manifest file '../../../build/serial_motor_demo/serial_motor_demo.egg-info/SOURCES.txt'
[8.673s] writing manifest file '../../../build/serial_motor_demo/serial_motor_demo.egg-info/SOURCES.txt'
[8.676s] running build
[8.676s] running build_py
[8.680s] creating /home/ubuntu/pi_ws/build/serial_motor_demo/build
[8.680s] creating /home/ubuntu/pi_ws/build/serial_motor_demo/build/lib
[8.684s] creating /home/ubuntu/pi_ws/build/serial_motor_demo/build/lib/serial_motor_demo
[8.685s] copying serial_motor_demo/gui.py -> /home/ubuntu/pi_ws/build/serial_motor_demo/build/lib/serial_motor_demo
[8.685s] copying serial_motor_demo/driver.py -> /home/ubuntu/pi_ws/build/serial_motor_demo/build/lib/serial_motor_demo
[8.686s] copying serial_motor_demo/__init__.py -> /home/ubuntu/pi_ws/build/serial_motor_demo/build/lib/serial_motor_demo
[8.687s] running install
[8.688s] running install_lib
[8.695s] creating /home/ubuntu/pi_ws/install/serial_motor_demo/lib/python3.8/site-packages/serial_motor_demo
[8.697s] copying /home/ubuntu/pi_ws/build/serial_motor_demo/build/lib/serial_motor_demo/gui.py -> /home/ubuntu/pi_ws/install/serial_motor_demo/lib/python3.8/site-packages/serial_motor_demo
[8.700s] copying /home/ubuntu/pi_ws/build/serial_motor_demo/build/lib/serial_motor_demo/driver.py -> /home/ubuntu/pi_ws/install/serial_motor_demo/lib/python3.8/site-packages/serial_motor_demo
[8.703s] copying /home/ubuntu/pi_ws/build/serial_motor_demo/build/lib/serial_motor_demo/__init__.py -> /home/ubuntu/pi_ws/install/serial_motor_demo/lib/python3.8/site-packages/serial_motor_demo
[8.708s] byte-compiling /home/ubuntu/pi_ws/install/serial_motor_demo/lib/python3.8/site-packages/serial_motor_demo/gui.py to gui.cpython-38.pyc
[8.720s] byte-compiling /home/ubuntu/pi_ws/install/serial_motor_demo/lib/python3.8/site-packages/serial_motor_demo/driver.py to driver.cpython-38.pyc
[8.726s] byte-compiling /home/ubuntu/pi_ws/install/serial_motor_demo/lib/python3.8/site-packages/serial_motor_demo/__init__.py to __init__.cpython-38.pyc
[8.729s] running install_data
[8.733s] creating /home/ubuntu/pi_ws/install/serial_motor_demo/share/ament_index
[8.735s] creating /home/ubuntu/pi_ws/install/serial_motor_demo/share/ament_index/resource_index
[8.737s] creating /home/ubuntu/pi_ws/install/serial_motor_demo/share/ament_index/resource_index/packages
[8.739s] copying resource/serial_motor_demo -> /home/ubuntu/pi_ws/install/serial_motor_demo/share/ament_index/resource_index/packages
[8.741s] copying package.xml -> /home/ubuntu/pi_ws/install/serial_motor_demo/share/serial_motor_demo
[8.743s] running install_egg_info
[8.758s] Copying ../../../build/serial_motor_demo/serial_motor_demo.egg-info to /home/ubuntu/pi_ws/install/serial_motor_demo/lib/python3.8/site-packages/serial_motor_demo-0.0.0-py3.8.egg-info
[8.772s] running install_scripts
[8.884s] Installing driver script to /home/ubuntu/pi_ws/install/serial_motor_demo/lib/serial_motor_demo
[8.887s] Installing gui script to /home/ubuntu/pi_ws/install/serial_motor_demo/lib/serial_motor_demo
[8.891s] writing list of installed files to '/home/ubuntu/pi_ws/build/serial_motor_demo/install.log'
[9.090s] Invoked command in '/home/ubuntu/pi_ws/src/serial_motor_demo/serial_motor_demo' returned '0': CMAKE_PREFIX_PATH=/home/ubuntu/pi_ws/install/serial_motor_demo_msgs:/home/ubuntu/pi_ws/install/senior_design:/home/ubuntu/pi_ws/install/tank_controller:/home/ubuntu/pi_ws/install/diffdrive_arduino:/home/ubuntu/pi_ws/install/serial:/home/ubuntu/pi_ws/install/senior_design1:/home/ubuntu/pi_ws/install/gazebo_ros2_control_demos:/home/ubuntu/pi_ws/install/gazebo_ros2_control PYTHONPATH=/home/ubuntu/pi_ws/build/serial_motor_demo/prefix_override:/home/ubuntu/pi_ws/install/serial_motor_demo/lib/python3.8/site-packages:/home/ubuntu/pi_ws/install/serial_motor_demo_msgs/lib/python3.8/site-packages:/home/ubuntu/pi_ws/install/tank_controller/lib/python3.8/site-packages:/home/ubuntu/pi_ws/install/serial_motor_demo/lib/python3.8/site-packages:/home/ubuntu/pi_ws/install/my_package/lib/python3.8/site-packages:/opt/ros/foxy/lib/python3.8/site-packages /usr/bin/python3 setup.py egg_info --egg-base ../../../build/serial_motor_demo build --build-base /home/ubuntu/pi_ws/build/serial_motor_demo/build install --record /home/ubuntu/pi_ws/build/serial_motor_demo/install.log --install-scripts $base/lib/serial_motor_demo --single-version-externally-managed
