[2.745s] Invoking command in '/home/ubuntu/pi_ws/build/tank_controller': CMAKE_PREFIX_PATH=${CMAKE_PREFIX_PATH}:/home/ubuntu/pi_ws/install/serial_motor_demo:/home/ubuntu/pi_ws/install/my_package:/opt/ros/foxy /usr/bin/cmake /home/ubuntu/pi_ws/src/tank_controller -DCMAKE_INSTALL_PREFIX=/home/ubuntu/pi_ws/install/tank_controller
[3.533s] -- The C compiler identification is GNU 9.4.0
[3.927s] -- The CXX compiler identification is GNU 9.4.0
[3.976s] -- Check for working C compiler: /usr/bin/cc
[4.403s] -- Check for working C compiler: /usr/bin/cc -- works
[4.409s] -- Detecting C compiler ABI info
[4.862s] -- Detecting C compiler ABI info - done
[4.915s] -- Detecting C compile features
[4.919s] -- Detecting C compile features - done
[4.946s] -- Check for working CXX compiler: /usr/bin/c++
[5.554s] -- Check for working CXX compiler: /usr/bin/c++ -- works
[5.558s] -- Detecting CXX compiler ABI info
[6.147s] -- Detecting CXX compiler ABI info - done
[6.212s] -- Detecting CXX compile features
[6.214s] -- Detecting CXX compile features - done
[6.250s] -- Found ament_cmake: 0.9.12 (/opt/ros/foxy/share/ament_cmake/cmake)
[6.443s] -- Found PythonInterp: /usr/bin/python3 (found suitable version "3.8.10", minimum required is "3") 
[6.446s] -- Using PYTHON_EXECUTABLE: /usr/bin/python3
[8.683s] -- Found rclpy: 1.0.13 (/opt/ros/foxy/share/rclpy/cmake)
[8.706s] -- Found sensor_msgs: 2.0.5 (/opt/ros/foxy/share/sensor_msgs/cmake)
[9.025s] -- Using all available rosidl_typesupport_c: rosidl_typesupport_fastrtps_c;rosidl_typesupport_introspection_c
[9.114s] -- Found rosidl_adapter: 1.3.1 (/opt/ros/foxy/share/rosidl_adapter/cmake)
[9.965s] -- Found OpenSSL: /usr/lib/aarch64-linux-gnu/libcrypto.so (found version "1.1.1f")  
[10.259s] -- Found FastRTPS: /opt/ros/foxy/include  
[10.903s] -- Using all available rosidl_typesupport_cpp: rosidl_typesupport_fastrtps_cpp;rosidl_typesupport_introspection_cpp
[11.625s] -- Found ament_lint_auto: 0.9.8 (/opt/ros/foxy/share/ament_lint_auto/cmake)
[12.288s] -- Added test 'copyright' to check source files copyright and LICENSE
[12.316s] -- Added test 'flake8' to check Python code syntax and style conventions
[12.327s] -- Added test 'lint_cmake' to check CMake code style
[12.330s] -- Added test 'pep257' to check Python code against some of the style conventions in PEP 257
[12.343s] -- Added test 'xmllint' to check XML markup files
[12.368s] -- Configuring done
[12.386s] -- Generating done
[12.395s] -- Build files have been written to: /home/ubuntu/pi_ws/build/tank_controller
[12.443s] Invoked command in '/home/ubuntu/pi_ws/build/tank_controller' returned '0': CMAKE_PREFIX_PATH=${CMAKE_PREFIX_PATH}:/home/ubuntu/pi_ws/install/serial_motor_demo:/home/ubuntu/pi_ws/install/my_package:/opt/ros/foxy /usr/bin/cmake /home/ubuntu/pi_ws/src/tank_controller -DCMAKE_INSTALL_PREFIX=/home/ubuntu/pi_ws/install/tank_controller
[12.453s] Invoking command in '/home/ubuntu/pi_ws/build/tank_controller': CMAKE_PREFIX_PATH=${CMAKE_PREFIX_PATH}:/home/ubuntu/pi_ws/install/serial_motor_demo:/home/ubuntu/pi_ws/install/my_package:/opt/ros/foxy /usr/bin/cmake --build /home/ubuntu/pi_ws/build/tank_controller -- -j4 -l4
[12.786s] Invoked command in '/home/ubuntu/pi_ws/build/tank_controller' returned '0': CMAKE_PREFIX_PATH=${CMAKE_PREFIX_PATH}:/home/ubuntu/pi_ws/install/serial_motor_demo:/home/ubuntu/pi_ws/install/my_package:/opt/ros/foxy /usr/bin/cmake --build /home/ubuntu/pi_ws/build/tank_controller -- -j4 -l4
[12.970s] Invoking command in '/home/ubuntu/pi_ws/build/tank_controller': CMAKE_PREFIX_PATH=${CMAKE_PREFIX_PATH}:/home/ubuntu/pi_ws/install/serial_motor_demo:/home/ubuntu/pi_ws/install/my_package:/opt/ros/foxy /usr/bin/cmake --install /home/ubuntu/pi_ws/build/tank_controller
[13.027s] -- Install configuration: ""
[13.030s] -- Installing: /home/ubuntu/pi_ws/install/tank_controller/lib/tank_controller/start_robot.py
[13.033s] -- Installing: /home/ubuntu/pi_ws/install/tank_controller/lib/tank_controller/motor_control_test.py
[13.035s] -- Installing: /home/ubuntu/pi_ws/install/tank_controller/share/tank_controller/launch
[13.037s] -- Installing: /home/ubuntu/pi_ws/install/tank_controller/share/tank_controller/config
[13.037s] -- Installing: /home/ubuntu/pi_ws/install/tank_controller/share/ament_index/resource_index/package_run_dependencies/tank_controller
[13.044s] -- Installing: /home/ubuntu/pi_ws/install/tank_controller/share/ament_index/resource_index/parent_prefix_path/tank_controller
[13.047s] -- Installing: /home/ubuntu/pi_ws/install/tank_controller/share/tank_controller/environment/ament_prefix_path.sh
[13.048s] -- Installing: /home/ubuntu/pi_ws/install/tank_controller/share/tank_controller/environment/ament_prefix_path.dsv
[13.054s] -- Installing: /home/ubuntu/pi_ws/install/tank_controller/share/tank_controller/environment/path.sh
[13.056s] -- Installing: /home/ubuntu/pi_ws/install/tank_controller/share/tank_controller/environment/path.dsv
[13.058s] -- Installing: /home/ubuntu/pi_ws/install/tank_controller/share/tank_controller/local_setup.bash
[13.069s] -- Installing: /home/ubuntu/pi_ws/install/tank_controller/share/tank_controller/local_setup.sh
[13.070s] -- Installing: /home/ubuntu/pi_ws/install/tank_controller/share/tank_controller/local_setup.zsh
[13.070s] -- Installing: /home/ubuntu/pi_ws/install/tank_controller/share/tank_controller/local_setup.dsv
[13.071s] -- Installing: /home/ubuntu/pi_ws/install/tank_controller/share/tank_controller/package.dsv
[13.072s] -- Installing: /home/ubuntu/pi_ws/install/tank_controller/share/ament_index/resource_index/packages/tank_controller
[13.072s] -- Installing: /home/ubuntu/pi_ws/install/tank_controller/share/tank_controller/cmake/tank_controllerConfig.cmake
[13.073s] -- Installing: /home/ubuntu/pi_ws/install/tank_controller/share/tank_controller/cmake/tank_controllerConfig-version.cmake
[13.074s] -- Installing: /home/ubuntu/pi_ws/install/tank_controller/share/tank_controller/package.xml
[13.081s] Invoked command in '/home/ubuntu/pi_ws/build/tank_controller' returned '0': CMAKE_PREFIX_PATH=${CMAKE_PREFIX_PATH}:/home/ubuntu/pi_ws/install/serial_motor_demo:/home/ubuntu/pi_ws/install/my_package:/opt/ros/foxy /usr/bin/cmake --install /home/ubuntu/pi_ws/build/tank_controller
