[0.508s] Invoking command in '/home/ubuntu/pi_ws/build/senior_design1': CMAKE_PREFIX_PATH=/opt/ros/foxy /usr/bin/cmake /home/ubuntu/pi_ws/src/senior_design1 -DAMENT_CMAKE_SYMLINK_INSTALL=1 -DCMAKE_INSTALL_PREFIX=/home/ubuntu/pi_ws/install/senior_design1
[0.736s] -- Found ament_cmake: 0.9.12 (/opt/ros/foxy/share/ament_cmake/cmake)
[0.890s] -- Using PYTHON_EXECUTABLE: /usr/bin/python3
[1.879s] -- Override CMake install command with custom implementation using symlinks instead of copying resources
[2.010s] -- Found ament_lint_auto: 0.9.8 (/opt/ros/foxy/share/ament_lint_auto/cmake)
[2.476s] -- Added test 'copyright' to check source files copyright and LICENSE
[2.564s] -- Added test 'flake8' to check Python code syntax and style conventions
[2.578s] -- Added test 'lint_cmake' to check CMake code style
[2.585s] -- Added test 'pep257' to check Python code against some of the style conventions in PEP 257
[2.634s] -- Added test 'xmllint' to check XML markup files
[2.675s] -- Configuring done
[2.774s] -- Generating done
[2.781s] -- Build files have been written to: /home/ubuntu/pi_ws/build/senior_design1
[2.816s] Invoked command in '/home/ubuntu/pi_ws/build/senior_design1' returned '0': CMAKE_PREFIX_PATH=/opt/ros/foxy /usr/bin/cmake /home/ubuntu/pi_ws/src/senior_design1 -DAMENT_CMAKE_SYMLINK_INSTALL=1 -DCMAKE_INSTALL_PREFIX=/home/ubuntu/pi_ws/install/senior_design1
[2.831s] Invoking command in '/home/ubuntu/pi_ws/build/senior_design1': CMAKE_PREFIX_PATH=/opt/ros/foxy /usr/bin/cmake --build /home/ubuntu/pi_ws/build/senior_design1 -- -j4 -l4
[3.027s] Invoked command in '/home/ubuntu/pi_ws/build/senior_design1' returned '0': CMAKE_PREFIX_PATH=/opt/ros/foxy /usr/bin/cmake --build /home/ubuntu/pi_ws/build/senior_design1 -- -j4 -l4
[3.267s] Invoking command in '/home/ubuntu/pi_ws/build/senior_design1': CMAKE_PREFIX_PATH=/opt/ros/foxy /usr/bin/cmake --install /home/ubuntu/pi_ws/build/senior_design1
[3.310s] -- Install configuration: ""
[3.313s] -- Execute custom install script
[3.319s] -- Symlinking: /home/ubuntu/pi_ws/install/senior_design1/share/senior_design1/config/ball_tracker_params_robot.yaml
[3.357s] -- Symlinking: /home/ubuntu/pi_ws/install/senior_design1/share/senior_design1/config/ball_tracker_params_sim.yaml
[3.390s] -- Symlinking: /home/ubuntu/pi_ws/install/senior_design1/share/senior_design1/config/drive_bot.rviz
[3.428s] -- Symlinking: /home/ubuntu/pi_ws/install/senior_design1/share/senior_design1/config/empty.yaml
[3.460s] -- Symlinking: /home/ubuntu/pi_ws/install/senior_design1/share/senior_design1/config/gaz_ros2_ctl_use_sim.yaml
[3.497s] -- Symlinking: /home/ubuntu/pi_ws/install/senior_design1/share/senior_design1/config/gazebo_params.yaml
[3.531s] -- Symlinking: /home/ubuntu/pi_ws/install/senior_design1/share/senior_design1/config/joystick.yaml
[3.568s] -- Symlinking: /home/ubuntu/pi_ws/install/senior_design1/share/senior_design1/config/main.rviz
[3.604s] -- Symlinking: /home/ubuntu/pi_ws/install/senior_design1/share/senior_design1/config/map.rviz
[3.640s] -- Symlinking: /home/ubuntu/pi_ws/install/senior_design1/share/senior_design1/config/mapper_params_online_async.yaml
[3.678s] -- Symlinking: /home/ubuntu/pi_ws/install/senior_design1/share/senior_design1/config/my_controllers.yaml
[3.717s] -- Symlinking: /home/ubuntu/pi_ws/install/senior_design1/share/senior_design1/config/nav2_params.yaml
[3.755s] -- Symlinking: /home/ubuntu/pi_ws/install/senior_design1/share/senior_design1/config/twist_mux.yaml
[3.791s] -- Symlinking: /home/ubuntu/pi_ws/install/senior_design1/share/senior_design1/config/view_bot.rviz
[3.830s] -- Symlinking: /home/ubuntu/pi_ws/install/senior_design1/share/senior_design1/description/camera.xacro
[3.866s] -- Symlinking: /home/ubuntu/pi_ws/install/senior_design1/share/senior_design1/description/depth_camera.xacro
[3.899s] -- Symlinking: /home/ubuntu/pi_ws/install/senior_design1/share/senior_design1/description/face.xacro
[3.937s] -- Symlinking: /home/ubuntu/pi_ws/install/senior_design1/share/senior_design1/description/gazebo_control.xacro
[3.974s] -- Symlinking: /home/ubuntu/pi_ws/install/senior_design1/share/senior_design1/description/inertial_macros.xacro
[4.011s] -- Symlinking: /home/ubuntu/pi_ws/install/senior_design1/share/senior_design1/description/lidar.xacro
[4.055s] -- Symlinking: /home/ubuntu/pi_ws/install/senior_design1/share/senior_design1/description/robot.urdf.xacro
[4.093s] -- Symlinking: /home/ubuntu/pi_ws/install/senior_design1/share/senior_design1/description/robot_core.xacro
[4.131s] -- Symlinking: /home/ubuntu/pi_ws/install/senior_design1/share/senior_design1/description/ros2_control.xacro
[4.173s] -- Symlinking: /home/ubuntu/pi_ws/install/senior_design1/share/senior_design1/launch/ball_tracker.launch.py
[4.212s] -- Symlinking: /home/ubuntu/pi_ws/install/senior_design1/share/senior_design1/launch/camera.launch.py
[4.250s] -- Symlinking: /home/ubuntu/pi_ws/install/senior_design1/share/senior_design1/launch/joystick.launch.py
[4.291s] -- Symlinking: /home/ubuntu/pi_ws/install/senior_design1/share/senior_design1/launch/launch_robot.launch.py
[4.329s] -- Symlinking: /home/ubuntu/pi_ws/install/senior_design1/share/senior_design1/launch/launch_sim.launch.py
[4.366s] -- Symlinking: /home/ubuntu/pi_ws/install/senior_design1/share/senior_design1/launch/localization_launch.py
[4.410s] -- Symlinking: /home/ubuntu/pi_ws/install/senior_design1/share/senior_design1/launch/navigation_launch.py
[4.451s] -- Symlinking: /home/ubuntu/pi_ws/install/senior_design1/share/senior_design1/launch/online_async_launch.py
[4.489s] -- Symlinking: /home/ubuntu/pi_ws/install/senior_design1/share/senior_design1/launch/rplidar.launch.py
[4.528s] -- Symlinking: /home/ubuntu/pi_ws/install/senior_design1/share/senior_design1/launch/rsp.launch.py
[4.563s] -- Symlinking: /home/ubuntu/pi_ws/install/senior_design1/share/senior_design1/worlds/empty.world
[4.600s] -- Symlinking: /home/ubuntu/pi_ws/install/senior_design1/share/senior_design1/worlds/obstacles.world
[4.632s] -- Symlinking: /home/ubuntu/pi_ws/install/senior_design1/share/ament_index/resource_index/package_run_dependencies/senior_design1
[4.668s] -- Symlinking: /home/ubuntu/pi_ws/install/senior_design1/share/ament_index/resource_index/parent_prefix_path/senior_design1
[4.703s] -- Symlinking: /home/ubuntu/pi_ws/install/senior_design1/share/senior_design1/environment/ament_prefix_path.sh
[4.738s] -- Symlinking: /home/ubuntu/pi_ws/install/senior_design1/share/senior_design1/environment/ament_prefix_path.dsv
[4.774s] -- Symlinking: /home/ubuntu/pi_ws/install/senior_design1/share/senior_design1/environment/path.sh
[4.811s] -- Symlinking: /home/ubuntu/pi_ws/install/senior_design1/share/senior_design1/environment/path.dsv
[4.847s] -- Symlinking: /home/ubuntu/pi_ws/install/senior_design1/share/senior_design1/local_setup.bash
[4.883s] -- Symlinking: /home/ubuntu/pi_ws/install/senior_design1/share/senior_design1/local_setup.sh
[4.919s] -- Symlinking: /home/ubuntu/pi_ws/install/senior_design1/share/senior_design1/local_setup.zsh
[4.951s] -- Symlinking: /home/ubuntu/pi_ws/install/senior_design1/share/senior_design1/local_setup.dsv
[4.984s] -- Symlinking: /home/ubuntu/pi_ws/install/senior_design1/share/senior_design1/package.dsv
[5.026s] -- Symlinking: /home/ubuntu/pi_ws/install/senior_design1/share/ament_index/resource_index/packages/senior_design1
[5.060s] -- Symlinking: /home/ubuntu/pi_ws/install/senior_design1/share/senior_design1/cmake/senior_design1Config.cmake
[5.094s] -- Symlinking: /home/ubuntu/pi_ws/install/senior_design1/share/senior_design1/cmake/senior_design1Config-version.cmake
[5.127s] -- Symlinking: /home/ubuntu/pi_ws/install/senior_design1/share/senior_design1/package.xml
[5.177s] Invoked command in '/home/ubuntu/pi_ws/build/senior_design1' returned '0': CMAKE_PREFIX_PATH=/opt/ros/foxy /usr/bin/cmake --install /home/ubuntu/pi_ws/build/senior_design1
