[3.094s] Invoking command in '/home/ubuntu/pi_ws/build/senior_design1': CMAKE_PREFIX_PATH=${CMAKE_PREFIX_PATH}:/home/ubuntu/pi_ws/install/serial_motor_demo:/home/ubuntu/pi_ws/install/diffdrive_arduino:/home/ubuntu/pi_ws/install/my_package:/home/ubuntu/pi_ws/install/gazebo_ros2_control_demos:/opt/ros/foxy /usr/bin/cmake /home/ubuntu/pi_ws/src/senior_design1 -DCMAKE_INSTALL_PREFIX=/home/ubuntu/pi_ws/install/senior_design1
[4.009s] -- The C compiler identification is GNU 9.4.0
[4.987s] -- The CXX compiler identification is GNU 9.4.0
[5.073s] -- Check for working C compiler: /usr/bin/cc
[6.142s] -- Check for working C compiler: /usr/bin/cc -- works
[6.157s] -- Detecting C compiler ABI info
[7.316s] -- Detecting C compiler ABI info - done
[7.441s] -- Detecting C compile features
[7.445s] -- Detecting C compile features - done
[7.470s] -- Check for working CXX compiler: /usr/bin/c++
[8.774s] -- Check for working CXX compiler: /usr/bin/c++ -- works
[8.783s] -- Detecting CXX compiler ABI info
[9.941s] -- Detecting CXX compiler ABI info - done
[10.107s] -- Detecting CXX compile features
[10.111s] -- Detecting CXX compile features - done
[10.189s] -- Found ament_cmake: 0.9.12 (/opt/ros/foxy/share/ament_cmake/cmake)
[10.601s] -- Found PythonInterp: /usr/bin/python3 (found suitable version "3.8.10", minimum required is "3") 
[10.603s] -- Using PYTHON_EXECUTABLE: /usr/bin/python3
[14.043s] -- Found ament_lint_auto: 0.9.8 (/opt/ros/foxy/share/ament_lint_auto/cmake)
[14.955s] -- Added test 'copyright' to check source files copyright and LICENSE
[15.067s] -- Added test 'flake8' to check Python code syntax and style conventions
[15.083s] -- Added test 'lint_cmake' to check CMake code style
[15.106s] -- Added test 'pep257' to check Python code against some of the style conventions in PEP 257
[15.192s] -- Added test 'xmllint' to check XML markup files
[15.235s] -- Configuring done
[15.301s] -- Generating done
[15.325s] -- Build files have been written to: /home/ubuntu/pi_ws/build/senior_design1
[15.354s] Invoked command in '/home/ubuntu/pi_ws/build/senior_design1' returned '0': CMAKE_PREFIX_PATH=${CMAKE_PREFIX_PATH}:/home/ubuntu/pi_ws/install/serial_motor_demo:/home/ubuntu/pi_ws/install/diffdrive_arduino:/home/ubuntu/pi_ws/install/my_package:/home/ubuntu/pi_ws/install/gazebo_ros2_control_demos:/opt/ros/foxy /usr/bin/cmake /home/ubuntu/pi_ws/src/senior_design1 -DCMAKE_INSTALL_PREFIX=/home/ubuntu/pi_ws/install/senior_design1
[15.357s] Invoking command in '/home/ubuntu/pi_ws/build/senior_design1': CMAKE_PREFIX_PATH=${CMAKE_PREFIX_PATH}:/home/ubuntu/pi_ws/install/serial_motor_demo:/home/ubuntu/pi_ws/install/diffdrive_arduino:/home/ubuntu/pi_ws/install/my_package:/home/ubuntu/pi_ws/install/gazebo_ros2_control_demos:/opt/ros/foxy /usr/bin/cmake --build /home/ubuntu/pi_ws/build/senior_design1 -- -j4 -l4
[15.852s] Invoked command in '/home/ubuntu/pi_ws/build/senior_design1' returned '0': CMAKE_PREFIX_PATH=${CMAKE_PREFIX_PATH}:/home/ubuntu/pi_ws/install/serial_motor_demo:/home/ubuntu/pi_ws/install/diffdrive_arduino:/home/ubuntu/pi_ws/install/my_package:/home/ubuntu/pi_ws/install/gazebo_ros2_control_demos:/opt/ros/foxy /usr/bin/cmake --build /home/ubuntu/pi_ws/build/senior_design1 -- -j4 -l4
[16.336s] Invoking command in '/home/ubuntu/pi_ws/build/senior_design1': CMAKE_PREFIX_PATH=${CMAKE_PREFIX_PATH}:/home/ubuntu/pi_ws/install/serial_motor_demo:/home/ubuntu/pi_ws/install/diffdrive_arduino:/home/ubuntu/pi_ws/install/my_package:/home/ubuntu/pi_ws/install/gazebo_ros2_control_demos:/opt/ros/foxy /usr/bin/cmake --install /home/ubuntu/pi_ws/build/senior_design1
[16.418s] -- Install configuration: ""
[16.420s] -- Installing: /home/ubuntu/pi_ws/install/senior_design1/share/senior_design1/config
[16.423s] -- Installing: /home/ubuntu/pi_ws/install/senior_design1/share/senior_design1/config/view_bot.rviz
[16.428s] -- Installing: /home/ubuntu/pi_ws/install/senior_design1/share/senior_design1/config/my_controllers.yaml
[16.431s] -- Installing: /home/ubuntu/pi_ws/install/senior_design1/share/senior_design1/config/map.rviz
[16.433s] -- Installing: /home/ubuntu/pi_ws/install/senior_design1/share/senior_design1/config/ball_tracker_params_robot.yaml
[16.436s] -- Installing: /home/ubuntu/pi_ws/install/senior_design1/share/senior_design1/config/mapper_params_online_async.yaml
[16.439s] -- Installing: /home/ubuntu/pi_ws/install/senior_design1/share/senior_design1/config/drive_bot.rviz
[16.442s] -- Installing: /home/ubuntu/pi_ws/install/senior_design1/share/senior_design1/config/ball_tracker_params_sim.yaml
[16.445s] -- Installing: /home/ubuntu/pi_ws/install/senior_design1/share/senior_design1/config/main.rviz
[16.449s] -- Installing: /home/ubuntu/pi_ws/install/senior_design1/share/senior_design1/config/nav2_params.yaml
[16.453s] -- Installing: /home/ubuntu/pi_ws/install/senior_design1/share/senior_design1/config/joystick.yaml
[16.460s] -- Installing: /home/ubuntu/pi_ws/install/senior_design1/share/senior_design1/config/gazebo_params.yaml
[16.463s] -- Installing: /home/ubuntu/pi_ws/install/senior_design1/share/senior_design1/config/twist_mux.yaml
[16.465s] -- Installing: /home/ubuntu/pi_ws/install/senior_design1/share/senior_design1/config/gaz_ros2_ctl_use_sim.yaml
[16.468s] -- Installing: /home/ubuntu/pi_ws/install/senior_design1/share/senior_design1/config/empty.yaml
[16.471s] -- Installing: /home/ubuntu/pi_ws/install/senior_design1/share/senior_design1/description
[16.473s] -- Installing: /home/ubuntu/pi_ws/install/senior_design1/share/senior_design1/description/ros2_control.xacro
[16.476s] -- Installing: /home/ubuntu/pi_ws/install/senior_design1/share/senior_design1/description/inertial_macros.xacro
[16.478s] -- Installing: /home/ubuntu/pi_ws/install/senior_design1/share/senior_design1/description/depth_camera.xacro
[16.480s] -- Installing: /home/ubuntu/pi_ws/install/senior_design1/share/senior_design1/description/robot_core.xacro
[16.483s] -- Installing: /home/ubuntu/pi_ws/install/senior_design1/share/senior_design1/description/robot.urdf.xacro
[16.485s] -- Installing: /home/ubuntu/pi_ws/install/senior_design1/share/senior_design1/description/camera.xacro
[16.488s] -- Installing: /home/ubuntu/pi_ws/install/senior_design1/share/senior_design1/description/gazebo_control.xacro
[16.490s] -- Installing: /home/ubuntu/pi_ws/install/senior_design1/share/senior_design1/description/lidar.xacro
[16.493s] -- Installing: /home/ubuntu/pi_ws/install/senior_design1/share/senior_design1/description/face.xacro
[16.496s] -- Installing: /home/ubuntu/pi_ws/install/senior_design1/share/senior_design1/launch
[16.498s] -- Installing: /home/ubuntu/pi_ws/install/senior_design1/share/senior_design1/launch/camera.launch.py
[16.502s] -- Installing: /home/ubuntu/pi_ws/install/senior_design1/share/senior_design1/launch/obstacle_avoid.launch.py
[16.507s] -- Installing: /home/ubuntu/pi_ws/install/senior_design1/share/senior_design1/launch/rplidar.launch.py
[16.510s] -- Installing: /home/ubuntu/pi_ws/install/senior_design1/share/senior_design1/launch/__pycache__
[16.512s] -- Installing: /home/ubuntu/pi_ws/install/senior_design1/share/senior_design1/launch/__pycache__/rplidar.launch.cpython-38.pyc
[16.514s] -- Installing: /home/ubuntu/pi_ws/install/senior_design1/share/senior_design1/launch/launch_robot.launch.py
[16.516s] -- Installing: /home/ubuntu/pi_ws/install/senior_design1/share/senior_design1/launch/localization_launch.py
[16.519s] -- Installing: /home/ubuntu/pi_ws/install/senior_design1/share/senior_design1/launch/online_async_launch.py
[16.521s] -- Installing: /home/ubuntu/pi_ws/install/senior_design1/share/senior_design1/launch/rsp.launch.py
[16.523s] -- Installing: /home/ubuntu/pi_ws/install/senior_design1/share/senior_design1/launch/navigation_launch.py
[16.525s] -- Installing: /home/ubuntu/pi_ws/install/senior_design1/share/senior_design1/launch/joystick.launch.py
[16.527s] -- Installing: /home/ubuntu/pi_ws/install/senior_design1/share/senior_design1/launch/launch_sim.launch.py
[16.529s] -- Installing: /home/ubuntu/pi_ws/install/senior_design1/share/senior_design1/launch/ball_tracker.launch.py
[16.532s] -- Installing: /home/ubuntu/pi_ws/install/senior_design1/share/senior_design1/worlds
[16.534s] -- Installing: /home/ubuntu/pi_ws/install/senior_design1/share/senior_design1/worlds/empty.world
[16.538s] -- Installing: /home/ubuntu/pi_ws/install/senior_design1/share/senior_design1/worlds/obstacles.world
[16.543s] -- Installing: /home/ubuntu/pi_ws/install/senior_design1/share/ament_index/resource_index/package_run_dependencies/senior_design1
[16.547s] -- Installing: /home/ubuntu/pi_ws/install/senior_design1/share/ament_index/resource_index/parent_prefix_path/senior_design1
[16.551s] -- Installing: /home/ubuntu/pi_ws/install/senior_design1/share/senior_design1/environment/ament_prefix_path.sh
[16.555s] -- Installing: /home/ubuntu/pi_ws/install/senior_design1/share/senior_design1/environment/ament_prefix_path.dsv
[16.558s] -- Installing: /home/ubuntu/pi_ws/install/senior_design1/share/senior_design1/environment/path.sh
[16.562s] -- Installing: /home/ubuntu/pi_ws/install/senior_design1/share/senior_design1/environment/path.dsv
[16.566s] -- Installing: /home/ubuntu/pi_ws/install/senior_design1/share/senior_design1/local_setup.bash
[16.570s] -- Installing: /home/ubuntu/pi_ws/install/senior_design1/share/senior_design1/local_setup.sh
[16.574s] -- Installing: /home/ubuntu/pi_ws/install/senior_design1/share/senior_design1/local_setup.zsh
[16.577s] -- Installing: /home/ubuntu/pi_ws/install/senior_design1/share/senior_design1/local_setup.dsv
[16.581s] -- Installing: /home/ubuntu/pi_ws/install/senior_design1/share/senior_design1/package.dsv
[16.585s] -- Installing: /home/ubuntu/pi_ws/install/senior_design1/share/ament_index/resource_index/packages/senior_design1
[16.592s] -- Installing: /home/ubuntu/pi_ws/install/senior_design1/share/senior_design1/cmake/senior_design1Config.cmake
[16.596s] -- Installing: /home/ubuntu/pi_ws/install/senior_design1/share/senior_design1/cmake/senior_design1Config-version.cmake
[16.603s] -- Installing: /home/ubuntu/pi_ws/install/senior_design1/share/senior_design1/package.xml
[16.621s] Invoked command in '/home/ubuntu/pi_ws/build/senior_design1' returned '0': CMAKE_PREFIX_PATH=${CMAKE_PREFIX_PATH}:/home/ubuntu/pi_ws/install/serial_motor_demo:/home/ubuntu/pi_ws/install/diffdrive_arduino:/home/ubuntu/pi_ws/install/my_package:/home/ubuntu/pi_ws/install/gazebo_ros2_control_demos:/opt/ros/foxy /usr/bin/cmake --install /home/ubuntu/pi_ws/build/senior_design1
