[1.503s] Invoking command in '/home/ubuntu/pi_ws/build/serial_motor_demo_msgs': CMAKE_PREFIX_PATH=${CMAKE_PREFIX_PATH}:/home/ubuntu/pi_ws/install/my_package:/opt/ros/foxy /usr/bin/cmake --build /home/ubuntu/pi_ws/build/serial_motor_demo_msgs -- -j4 -l4
[2.119s] [ 10%] Built target serial_motor_demo_msgs__rosidl_generator_c
[2.161s] [ 12%] Built target serial_motor_demo_msgs__cpp
[2.408s] [ 23%] Built target serial_motor_demo_msgs__rosidl_typesupport_c
[2.463s] [ 34%] Built target serial_motor_demo_msgs__rosidl_typesupport_introspection_c
[2.473s] [ 44%] Built target serial_motor_demo_msgs__rosidl_typesupport_cpp
[2.527s] [ 55%] Built target serial_motor_demo_msgs__rosidl_typesupport_fastrtps_cpp
[2.578s] [ 65%] Built target serial_motor_demo_msgs__rosidl_typesupport_introspection_cpp
[2.688s] [ 76%] Built target serial_motor_demo_msgs__rosidl_typesupport_fastrtps_c
[2.784s] [ 76%] Built target serial_motor_demo_msgs
[2.881s] [ 78%] Built target serial_motor_demo_msgs__py
[3.054s] [ 87%] Built target serial_motor_demo_msgs__python
[3.220s] [ 91%] Built target serial_motor_demo_msgs__rosidl_typesupport_introspection_c__pyext
[3.245s] [ 95%] Built target serial_motor_demo_msgs__rosidl_typesupport_fastrtps_c__pyext
[3.249s] [100%] Built target serial_motor_demo_msgs__rosidl_typesupport_c__pyext
[3.774s] Invoked command in '/home/ubuntu/pi_ws/build/serial_motor_demo_msgs' returned '0': CMAKE_PREFIX_PATH=${CMAKE_PREFIX_PATH}:/home/ubuntu/pi_ws/install/my_package:/opt/ros/foxy /usr/bin/cmake --build /home/ubuntu/pi_ws/build/serial_motor_demo_msgs -- -j4 -l4
[5.788s] Invoking command in '/home/ubuntu/pi_ws/build/serial_motor_demo_msgs': CMAKE_PREFIX_PATH=${CMAKE_PREFIX_PATH}:/home/ubuntu/pi_ws/install/my_package:/opt/ros/foxy /usr/bin/cmake --install /home/ubuntu/pi_ws/build/serial_motor_demo_msgs
[7.041s] -- Install configuration: ""
[7.041s] -- Up-to-date: /home/ubuntu/pi_ws/install/serial_motor_demo_msgs/share/ament_index/resource_index/rosidl_interfaces/serial_motor_demo_msgs
[7.042s] -- Up-to-date: /home/ubuntu/pi_ws/install/serial_motor_demo_msgs/include/serial_motor_demo_msgs
[7.042s] -- Up-to-date: /home/ubuntu/pi_ws/install/serial_motor_demo_msgs/include/serial_motor_demo_msgs/msg
[7.042s] -- Up-to-date: /home/ubuntu/pi_ws/install/serial_motor_demo_msgs/include/serial_motor_demo_msgs/msg/motor_vels.h
[7.043s] -- Up-to-date: /home/ubuntu/pi_ws/install/serial_motor_demo_msgs/include/serial_motor_demo_msgs/msg/detail
[7.044s] -- Up-to-date: /home/ubuntu/pi_ws/install/serial_motor_demo_msgs/include/serial_motor_demo_msgs/msg/detail/motor_command__struct.h
[7.044s] -- Up-to-date: /home/ubuntu/pi_ws/install/serial_motor_demo_msgs/include/serial_motor_demo_msgs/msg/detail/encoder_vals__type_support.h
[7.045s] -- Up-to-date: /home/ubuntu/pi_ws/install/serial_motor_demo_msgs/include/serial_motor_demo_msgs/msg/detail/encoder_vals__functions.h
[7.045s] -- Up-to-date: /home/ubuntu/pi_ws/install/serial_motor_demo_msgs/include/serial_motor_demo_msgs/msg/detail/encoder_vals__struct.h
[7.045s] -- Up-to-date: /home/ubuntu/pi_ws/install/serial_motor_demo_msgs/include/serial_motor_demo_msgs/msg/detail/motor_vels__functions.c
[7.046s] -- Up-to-date: /home/ubuntu/pi_ws/install/serial_motor_demo_msgs/include/serial_motor_demo_msgs/msg/detail/motor_vels__functions.h
[7.047s] -- Up-to-date: /home/ubuntu/pi_ws/install/serial_motor_demo_msgs/include/serial_motor_demo_msgs/msg/detail/motor_command__functions.h
[7.047s] -- Up-to-date: /home/ubuntu/pi_ws/install/serial_motor_demo_msgs/include/serial_motor_demo_msgs/msg/detail/encoder_vals__functions.c
[7.048s] -- Up-to-date: /home/ubuntu/pi_ws/install/serial_motor_demo_msgs/include/serial_motor_demo_msgs/msg/detail/motor_command__functions.c
[7.048s] -- Up-to-date: /home/ubuntu/pi_ws/install/serial_motor_demo_msgs/include/serial_motor_demo_msgs/msg/detail/motor_vels__struct.h
[7.049s] -- Up-to-date: /home/ubuntu/pi_ws/install/serial_motor_demo_msgs/include/serial_motor_demo_msgs/msg/detail/motor_vels__type_support.h
[7.049s] -- Up-to-date: /home/ubuntu/pi_ws/install/serial_motor_demo_msgs/include/serial_motor_demo_msgs/msg/detail/motor_command__type_support.h
[7.050s] -- Up-to-date: /home/ubuntu/pi_ws/install/serial_motor_demo_msgs/include/serial_motor_demo_msgs/msg/rosidl_generator_c__visibility_control.h
[7.050s] -- Up-to-date: /home/ubuntu/pi_ws/install/serial_motor_demo_msgs/include/serial_motor_demo_msgs/msg/motor_command.h
[7.051s] -- Up-to-date: /home/ubuntu/pi_ws/install/serial_motor_demo_msgs/include/serial_motor_demo_msgs/msg/encoder_vals.h
[7.051s] -- Up-to-date: /home/ubuntu/pi_ws/install/serial_motor_demo_msgs/share/serial_motor_demo_msgs/environment/library_path.sh
[7.052s] -- Up-to-date: /home/ubuntu/pi_ws/install/serial_motor_demo_msgs/share/serial_motor_demo_msgs/environment/library_path.dsv
[7.052s] -- Up-to-date: /home/ubuntu/pi_ws/install/serial_motor_demo_msgs/lib/libserial_motor_demo_msgs__rosidl_generator_c.so
[7.053s] -- Up-to-date: /home/ubuntu/pi_ws/install/serial_motor_demo_msgs/include/serial_motor_demo_msgs
[7.053s] -- Up-to-date: /home/ubuntu/pi_ws/install/serial_motor_demo_msgs/include/serial_motor_demo_msgs/msg
[7.054s] -- Up-to-date: /home/ubuntu/pi_ws/install/serial_motor_demo_msgs/include/serial_motor_demo_msgs/msg/rosidl_typesupport_fastrtps_c__visibility_control.h
[7.054s] -- Up-to-date: /home/ubuntu/pi_ws/install/serial_motor_demo_msgs/include/serial_motor_demo_msgs/msg/detail
[7.054s] -- Up-to-date: /home/ubuntu/pi_ws/install/serial_motor_demo_msgs/include/serial_motor_demo_msgs/msg/detail/motor_vels__rosidl_typesupport_fastrtps_c.h
[7.055s] -- Up-to-date: /home/ubuntu/pi_ws/install/serial_motor_demo_msgs/include/serial_motor_demo_msgs/msg/detail/motor_command__rosidl_typesupport_fastrtps_c.h
[7.056s] -- Up-to-date: /home/ubuntu/pi_ws/install/serial_motor_demo_msgs/include/serial_motor_demo_msgs/msg/detail/encoder_vals__rosidl_typesupport_fastrtps_c.h
[7.059s] -- Up-to-date: /home/ubuntu/pi_ws/install/serial_motor_demo_msgs/lib/libserial_motor_demo_msgs__rosidl_typesupport_fastrtps_c.so
[7.060s] -- Up-to-date: /home/ubuntu/pi_ws/install/serial_motor_demo_msgs/include/serial_motor_demo_msgs
[7.060s] -- Up-to-date: /home/ubuntu/pi_ws/install/serial_motor_demo_msgs/include/serial_motor_demo_msgs/msg
[7.061s] -- Up-to-date: /home/ubuntu/pi_ws/install/serial_motor_demo_msgs/include/serial_motor_demo_msgs/msg/rosidl_typesupport_fastrtps_cpp__visibility_control.h
[7.061s] -- Up-to-date: /home/ubuntu/pi_ws/install/serial_motor_demo_msgs/include/serial_motor_demo_msgs/msg/detail
[7.062s] -- Up-to-date: /home/ubuntu/pi_ws/install/serial_motor_demo_msgs/include/serial_motor_demo_msgs/msg/detail/motor_command__rosidl_typesupport_fastrtps_cpp.hpp
[7.063s] -- Up-to-date: /home/ubuntu/pi_ws/install/serial_motor_demo_msgs/include/serial_motor_demo_msgs/msg/detail/dds_fastrtps
[7.073s] -- Up-to-date: /home/ubuntu/pi_ws/install/serial_motor_demo_msgs/include/serial_motor_demo_msgs/msg/detail/motor_vels__rosidl_typesupport_fastrtps_cpp.hpp
[7.078s] -- Up-to-date: /home/ubuntu/pi_ws/install/serial_motor_demo_msgs/include/serial_motor_demo_msgs/msg/detail/encoder_vals__rosidl_typesupport_fastrtps_cpp.hpp
[7.080s] -- Up-to-date: /home/ubuntu/pi_ws/install/serial_motor_demo_msgs/lib/libserial_motor_demo_msgs__rosidl_typesupport_fastrtps_cpp.so
[7.082s] -- Up-to-date: /home/ubuntu/pi_ws/install/serial_motor_demo_msgs/include/serial_motor_demo_msgs
[7.086s] -- Up-to-date: /home/ubuntu/pi_ws/install/serial_motor_demo_msgs/include/serial_motor_demo_msgs/msg
[7.089s] -- Up-to-date: /home/ubuntu/pi_ws/install/serial_motor_demo_msgs/include/serial_motor_demo_msgs/msg/detail
[7.090s] -- Up-to-date: /home/ubuntu/pi_ws/install/serial_motor_demo_msgs/include/serial_motor_demo_msgs/msg/detail/motor_vels__rosidl_typesupport_introspection_c.h
[7.092s] -- Up-to-date: /home/ubuntu/pi_ws/install/serial_motor_demo_msgs/include/serial_motor_demo_msgs/msg/detail/motor_command__type_support.c
[7.094s] -- Up-to-date: /home/ubuntu/pi_ws/install/serial_motor_demo_msgs/include/serial_motor_demo_msgs/msg/detail/motor_vels__type_support.c
[7.095s] -- Up-to-date: /home/ubuntu/pi_ws/install/serial_motor_demo_msgs/include/serial_motor_demo_msgs/msg/detail/motor_command__rosidl_typesupport_introspection_c.h
[7.095s] -- Up-to-date: /home/ubuntu/pi_ws/install/serial_motor_demo_msgs/include/serial_motor_demo_msgs/msg/detail/encoder_vals__type_support.c
[7.096s] -- Up-to-date: /home/ubuntu/pi_ws/install/serial_motor_demo_msgs/include/serial_motor_demo_msgs/msg/detail/encoder_vals__rosidl_typesupport_introspection_c.h
[7.096s] -- Up-to-date: /home/ubuntu/pi_ws/install/serial_motor_demo_msgs/include/serial_motor_demo_msgs/msg/rosidl_typesupport_introspection_c__visibility_control.h
[7.096s] -- Up-to-date: /home/ubuntu/pi_ws/install/serial_motor_demo_msgs/lib/libserial_motor_demo_msgs__rosidl_typesupport_introspection_c.so
[7.097s] -- Up-to-date: /home/ubuntu/pi_ws/install/serial_motor_demo_msgs/lib/libserial_motor_demo_msgs__rosidl_typesupport_c.so
[7.097s] -- Up-to-date: /home/ubuntu/pi_ws/install/serial_motor_demo_msgs/include/serial_motor_demo_msgs
[7.097s] -- Up-to-date: /home/ubuntu/pi_ws/install/serial_motor_demo_msgs/include/serial_motor_demo_msgs/msg
[7.098s] -- Up-to-date: /home/ubuntu/pi_ws/install/serial_motor_demo_msgs/include/serial_motor_demo_msgs/msg/motor_command.hpp
[7.098s] -- Up-to-date: /home/ubuntu/pi_ws/install/serial_motor_demo_msgs/include/serial_motor_demo_msgs/msg/detail
[7.099s] -- Up-to-date: /home/ubuntu/pi_ws/install/serial_motor_demo_msgs/include/serial_motor_demo_msgs/msg/detail/motor_command__type_support.hpp
[7.099s] -- Up-to-date: /home/ubuntu/pi_ws/install/serial_motor_demo_msgs/include/serial_motor_demo_msgs/msg/detail/motor_vels__struct.hpp
[7.099s] -- Up-to-date: /home/ubuntu/pi_ws/install/serial_motor_demo_msgs/include/serial_motor_demo_msgs/msg/detail/encoder_vals__type_support.hpp
[7.099s] -- Up-to-date: /home/ubuntu/pi_ws/install/serial_motor_demo_msgs/include/serial_motor_demo_msgs/msg/detail/motor_vels__traits.hpp
[7.100s] -- Up-to-date: /home/ubuntu/pi_ws/install/serial_motor_demo_msgs/include/serial_motor_demo_msgs/msg/detail/motor_command__builder.hpp
[7.100s] -- Up-to-date: /home/ubuntu/pi_ws/install/serial_motor_demo_msgs/include/serial_motor_demo_msgs/msg/detail/motor_command__struct.hpp
[7.100s] -- Up-to-date: /home/ubuntu/pi_ws/install/serial_motor_demo_msgs/include/serial_motor_demo_msgs/msg/detail/encoder_vals__struct.hpp
[7.101s] -- Up-to-date: /home/ubuntu/pi_ws/install/serial_motor_demo_msgs/include/serial_motor_demo_msgs/msg/detail/encoder_vals__traits.hpp
[7.101s] -- Up-to-date: /home/ubuntu/pi_ws/install/serial_motor_demo_msgs/include/serial_motor_demo_msgs/msg/detail/motor_command__traits.hpp
[7.101s] -- Up-to-date: /home/ubuntu/pi_ws/install/serial_motor_demo_msgs/include/serial_motor_demo_msgs/msg/detail/encoder_vals__builder.hpp
[7.102s] -- Up-to-date: /home/ubuntu/pi_ws/install/serial_motor_demo_msgs/include/serial_motor_demo_msgs/msg/detail/motor_vels__builder.hpp
[7.102s] -- Up-to-date: /home/ubuntu/pi_ws/install/serial_motor_demo_msgs/include/serial_motor_demo_msgs/msg/detail/motor_vels__type_support.hpp
[7.102s] -- Up-to-date: /home/ubuntu/pi_ws/install/serial_motor_demo_msgs/include/serial_motor_demo_msgs/msg/encoder_vals.hpp
[7.103s] -- Up-to-date: /home/ubuntu/pi_ws/install/serial_motor_demo_msgs/include/serial_motor_demo_msgs/msg/rosidl_generator_cpp__visibility_control.hpp
[7.103s] -- Up-to-date: /home/ubuntu/pi_ws/install/serial_motor_demo_msgs/include/serial_motor_demo_msgs/msg/motor_vels.hpp
[7.104s] -- Up-to-date: /home/ubuntu/pi_ws/install/serial_motor_demo_msgs/include/serial_motor_demo_msgs
[7.104s] -- Up-to-date: /home/ubuntu/pi_ws/install/serial_motor_demo_msgs/include/serial_motor_demo_msgs/msg
[7.104s] -- Up-to-date: /home/ubuntu/pi_ws/install/serial_motor_demo_msgs/include/serial_motor_demo_msgs/msg/detail
[7.105s] -- Up-to-date: /home/ubuntu/pi_ws/install/serial_motor_demo_msgs/include/serial_motor_demo_msgs/msg/detail/encoder_vals__rosidl_typesupport_introspection_cpp.hpp
[7.105s] -- Up-to-date: /home/ubuntu/pi_ws/install/serial_motor_demo_msgs/include/serial_motor_demo_msgs/msg/detail/motor_command__type_support.cpp
[7.105s] -- Up-to-date: /home/ubuntu/pi_ws/install/serial_motor_demo_msgs/include/serial_motor_demo_msgs/msg/detail/motor_command__rosidl_typesupport_introspection_cpp.hpp
[7.106s] -- Up-to-date: /home/ubuntu/pi_ws/install/serial_motor_demo_msgs/include/serial_motor_demo_msgs/msg/detail/motor_vels__type_support.cpp
[7.106s] -- Up-to-date: /home/ubuntu/pi_ws/install/serial_motor_demo_msgs/include/serial_motor_demo_msgs/msg/detail/motor_vels__rosidl_typesupport_introspection_cpp.hpp
[7.106s] -- Up-to-date: /home/ubuntu/pi_ws/install/serial_motor_demo_msgs/include/serial_motor_demo_msgs/msg/detail/encoder_vals__type_support.cpp
[7.119s] -- Up-to-date: /home/ubuntu/pi_ws/install/serial_motor_demo_msgs/lib/libserial_motor_demo_msgs__rosidl_typesupport_introspection_cpp.so
[7.120s] -- Up-to-date: /home/ubuntu/pi_ws/install/serial_motor_demo_msgs/lib/libserial_motor_demo_msgs__rosidl_typesupport_cpp.so
[7.120s] -- Up-to-date: /home/ubuntu/pi_ws/install/serial_motor_demo_msgs/share/serial_motor_demo_msgs/environment/pythonpath.sh
[7.121s] -- Up-to-date: /home/ubuntu/pi_ws/install/serial_motor_demo_msgs/share/serial_motor_demo_msgs/environment/pythonpath.dsv
[7.121s] -- Up-to-date: /home/ubuntu/pi_ws/install/serial_motor_demo_msgs/lib/python3.8/site-packages/serial_motor_demo_msgs/__init__.py
[7.121s] -- Up-to-date: /home/ubuntu/pi_ws/install/serial_motor_demo_msgs/lib/python3.8/site-packages/serial_motor_demo_msgs/msg
[7.122s] -- Up-to-date: /home/ubuntu/pi_ws/install/serial_motor_demo_msgs/lib/python3.8/site-packages/serial_motor_demo_msgs/msg/_motor_vels.py
[7.122s] -- Up-to-date: /home/ubuntu/pi_ws/install/serial_motor_demo_msgs/lib/python3.8/site-packages/serial_motor_demo_msgs/msg/_motor_command.py
[7.122s] -- Up-to-date: /home/ubuntu/pi_ws/install/serial_motor_demo_msgs/lib/python3.8/site-packages/serial_motor_demo_msgs/msg/_encoder_vals_s.c
[7.123s] -- Up-to-date: /home/ubuntu/pi_ws/install/serial_motor_demo_msgs/lib/python3.8/site-packages/serial_motor_demo_msgs/msg/_motor_command_s.c
[7.123s] -- Up-to-date: /home/ubuntu/pi_ws/install/serial_motor_demo_msgs/lib/python3.8/site-packages/serial_motor_demo_msgs/msg/_motor_vels_s.c
[7.124s] -- Up-to-date: /home/ubuntu/pi_ws/install/serial_motor_demo_msgs/lib/python3.8/site-packages/serial_motor_demo_msgs/msg/__init__.py
[7.124s] -- Up-to-date: /home/ubuntu/pi_ws/install/serial_motor_demo_msgs/lib/python3.8/site-packages/serial_motor_demo_msgs/msg/_encoder_vals.py
[7.124s] -- Up-to-date: /home/ubuntu/pi_ws/install/serial_motor_demo_msgs/lib/python3.8/site-packages/serial_motor_demo_msgs/serial_motor_demo_msgs_s__rosidl_typesupport_fastrtps_c.cpython-38-aarch64-linux-gnu.so
[7.125s] -- Up-to-date: /home/ubuntu/pi_ws/install/serial_motor_demo_msgs/lib/python3.8/site-packages/serial_motor_demo_msgs/serial_motor_demo_msgs_s__rosidl_typesupport_introspection_c.cpython-38-aarch64-linux-gnu.so
[7.125s] -- Up-to-date: /home/ubuntu/pi_ws/install/serial_motor_demo_msgs/lib/python3.8/site-packages/serial_motor_demo_msgs/serial_motor_demo_msgs_s__rosidl_typesupport_c.cpython-38-aarch64-linux-gnu.so
[7.125s] -- Up-to-date: /home/ubuntu/pi_ws/install/serial_motor_demo_msgs/lib/libserial_motor_demo_msgs__python.so
[7.126s] -- Up-to-date: /home/ubuntu/pi_ws/install/serial_motor_demo_msgs/share/serial_motor_demo_msgs/msg/MotorCommand.idl
[7.126s] -- Up-to-date: /home/ubuntu/pi_ws/install/serial_motor_demo_msgs/share/serial_motor_demo_msgs/msg/MotorVels.idl
[7.126s] -- Up-to-date: /home/ubuntu/pi_ws/install/serial_motor_demo_msgs/share/serial_motor_demo_msgs/msg/EncoderVals.idl
[7.127s] -- Up-to-date: /home/ubuntu/pi_ws/install/serial_motor_demo_msgs/share/serial_motor_demo_msgs/msg/MotorCommand.msg
[7.127s] -- Up-to-date: /home/ubuntu/pi_ws/install/serial_motor_demo_msgs/share/serial_motor_demo_msgs/msg/MotorVels.msg
[7.127s] -- Up-to-date: /home/ubuntu/pi_ws/install/serial_motor_demo_msgs/share/serial_motor_demo_msgs/msg/EncoderVals.msg
[7.128s] -- Up-to-date: /home/ubuntu/pi_ws/install/serial_motor_demo_msgs/share/ament_index/resource_index/package_run_dependencies/serial_motor_demo_msgs
[7.128s] -- Up-to-date: /home/ubuntu/pi_ws/install/serial_motor_demo_msgs/share/ament_index/resource_index/parent_prefix_path/serial_motor_demo_msgs
[7.128s] -- Up-to-date: /home/ubuntu/pi_ws/install/serial_motor_demo_msgs/share/serial_motor_demo_msgs/environment/ament_prefix_path.sh
[7.129s] -- Up-to-date: /home/ubuntu/pi_ws/install/serial_motor_demo_msgs/share/serial_motor_demo_msgs/environment/ament_prefix_path.dsv
[7.129s] -- Up-to-date: /home/ubuntu/pi_ws/install/serial_motor_demo_msgs/share/serial_motor_demo_msgs/environment/path.sh
[7.129s] -- Up-to-date: /home/ubuntu/pi_ws/install/serial_motor_demo_msgs/share/serial_motor_demo_msgs/environment/path.dsv
[7.130s] -- Up-to-date: /home/ubuntu/pi_ws/install/serial_motor_demo_msgs/share/serial_motor_demo_msgs/local_setup.bash
[7.130s] -- Up-to-date: /home/ubuntu/pi_ws/install/serial_motor_demo_msgs/share/serial_motor_demo_msgs/local_setup.sh
[7.130s] -- Up-to-date: /home/ubuntu/pi_ws/install/serial_motor_demo_msgs/share/serial_motor_demo_msgs/local_setup.zsh
[7.131s] -- Up-to-date: /home/ubuntu/pi_ws/install/serial_motor_demo_msgs/share/serial_motor_demo_msgs/local_setup.dsv
[7.131s] -- Installing: /home/ubuntu/pi_ws/install/serial_motor_demo_msgs/share/serial_motor_demo_msgs/package.dsv
[7.132s] -- Up-to-date: /home/ubuntu/pi_ws/install/serial_motor_demo_msgs/share/ament_index/resource_index/packages/serial_motor_demo_msgs
[7.133s] -- Up-to-date: /home/ubuntu/pi_ws/install/serial_motor_demo_msgs/share/serial_motor_demo_msgs/cmake/serial_motor_demo_msgs__rosidl_generator_cExport.cmake
[7.133s] -- Up-to-date: /home/ubuntu/pi_ws/install/serial_motor_demo_msgs/share/serial_motor_demo_msgs/cmake/serial_motor_demo_msgs__rosidl_generator_cExport-noconfig.cmake
[7.134s] -- Up-to-date: /home/ubuntu/pi_ws/install/serial_motor_demo_msgs/share/serial_motor_demo_msgs/cmake/serial_motor_demo_msgs__rosidl_typesupport_introspection_cExport.cmake
[7.134s] -- Up-to-date: /home/ubuntu/pi_ws/install/serial_motor_demo_msgs/share/serial_motor_demo_msgs/cmake/serial_motor_demo_msgs__rosidl_typesupport_introspection_cExport-noconfig.cmake
[7.134s] -- Up-to-date: /home/ubuntu/pi_ws/install/serial_motor_demo_msgs/share/serial_motor_demo_msgs/cmake/serial_motor_demo_msgs__rosidl_typesupport_cExport.cmake
[7.135s] -- Up-to-date: /home/ubuntu/pi_ws/install/serial_motor_demo_msgs/share/serial_motor_demo_msgs/cmake/serial_motor_demo_msgs__rosidl_typesupport_cExport-noconfig.cmake
[7.135s] -- Up-to-date: /home/ubuntu/pi_ws/install/serial_motor_demo_msgs/share/serial_motor_demo_msgs/cmake/serial_motor_demo_msgs__rosidl_generator_cppExport.cmake
[7.136s] -- Up-to-date: /home/ubuntu/pi_ws/install/serial_motor_demo_msgs/share/serial_motor_demo_msgs/cmake/serial_motor_demo_msgs__rosidl_typesupport_introspection_cppExport.cmake
[7.136s] -- Up-to-date: /home/ubuntu/pi_ws/install/serial_motor_demo_msgs/share/serial_motor_demo_msgs/cmake/serial_motor_demo_msgs__rosidl_typesupport_introspection_cppExport-noconfig.cmake
[7.136s] -- Up-to-date: /home/ubuntu/pi_ws/install/serial_motor_demo_msgs/share/serial_motor_demo_msgs/cmake/serial_motor_demo_msgs__rosidl_typesupport_cppExport.cmake
[7.137s] -- Up-to-date: /home/ubuntu/pi_ws/install/serial_motor_demo_msgs/share/serial_motor_demo_msgs/cmake/serial_motor_demo_msgs__rosidl_typesupport_cppExport-noconfig.cmake
[7.137s] -- Up-to-date: /home/ubuntu/pi_ws/install/serial_motor_demo_msgs/share/serial_motor_demo_msgs/cmake/rosidl_cmake-extras.cmake
[7.137s] -- Up-to-date: /home/ubuntu/pi_ws/install/serial_motor_demo_msgs/share/serial_motor_demo_msgs/cmake/ament_cmake_export_dependencies-extras.cmake
[7.138s] -- Up-to-date: /home/ubuntu/pi_ws/install/serial_motor_demo_msgs/share/serial_motor_demo_msgs/cmake/ament_cmake_export_libraries-extras.cmake
[7.138s] -- Up-to-date: /home/ubuntu/pi_ws/install/serial_motor_demo_msgs/share/serial_motor_demo_msgs/cmake/ament_cmake_export_targets-extras.cmake
[7.151s] -- Up-to-date: /home/ubuntu/pi_ws/install/serial_motor_demo_msgs/share/serial_motor_demo_msgs/cmake/ament_cmake_export_include_directories-extras.cmake
[7.153s] -- Up-to-date: /home/ubuntu/pi_ws/install/serial_motor_demo_msgs/share/serial_motor_demo_msgs/cmake/rosidl_cmake_export_typesupport_libraries-extras.cmake
[7.153s] -- Up-to-date: /home/ubuntu/pi_ws/install/serial_motor_demo_msgs/share/serial_motor_demo_msgs/cmake/rosidl_cmake_export_typesupport_targets-extras.cmake
[7.154s] -- Up-to-date: /home/ubuntu/pi_ws/install/serial_motor_demo_msgs/share/serial_motor_demo_msgs/cmake/serial_motor_demo_msgsConfig.cmake
[7.154s] -- Up-to-date: /home/ubuntu/pi_ws/install/serial_motor_demo_msgs/share/serial_motor_demo_msgs/cmake/serial_motor_demo_msgsConfig-version.cmake
[7.155s] -- Up-to-date: /home/ubuntu/pi_ws/install/serial_motor_demo_msgs/share/serial_motor_demo_msgs/package.xml
[8.974s] Invoked command in '/home/ubuntu/pi_ws/build/serial_motor_demo_msgs' returned '0': CMAKE_PREFIX_PATH=${CMAKE_PREFIX_PATH}:/home/ubuntu/pi_ws/install/my_package:/opt/ros/foxy /usr/bin/cmake --install /home/ubuntu/pi_ws/build/serial_motor_demo_msgs
