[2.940s] Invoking command in '/home/ubuntu/pi_ws/build/tank_controller': CMAKE_PREFIX_PATH=${CMAKE_PREFIX_PATH}:/home/ubuntu/pi_ws/install/serial_motor_demo:/home/ubuntu/pi_ws/install/my_package:/opt/ros/foxy /usr/bin/cmake --build /home/ubuntu/pi_ws/build/tank_controller -- -j4 -l4
[3.073s] -- Found ament_cmake: 0.9.12 (/opt/ros/foxy/share/ament_cmake/cmake)
[3.223s] -- Using PYTHON_EXECUTABLE: /usr/bin/python3
[4.734s] -- Found rclpy: 1.0.13 (/opt/ros/foxy/share/rclpy/cmake)
[4.756s] -- Found sensor_msgs: 2.0.5 (/opt/ros/foxy/share/sensor_msgs/cmake)
[4.960s] -- Using all available rosidl_typesupport_c: rosidl_typesupport_fastrtps_c;rosidl_typesupport_introspection_c
[4.989s] -- Found rosidl_adapter: 1.3.1 (/opt/ros/foxy/share/rosidl_adapter/cmake)
[6.331s] -- Using all available rosidl_typesupport_cpp: rosidl_typesupport_fastrtps_cpp;rosidl_typesupport_introspection_cpp
[7.196s] -- Found ament_lint_auto: 0.9.8 (/opt/ros/foxy/share/ament_lint_auto/cmake)
[7.669s] -- Added test 'copyright' to check source files copyright and LICENSE
[7.685s] -- Added test 'flake8' to check Python code syntax and style conventions
[7.691s] -- Added test 'lint_cmake' to check CMake code style
[7.694s] -- Added test 'pep257' to check Python code against some of the style conventions in PEP 257
[7.705s] -- Added test 'xmllint' to check XML markup files
[7.729s] -- Configuring done
[7.802s] -- Generating done
[7.826s] -- Build files have been written to: /home/ubuntu/pi_ws/build/tank_controller
[10.908s] Invoked command in '/home/ubuntu/pi_ws/build/tank_controller' returned '0': CMAKE_PREFIX_PATH=${CMAKE_PREFIX_PATH}:/home/ubuntu/pi_ws/install/serial_motor_demo:/home/ubuntu/pi_ws/install/my_package:/opt/ros/foxy /usr/bin/cmake --build /home/ubuntu/pi_ws/build/tank_controller -- -j4 -l4
[13.426s] Invoking command in '/home/ubuntu/pi_ws/build/tank_controller': CMAKE_PREFIX_PATH=${CMAKE_PREFIX_PATH}:/home/ubuntu/pi_ws/install/serial_motor_demo:/home/ubuntu/pi_ws/install/my_package:/opt/ros/foxy /usr/bin/cmake --install /home/ubuntu/pi_ws/build/tank_controller
[13.505s] -- Install configuration: ""
[13.506s] CMake Error at cmake_install.cmake:41 (file):
[13.508s]   file INSTALL cannot find
[13.509s]   "/home/ubuntu/pi_ws/src/tank_controller/src/obstacle_avoidance_node.py": No
[13.510s]   such file or directory.
[13.512s] 
[13.514s] 
[14.607s] Invoked command in '/home/ubuntu/pi_ws/build/tank_controller' returned '1': CMAKE_PREFIX_PATH=${CMAKE_PREFIX_PATH}:/home/ubuntu/pi_ws/install/serial_motor_demo:/home/ubuntu/pi_ws/install/my_package:/opt/ros/foxy /usr/bin/cmake --install /home/ubuntu/pi_ws/build/tank_controller
