[1.693s] Invoking command in '/home/ubuntu/pi_ws/build/serial': CMAKE_PREFIX_PATH=${CMAKE_PREFIX_PATH}:/home/ubuntu/pi_ws/install/serial_motor_demo:/opt/ros/foxy /usr/bin/cmake --build /home/ubuntu/pi_ws/build/serial -- -j4 -l4
[2.033s] [ 28%] Built target serial
[2.078s] [ 42%] Built target gtest_main
[2.121s] [ 57%] Built target gtest
[2.286s] [ 71%] Built target serial_example
[2.352s] [ 85%] Built target serial-test-timer
[2.369s] [100%] Built target serial-test
[2.502s] Invoked command in '/home/ubuntu/pi_ws/build/serial' returned '0': CMAKE_PREFIX_PATH=${CMAKE_PREFIX_PATH}:/home/ubuntu/pi_ws/install/serial_motor_demo:/opt/ros/foxy /usr/bin/cmake --build /home/ubuntu/pi_ws/build/serial -- -j4 -l4
[3.339s] Invoking command in '/home/ubuntu/pi_ws/build/serial': CMAKE_PREFIX_PATH=${CMAKE_PREFIX_PATH}:/home/ubuntu/pi_ws/install/serial_motor_demo:/opt/ros/foxy /usr/bin/cmake --install /home/ubuntu/pi_ws/build/serial
[3.386s] -- Install configuration: ""
[3.387s] -- Execute custom install script
[3.391s] -- Up-to-date symlink: /home/ubuntu/pi_ws/install/serial/lib/libserial.a
[3.393s] -- Up-to-date symlink: /home/ubuntu/pi_ws/install/serial/include/serial/serial.h
[3.394s] -- Up-to-date symlink: /home/ubuntu/pi_ws/install/serial/include/serial/v8stdint.h
[3.397s] -- Up-to-date symlink: /home/ubuntu/pi_ws/install/serial/share/serial/environment/library_path.sh
[3.398s] -- Up-to-date symlink: /home/ubuntu/pi_ws/install/serial/share/serial/environment/library_path.dsv
[3.402s] -- Up-to-date symlink: /home/ubuntu/pi_ws/install/serial/share/ament_index/resource_index/package_run_dependencies/serial
[3.405s] -- Up-to-date symlink: /home/ubuntu/pi_ws/install/serial/share/ament_index/resource_index/parent_prefix_path/serial
[3.409s] -- Up-to-date symlink: /home/ubuntu/pi_ws/install/serial/share/serial/environment/ament_prefix_path.sh
[3.409s] -- Up-to-date symlink: /home/ubuntu/pi_ws/install/serial/share/serial/environment/ament_prefix_path.dsv
[3.413s] -- Up-to-date symlink: /home/ubuntu/pi_ws/install/serial/share/serial/environment/path.sh
[3.414s] -- Up-to-date symlink: /home/ubuntu/pi_ws/install/serial/share/serial/environment/path.dsv
[3.421s] -- Up-to-date symlink: /home/ubuntu/pi_ws/install/serial/share/serial/local_setup.bash
[3.426s] -- Up-to-date symlink: /home/ubuntu/pi_ws/install/serial/share/serial/local_setup.sh
[3.432s] -- Up-to-date symlink: /home/ubuntu/pi_ws/install/serial/share/serial/local_setup.zsh
[3.435s] -- Up-to-date symlink: /home/ubuntu/pi_ws/install/serial/share/serial/local_setup.dsv
[3.437s] -- Symlinking: /home/ubuntu/pi_ws/install/serial/share/serial/package.dsv
[3.496s] -- Up-to-date symlink: /home/ubuntu/pi_ws/install/serial/share/ament_index/resource_index/packages/serial
[3.500s] -- Up-to-date symlink: /home/ubuntu/pi_ws/install/serial/share/serial/cmake/ament_cmake_export_include_directories-extras.cmake
[3.501s] -- Up-to-date symlink: /home/ubuntu/pi_ws/install/serial/share/serial/cmake/ament_cmake_export_libraries-extras.cmake
[3.503s] -- Up-to-date symlink: /home/ubuntu/pi_ws/install/serial/share/serial/cmake/serialConfig.cmake
[3.507s] -- Up-to-date symlink: /home/ubuntu/pi_ws/install/serial/share/serial/cmake/serialConfig-version.cmake
[3.511s] -- Up-to-date symlink: /home/ubuntu/pi_ws/install/serial/share/serial/package.xml
[4.108s] Invoked command in '/home/ubuntu/pi_ws/build/serial' returned '0': CMAKE_PREFIX_PATH=${CMAKE_PREFIX_PATH}:/home/ubuntu/pi_ws/install/serial_motor_demo:/opt/ros/foxy /usr/bin/cmake --install /home/ubuntu/pi_ws/build/serial
