[6.562s] Invoking command in '/home/ubuntu/pi_ws/src/ros2_detection/my_package': PYTHONPATH=/home/ubuntu/pi_ws/build/my_package/prefix_override:/home/ubuntu/pi_ws/install/my_package/lib/python3.8/site-packages:${PYTHONPATH} /usr/bin/python3 setup.py egg_info --egg-base ../../../build/my_package build --build-base /home/ubuntu/pi_ws/build/my_package/build install --record /home/ubuntu/pi_ws/build/my_package/install.log --install-scripts $base/lib/my_package --single-version-externally-managed
[8.117s] running egg_info
[8.123s] writing ../../../build/my_package/my_package.egg-info/PKG-INFO
[8.128s] writing dependency_links to ../../../build/my_package/my_package.egg-info/dependency_links.txt
[8.130s] writing entry points to ../../../build/my_package/my_package.egg-info/entry_points.txt
[8.136s] writing requirements to ../../../build/my_package/my_package.egg-info/requires.txt
[8.141s] writing top-level names to ../../../build/my_package/my_package.egg-info/top_level.txt
[8.301s] reading manifest file '../../../build/my_package/my_package.egg-info/SOURCES.txt'
[8.305s] writing manifest file '../../../build/my_package/my_package.egg-info/SOURCES.txt'
[8.305s] running build
[8.306s] running build_py
[8.306s] copying my_package/controller.py -> /home/ubuntu/pi_ws/build/my_package/build/lib/my_package
[8.314s] running install
[8.315s] running install_lib
[8.317s] copying /home/ubuntu/pi_ws/build/my_package/build/lib/my_package/controller.py -> /home/ubuntu/pi_ws/install/my_package/lib/python3.8/site-packages/my_package
[8.322s] byte-compiling /home/ubuntu/pi_ws/install/my_package/lib/python3.8/site-packages/my_package/controller.py to controller.cpython-38.pyc
[8.331s] running install_data
[8.334s] copying my_package/controller.py -> /home/ubuntu/pi_ws/install/my_package/lib/my_package
[8.335s] running install_egg_info
[8.342s] removing '/home/ubuntu/pi_ws/install/my_package/lib/python3.8/site-packages/my_package-0.0.0-py3.8.egg-info' (and everything under it)
[8.345s] Copying ../../../build/my_package/my_package.egg-info to /home/ubuntu/pi_ws/install/my_package/lib/python3.8/site-packages/my_package-0.0.0-py3.8.egg-info
[8.349s] running install_scripts
[8.428s] Installing controller script to /home/ubuntu/pi_ws/install/my_package/lib/my_package
[8.447s] Installing detection script to /home/ubuntu/pi_ws/install/my_package/lib/my_package
[8.455s] Installing display script to /home/ubuntu/pi_ws/install/my_package/lib/my_package
[8.471s] writing list of installed files to '/home/ubuntu/pi_ws/build/my_package/install.log'
[12.447s] Invoked command in '/home/ubuntu/pi_ws/src/ros2_detection/my_package' returned '0': PYTHONPATH=/home/ubuntu/pi_ws/build/my_package/prefix_override:/home/ubuntu/pi_ws/install/my_package/lib/python3.8/site-packages:${PYTHONPATH} /usr/bin/python3 setup.py egg_info --egg-base ../../../build/my_package build --build-base /home/ubuntu/pi_ws/build/my_package/build install --record /home/ubuntu/pi_ws/build/my_package/install.log --install-scripts $base/lib/my_package --single-version-externally-managed
