[6.112s] Invoking command in '/home/ubuntu/pi_ws/src/ros2_detection/my_package': PYTHONPATH=/home/ubuntu/pi_ws/build/my_package/prefix_override:/home/ubuntu/pi_ws/install/my_package/lib/python3.8/site-packages:${PYTHONPATH} /usr/bin/python3 setup.py egg_info --egg-base ../../../build/my_package build --build-base /home/ubuntu/pi_ws/build/my_package/build install --record /home/ubuntu/pi_ws/build/my_package/install.log --install-scripts $base/lib/my_package --single-version-externally-managed
[6.960s] running egg_info
[6.962s] writing ../../../build/my_package/my_package.egg-info/PKG-INFO
[6.963s] writing dependency_links to ../../../build/my_package/my_package.egg-info/dependency_links.txt
[6.964s] writing entry points to ../../../build/my_package/my_package.egg-info/entry_points.txt
[6.965s] writing requirements to ../../../build/my_package/my_package.egg-info/requires.txt
[6.966s] writing top-level names to ../../../build/my_package/my_package.egg-info/top_level.txt
[7.094s] reading manifest file '../../../build/my_package/my_package.egg-info/SOURCES.txt'
[7.098s] writing manifest file '../../../build/my_package/my_package.egg-info/SOURCES.txt'
[7.098s] running build
[7.099s] running build_py
[7.099s] copying my_package/controller.py -> /home/ubuntu/pi_ws/build/my_package/build/lib/my_package
[7.102s] running install
[7.105s] running install_lib
[7.110s] copying /home/ubuntu/pi_ws/build/my_package/build/lib/my_package/controller.py -> /home/ubuntu/pi_ws/install/my_package/lib/python3.8/site-packages/my_package
[7.114s] byte-compiling /home/ubuntu/pi_ws/install/my_package/lib/python3.8/site-packages/my_package/controller.py to controller.cpython-38.pyc
[7.124s] running install_data
[7.128s] copying my_package/controller.py -> /home/ubuntu/pi_ws/install/my_package/lib/my_package
[7.129s] running install_egg_info
[7.170s] removing '/home/ubuntu/pi_ws/install/my_package/lib/python3.8/site-packages/my_package-0.0.0-py3.8.egg-info' (and everything under it)
[7.173s] Copying ../../../build/my_package/my_package.egg-info to /home/ubuntu/pi_ws/install/my_package/lib/python3.8/site-packages/my_package-0.0.0-py3.8.egg-info
[7.182s] running install_scripts
[7.245s] Installing controller script to /home/ubuntu/pi_ws/install/my_package/lib/my_package
[7.245s] Installing detection script to /home/ubuntu/pi_ws/install/my_package/lib/my_package
[7.246s] Installing display script to /home/ubuntu/pi_ws/install/my_package/lib/my_package
[7.248s] writing list of installed files to '/home/ubuntu/pi_ws/build/my_package/install.log'
[7.344s] Invoked command in '/home/ubuntu/pi_ws/src/ros2_detection/my_package' returned '0': PYTHONPATH=/home/ubuntu/pi_ws/build/my_package/prefix_override:/home/ubuntu/pi_ws/install/my_package/lib/python3.8/site-packages:${PYTHONPATH} /usr/bin/python3 setup.py egg_info --egg-base ../../../build/my_package build --build-base /home/ubuntu/pi_ws/build/my_package/build install --record /home/ubuntu/pi_ws/build/my_package/install.log --install-scripts $base/lib/my_package --single-version-externally-managed
