[0.653s] Invoking command in '/home/ubuntu/pi_ws/build/senior_design1': CMAKE_PREFIX_PATH=${CMAKE_PREFIX_PATH}:/home/ubuntu/pi_ws/install/serial_motor_demo:/opt/ros/foxy /usr/bin/cmake --build /home/ubuntu/pi_ws/build/senior_design1 -- -j4 -l4
[0.892s] Invoked command in '/home/ubuntu/pi_ws/build/senior_design1' returned '0': CMAKE_PREFIX_PATH=${CMAKE_PREFIX_PATH}:/home/ubuntu/pi_ws/install/serial_motor_demo:/opt/ros/foxy /usr/bin/cmake --build /home/ubuntu/pi_ws/build/senior_design1 -- -j4 -l4
[1.298s] Invoking command in '/home/ubuntu/pi_ws/build/senior_design1': CMAKE_PREFIX_PATH=${CMAKE_PREFIX_PATH}:/home/ubuntu/pi_ws/install/serial_motor_demo:/opt/ros/foxy /usr/bin/cmake --install /home/ubuntu/pi_ws/build/senior_design1
[1.358s] -- Install configuration: ""
[1.361s] -- Execute custom install script
[1.367s] -- Up-to-date symlink: /home/ubuntu/pi_ws/install/senior_design1/share/senior_design1/config/ball_tracker_params_robot.yaml
[1.369s] -- Up-to-date symlink: /home/ubuntu/pi_ws/install/senior_design1/share/senior_design1/config/ball_tracker_params_sim.yaml
[1.372s] -- Up-to-date symlink: /home/ubuntu/pi_ws/install/senior_design1/share/senior_design1/config/drive_bot.rviz
[1.375s] -- Up-to-date symlink: /home/ubuntu/pi_ws/install/senior_design1/share/senior_design1/config/empty.yaml
[1.375s] -- Up-to-date symlink: /home/ubuntu/pi_ws/install/senior_design1/share/senior_design1/config/gaz_ros2_ctl_use_sim.yaml
[1.377s] -- Up-to-date symlink: /home/ubuntu/pi_ws/install/senior_design1/share/senior_design1/config/gazebo_params.yaml
[1.378s] -- Up-to-date symlink: /home/ubuntu/pi_ws/install/senior_design1/share/senior_design1/config/joystick.yaml
[1.378s] -- Up-to-date symlink: /home/ubuntu/pi_ws/install/senior_design1/share/senior_design1/config/main.rviz
[1.379s] -- Up-to-date symlink: /home/ubuntu/pi_ws/install/senior_design1/share/senior_design1/config/map.rviz
[1.380s] -- Up-to-date symlink: /home/ubuntu/pi_ws/install/senior_design1/share/senior_design1/config/mapper_params_online_async.yaml
[1.380s] -- Up-to-date symlink: /home/ubuntu/pi_ws/install/senior_design1/share/senior_design1/config/my_controllers.yaml
[1.381s] -- Up-to-date symlink: /home/ubuntu/pi_ws/install/senior_design1/share/senior_design1/config/nav2_params.yaml
[1.382s] -- Up-to-date symlink: /home/ubuntu/pi_ws/install/senior_design1/share/senior_design1/config/twist_mux.yaml
[1.382s] -- Up-to-date symlink: /home/ubuntu/pi_ws/install/senior_design1/share/senior_design1/config/view_bot.rviz
[1.387s] -- Up-to-date symlink: /home/ubuntu/pi_ws/install/senior_design1/share/senior_design1/description/camera.xacro
[1.387s] -- Up-to-date symlink: /home/ubuntu/pi_ws/install/senior_design1/share/senior_design1/description/depth_camera.xacro
[1.388s] -- Up-to-date symlink: /home/ubuntu/pi_ws/install/senior_design1/share/senior_design1/description/face.xacro
[1.389s] -- Up-to-date symlink: /home/ubuntu/pi_ws/install/senior_design1/share/senior_design1/description/gazebo_control.xacro
[1.390s] -- Up-to-date symlink: /home/ubuntu/pi_ws/install/senior_design1/share/senior_design1/description/inertial_macros.xacro
[1.390s] -- Up-to-date symlink: /home/ubuntu/pi_ws/install/senior_design1/share/senior_design1/description/lidar.xacro
[1.391s] -- Up-to-date symlink: /home/ubuntu/pi_ws/install/senior_design1/share/senior_design1/description/robot.urdf.xacro
[1.392s] -- Up-to-date symlink: /home/ubuntu/pi_ws/install/senior_design1/share/senior_design1/description/robot_core.xacro
[1.397s] -- Up-to-date symlink: /home/ubuntu/pi_ws/install/senior_design1/share/senior_design1/description/ros2_control.xacro
[1.398s] -- Up-to-date symlink: /home/ubuntu/pi_ws/install/senior_design1/share/senior_design1/launch/__pycache__/rplidar.launch.cpython-38.pyc
[1.399s] -- Up-to-date symlink: /home/ubuntu/pi_ws/install/senior_design1/share/senior_design1/launch/ball_tracker.launch.py
[1.400s] -- Up-to-date symlink: /home/ubuntu/pi_ws/install/senior_design1/share/senior_design1/launch/camera.launch.py
[1.401s] -- Up-to-date symlink: /home/ubuntu/pi_ws/install/senior_design1/share/senior_design1/launch/joystick.launch.py
[1.402s] -- Up-to-date symlink: /home/ubuntu/pi_ws/install/senior_design1/share/senior_design1/launch/launch_robot.launch.py
[1.403s] -- Up-to-date symlink: /home/ubuntu/pi_ws/install/senior_design1/share/senior_design1/launch/launch_sim.launch.py
[1.404s] -- Up-to-date symlink: /home/ubuntu/pi_ws/install/senior_design1/share/senior_design1/launch/localization_launch.py
[1.406s] -- Up-to-date symlink: /home/ubuntu/pi_ws/install/senior_design1/share/senior_design1/launch/navigation_launch.py
[1.407s] -- Up-to-date symlink: /home/ubuntu/pi_ws/install/senior_design1/share/senior_design1/launch/online_async_launch.py
[1.409s] -- Up-to-date symlink: /home/ubuntu/pi_ws/install/senior_design1/share/senior_design1/launch/rplidar.launch.py
[1.410s] -- Up-to-date symlink: /home/ubuntu/pi_ws/install/senior_design1/share/senior_design1/launch/rsp.launch.py
[1.413s] -- Up-to-date symlink: /home/ubuntu/pi_ws/install/senior_design1/share/senior_design1/worlds/empty.world
[1.414s] -- Up-to-date symlink: /home/ubuntu/pi_ws/install/senior_design1/share/senior_design1/worlds/obstacles.world
[1.421s] -- Up-to-date symlink: /home/ubuntu/pi_ws/install/senior_design1/share/ament_index/resource_index/package_run_dependencies/senior_design1
[1.422s] -- Up-to-date symlink: /home/ubuntu/pi_ws/install/senior_design1/share/ament_index/resource_index/parent_prefix_path/senior_design1
[1.424s] -- Up-to-date symlink: /home/ubuntu/pi_ws/install/senior_design1/share/senior_design1/environment/ament_prefix_path.sh
[1.426s] -- Up-to-date symlink: /home/ubuntu/pi_ws/install/senior_design1/share/senior_design1/environment/ament_prefix_path.dsv
[1.426s] -- Up-to-date symlink: /home/ubuntu/pi_ws/install/senior_design1/share/senior_design1/environment/path.sh
[1.431s] -- Up-to-date symlink: /home/ubuntu/pi_ws/install/senior_design1/share/senior_design1/environment/path.dsv
[1.432s] -- Up-to-date symlink: /home/ubuntu/pi_ws/install/senior_design1/share/senior_design1/local_setup.bash
[1.433s] -- Up-to-date symlink: /home/ubuntu/pi_ws/install/senior_design1/share/senior_design1/local_setup.sh
[1.434s] -- Up-to-date symlink: /home/ubuntu/pi_ws/install/senior_design1/share/senior_design1/local_setup.zsh
[1.435s] -- Up-to-date symlink: /home/ubuntu/pi_ws/install/senior_design1/share/senior_design1/local_setup.dsv
[1.436s] -- Symlinking: /home/ubuntu/pi_ws/install/senior_design1/share/senior_design1/package.dsv
[1.499s] -- Up-to-date symlink: /home/ubuntu/pi_ws/install/senior_design1/share/ament_index/resource_index/packages/senior_design1
[1.501s] -- Up-to-date symlink: /home/ubuntu/pi_ws/install/senior_design1/share/senior_design1/cmake/senior_design1Config.cmake
[1.505s] -- Up-to-date symlink: /home/ubuntu/pi_ws/install/senior_design1/share/senior_design1/cmake/senior_design1Config-version.cmake
[1.510s] -- Up-to-date symlink: /home/ubuntu/pi_ws/install/senior_design1/share/senior_design1/package.xml
[1.525s] Invoked command in '/home/ubuntu/pi_ws/build/senior_design1' returned '0': CMAKE_PREFIX_PATH=${CMAKE_PREFIX_PATH}:/home/ubuntu/pi_ws/install/serial_motor_demo:/opt/ros/foxy /usr/bin/cmake --install /home/ubuntu/pi_ws/build/senior_design1
