[9.006s] Invoking command in '/home/ubuntu/pi_ws/src/ros2_detection/my_package': PYTHONPATH=/home/ubuntu/pi_ws/build/my_package/prefix_override:/home/ubuntu/pi_ws/install/my_package/lib/python3.8/site-packages:${PYTHONPATH} /usr/bin/python3 setup.py egg_info --egg-base ../../../build/my_package build --build-base /home/ubuntu/pi_ws/build/my_package/build install --record /home/ubuntu/pi_ws/build/my_package/install.log --install-scripts $base/lib/my_package --single-version-externally-managed
[10.679s] running egg_info
[10.680s] writing ../../../build/my_package/my_package.egg-info/PKG-INFO
[10.681s] writing dependency_links to ../../../build/my_package/my_package.egg-info/dependency_links.txt
[10.682s] writing entry points to ../../../build/my_package/my_package.egg-info/entry_points.txt
[10.682s] writing requirements to ../../../build/my_package/my_package.egg-info/requires.txt
[10.683s] writing top-level names to ../../../build/my_package/my_package.egg-info/top_level.txt
[10.975s] reading manifest file '../../../build/my_package/my_package.egg-info/SOURCES.txt'
[10.981s] writing manifest file '../../../build/my_package/my_package.egg-info/SOURCES.txt'
[10.985s] running build
[10.988s] running build_py
[10.991s] running install
[10.994s] running install_lib
[10.998s] running install_data
[11.011s] running install_egg_info
[11.021s] removing '/home/ubuntu/pi_ws/install/my_package/lib/python3.8/site-packages/my_package-0.0.0-py3.8.egg-info' (and everything under it)
[11.025s] Copying ../../../build/my_package/my_package.egg-info to /home/ubuntu/pi_ws/install/my_package/lib/python3.8/site-packages/my_package-0.0.0-py3.8.egg-info
[11.028s] running install_scripts
[11.117s] Installing controller script to /home/ubuntu/pi_ws/install/my_package/lib/my_package
[11.118s] Installing detection script to /home/ubuntu/pi_ws/install/my_package/lib/my_package
[11.119s] Installing display script to /home/ubuntu/pi_ws/install/my_package/lib/my_package
[11.121s] writing list of installed files to '/home/ubuntu/pi_ws/build/my_package/install.log'
[13.516s] Invoked command in '/home/ubuntu/pi_ws/src/ros2_detection/my_package' returned '0': PYTHONPATH=/home/ubuntu/pi_ws/build/my_package/prefix_override:/home/ubuntu/pi_ws/install/my_package/lib/python3.8/site-packages:${PYTHONPATH} /usr/bin/python3 setup.py egg_info --egg-base ../../../build/my_package build --build-base /home/ubuntu/pi_ws/build/my_package/build install --record /home/ubuntu/pi_ws/build/my_package/install.log --install-scripts $base/lib/my_package --single-version-externally-managed
