[2.110s] Invoking command in '/home/ubuntu/pi_ws/build/serial': CMAKE_PREFIX_PATH=${CMAKE_PREFIX_PATH}:/home/ubuntu/pi_ws/install/serial_motor_demo:/home/ubuntu/pi_ws/install/my_package:/opt/ros/foxy /usr/bin/cmake /home/ubuntu/pi_ws/src/serial -DAMENT_CMAKE_SYMLINK_INSTALL=1 -DCMAKE_INSTALL_PREFIX=/home/ubuntu/pi_ws/install/serial
[2.389s] -- Found ament_cmake: 0.9.12 (/opt/ros/foxy/share/ament_cmake/cmake)
[2.562s] -- Using PYTHON_EXECUTABLE: /usr/bin/python3
[3.847s] -- Override CMake install command with custom implementation using symlinks instead of copying resources
[4.127s] -- Found ament_cmake_gtest: 0.9.12 (/opt/ros/foxy/share/ament_cmake_gtest/cmake)
[4.188s] -- Found gtest sources under '/opt/ros/foxy/src/gtest_vendor': C++ tests using 'Google Test' will be built
[4.667s] -- Configuring done
[4.892s] -- Generating done
[4.901s] -- Build files have been written to: /home/ubuntu/pi_ws/build/serial
[4.971s] Invoked command in '/home/ubuntu/pi_ws/build/serial' returned '0': CMAKE_PREFIX_PATH=${CMAKE_PREFIX_PATH}:/home/ubuntu/pi_ws/install/serial_motor_demo:/home/ubuntu/pi_ws/install/my_package:/opt/ros/foxy /usr/bin/cmake /home/ubuntu/pi_ws/src/serial -DAMENT_CMAKE_SYMLINK_INSTALL=1 -DCMAKE_INSTALL_PREFIX=/home/ubuntu/pi_ws/install/serial
[4.974s] Invoking command in '/home/ubuntu/pi_ws/build/serial': CMAKE_PREFIX_PATH=${CMAKE_PREFIX_PATH}:/home/ubuntu/pi_ws/install/serial_motor_demo:/home/ubuntu/pi_ws/install/my_package:/opt/ros/foxy /usr/bin/cmake --build /home/ubuntu/pi_ws/build/serial -- -j4 -l4
[5.458s] [ 14%] Built target gtest
[5.483s] [ 42%] Built target serial
[5.489s] [ 57%] Built target gtest_main
[5.719s] [ 71%] Built target serial_example
[5.791s] [ 85%] Built target serial-test-timer
[5.803s] [100%] Built target serial-test
[5.874s] Invoked command in '/home/ubuntu/pi_ws/build/serial' returned '0': CMAKE_PREFIX_PATH=${CMAKE_PREFIX_PATH}:/home/ubuntu/pi_ws/install/serial_motor_demo:/home/ubuntu/pi_ws/install/my_package:/opt/ros/foxy /usr/bin/cmake --build /home/ubuntu/pi_ws/build/serial -- -j4 -l4
[6.187s] Invoking command in '/home/ubuntu/pi_ws/build/serial': CMAKE_PREFIX_PATH=${CMAKE_PREFIX_PATH}:/home/ubuntu/pi_ws/install/serial_motor_demo:/home/ubuntu/pi_ws/install/my_package:/opt/ros/foxy /usr/bin/cmake --install /home/ubuntu/pi_ws/build/serial
[6.235s] -- Install configuration: ""
[6.239s] -- Execute custom install script
[6.241s] -- Symlinking: /home/ubuntu/pi_ws/install/serial/lib/libserial.a
[6.299s] -- Symlinking: /home/ubuntu/pi_ws/install/serial/include/serial/serial.h
[6.352s] -- Symlinking: /home/ubuntu/pi_ws/install/serial/include/serial/v8stdint.h
[6.402s] -- Symlinking: /home/ubuntu/pi_ws/install/serial/share/serial/environment/library_path.sh
[6.452s] -- Symlinking: /home/ubuntu/pi_ws/install/serial/share/serial/environment/library_path.dsv
[6.503s] -- Symlinking: /home/ubuntu/pi_ws/install/serial/share/ament_index/resource_index/package_run_dependencies/serial
[6.561s] -- Symlinking: /home/ubuntu/pi_ws/install/serial/share/ament_index/resource_index/parent_prefix_path/serial
[6.612s] -- Symlinking: /home/ubuntu/pi_ws/install/serial/share/serial/environment/ament_prefix_path.sh
[6.676s] -- Symlinking: /home/ubuntu/pi_ws/install/serial/share/serial/environment/ament_prefix_path.dsv
[6.726s] -- Symlinking: /home/ubuntu/pi_ws/install/serial/share/serial/environment/path.sh
[6.781s] -- Symlinking: /home/ubuntu/pi_ws/install/serial/share/serial/environment/path.dsv
[6.831s] -- Symlinking: /home/ubuntu/pi_ws/install/serial/share/serial/local_setup.bash
[6.884s] -- Symlinking: /home/ubuntu/pi_ws/install/serial/share/serial/local_setup.sh
[6.928s] -- Symlinking: /home/ubuntu/pi_ws/install/serial/share/serial/local_setup.zsh
[6.974s] -- Symlinking: /home/ubuntu/pi_ws/install/serial/share/serial/local_setup.dsv
[7.023s] -- Symlinking: /home/ubuntu/pi_ws/install/serial/share/serial/package.dsv
[7.065s] -- Symlinking: /home/ubuntu/pi_ws/install/serial/share/ament_index/resource_index/packages/serial
[7.108s] -- Symlinking: /home/ubuntu/pi_ws/install/serial/share/serial/cmake/ament_cmake_export_include_directories-extras.cmake
[7.166s] -- Symlinking: /home/ubuntu/pi_ws/install/serial/share/serial/cmake/ament_cmake_export_libraries-extras.cmake
[7.244s] -- Symlinking: /home/ubuntu/pi_ws/install/serial/share/serial/cmake/serialConfig.cmake
[7.324s] -- Symlinking: /home/ubuntu/pi_ws/install/serial/share/serial/cmake/serialConfig-version.cmake
[7.378s] -- Symlinking: /home/ubuntu/pi_ws/install/serial/share/serial/package.xml
[7.434s] Invoked command in '/home/ubuntu/pi_ws/build/serial' returned '0': CMAKE_PREFIX_PATH=${CMAKE_PREFIX_PATH}:/home/ubuntu/pi_ws/install/serial_motor_demo:/home/ubuntu/pi_ws/install/my_package:/opt/ros/foxy /usr/bin/cmake --install /home/ubuntu/pi_ws/build/serial
