[1.480s] Invoking command in '/home/ubuntu/pi_ws/build/serial_motor_demo_msgs': CMAKE_PREFIX_PATH=${CMAKE_PREFIX_PATH}:/home/ubuntu/pi_ws/install/my_package:/opt/ros/foxy /usr/bin/cmake --build /home/ubuntu/pi_ws/build/serial_motor_demo_msgs -- -j4 -l4
[1.980s] [  2%] Built target serial_motor_demo_msgs__cpp
[2.060s] [ 12%] Built target serial_motor_demo_msgs__rosidl_generator_c
[2.289s] [ 23%] Built target serial_motor_demo_msgs__rosidl_typesupport_cpp
[2.321s] [ 34%] Built target serial_motor_demo_msgs__rosidl_typesupport_introspection_cpp
[2.364s] [ 44%] Built target serial_motor_demo_msgs__rosidl_typesupport_fastrtps_cpp
[2.387s] [ 55%] Built target serial_motor_demo_msgs__rosidl_typesupport_introspection_c
[2.466s] [ 65%] Built target serial_motor_demo_msgs__rosidl_typesupport_c
[2.529s] [ 76%] Built target serial_motor_demo_msgs__rosidl_typesupport_fastrtps_c
[2.622s] [ 76%] Built target serial_motor_demo_msgs
[2.722s] [ 78%] Built target serial_motor_demo_msgs__py
[2.879s] [ 87%] Built target serial_motor_demo_msgs__python
[3.048s] [ 91%] Built target serial_motor_demo_msgs__rosidl_typesupport_fastrtps_c__pyext
[3.050s] [ 95%] Built target serial_motor_demo_msgs__rosidl_typesupport_c__pyext
[3.062s] [100%] Built target serial_motor_demo_msgs__rosidl_typesupport_introspection_c__pyext
[3.604s] Invoked command in '/home/ubuntu/pi_ws/build/serial_motor_demo_msgs' returned '0': CMAKE_PREFIX_PATH=${CMAKE_PREFIX_PATH}:/home/ubuntu/pi_ws/install/my_package:/opt/ros/foxy /usr/bin/cmake --build /home/ubuntu/pi_ws/build/serial_motor_demo_msgs -- -j4 -l4
[5.622s] Invoking command in '/home/ubuntu/pi_ws/build/serial_motor_demo_msgs': CMAKE_PREFIX_PATH=${CMAKE_PREFIX_PATH}:/home/ubuntu/pi_ws/install/my_package:/opt/ros/foxy /usr/bin/cmake --install /home/ubuntu/pi_ws/build/serial_motor_demo_msgs
[5.663s] -- Install configuration: ""
[5.664s] -- Up-to-date: /home/ubuntu/pi_ws/install/serial_motor_demo_msgs/share/ament_index/resource_index/rosidl_interfaces/serial_motor_demo_msgs
[5.665s] -- Up-to-date: /home/ubuntu/pi_ws/install/serial_motor_demo_msgs/include/serial_motor_demo_msgs
[5.666s] -- Up-to-date: /home/ubuntu/pi_ws/install/serial_motor_demo_msgs/include/serial_motor_demo_msgs/msg
[5.666s] -- Up-to-date: /home/ubuntu/pi_ws/install/serial_motor_demo_msgs/include/serial_motor_demo_msgs/msg/motor_vels.h
[5.667s] -- Up-to-date: /home/ubuntu/pi_ws/install/serial_motor_demo_msgs/include/serial_motor_demo_msgs/msg/detail
[5.671s] -- Up-to-date: /home/ubuntu/pi_ws/install/serial_motor_demo_msgs/include/serial_motor_demo_msgs/msg/detail/motor_command__struct.h
[5.672s] -- Up-to-date: /home/ubuntu/pi_ws/install/serial_motor_demo_msgs/include/serial_motor_demo_msgs/msg/detail/encoder_vals__type_support.h
[5.673s] -- Up-to-date: /home/ubuntu/pi_ws/install/serial_motor_demo_msgs/include/serial_motor_demo_msgs/msg/detail/encoder_vals__functions.h
[5.673s] -- Up-to-date: /home/ubuntu/pi_ws/install/serial_motor_demo_msgs/include/serial_motor_demo_msgs/msg/detail/encoder_vals__struct.h
[5.674s] -- Up-to-date: /home/ubuntu/pi_ws/install/serial_motor_demo_msgs/include/serial_motor_demo_msgs/msg/detail/motor_vels__functions.c
[5.674s] -- Up-to-date: /home/ubuntu/pi_ws/install/serial_motor_demo_msgs/include/serial_motor_demo_msgs/msg/detail/motor_vels__functions.h
[5.675s] -- Up-to-date: /home/ubuntu/pi_ws/install/serial_motor_demo_msgs/include/serial_motor_demo_msgs/msg/detail/motor_command__functions.h
[5.675s] -- Up-to-date: /home/ubuntu/pi_ws/install/serial_motor_demo_msgs/include/serial_motor_demo_msgs/msg/detail/encoder_vals__functions.c
[5.676s] -- Up-to-date: /home/ubuntu/pi_ws/install/serial_motor_demo_msgs/include/serial_motor_demo_msgs/msg/detail/motor_command__functions.c
[5.676s] -- Up-to-date: /home/ubuntu/pi_ws/install/serial_motor_demo_msgs/include/serial_motor_demo_msgs/msg/detail/motor_vels__struct.h
[5.677s] -- Up-to-date: /home/ubuntu/pi_ws/install/serial_motor_demo_msgs/include/serial_motor_demo_msgs/msg/detail/motor_vels__type_support.h
[5.677s] -- Up-to-date: /home/ubuntu/pi_ws/install/serial_motor_demo_msgs/include/serial_motor_demo_msgs/msg/detail/motor_command__type_support.h
[5.678s] -- Up-to-date: /home/ubuntu/pi_ws/install/serial_motor_demo_msgs/include/serial_motor_demo_msgs/msg/rosidl_generator_c__visibility_control.h
[5.679s] -- Up-to-date: /home/ubuntu/pi_ws/install/serial_motor_demo_msgs/include/serial_motor_demo_msgs/msg/motor_command.h
[5.679s] -- Up-to-date: /home/ubuntu/pi_ws/install/serial_motor_demo_msgs/include/serial_motor_demo_msgs/msg/encoder_vals.h
[5.679s] -- Up-to-date: /home/ubuntu/pi_ws/install/serial_motor_demo_msgs/share/serial_motor_demo_msgs/environment/library_path.sh
[5.680s] -- Up-to-date: /home/ubuntu/pi_ws/install/serial_motor_demo_msgs/share/serial_motor_demo_msgs/environment/library_path.dsv
[5.680s] -- Up-to-date: /home/ubuntu/pi_ws/install/serial_motor_demo_msgs/lib/libserial_motor_demo_msgs__rosidl_generator_c.so
[5.680s] -- Up-to-date: /home/ubuntu/pi_ws/install/serial_motor_demo_msgs/include/serial_motor_demo_msgs
[5.681s] -- Up-to-date: /home/ubuntu/pi_ws/install/serial_motor_demo_msgs/include/serial_motor_demo_msgs/msg
[5.682s] -- Up-to-date: /home/ubuntu/pi_ws/install/serial_motor_demo_msgs/include/serial_motor_demo_msgs/msg/rosidl_typesupport_fastrtps_c__visibility_control.h
[5.684s] -- Up-to-date: /home/ubuntu/pi_ws/install/serial_motor_demo_msgs/include/serial_motor_demo_msgs/msg/detail
[5.687s] -- Up-to-date: /home/ubuntu/pi_ws/install/serial_motor_demo_msgs/include/serial_motor_demo_msgs/msg/detail/motor_vels__rosidl_typesupport_fastrtps_c.h
[5.690s] -- Up-to-date: /home/ubuntu/pi_ws/install/serial_motor_demo_msgs/include/serial_motor_demo_msgs/msg/detail/motor_command__rosidl_typesupport_fastrtps_c.h
[5.692s] -- Up-to-date: /home/ubuntu/pi_ws/install/serial_motor_demo_msgs/include/serial_motor_demo_msgs/msg/detail/encoder_vals__rosidl_typesupport_fastrtps_c.h
[5.695s] -- Up-to-date: /home/ubuntu/pi_ws/install/serial_motor_demo_msgs/lib/libserial_motor_demo_msgs__rosidl_typesupport_fastrtps_c.so
[5.696s] -- Up-to-date: /home/ubuntu/pi_ws/install/serial_motor_demo_msgs/include/serial_motor_demo_msgs
[5.698s] -- Up-to-date: /home/ubuntu/pi_ws/install/serial_motor_demo_msgs/include/serial_motor_demo_msgs/msg
[5.699s] -- Up-to-date: /home/ubuntu/pi_ws/install/serial_motor_demo_msgs/include/serial_motor_demo_msgs/msg/rosidl_typesupport_fastrtps_cpp__visibility_control.h
[5.699s] -- Up-to-date: /home/ubuntu/pi_ws/install/serial_motor_demo_msgs/include/serial_motor_demo_msgs/msg/detail
[5.700s] -- Up-to-date: /home/ubuntu/pi_ws/install/serial_motor_demo_msgs/include/serial_motor_demo_msgs/msg/detail/motor_command__rosidl_typesupport_fastrtps_cpp.hpp
[5.700s] -- Up-to-date: /home/ubuntu/pi_ws/install/serial_motor_demo_msgs/include/serial_motor_demo_msgs/msg/detail/dds_fastrtps
[5.701s] -- Up-to-date: /home/ubuntu/pi_ws/install/serial_motor_demo_msgs/include/serial_motor_demo_msgs/msg/detail/motor_vels__rosidl_typesupport_fastrtps_cpp.hpp
[5.702s] -- Up-to-date: /home/ubuntu/pi_ws/install/serial_motor_demo_msgs/include/serial_motor_demo_msgs/msg/detail/encoder_vals__rosidl_typesupport_fastrtps_cpp.hpp
[5.703s] -- Up-to-date: /home/ubuntu/pi_ws/install/serial_motor_demo_msgs/lib/libserial_motor_demo_msgs__rosidl_typesupport_fastrtps_cpp.so
[5.703s] -- Up-to-date: /home/ubuntu/pi_ws/install/serial_motor_demo_msgs/include/serial_motor_demo_msgs
[5.706s] -- Up-to-date: /home/ubuntu/pi_ws/install/serial_motor_demo_msgs/include/serial_motor_demo_msgs/msg
[5.707s] -- Up-to-date: /home/ubuntu/pi_ws/install/serial_motor_demo_msgs/include/serial_motor_demo_msgs/msg/detail
[5.708s] -- Up-to-date: /home/ubuntu/pi_ws/install/serial_motor_demo_msgs/include/serial_motor_demo_msgs/msg/detail/motor_vels__rosidl_typesupport_introspection_c.h
[5.708s] -- Up-to-date: /home/ubuntu/pi_ws/install/serial_motor_demo_msgs/include/serial_motor_demo_msgs/msg/detail/motor_command__type_support.c
[5.709s] -- Up-to-date: /home/ubuntu/pi_ws/install/serial_motor_demo_msgs/include/serial_motor_demo_msgs/msg/detail/motor_vels__type_support.c
[5.710s] -- Up-to-date: /home/ubuntu/pi_ws/install/serial_motor_demo_msgs/include/serial_motor_demo_msgs/msg/detail/motor_command__rosidl_typesupport_introspection_c.h
[5.716s] -- Up-to-date: /home/ubuntu/pi_ws/install/serial_motor_demo_msgs/include/serial_motor_demo_msgs/msg/detail/encoder_vals__type_support.c
[5.730s] -- Up-to-date: /home/ubuntu/pi_ws/install/serial_motor_demo_msgs/include/serial_motor_demo_msgs/msg/detail/encoder_vals__rosidl_typesupport_introspection_c.h
[5.731s] -- Up-to-date: /home/ubuntu/pi_ws/install/serial_motor_demo_msgs/include/serial_motor_demo_msgs/msg/rosidl_typesupport_introspection_c__visibility_control.h
[5.731s] -- Up-to-date: /home/ubuntu/pi_ws/install/serial_motor_demo_msgs/lib/libserial_motor_demo_msgs__rosidl_typesupport_introspection_c.so
[5.732s] -- Up-to-date: /home/ubuntu/pi_ws/install/serial_motor_demo_msgs/lib/libserial_motor_demo_msgs__rosidl_typesupport_c.so
[5.734s] -- Up-to-date: /home/ubuntu/pi_ws/install/serial_motor_demo_msgs/include/serial_motor_demo_msgs
[5.734s] -- Up-to-date: /home/ubuntu/pi_ws/install/serial_motor_demo_msgs/include/serial_motor_demo_msgs/msg
[5.735s] -- Up-to-date: /home/ubuntu/pi_ws/install/serial_motor_demo_msgs/include/serial_motor_demo_msgs/msg/motor_command.hpp
[5.735s] -- Up-to-date: /home/ubuntu/pi_ws/install/serial_motor_demo_msgs/include/serial_motor_demo_msgs/msg/detail
[5.735s] -- Up-to-date: /home/ubuntu/pi_ws/install/serial_motor_demo_msgs/include/serial_motor_demo_msgs/msg/detail/motor_command__type_support.hpp
[5.736s] -- Up-to-date: /home/ubuntu/pi_ws/install/serial_motor_demo_msgs/include/serial_motor_demo_msgs/msg/detail/motor_vels__struct.hpp
[5.736s] -- Up-to-date: /home/ubuntu/pi_ws/install/serial_motor_demo_msgs/include/serial_motor_demo_msgs/msg/detail/encoder_vals__type_support.hpp
[5.736s] -- Up-to-date: /home/ubuntu/pi_ws/install/serial_motor_demo_msgs/include/serial_motor_demo_msgs/msg/detail/motor_vels__traits.hpp
[5.737s] -- Up-to-date: /home/ubuntu/pi_ws/install/serial_motor_demo_msgs/include/serial_motor_demo_msgs/msg/detail/motor_command__builder.hpp
[5.737s] -- Up-to-date: /home/ubuntu/pi_ws/install/serial_motor_demo_msgs/include/serial_motor_demo_msgs/msg/detail/motor_command__struct.hpp
[5.738s] -- Up-to-date: /home/ubuntu/pi_ws/install/serial_motor_demo_msgs/include/serial_motor_demo_msgs/msg/detail/encoder_vals__struct.hpp
[5.738s] -- Up-to-date: /home/ubuntu/pi_ws/install/serial_motor_demo_msgs/include/serial_motor_demo_msgs/msg/detail/encoder_vals__traits.hpp
[5.738s] -- Up-to-date: /home/ubuntu/pi_ws/install/serial_motor_demo_msgs/include/serial_motor_demo_msgs/msg/detail/motor_command__traits.hpp
[5.739s] -- Up-to-date: /home/ubuntu/pi_ws/install/serial_motor_demo_msgs/include/serial_motor_demo_msgs/msg/detail/encoder_vals__builder.hpp
[5.739s] -- Up-to-date: /home/ubuntu/pi_ws/install/serial_motor_demo_msgs/include/serial_motor_demo_msgs/msg/detail/motor_vels__builder.hpp
[5.739s] -- Up-to-date: /home/ubuntu/pi_ws/install/serial_motor_demo_msgs/include/serial_motor_demo_msgs/msg/detail/motor_vels__type_support.hpp
[5.740s] -- Up-to-date: /home/ubuntu/pi_ws/install/serial_motor_demo_msgs/include/serial_motor_demo_msgs/msg/encoder_vals.hpp
[5.740s] -- Up-to-date: /home/ubuntu/pi_ws/install/serial_motor_demo_msgs/include/serial_motor_demo_msgs/msg/rosidl_generator_cpp__visibility_control.hpp
[5.741s] -- Up-to-date: /home/ubuntu/pi_ws/install/serial_motor_demo_msgs/include/serial_motor_demo_msgs/msg/motor_vels.hpp
[5.741s] -- Up-to-date: /home/ubuntu/pi_ws/install/serial_motor_demo_msgs/include/serial_motor_demo_msgs
[5.742s] -- Up-to-date: /home/ubuntu/pi_ws/install/serial_motor_demo_msgs/include/serial_motor_demo_msgs/msg
[5.742s] -- Up-to-date: /home/ubuntu/pi_ws/install/serial_motor_demo_msgs/include/serial_motor_demo_msgs/msg/detail
[5.742s] -- Up-to-date: /home/ubuntu/pi_ws/install/serial_motor_demo_msgs/include/serial_motor_demo_msgs/msg/detail/encoder_vals__rosidl_typesupport_introspection_cpp.hpp
[5.743s] -- Up-to-date: /home/ubuntu/pi_ws/install/serial_motor_demo_msgs/include/serial_motor_demo_msgs/msg/detail/motor_command__type_support.cpp
[5.743s] -- Up-to-date: /home/ubuntu/pi_ws/install/serial_motor_demo_msgs/include/serial_motor_demo_msgs/msg/detail/motor_command__rosidl_typesupport_introspection_cpp.hpp
[5.743s] -- Up-to-date: /home/ubuntu/pi_ws/install/serial_motor_demo_msgs/include/serial_motor_demo_msgs/msg/detail/motor_vels__type_support.cpp
[5.744s] -- Up-to-date: /home/ubuntu/pi_ws/install/serial_motor_demo_msgs/include/serial_motor_demo_msgs/msg/detail/motor_vels__rosidl_typesupport_introspection_cpp.hpp
[5.744s] -- Up-to-date: /home/ubuntu/pi_ws/install/serial_motor_demo_msgs/include/serial_motor_demo_msgs/msg/detail/encoder_vals__type_support.cpp
[5.745s] -- Up-to-date: /home/ubuntu/pi_ws/install/serial_motor_demo_msgs/lib/libserial_motor_demo_msgs__rosidl_typesupport_introspection_cpp.so
[5.749s] -- Up-to-date: /home/ubuntu/pi_ws/install/serial_motor_demo_msgs/lib/libserial_motor_demo_msgs__rosidl_typesupport_cpp.so
[5.751s] -- Up-to-date: /home/ubuntu/pi_ws/install/serial_motor_demo_msgs/share/serial_motor_demo_msgs/environment/pythonpath.sh
[5.752s] -- Up-to-date: /home/ubuntu/pi_ws/install/serial_motor_demo_msgs/share/serial_motor_demo_msgs/environment/pythonpath.dsv
[5.753s] -- Up-to-date: /home/ubuntu/pi_ws/install/serial_motor_demo_msgs/lib/python3.8/site-packages/serial_motor_demo_msgs/__init__.py
[5.909s] -- Up-to-date: /home/ubuntu/pi_ws/install/serial_motor_demo_msgs/lib/python3.8/site-packages/serial_motor_demo_msgs/msg
[5.912s] -- Up-to-date: /home/ubuntu/pi_ws/install/serial_motor_demo_msgs/lib/python3.8/site-packages/serial_motor_demo_msgs/msg/_motor_vels.py
[5.912s] -- Up-to-date: /home/ubuntu/pi_ws/install/serial_motor_demo_msgs/lib/python3.8/site-packages/serial_motor_demo_msgs/msg/_motor_command.py
[5.913s] -- Up-to-date: /home/ubuntu/pi_ws/install/serial_motor_demo_msgs/lib/python3.8/site-packages/serial_motor_demo_msgs/msg/_encoder_vals_s.c
[5.920s] -- Up-to-date: /home/ubuntu/pi_ws/install/serial_motor_demo_msgs/lib/python3.8/site-packages/serial_motor_demo_msgs/msg/_motor_command_s.c
[5.924s] -- Up-to-date: /home/ubuntu/pi_ws/install/serial_motor_demo_msgs/lib/python3.8/site-packages/serial_motor_demo_msgs/msg/_motor_vels_s.c
[5.925s] -- Up-to-date: /home/ubuntu/pi_ws/install/serial_motor_demo_msgs/lib/python3.8/site-packages/serial_motor_demo_msgs/msg/__init__.py
[5.928s] -- Up-to-date: /home/ubuntu/pi_ws/install/serial_motor_demo_msgs/lib/python3.8/site-packages/serial_motor_demo_msgs/msg/_encoder_vals.py
[5.931s] -- Up-to-date: /home/ubuntu/pi_ws/install/serial_motor_demo_msgs/lib/python3.8/site-packages/serial_motor_demo_msgs/serial_motor_demo_msgs_s__rosidl_typesupport_fastrtps_c.cpython-38-aarch64-linux-gnu.so
[5.939s] -- Up-to-date: /home/ubuntu/pi_ws/install/serial_motor_demo_msgs/lib/python3.8/site-packages/serial_motor_demo_msgs/serial_motor_demo_msgs_s__rosidl_typesupport_introspection_c.cpython-38-aarch64-linux-gnu.so
[5.941s] -- Up-to-date: /home/ubuntu/pi_ws/install/serial_motor_demo_msgs/lib/python3.8/site-packages/serial_motor_demo_msgs/serial_motor_demo_msgs_s__rosidl_typesupport_c.cpython-38-aarch64-linux-gnu.so
[5.943s] -- Up-to-date: /home/ubuntu/pi_ws/install/serial_motor_demo_msgs/lib/libserial_motor_demo_msgs__python.so
[5.948s] -- Up-to-date: /home/ubuntu/pi_ws/install/serial_motor_demo_msgs/share/serial_motor_demo_msgs/msg/MotorCommand.idl
[5.949s] -- Up-to-date: /home/ubuntu/pi_ws/install/serial_motor_demo_msgs/share/serial_motor_demo_msgs/msg/MotorVels.idl
[5.949s] -- Up-to-date: /home/ubuntu/pi_ws/install/serial_motor_demo_msgs/share/serial_motor_demo_msgs/msg/EncoderVals.idl
[5.950s] -- Up-to-date: /home/ubuntu/pi_ws/install/serial_motor_demo_msgs/share/serial_motor_demo_msgs/msg/MotorCommand.msg
[5.951s] -- Up-to-date: /home/ubuntu/pi_ws/install/serial_motor_demo_msgs/share/serial_motor_demo_msgs/msg/MotorVels.msg
[5.951s] -- Up-to-date: /home/ubuntu/pi_ws/install/serial_motor_demo_msgs/share/serial_motor_demo_msgs/msg/EncoderVals.msg
[5.951s] -- Up-to-date: /home/ubuntu/pi_ws/install/serial_motor_demo_msgs/share/ament_index/resource_index/package_run_dependencies/serial_motor_demo_msgs
[5.952s] -- Up-to-date: /home/ubuntu/pi_ws/install/serial_motor_demo_msgs/share/ament_index/resource_index/parent_prefix_path/serial_motor_demo_msgs
[5.952s] -- Up-to-date: /home/ubuntu/pi_ws/install/serial_motor_demo_msgs/share/serial_motor_demo_msgs/environment/ament_prefix_path.sh
[5.952s] -- Up-to-date: /home/ubuntu/pi_ws/install/serial_motor_demo_msgs/share/serial_motor_demo_msgs/environment/ament_prefix_path.dsv
[5.952s] -- Up-to-date: /home/ubuntu/pi_ws/install/serial_motor_demo_msgs/share/serial_motor_demo_msgs/environment/path.sh
[5.953s] -- Up-to-date: /home/ubuntu/pi_ws/install/serial_motor_demo_msgs/share/serial_motor_demo_msgs/environment/path.dsv
[5.953s] -- Up-to-date: /home/ubuntu/pi_ws/install/serial_motor_demo_msgs/share/serial_motor_demo_msgs/local_setup.bash
[5.953s] -- Up-to-date: /home/ubuntu/pi_ws/install/serial_motor_demo_msgs/share/serial_motor_demo_msgs/local_setup.sh
[5.954s] -- Up-to-date: /home/ubuntu/pi_ws/install/serial_motor_demo_msgs/share/serial_motor_demo_msgs/local_setup.zsh
[5.954s] -- Up-to-date: /home/ubuntu/pi_ws/install/serial_motor_demo_msgs/share/serial_motor_demo_msgs/local_setup.dsv
[5.954s] -- Installing: /home/ubuntu/pi_ws/install/serial_motor_demo_msgs/share/serial_motor_demo_msgs/package.dsv
[5.955s] -- Up-to-date: /home/ubuntu/pi_ws/install/serial_motor_demo_msgs/share/ament_index/resource_index/packages/serial_motor_demo_msgs
[5.955s] -- Up-to-date: /home/ubuntu/pi_ws/install/serial_motor_demo_msgs/share/serial_motor_demo_msgs/cmake/serial_motor_demo_msgs__rosidl_generator_cExport.cmake
[5.955s] -- Up-to-date: /home/ubuntu/pi_ws/install/serial_motor_demo_msgs/share/serial_motor_demo_msgs/cmake/serial_motor_demo_msgs__rosidl_generator_cExport-noconfig.cmake
[5.956s] -- Up-to-date: /home/ubuntu/pi_ws/install/serial_motor_demo_msgs/share/serial_motor_demo_msgs/cmake/serial_motor_demo_msgs__rosidl_typesupport_introspection_cExport.cmake
[5.956s] -- Up-to-date: /home/ubuntu/pi_ws/install/serial_motor_demo_msgs/share/serial_motor_demo_msgs/cmake/serial_motor_demo_msgs__rosidl_typesupport_introspection_cExport-noconfig.cmake
[5.957s] -- Up-to-date: /home/ubuntu/pi_ws/install/serial_motor_demo_msgs/share/serial_motor_demo_msgs/cmake/serial_motor_demo_msgs__rosidl_typesupport_cExport.cmake
[5.957s] -- Up-to-date: /home/ubuntu/pi_ws/install/serial_motor_demo_msgs/share/serial_motor_demo_msgs/cmake/serial_motor_demo_msgs__rosidl_typesupport_cExport-noconfig.cmake
[5.958s] -- Up-to-date: /home/ubuntu/pi_ws/install/serial_motor_demo_msgs/share/serial_motor_demo_msgs/cmake/serial_motor_demo_msgs__rosidl_generator_cppExport.cmake
[5.958s] -- Up-to-date: /home/ubuntu/pi_ws/install/serial_motor_demo_msgs/share/serial_motor_demo_msgs/cmake/serial_motor_demo_msgs__rosidl_typesupport_introspection_cppExport.cmake
[5.959s] -- Up-to-date: /home/ubuntu/pi_ws/install/serial_motor_demo_msgs/share/serial_motor_demo_msgs/cmake/serial_motor_demo_msgs__rosidl_typesupport_introspection_cppExport-noconfig.cmake
[5.959s] -- Up-to-date: /home/ubuntu/pi_ws/install/serial_motor_demo_msgs/share/serial_motor_demo_msgs/cmake/serial_motor_demo_msgs__rosidl_typesupport_cppExport.cmake
[5.959s] -- Up-to-date: /home/ubuntu/pi_ws/install/serial_motor_demo_msgs/share/serial_motor_demo_msgs/cmake/serial_motor_demo_msgs__rosidl_typesupport_cppExport-noconfig.cmake
[5.959s] -- Up-to-date: /home/ubuntu/pi_ws/install/serial_motor_demo_msgs/share/serial_motor_demo_msgs/cmake/rosidl_cmake-extras.cmake
[5.960s] -- Up-to-date: /home/ubuntu/pi_ws/install/serial_motor_demo_msgs/share/serial_motor_demo_msgs/cmake/ament_cmake_export_dependencies-extras.cmake
[5.960s] -- Up-to-date: /home/ubuntu/pi_ws/install/serial_motor_demo_msgs/share/serial_motor_demo_msgs/cmake/ament_cmake_export_libraries-extras.cmake
[5.960s] -- Up-to-date: /home/ubuntu/pi_ws/install/serial_motor_demo_msgs/share/serial_motor_demo_msgs/cmake/ament_cmake_export_targets-extras.cmake
[5.961s] -- Up-to-date: /home/ubuntu/pi_ws/install/serial_motor_demo_msgs/share/serial_motor_demo_msgs/cmake/ament_cmake_export_include_directories-extras.cmake
[5.961s] -- Up-to-date: /home/ubuntu/pi_ws/install/serial_motor_demo_msgs/share/serial_motor_demo_msgs/cmake/rosidl_cmake_export_typesupport_libraries-extras.cmake
[5.961s] -- Up-to-date: /home/ubuntu/pi_ws/install/serial_motor_demo_msgs/share/serial_motor_demo_msgs/cmake/rosidl_cmake_export_typesupport_targets-extras.cmake
[5.962s] -- Up-to-date: /home/ubuntu/pi_ws/install/serial_motor_demo_msgs/share/serial_motor_demo_msgs/cmake/serial_motor_demo_msgsConfig.cmake
[5.962s] -- Up-to-date: /home/ubuntu/pi_ws/install/serial_motor_demo_msgs/share/serial_motor_demo_msgs/cmake/serial_motor_demo_msgsConfig-version.cmake
[5.962s] -- Up-to-date: /home/ubuntu/pi_ws/install/serial_motor_demo_msgs/share/serial_motor_demo_msgs/package.xml
[7.458s] Invoked command in '/home/ubuntu/pi_ws/build/serial_motor_demo_msgs' returned '0': CMAKE_PREFIX_PATH=${CMAKE_PREFIX_PATH}:/home/ubuntu/pi_ws/install/my_package:/opt/ros/foxy /usr/bin/cmake --install /home/ubuntu/pi_ws/build/serial_motor_demo_msgs
