[0.562s] Invoking command in '/home/ubuntu/pi_ws/build/gazebo_ros2_control_demos': AMENT_PREFIX_PATH=/home/ubuntu/pi_ws/install/gazebo_ros2_control:${AMENT_PREFIX_PATH} CMAKE_PREFIX_PATH=/home/ubuntu/pi_ws/install/gazebo_ros2_control:/home/ubuntu/pi_ws/install/serial_motor_demo_msgs:/home/ubuntu/pi_ws/install/diffdrive_arduino:/home/ubuntu/pi_ws/install/serial:/home/ubuntu/pi_ws/install/senior_design1:/home/ubuntu/pi_ws/install/articubot_one:/home/ubuntu/pi_ws/install/serial_motor_demo:/opt/ros/foxy LD_LIBRARY_PATH=/home/ubuntu/pi_ws/install/gazebo_ros2_control/lib:${LD_LIBRARY_PATH} /usr/bin/cmake /home/ubuntu/pi_ws/src/gazebo_ros2_control/gazebo_ros2_control_demos -DCMAKE_INSTALL_PREFIX=/home/ubuntu/pi_ws/install/gazebo_ros2_control_demos
[0.801s] -- The C compiler identification is GNU 9.4.0
[1.021s] -- The CXX compiler identification is GNU 9.4.0
[1.038s] -- Check for working C compiler: /usr/bin/cc
[1.336s] -- Check for working C compiler: /usr/bin/cc -- works
[1.340s] -- Detecting C compiler ABI info
[1.641s] -- Detecting C compiler ABI info - done
[1.678s] -- Detecting C compile features
[1.679s] -- Detecting C compile features - done
[1.688s] -- Check for working CXX compiler: /usr/bin/c++
[2.011s] -- Check for working CXX compiler: /usr/bin/c++ -- works
[2.016s] -- Detecting CXX compiler ABI info
[2.343s] -- Detecting CXX compiler ABI info - done
[2.384s] -- Detecting CXX compile features
[2.386s] -- Detecting CXX compile features - done
[2.410s] -- Found ament_cmake: 0.9.12 (/opt/ros/foxy/share/ament_cmake/cmake)
[2.555s] -- Found PythonInterp: /usr/bin/python3 (found suitable version "3.8.10", minimum required is "3") 
[2.556s] -- Using PYTHON_EXECUTABLE: /usr/bin/python3
[3.460s] -- Found control_msgs: 2.5.1 (/opt/ros/foxy/share/control_msgs/cmake)
[3.698s] -- Using all available rosidl_typesupport_c: rosidl_typesupport_fastrtps_c;rosidl_typesupport_introspection_c
[3.757s] -- Found rosidl_adapter: 1.3.1 (/opt/ros/foxy/share/rosidl_adapter/cmake)
[4.287s] -- Found OpenSSL: /usr/lib/aarch64-linux-gnu/libcrypto.so (found version "1.1.1f")  
[4.480s] -- Found FastRTPS: /opt/ros/foxy/include  
[4.971s] -- Using all available rosidl_typesupport_cpp: rosidl_typesupport_fastrtps_cpp;rosidl_typesupport_introspection_cpp
[6.548s] -- Found rclcpp: 2.4.3 (/opt/ros/foxy/share/rclcpp/cmake)
[6.789s] -- Found rmw_implementation_cmake: 1.0.4 (/opt/ros/foxy/share/rmw_implementation_cmake/cmake)
[6.795s] -- Using RMW implementation 'rmw_fastrtps_cpp' as default
[6.799s] -- Looking for pthread.h
[7.111s] -- Looking for pthread.h - found
[7.112s] -- Performing Test CMAKE_HAVE_LIBC_PTHREAD
[7.425s] -- Performing Test CMAKE_HAVE_LIBC_PTHREAD - Failed
[7.428s] -- Looking for pthread_create in pthreads
[7.685s] -- Looking for pthread_create in pthreads - not found
[7.686s] -- Looking for pthread_create in pthread
[8.060s] -- Looking for pthread_create in pthread - found
[8.064s] -- Found Threads: TRUE  
[8.662s] -- Found rclcpp_action: 2.4.3 (/opt/ros/foxy/share/rclcpp_action/cmake)
[8.838s] -- Found ament_cmake_gtest: 0.9.12 (/opt/ros/foxy/share/ament_cmake_gtest/cmake)
[8.856s] -- Found ament_lint_auto: 0.9.8 (/opt/ros/foxy/share/ament_lint_auto/cmake)
[9.264s] -- Added test 'copyright' to check source files copyright and LICENSE
[9.279s] -- Added test 'cppcheck' to perform static code analysis on C / C++ code
[9.279s] -- Configured cppcheck include dirs: 
[9.280s] -- Configured cppcheck exclude dirs and/or files: 
[9.293s] -- Added test 'cpplint' to check C / C++ code against the Google style
[9.294s] -- Configured cpplint exclude dirs and/or files: 
[9.297s] -- Added test 'flake8' to check Python code syntax and style conventions
[9.302s] -- Added test 'lint_cmake' to check CMake code style
[9.306s] -- Added test 'pep257' to check Python code against some of the style conventions in PEP 257
[9.320s] -- Added test 'uncrustify' to check C / C++ code style
[9.320s] -- Configured uncrustify additional arguments: 
[9.324s] -- Added test 'xmllint' to check XML markup files
[9.348s] -- Configuring done
[9.433s] -- Generating done
[9.441s] -- Build files have been written to: /home/ubuntu/pi_ws/build/gazebo_ros2_control_demos
[9.476s] Invoked command in '/home/ubuntu/pi_ws/build/gazebo_ros2_control_demos' returned '0': AMENT_PREFIX_PATH=/home/ubuntu/pi_ws/install/gazebo_ros2_control:${AMENT_PREFIX_PATH} CMAKE_PREFIX_PATH=/home/ubuntu/pi_ws/install/gazebo_ros2_control:/home/ubuntu/pi_ws/install/serial_motor_demo_msgs:/home/ubuntu/pi_ws/install/diffdrive_arduino:/home/ubuntu/pi_ws/install/serial:/home/ubuntu/pi_ws/install/senior_design1:/home/ubuntu/pi_ws/install/articubot_one:/home/ubuntu/pi_ws/install/serial_motor_demo:/opt/ros/foxy LD_LIBRARY_PATH=/home/ubuntu/pi_ws/install/gazebo_ros2_control/lib:${LD_LIBRARY_PATH} /usr/bin/cmake /home/ubuntu/pi_ws/src/gazebo_ros2_control/gazebo_ros2_control_demos -DCMAKE_INSTALL_PREFIX=/home/ubuntu/pi_ws/install/gazebo_ros2_control_demos
[9.484s] Invoking command in '/home/ubuntu/pi_ws/build/gazebo_ros2_control_demos': AMENT_PREFIX_PATH=/home/ubuntu/pi_ws/install/gazebo_ros2_control:${AMENT_PREFIX_PATH} CMAKE_PREFIX_PATH=/home/ubuntu/pi_ws/install/gazebo_ros2_control:/home/ubuntu/pi_ws/install/serial_motor_demo_msgs:/home/ubuntu/pi_ws/install/diffdrive_arduino:/home/ubuntu/pi_ws/install/serial:/home/ubuntu/pi_ws/install/senior_design1:/home/ubuntu/pi_ws/install/articubot_one:/home/ubuntu/pi_ws/install/serial_motor_demo:/opt/ros/foxy LD_LIBRARY_PATH=/home/ubuntu/pi_ws/install/gazebo_ros2_control/lib:${LD_LIBRARY_PATH} /usr/bin/cmake --build /home/ubuntu/pi_ws/build/gazebo_ros2_control_demos -- -j4 -l4
[9.674s] [35m[1mScanning dependencies of target example_position[0m
[9.677s] [35m[1mScanning dependencies of target example_velocity[0m
[9.683s] [35m[1mScanning dependencies of target example_effort[0m
[9.693s] [35m[1mScanning dependencies of target example_gripper[0m
[9.897s] [ 10%] [32mBuilding CXX object CMakeFiles/example_effort.dir/examples/example_effort.cpp.o[0m
[9.908s] [ 20%] [32mBuilding CXX object CMakeFiles/example_velocity.dir/examples/example_velocity.cpp.o[0m
[9.949s] [ 30%] [32mBuilding CXX object CMakeFiles/example_gripper.dir/examples/example_gripper.cpp.o[0m
[10.102s] [ 40%] [32mBuilding CXX object CMakeFiles/example_position.dir/examples/example_position.cpp.o[0m
[26.118s] [ 50%] [32m[1mLinking CXX executable example_gripper[0m
[26.824s] [ 60%] [32m[1mLinking CXX executable example_velocity[0m
[27.285s] [ 60%] Built target example_gripper
[27.364s] [35m[1mScanning dependencies of target example_diff_drive[0m
[27.789s] [ 70%] [32mBuilding CXX object CMakeFiles/example_diff_drive.dir/examples/example_diff_drive.cpp.o[0m
[27.835s] [ 70%] Built target example_velocity
[28.573s] [ 80%] [32m[1mLinking CXX executable example_effort[0m
[29.415s] [ 80%] Built target example_effort
[30.331s] [ 90%] [32m[1mLinking CXX executable example_position[0m
[31.307s] [ 90%] Built target example_position
[39.381s] [100%] [32m[1mLinking CXX executable example_diff_drive[0m
[40.078s] [100%] Built target example_diff_drive
[40.129s] Invoked command in '/home/ubuntu/pi_ws/build/gazebo_ros2_control_demos' returned '0': AMENT_PREFIX_PATH=/home/ubuntu/pi_ws/install/gazebo_ros2_control:${AMENT_PREFIX_PATH} CMAKE_PREFIX_PATH=/home/ubuntu/pi_ws/install/gazebo_ros2_control:/home/ubuntu/pi_ws/install/serial_motor_demo_msgs:/home/ubuntu/pi_ws/install/diffdrive_arduino:/home/ubuntu/pi_ws/install/serial:/home/ubuntu/pi_ws/install/senior_design1:/home/ubuntu/pi_ws/install/articubot_one:/home/ubuntu/pi_ws/install/serial_motor_demo:/opt/ros/foxy LD_LIBRARY_PATH=/home/ubuntu/pi_ws/install/gazebo_ros2_control/lib:${LD_LIBRARY_PATH} /usr/bin/cmake --build /home/ubuntu/pi_ws/build/gazebo_ros2_control_demos -- -j4 -l4
[40.323s] Invoking command in '/home/ubuntu/pi_ws/build/gazebo_ros2_control_demos': AMENT_PREFIX_PATH=/home/ubuntu/pi_ws/install/gazebo_ros2_control:${AMENT_PREFIX_PATH} CMAKE_PREFIX_PATH=/home/ubuntu/pi_ws/install/gazebo_ros2_control:/home/ubuntu/pi_ws/install/serial_motor_demo_msgs:/home/ubuntu/pi_ws/install/diffdrive_arduino:/home/ubuntu/pi_ws/install/serial:/home/ubuntu/pi_ws/install/senior_design1:/home/ubuntu/pi_ws/install/articubot_one:/home/ubuntu/pi_ws/install/serial_motor_demo:/opt/ros/foxy LD_LIBRARY_PATH=/home/ubuntu/pi_ws/install/gazebo_ros2_control/lib:${LD_LIBRARY_PATH} /usr/bin/cmake --install /home/ubuntu/pi_ws/build/gazebo_ros2_control_demos
[40.359s] -- Install configuration: ""
[40.360s] -- Installing: /home/ubuntu/pi_ws/install/gazebo_ros2_control_demos/share/gazebo_ros2_control_demos//launch
[40.360s] -- Installing: /home/ubuntu/pi_ws/install/gazebo_ros2_control_demos/share/gazebo_ros2_control_demos//launch/cart_example_velocity.launch.py
[40.361s] -- Installing: /home/ubuntu/pi_ws/install/gazebo_ros2_control_demos/share/gazebo_ros2_control_demos//launch/diff_drive.launch.py
[40.362s] -- Installing: /home/ubuntu/pi_ws/install/gazebo_ros2_control_demos/share/gazebo_ros2_control_demos//launch/cart_example_position.launch.py
[40.363s] -- Installing: /home/ubuntu/pi_ws/install/gazebo_ros2_control_demos/share/gazebo_ros2_control_demos//launch/cart_example_effort.launch.py
[40.364s] -- Installing: /home/ubuntu/pi_ws/install/gazebo_ros2_control_demos/share/gazebo_ros2_control_demos//launch/gripper_mimic_joint_example.launch.py
[40.365s] -- Installing: /home/ubuntu/pi_ws/install/gazebo_ros2_control_demos/share/gazebo_ros2_control_demos//config
[40.365s] -- Installing: /home/ubuntu/pi_ws/install/gazebo_ros2_control_demos/share/gazebo_ros2_control_demos//config/cartpole_controller_velocity.yaml
[40.366s] -- Installing: /home/ubuntu/pi_ws/install/gazebo_ros2_control_demos/share/gazebo_ros2_control_demos//config/diff_drive_controller.yaml
[40.367s] -- Installing: /home/ubuntu/pi_ws/install/gazebo_ros2_control_demos/share/gazebo_ros2_control_demos//config/cartpole_controller_effort.yaml
[40.369s] -- Installing: /home/ubuntu/pi_ws/install/gazebo_ros2_control_demos/share/gazebo_ros2_control_demos//config/cartpole_controller.yaml
[40.370s] -- Installing: /home/ubuntu/pi_ws/install/gazebo_ros2_control_demos/share/gazebo_ros2_control_demos//config/gripper_controller.yaml
[40.370s] -- Installing: /home/ubuntu/pi_ws/install/gazebo_ros2_control_demos/share/gazebo_ros2_control_demos//urdf
[40.371s] -- Installing: /home/ubuntu/pi_ws/install/gazebo_ros2_control_demos/share/gazebo_ros2_control_demos//urdf/test_diff_drive.xacro.urdf
[40.372s] -- Installing: /home/ubuntu/pi_ws/install/gazebo_ros2_control_demos/share/gazebo_ros2_control_demos//urdf/test_cart_velocity.xacro.urdf
[40.373s] -- Installing: /home/ubuntu/pi_ws/install/gazebo_ros2_control_demos/share/gazebo_ros2_control_demos//urdf/test_cart_effort.xacro.urdf
[40.374s] -- Installing: /home/ubuntu/pi_ws/install/gazebo_ros2_control_demos/share/gazebo_ros2_control_demos//urdf/test_cart_position.xacro.urdf
[40.374s] -- Installing: /home/ubuntu/pi_ws/install/gazebo_ros2_control_demos/share/gazebo_ros2_control_demos//urdf/test_gripper_mimic_joint.xacro.urdf
[40.376s] -- Installing: /home/ubuntu/pi_ws/install/gazebo_ros2_control_demos/lib/gazebo_ros2_control_demos/example_position
[40.383s] -- Set runtime path of "/home/ubuntu/pi_ws/install/gazebo_ros2_control_demos/lib/gazebo_ros2_control_demos/example_position" to ""
[40.384s] -- Installing: /home/ubuntu/pi_ws/install/gazebo_ros2_control_demos/lib/gazebo_ros2_control_demos/example_velocity
[40.390s] -- Set runtime path of "/home/ubuntu/pi_ws/install/gazebo_ros2_control_demos/lib/gazebo_ros2_control_demos/example_velocity" to ""
[40.390s] -- Installing: /home/ubuntu/pi_ws/install/gazebo_ros2_control_demos/lib/gazebo_ros2_control_demos/example_effort
[40.396s] -- Set runtime path of "/home/ubuntu/pi_ws/install/gazebo_ros2_control_demos/lib/gazebo_ros2_control_demos/example_effort" to ""
[40.396s] -- Installing: /home/ubuntu/pi_ws/install/gazebo_ros2_control_demos/lib/gazebo_ros2_control_demos/example_gripper
[40.402s] -- Set runtime path of "/home/ubuntu/pi_ws/install/gazebo_ros2_control_demos/lib/gazebo_ros2_control_demos/example_gripper" to ""
[40.402s] -- Installing: /home/ubuntu/pi_ws/install/gazebo_ros2_control_demos/lib/gazebo_ros2_control_demos/example_diff_drive
[40.408s] -- Set runtime path of "/home/ubuntu/pi_ws/install/gazebo_ros2_control_demos/lib/gazebo_ros2_control_demos/example_diff_drive" to ""
[40.409s] -- Installing: /home/ubuntu/pi_ws/install/gazebo_ros2_control_demos/share/ament_index/resource_index/package_run_dependencies/gazebo_ros2_control_demos
[40.410s] -- Installing: /home/ubuntu/pi_ws/install/gazebo_ros2_control_demos/share/ament_index/resource_index/parent_prefix_path/gazebo_ros2_control_demos
[40.412s] -- Installing: /home/ubuntu/pi_ws/install/gazebo_ros2_control_demos/share/gazebo_ros2_control_demos/environment/ament_prefix_path.sh
[40.413s] -- Installing: /home/ubuntu/pi_ws/install/gazebo_ros2_control_demos/share/gazebo_ros2_control_demos/environment/ament_prefix_path.dsv
[40.414s] -- Installing: /home/ubuntu/pi_ws/install/gazebo_ros2_control_demos/share/gazebo_ros2_control_demos/environment/path.sh
[40.415s] -- Installing: /home/ubuntu/pi_ws/install/gazebo_ros2_control_demos/share/gazebo_ros2_control_demos/environment/path.dsv
[40.416s] -- Installing: /home/ubuntu/pi_ws/install/gazebo_ros2_control_demos/share/gazebo_ros2_control_demos/local_setup.bash
[40.417s] -- Installing: /home/ubuntu/pi_ws/install/gazebo_ros2_control_demos/share/gazebo_ros2_control_demos/local_setup.sh
[40.418s] -- Installing: /home/ubuntu/pi_ws/install/gazebo_ros2_control_demos/share/gazebo_ros2_control_demos/local_setup.zsh
[40.419s] -- Installing: /home/ubuntu/pi_ws/install/gazebo_ros2_control_demos/share/gazebo_ros2_control_demos/local_setup.dsv
[40.420s] -- Installing: /home/ubuntu/pi_ws/install/gazebo_ros2_control_demos/share/gazebo_ros2_control_demos/package.dsv
[40.422s] -- Installing: /home/ubuntu/pi_ws/install/gazebo_ros2_control_demos/share/ament_index/resource_index/packages/gazebo_ros2_control_demos
[40.423s] -- Installing: /home/ubuntu/pi_ws/install/gazebo_ros2_control_demos/share/gazebo_ros2_control_demos/cmake/gazebo_ros2_control_demosConfig.cmake
[40.424s] -- Installing: /home/ubuntu/pi_ws/install/gazebo_ros2_control_demos/share/gazebo_ros2_control_demos/cmake/gazebo_ros2_control_demosConfig-version.cmake
[40.425s] -- Installing: /home/ubuntu/pi_ws/install/gazebo_ros2_control_demos/share/gazebo_ros2_control_demos/package.xml
[40.431s] Invoked command in '/home/ubuntu/pi_ws/build/gazebo_ros2_control_demos' returned '0': AMENT_PREFIX_PATH=/home/ubuntu/pi_ws/install/gazebo_ros2_control:${AMENT_PREFIX_PATH} CMAKE_PREFIX_PATH=/home/ubuntu/pi_ws/install/gazebo_ros2_control:/home/ubuntu/pi_ws/install/serial_motor_demo_msgs:/home/ubuntu/pi_ws/install/diffdrive_arduino:/home/ubuntu/pi_ws/install/serial:/home/ubuntu/pi_ws/install/senior_design1:/home/ubuntu/pi_ws/install/articubot_one:/home/ubuntu/pi_ws/install/serial_motor_demo:/opt/ros/foxy LD_LIBRARY_PATH=/home/ubuntu/pi_ws/install/gazebo_ros2_control/lib:${LD_LIBRARY_PATH} /usr/bin/cmake --install /home/ubuntu/pi_ws/build/gazebo_ros2_control_demos
