[2.122s] Invoking command in '/home/ubuntu/pi_ws/build/serial': CMAKE_PREFIX_PATH=${CMAKE_PREFIX_PATH}:/home/ubuntu/pi_ws/install/serial_motor_demo:/home/ubuntu/pi_ws/install/diffdrive_arduino:/home/ubuntu/pi_ws/install/my_package:/home/ubuntu/pi_ws/install/gazebo_ros2_control_demos:/opt/ros/foxy /usr/bin/cmake /home/ubuntu/pi_ws/src/serial -DCMAKE_INSTALL_PREFIX=/home/ubuntu/pi_ws/install/serial
[2.502s] -- The C compiler identification is GNU 9.4.0
[2.955s] -- The CXX compiler identification is GNU 9.4.0
[3.016s] -- Check for working C compiler: /usr/bin/cc
[3.479s] -- Check for working C compiler: /usr/bin/cc -- works
[3.486s] -- Detecting C compiler ABI info
[3.948s] -- Detecting C compiler ABI info - done
[4.037s] -- Detecting C compile features
[4.041s] -- Detecting C compile features - done
[4.070s] -- Check for working CXX compiler: /usr/bin/c++
[4.725s] -- Check for working CXX compiler: /usr/bin/c++ -- works
[4.731s] -- Detecting CXX compiler ABI info
[5.282s] -- Detecting CXX compiler ABI info - done
[5.349s] -- Detecting CXX compile features
[5.353s] -- Detecting CXX compile features - done
[5.387s] -- Found ament_cmake: 0.9.12 (/opt/ros/foxy/share/ament_cmake/cmake)
[5.646s] -- Found PythonInterp: /usr/bin/python3 (found suitable version "3.8.10", minimum required is "3") 
[5.646s] -- Using PYTHON_EXECUTABLE: /usr/bin/python3
[7.223s] -- Found ament_cmake_gtest: 0.9.12 (/opt/ros/foxy/share/ament_cmake_gtest/cmake)
[7.283s] -- Found Boost: /usr/lib/aarch64-linux-gnu/cmake/Boost-1.71.0/BoostConfig.cmake (found version "1.71.0")  
[7.309s] -- Found gtest sources under '/opt/ros/foxy/src/gtest_vendor': C++ tests using 'Google Test' will be built
[7.319s] -- Looking for pthread.h
[7.831s] -- Looking for pthread.h - found
[7.834s] -- Performing Test CMAKE_HAVE_LIBC_PTHREAD
[8.424s] -- Performing Test CMAKE_HAVE_LIBC_PTHREAD - Failed
[8.426s] -- Check if compiler accepts -pthread
[8.859s] -- Check if compiler accepts -pthread - yes
[8.867s] -- Found Threads: TRUE  
[9.269s] -- Configuring done
[9.383s] -- Generating done
[9.391s] -- Build files have been written to: /home/ubuntu/pi_ws/build/serial
[9.417s] Invoked command in '/home/ubuntu/pi_ws/build/serial' returned '0': CMAKE_PREFIX_PATH=${CMAKE_PREFIX_PATH}:/home/ubuntu/pi_ws/install/serial_motor_demo:/home/ubuntu/pi_ws/install/diffdrive_arduino:/home/ubuntu/pi_ws/install/my_package:/home/ubuntu/pi_ws/install/gazebo_ros2_control_demos:/opt/ros/foxy /usr/bin/cmake /home/ubuntu/pi_ws/src/serial -DCMAKE_INSTALL_PREFIX=/home/ubuntu/pi_ws/install/serial
[9.420s] Invoking command in '/home/ubuntu/pi_ws/build/serial': CMAKE_PREFIX_PATH=${CMAKE_PREFIX_PATH}:/home/ubuntu/pi_ws/install/serial_motor_demo:/home/ubuntu/pi_ws/install/diffdrive_arduino:/home/ubuntu/pi_ws/install/my_package:/home/ubuntu/pi_ws/install/gazebo_ros2_control_demos:/opt/ros/foxy /usr/bin/cmake --build /home/ubuntu/pi_ws/build/serial -- -j4 -l4
[9.713s] [35m[1mScanning dependencies of target serial[0m
[9.736s] [35m[1mScanning dependencies of target gtest_main[0m
[9.738s] [35m[1mScanning dependencies of target gtest[0m
[9.861s] [  7%] [32mBuilding CXX object CMakeFiles/serial.dir/src/impl/unix.cc.o[0m
[9.878s] [ 14%] [32mBuilding CXX object CMakeFiles/serial.dir/src/serial.cc.o[0m
[9.955s] [ 21%] [32mBuilding CXX object gtest/CMakeFiles/gtest_main.dir/src/gtest_main.cc.o[0m
[9.985s] [ 28%] [32mBuilding CXX object gtest/CMakeFiles/gtest.dir/src/gtest-all.cc.o[0m
[15.436s] [ 35%] [32mBuilding CXX object CMakeFiles/serial.dir/src/impl/list_ports/list_ports_linux.cc.o[0m
[20.094s] [ 42%] [32m[1mLinking CXX static library libgtest_main.a[0m
[20.760s] [ 42%] Built target gtest_main
[21.716s] [ 50%] [32m[1mLinking CXX static library libserial.a[0m
[22.389s] [ 50%] Built target serial
[22.601s] [35m[1mScanning dependencies of target serial_example[0m
[22.831s] [ 57%] [32mBuilding CXX object CMakeFiles/serial_example.dir/examples/serial_example.cc.o[0m
[26.670s] [ 64%] [32m[1mLinking CXX executable serial_example[0m
[27.342s] [ 64%] Built target serial_example
[40.496s] [ 71%] [32m[1mLinking CXX static library libgtest.a[0m
[45.354s] [ 71%] Built target gtest
[45.411s] [35m[1mScanning dependencies of target serial-test-timer[0m
[45.513s] [ 78%] [32mBuilding CXX object tests/CMakeFiles/serial-test-timer.dir/unit/unix_timer_tests.cc.o[0m
[50.085s] [ 85%] [32m[1mLinking CXX executable serial-test-timer[0m
[50.771s] [ 85%] Built target serial-test-timer
[50.830s] [35m[1mScanning dependencies of target serial-test[0m
[50.914s] [ 92%] [32mBuilding CXX object tests/CMakeFiles/serial-test.dir/unix_serial_tests.cc.o[0m
[55.779s] [100%] [32m[1mLinking CXX executable serial-test[0m
[56.472s] [100%] Built target serial-test
