[2.860s] Invoking command in '/home/ubuntu/pi_ws/src/build/gazebo_ros2_control': CMAKE_PREFIX_PATH=${CMAKE_PREFIX_PATH}:/home/ubuntu/pi_ws/install/serial_motor_demo:/home/ubuntu/pi_ws/install/diffdrive_arduino:/home/ubuntu/pi_ws/install/my_package:/home/ubuntu/pi_ws/install/gazebo_ros2_control_demos:/opt/ros/foxy /usr/bin/cmake /home/ubuntu/pi_ws/src/gazebo_ros2_control/gazebo_ros2_control -DCMAKE_INSTALL_PREFIX=/home/ubuntu/pi_ws/src/install/gazebo_ros2_control
[4.027s] -- The C compiler identification is GNU 9.4.0
[4.968s] -- The CXX compiler identification is GNU 9.4.0
[4.993s] -- Check for working C compiler: /usr/bin/cc
[5.479s] -- Check for working C compiler: /usr/bin/cc -- works
[5.490s] -- Detecting C compiler ABI info
[6.006s] -- Detecting C compiler ABI info - done
[6.056s] -- Detecting C compile features
[6.059s] -- Detecting C compile features - done
[6.074s] -- Check for working CXX compiler: /usr/bin/c++
[6.842s] -- Check for working CXX compiler: /usr/bin/c++ -- works
[6.859s] -- Detecting CXX compiler ABI info
[7.549s] -- Detecting CXX compiler ABI info - done
[7.687s] -- Detecting CXX compile features
[7.690s] -- Detecting CXX compile features - done
[7.758s] -- Found ament_cmake: 0.9.12 (/opt/ros/foxy/share/ament_cmake/cmake)
[8.101s] -- Found PythonInterp: /usr/bin/python3 (found suitable version "3.8.10", minimum required is "3") 
[8.102s] -- Using PYTHON_EXECUTABLE: /usr/bin/python3
[10.677s] -- Found angles: 1.12.6 (/opt/ros/foxy/share/angles/cmake)
[10.737s] -- Found controller_manager: 0.11.0 (/opt/ros/foxy/share/controller_manager/cmake)
[11.834s] -- Using all available rosidl_typesupport_c: rosidl_typesupport_fastrtps_c;rosidl_typesupport_introspection_c
[11.995s] -- Found rosidl_adapter: 1.3.1 (/opt/ros/foxy/share/rosidl_adapter/cmake)
[13.621s] -- Found OpenSSL: /usr/lib/aarch64-linux-gnu/libcrypto.so (found version "1.1.1f")  
[13.935s] -- Found FastRTPS: /opt/ros/foxy/include  
[15.395s] -- Using all available rosidl_typesupport_cpp: rosidl_typesupport_fastrtps_cpp;rosidl_typesupport_introspection_cpp
[29.903s] -- Found rmw_implementation_cmake: 1.0.4 (/opt/ros/foxy/share/rmw_implementation_cmake/cmake)
[29.932s] -- Using RMW implementation 'rmw_fastrtps_cpp' as default
[29.937s] -- Looking for pthread.h
[31.316s] -- Looking for pthread.h - found
[31.324s] -- Performing Test CMAKE_HAVE_LIBC_PTHREAD
[32.743s] -- Performing Test CMAKE_HAVE_LIBC_PTHREAD - Failed
[32.744s] -- Looking for pthread_create in pthreads
[33.719s] -- Looking for pthread_create in pthreads - not found
[33.720s] -- Looking for pthread_create in pthread
[35.041s] -- Looking for pthread_create in pthread - found
[35.047s] -- Found Threads: TRUE  
[38.788s] -- Found gazebo_dev: 3.5.3 (/opt/ros/foxy/share/gazebo_dev/cmake)
[38.911s] -- Found PkgConfig: /usr/bin/pkg-config (found version "0.29.1") 
[38.920s] -- Checking for module 'bullet>=2.82'
[39.241s] --   Found bullet, version 2.88
[42.094s] -- Found ccd: /usr/include (found suitable version "2.0", minimum required is "2.0") 
[43.457s] -- Found fcl: /usr/include (found suitable version "0.5.0", minimum required is "0.3.2") 
[44.892s] -- Found assimp: /usr/include (found version "5.0.0") 
[45.353s] -- Found DART: /usr/include (Required is at least version "6.6") found components: dart 
[46.193s] -- Found Boost: /usr/lib/aarch64-linux-gnu/cmake/Boost-1.71.0/BoostConfig.cmake (found suitable version "1.71.0", minimum required is "1.40.0") found components: thread system filesystem program_options regex iostreams date_time 
[46.500s] -- Found Protobuf: /usr/lib/aarch64-linux-gnu/libprotobuf.so;-lpthread (found version "3.6.1") 
[46.723s] -- Looking for ignition-math6 -- found version 6.15.1
[46.865s] -- Searching for dependencies of ignition-math6
[46.895s] -- Looking for OGRE...
[46.897s] -- OGRE_PREFIX_WATCH changed.
[46.957s] -- Checking for module 'OGRE'
[47.283s] --   Found OGRE, version 1.9.0
[48.201s] -- Found Ogre Ghadamon (1.9.0)
[48.289s] -- Found OGRE: optimized;/usr/lib/aarch64-linux-gnu/libOgreMain.so;debug;/usr/lib/aarch64-linux-gnu/libOgreMain.so
[48.366s] -- Looking for OGRE_Paging...
[48.422s] -- Found OGRE_Paging: optimized;/usr/lib/aarch64-linux-gnu/libOgrePaging.so;debug;/usr/lib/aarch64-linux-gnu/libOgrePaging.so
[48.423s] -- Looking for OGRE_Terrain...
[48.472s] -- Found OGRE_Terrain: optimized;/usr/lib/aarch64-linux-gnu/libOgreTerrain.so;debug;/usr/lib/aarch64-linux-gnu/libOgreTerrain.so
[48.472s] -- Looking for OGRE_Property...
[48.539s] -- Found OGRE_Property: optimized;/usr/lib/aarch64-linux-gnu/libOgreProperty.so;debug;/usr/lib/aarch64-linux-gnu/libOgreProperty.so
[48.540s] -- Looking for OGRE_RTShaderSystem...
[48.623s] -- Found OGRE_RTShaderSystem: optimized;/usr/lib/aarch64-linux-gnu/libOgreRTShaderSystem.so;debug;/usr/lib/aarch64-linux-gnu/libOgreRTShaderSystem.so
[48.625s] -- Looking for OGRE_Volume...
[48.694s] -- Found OGRE_Volume: optimized;/usr/lib/aarch64-linux-gnu/libOgreVolume.so;debug;/usr/lib/aarch64-linux-gnu/libOgreVolume.so
[48.695s] -- Looking for OGRE_Overlay...
[48.728s] -- Found OGRE_Overlay: optimized;/usr/lib/aarch64-linux-gnu/libOgreOverlay.so;debug;/usr/lib/aarch64-linux-gnu/libOgreOverlay.so
[49.813s] -- Looking for ignition-math6 -- found version 6.15.1
[49.849s] -- Looking for ignition-transport8 -- found version 8.3.0
[49.852s] -- Searching for dependencies of ignition-transport8
[50.074s] -- Found Protobuf: /usr/lib/aarch64-linux-gnu/libprotobuf.so;-lpthread (found suitable version "3.6.1", minimum required is "3") 
[50.261s] -- Config-file not installed for ZeroMQ -- checking for pkg-config
[50.285s] -- Checking for module 'libzmq >= 4'
[50.421s] --   Found libzmq , version 4.3.2
[50.763s] -- Found ZeroMQ: TRUE (Required is at least version "4") 
[50.809s] -- Checking for module 'uuid'
[50.946s] --   Found uuid, version 2.34.0
[51.283s] -- Found UUID: TRUE  
[51.327s] -- Looking for ignition-msgs5 -- found version 5.10.0
[51.332s] -- Searching for dependencies of ignition-msgs5
[51.609s] -- Looking for ignition-math6 -- found version 6.15.1
[51.637s] -- Checking for module 'tinyxml2'
[51.775s] --   Found tinyxml2, version 6.2.0
[52.134s] -- Looking for ignition-msgs5 -- found version 5.10.0
[52.182s] -- Looking for ignition-common3 -- found version 3.14.2
[52.195s] -- Searching for dependencies of ignition-common3
[52.196s] -- Looking for dlfcn.h - found
[52.198s] -- Looking for libdl - found
[52.205s] -- Found DL: TRUE  
[52.253s] -- Searching for <ignition-common3> component [graphics]
[52.298s] -- Looking for ignition-common3-graphics -- found version 3.14.2
[52.302s] -- Searching for dependencies of ignition-common3-graphics
[52.305s] -- Looking for ignition-math6 -- found version 6.15.1
[52.355s] -- Looking for ignition-fuel_tools4 -- found version 4.6.0
[52.359s] -- Searching for dependencies of ignition-fuel_tools4
[53.017s] -- Found CURL: /usr/lib/aarch64-linux-gnu/libcurl.so (found version "7.68.0")  
[53.100s] -- Checking for module 'jsoncpp'
[53.229s] --   Found jsoncpp, version 1.7.4
[53.512s] -- Found JSONCPP: TRUE  
[53.711s] -- Checking for module 'libzip'
[53.908s] --   Found libzip, version 1.5.1
[54.217s] -- Found ZIP: TRUE  
[54.219s] -- Looking for ignition-common3 -- found version 3.14.2
[54.221s] -- Looking for ignition-math6 -- found version 6.15.1
[54.224s] -- Looking for ignition-msgs5 -- found version 5.10.0
[54.249s] -- Gazebo version: 11.11
[54.304s] -- Found gazebo_ros: 3.5.3 (/opt/ros/foxy/share/gazebo_ros/cmake)
[54.380s] -- Found yaml_cpp_vendor: 7.0.3 (/opt/ros/foxy/share/yaml_cpp_vendor/cmake)
[54.381s] -- Setting yaml-cpp_DIR to: '/opt/ros/foxy/share/yaml_cpp_vendor/cmake/../../../opt/yaml_cpp_vendor/lib/cmake/yaml-cpp'
[55.133s] -- Found ament_cmake_gtest: 0.9.12 (/opt/ros/foxy/share/ament_cmake_gtest/cmake)
[55.164s] -- Found ament_lint_auto: 0.9.8 (/opt/ros/foxy/share/ament_lint_auto/cmake)
[55.860s] -- Added test 'copyright' to check source files copyright and LICENSE
[55.872s] -- Added test 'cppcheck' to perform static code analysis on C / C++ code
[55.875s] -- Configured cppcheck include dirs: /home/ubuntu/pi_ws/src/gazebo_ros2_control/gazebo_ros2_control/include
[55.876s] -- Configured cppcheck exclude dirs and/or files: 
[55.885s] -- Added test 'cpplint' to check C / C++ code against the Google style
[55.886s] -- Configured cpplint exclude dirs and/or files: 
[55.895s] -- Added test 'lint_cmake' to check CMake code style
[55.906s] -- Added test 'uncrustify' to check C / C++ code style
[55.907s] -- Configured uncrustify additional arguments: 
[55.910s] -- Added test 'xmllint' to check XML markup files
[55.956s] -- Configuring done
[56.646s] -- Generating done
[56.660s] -- Build files have been written to: /home/ubuntu/pi_ws/src/build/gazebo_ros2_control
