[11.028s] Invoking command in '/home/ubuntu/pi_ws/build/senior_design': CMAKE_PREFIX_PATH=${CMAKE_PREFIX_PATH}:/home/ubuntu/pi_ws/install/serial_motor_demo:/home/ubuntu/pi_ws/install/my_package:/opt/ros/foxy /usr/bin/cmake /home/ubuntu/pi_ws/src/senior_design -DAMENT_CMAKE_SYMLINK_INSTALL=1 -DCMAKE_INSTALL_PREFIX=/home/ubuntu/pi_ws/install/senior_design
[11.143s] -- Found ament_cmake: 0.9.12 (/opt/ros/foxy/share/ament_cmake/cmake)
[11.644s] -- Using PYTHON_EXECUTABLE: /usr/bin/python3
[14.134s] -- Override CMake install command with custom implementation using symlinks instead of copying resources
[14.271s] -- Found ament_lint_auto: 0.9.8 (/opt/ros/foxy/share/ament_lint_auto/cmake)
[15.620s] -- Added test 'copyright' to check source files copyright and LICENSE
[15.831s] -- Added test 'flake8' to check Python code syntax and style conventions
[15.849s] -- Added test 'lint_cmake' to check CMake code style
[15.874s] -- Added test 'pep257' to check Python code against some of the style conventions in PEP 257
[15.958s] -- Added test 'xmllint' to check XML markup files
[15.998s] -- Configuring done
[16.087s] -- Generating done
[16.106s] -- Build files have been written to: /home/ubuntu/pi_ws/build/senior_design
[16.141s] Invoked command in '/home/ubuntu/pi_ws/build/senior_design' returned '0': CMAKE_PREFIX_PATH=${CMAKE_PREFIX_PATH}:/home/ubuntu/pi_ws/install/serial_motor_demo:/home/ubuntu/pi_ws/install/my_package:/opt/ros/foxy /usr/bin/cmake /home/ubuntu/pi_ws/src/senior_design -DAMENT_CMAKE_SYMLINK_INSTALL=1 -DCMAKE_INSTALL_PREFIX=/home/ubuntu/pi_ws/install/senior_design
[16.165s] Invoking command in '/home/ubuntu/pi_ws/build/senior_design': CMAKE_PREFIX_PATH=${CMAKE_PREFIX_PATH}:/home/ubuntu/pi_ws/install/serial_motor_demo:/home/ubuntu/pi_ws/install/my_package:/opt/ros/foxy /usr/bin/cmake --build /home/ubuntu/pi_ws/build/senior_design -- -j4 -l4
[16.844s] Invoked command in '/home/ubuntu/pi_ws/build/senior_design' returned '0': CMAKE_PREFIX_PATH=${CMAKE_PREFIX_PATH}:/home/ubuntu/pi_ws/install/serial_motor_demo:/home/ubuntu/pi_ws/install/my_package:/opt/ros/foxy /usr/bin/cmake --build /home/ubuntu/pi_ws/build/senior_design -- -j4 -l4
[17.279s] Invoking command in '/home/ubuntu/pi_ws/build/senior_design': CMAKE_PREFIX_PATH=${CMAKE_PREFIX_PATH}:/home/ubuntu/pi_ws/install/serial_motor_demo:/home/ubuntu/pi_ws/install/my_package:/opt/ros/foxy /usr/bin/cmake --install /home/ubuntu/pi_ws/build/senior_design
[17.415s] -- Install configuration: ""
[17.425s] -- Execute custom install script
[17.437s] -- Symlinking: /home/ubuntu/pi_ws/install/senior_design/share/senior_design/config/ball_tracker_params_robot.yaml
[17.642s] -- Symlinking: /home/ubuntu/pi_ws/install/senior_design/share/senior_design/config/ball_tracker_params_sim.yaml
[17.794s] -- Symlinking: /home/ubuntu/pi_ws/install/senior_design/share/senior_design/config/drive_bot.rviz
[18.027s] -- Symlinking: /home/ubuntu/pi_ws/install/senior_design/share/senior_design/config/empty.yaml
[18.154s] -- Symlinking: /home/ubuntu/pi_ws/install/senior_design/share/senior_design/config/gaz_ros2_ctl_use_sim.yaml
[18.310s] -- Symlinking: /home/ubuntu/pi_ws/install/senior_design/share/senior_design/config/gazebo_params.yaml
[18.455s] -- Symlinking: /home/ubuntu/pi_ws/install/senior_design/share/senior_design/config/joystick.yaml
[18.628s] -- Symlinking: /home/ubuntu/pi_ws/install/senior_design/share/senior_design/config/main.rviz
[18.730s] -- Symlinking: /home/ubuntu/pi_ws/install/senior_design/share/senior_design/config/map.rviz
[18.843s] -- Symlinking: /home/ubuntu/pi_ws/install/senior_design/share/senior_design/config/mapper_params_online_async.yaml
[18.956s] -- Symlinking: /home/ubuntu/pi_ws/install/senior_design/share/senior_design/config/my_controllers.yaml
[19.055s] -- Symlinking: /home/ubuntu/pi_ws/install/senior_design/share/senior_design/config/nav2_params.yaml
[19.209s] -- Symlinking: /home/ubuntu/pi_ws/install/senior_design/share/senior_design/config/twist_mux.yaml
[19.392s] -- Symlinking: /home/ubuntu/pi_ws/install/senior_design/share/senior_design/config/view_bot.rviz
[19.522s] -- Symlinking: /home/ubuntu/pi_ws/install/senior_design/share/senior_design/description/camera.xacro
[19.659s] -- Symlinking: /home/ubuntu/pi_ws/install/senior_design/share/senior_design/description/depth_camera.xacro
[19.822s] -- Symlinking: /home/ubuntu/pi_ws/install/senior_design/share/senior_design/description/face.xacro
[19.924s] -- Symlinking: /home/ubuntu/pi_ws/install/senior_design/share/senior_design/description/gazebo_control.xacro
[20.046s] -- Symlinking: /home/ubuntu/pi_ws/install/senior_design/share/senior_design/description/inertial_macros.xacro
[20.179s] -- Symlinking: /home/ubuntu/pi_ws/install/senior_design/share/senior_design/description/lidar.xacro
[20.274s] -- Symlinking: /home/ubuntu/pi_ws/install/senior_design/share/senior_design/description/robot.urdf.xacro
[20.461s] -- Symlinking: /home/ubuntu/pi_ws/install/senior_design/share/senior_design/description/robot_core.xacro
[20.552s] -- Symlinking: /home/ubuntu/pi_ws/install/senior_design/share/senior_design/description/ros2_control.xacro
[20.720s] -- Symlinking: /home/ubuntu/pi_ws/install/senior_design/share/senior_design/launch/__pycache__/rplidar.launch.cpython-38.pyc
[20.834s] -- Symlinking: /home/ubuntu/pi_ws/install/senior_design/share/senior_design/launch/ball_tracker.launch.py
[20.952s] -- Symlinking: /home/ubuntu/pi_ws/install/senior_design/share/senior_design/launch/camera.launch.py
[21.098s] -- Symlinking: /home/ubuntu/pi_ws/install/senior_design/share/senior_design/launch/launch_robot.launch.py
[21.270s] -- Symlinking: /home/ubuntu/pi_ws/install/senior_design/share/senior_design/launch/launch_sim.launch.py
[21.340s] -- Symlinking: /home/ubuntu/pi_ws/install/senior_design/share/senior_design/launch/localization_launch.py
[21.470s] -- Symlinking: /home/ubuntu/pi_ws/install/senior_design/share/senior_design/launch/navigation_launch.py
[21.640s] -- Symlinking: /home/ubuntu/pi_ws/install/senior_design/share/senior_design/launch/obstacle_avoid.launch.py
[21.749s] -- Symlinking: /home/ubuntu/pi_ws/install/senior_design/share/senior_design/launch/online_async_launch.py
[21.870s] -- Symlinking: /home/ubuntu/pi_ws/install/senior_design/share/senior_design/launch/rplidar.launch.py
[21.995s] -- Symlinking: /home/ubuntu/pi_ws/install/senior_design/share/senior_design/launch/rsp.launch.py
[22.115s] -- Symlinking: /home/ubuntu/pi_ws/install/senior_design/share/senior_design/worlds/empty.world
[22.245s] -- Symlinking: /home/ubuntu/pi_ws/install/senior_design/share/senior_design/worlds/obstacles.world
[22.365s] -- Symlinking: /home/ubuntu/pi_ws/install/senior_design/share/ament_index/resource_index/package_run_dependencies/senior_design
[22.478s] -- Symlinking: /home/ubuntu/pi_ws/install/senior_design/share/ament_index/resource_index/parent_prefix_path/senior_design
[22.618s] -- Symlinking: /home/ubuntu/pi_ws/install/senior_design/share/senior_design/environment/ament_prefix_path.sh
[22.739s] -- Symlinking: /home/ubuntu/pi_ws/install/senior_design/share/senior_design/environment/ament_prefix_path.dsv
[22.897s] -- Symlinking: /home/ubuntu/pi_ws/install/senior_design/share/senior_design/environment/path.sh
[23.031s] -- Symlinking: /home/ubuntu/pi_ws/install/senior_design/share/senior_design/environment/path.dsv
[23.179s] -- Symlinking: /home/ubuntu/pi_ws/install/senior_design/share/senior_design/local_setup.bash
[23.368s] -- Symlinking: /home/ubuntu/pi_ws/install/senior_design/share/senior_design/local_setup.sh
[23.579s] -- Symlinking: /home/ubuntu/pi_ws/install/senior_design/share/senior_design/local_setup.zsh
[23.810s] -- Symlinking: /home/ubuntu/pi_ws/install/senior_design/share/senior_design/local_setup.dsv
[23.972s] -- Symlinking: /home/ubuntu/pi_ws/install/senior_design/share/senior_design/package.dsv
[24.133s] -- Symlinking: /home/ubuntu/pi_ws/install/senior_design/share/ament_index/resource_index/packages/senior_design
[24.351s] -- Symlinking: /home/ubuntu/pi_ws/install/senior_design/share/senior_design/cmake/senior_designConfig.cmake
[24.473s] -- Symlinking: /home/ubuntu/pi_ws/install/senior_design/share/senior_design/cmake/senior_designConfig-version.cmake
[24.691s] -- Symlinking: /home/ubuntu/pi_ws/install/senior_design/share/senior_design/package.xml
[32.736s] Invoked command in '/home/ubuntu/pi_ws/build/senior_design' returned '0': CMAKE_PREFIX_PATH=${CMAKE_PREFIX_PATH}:/home/ubuntu/pi_ws/install/serial_motor_demo:/home/ubuntu/pi_ws/install/my_package:/opt/ros/foxy /usr/bin/cmake --install /home/ubuntu/pi_ws/build/senior_design
