[2.099s] Invoking command in '/home/ubuntu/pi_ws/src/build/serial': CMAKE_PREFIX_PATH=${CMAKE_PREFIX_PATH}:/home/ubuntu/pi_ws/install/serial_motor_demo:/home/ubuntu/pi_ws/install/diffdrive_arduino:/home/ubuntu/pi_ws/install/my_package:/home/ubuntu/pi_ws/install/gazebo_ros2_control_demos:/opt/ros/foxy /usr/bin/cmake /home/ubuntu/pi_ws/src/serial -DCMAKE_INSTALL_PREFIX=/home/ubuntu/pi_ws/src/install/serial
[3.226s] -- The C compiler identification is GNU 9.4.0
[4.165s] -- The CXX compiler identification is GNU 9.4.0
[4.204s] -- Check for working C compiler: /usr/bin/cc
[4.678s] -- Check for working C compiler: /usr/bin/cc -- works
[4.696s] -- Detecting C compiler ABI info
[5.238s] -- Detecting C compiler ABI info - done
[5.297s] -- Detecting C compile features
[5.299s] -- Detecting C compile features - done
[5.330s] -- Check for working CXX compiler: /usr/bin/c++
[6.026s] -- Check for working CXX compiler: /usr/bin/c++ -- works
[6.048s] -- Detecting CXX compiler ABI info
[6.817s] -- Detecting CXX compiler ABI info - done
[6.913s] -- Detecting CXX compile features
[6.917s] -- Detecting CXX compile features - done
[6.957s] -- Found ament_cmake: 0.9.12 (/opt/ros/foxy/share/ament_cmake/cmake)
[7.216s] -- Found PythonInterp: /usr/bin/python3 (found suitable version "3.8.10", minimum required is "3") 
[7.218s] -- Using PYTHON_EXECUTABLE: /usr/bin/python3
[9.800s] -- Found ament_cmake_gtest: 0.9.12 (/opt/ros/foxy/share/ament_cmake_gtest/cmake)
[9.997s] -- Found Boost: /usr/lib/aarch64-linux-gnu/cmake/Boost-1.71.0/BoostConfig.cmake (found version "1.71.0")  
[10.073s] -- Found gtest sources under '/opt/ros/foxy/src/gtest_vendor': C++ tests using 'Google Test' will be built
[10.106s] -- Looking for pthread.h
[11.238s] -- Looking for pthread.h - found
[11.239s] -- Performing Test CMAKE_HAVE_LIBC_PTHREAD
[12.208s] -- Performing Test CMAKE_HAVE_LIBC_PTHREAD - Failed
[12.215s] -- Check if compiler accepts -pthread
[12.962s] -- Check if compiler accepts -pthread - yes
[12.965s] -- Found Threads: TRUE  
[13.563s] -- Configuring done
[13.693s] -- Generating done
[13.720s] -- Build files have been written to: /home/ubuntu/pi_ws/src/build/serial
[13.754s] Invoked command in '/home/ubuntu/pi_ws/src/build/serial' returned '0': CMAKE_PREFIX_PATH=${CMAKE_PREFIX_PATH}:/home/ubuntu/pi_ws/install/serial_motor_demo:/home/ubuntu/pi_ws/install/diffdrive_arduino:/home/ubuntu/pi_ws/install/my_package:/home/ubuntu/pi_ws/install/gazebo_ros2_control_demos:/opt/ros/foxy /usr/bin/cmake /home/ubuntu/pi_ws/src/serial -DCMAKE_INSTALL_PREFIX=/home/ubuntu/pi_ws/src/install/serial
[13.759s] Invoking command in '/home/ubuntu/pi_ws/src/build/serial': CMAKE_PREFIX_PATH=${CMAKE_PREFIX_PATH}:/home/ubuntu/pi_ws/install/serial_motor_demo:/home/ubuntu/pi_ws/install/diffdrive_arduino:/home/ubuntu/pi_ws/install/my_package:/home/ubuntu/pi_ws/install/gazebo_ros2_control_demos:/opt/ros/foxy /usr/bin/cmake --build /home/ubuntu/pi_ws/src/build/serial -- -j4 -l4
[14.183s] [35m[1mScanning dependencies of target gtest_main[0m
[14.185s] [35m[1mScanning dependencies of target serial[0m
[14.198s] [35m[1mScanning dependencies of target gtest[0m
[14.298s] [  7%] [32mBuilding CXX object CMakeFiles/serial.dir/src/impl/unix.cc.o[0m
[14.342s] [ 14%] [32mBuilding CXX object CMakeFiles/serial.dir/src/serial.cc.o[0m
[14.413s] [ 21%] [32mBuilding CXX object gtest/CMakeFiles/gtest_main.dir/src/gtest_main.cc.o[0m
[14.434s] [ 28%] [32mBuilding CXX object gtest/CMakeFiles/gtest.dir/src/gtest-all.cc.o[0m
[20.499s] [ 35%] [32mBuilding CXX object CMakeFiles/serial.dir/src/impl/list_ports/list_ports_linux.cc.o[0m
[24.601s] [ 42%] [32m[1mLinking CXX static library libgtest_main.a[0m
[27.862s] [ 50%] [32m[1mLinking CXX static library libserial.a[0m
[28.219s] [ 50%] Built target gtest_main
[28.310s] [ 50%] Built target serial
[28.476s] [35m[1mScanning dependencies of target serial_example[0m
[28.720s] [ 57%] [32mBuilding CXX object CMakeFiles/serial_example.dir/examples/serial_example.cc.o[0m
[33.696s] [ 64%] [32m[1mLinking CXX executable serial_example[0m
[34.768s] [ 64%] Built target serial_example
[46.774s] [ 71%] [32m[1mLinking CXX static library libgtest.a[0m
[47.279s] [ 71%] Built target gtest
[47.385s] [35m[1mScanning dependencies of target serial-test-timer[0m
[47.609s] [ 78%] [32mBuilding CXX object tests/CMakeFiles/serial-test-timer.dir/unit/unix_timer_tests.cc.o[0m
[52.403s] [ 85%] [32m[1mLinking CXX executable serial-test-timer[0m
[53.418s] [ 85%] Built target serial-test-timer
[53.472s] [35m[1mScanning dependencies of target serial-test[0m
[53.552s] [ 92%] [32mBuilding CXX object tests/CMakeFiles/serial-test.dir/unix_serial_tests.cc.o[0m
[57.746s] [100%] [32m[1mLinking CXX executable serial-test[0m
[58.331s] [100%] Built target serial-test
