[7.866s] Invoking command in '/home/ubuntu/pi_ws/src/ros2_detection/my_package': PYTHONPATH=/home/ubuntu/pi_ws/build/my_package/prefix_override:/home/ubuntu/pi_ws/install/my_package/lib/python3.8/site-packages:${PYTHONPATH} /usr/bin/python3 setup.py egg_info --egg-base ../../../build/my_package build --build-base /home/ubuntu/pi_ws/build/my_package/build install --record /home/ubuntu/pi_ws/build/my_package/install.log --install-scripts $base/lib/my_package --single-version-externally-managed
[8.960s] running egg_info
[8.963s] writing ../../../build/my_package/my_package.egg-info/PKG-INFO
[8.966s] writing dependency_links to ../../../build/my_package/my_package.egg-info/dependency_links.txt
[8.968s] writing entry points to ../../../build/my_package/my_package.egg-info/entry_points.txt
[8.970s] writing requirements to ../../../build/my_package/my_package.egg-info/requires.txt
[8.972s] writing top-level names to ../../../build/my_package/my_package.egg-info/top_level.txt
[9.113s] reading manifest file '../../../build/my_package/my_package.egg-info/SOURCES.txt'
[9.116s] writing manifest file '../../../build/my_package/my_package.egg-info/SOURCES.txt'
[9.118s] running build
[9.122s] running build_py
[9.127s] copying my_package/controller.py -> /home/ubuntu/pi_ws/build/my_package/build/lib/my_package
[9.131s] running install
[9.134s] running install_lib
[9.136s] copying /home/ubuntu/pi_ws/build/my_package/build/lib/my_package/controller.py -> /home/ubuntu/pi_ws/install/my_package/lib/python3.8/site-packages/my_package
[9.138s] byte-compiling /home/ubuntu/pi_ws/install/my_package/lib/python3.8/site-packages/my_package/controller.py to controller.cpython-38.pyc
[9.141s] running install_data
[9.144s] copying my_package/controller.py -> /home/ubuntu/pi_ws/install/my_package/lib/my_package
[9.148s] running install_egg_info
[9.149s] removing '/home/ubuntu/pi_ws/install/my_package/lib/python3.8/site-packages/my_package-0.0.0-py3.8.egg-info' (and everything under it)
[9.150s] Copying ../../../build/my_package/my_package.egg-info to /home/ubuntu/pi_ws/install/my_package/lib/python3.8/site-packages/my_package-0.0.0-py3.8.egg-info
[9.160s] running install_scripts
[9.234s] Installing controller script to /home/ubuntu/pi_ws/install/my_package/lib/my_package
[9.234s] Installing detection script to /home/ubuntu/pi_ws/install/my_package/lib/my_package
[9.235s] Installing display script to /home/ubuntu/pi_ws/install/my_package/lib/my_package
[9.235s] writing list of installed files to '/home/ubuntu/pi_ws/build/my_package/install.log'
[12.005s] Invoked command in '/home/ubuntu/pi_ws/src/ros2_detection/my_package' returned '0': PYTHONPATH=/home/ubuntu/pi_ws/build/my_package/prefix_override:/home/ubuntu/pi_ws/install/my_package/lib/python3.8/site-packages:${PYTHONPATH} /usr/bin/python3 setup.py egg_info --egg-base ../../../build/my_package build --build-base /home/ubuntu/pi_ws/build/my_package/build install --record /home/ubuntu/pi_ws/build/my_package/install.log --install-scripts $base/lib/my_package --single-version-externally-managed
