[0.711s] Invoking command in '/home/ubuntu/pi_ws/build/senior_design': CMAKE_PREFIX_PATH=${CMAKE_PREFIX_PATH}:/home/ubuntu/pi_ws/install/serial_motor_demo:/home/ubuntu/pi_ws/install/my_package:/opt/ros/foxy /usr/bin/cmake --build /home/ubuntu/pi_ws/build/senior_design -- -j4 -l4
[0.894s] Invoked command in '/home/ubuntu/pi_ws/build/senior_design' returned '0': CMAKE_PREFIX_PATH=${CMAKE_PREFIX_PATH}:/home/ubuntu/pi_ws/install/serial_motor_demo:/home/ubuntu/pi_ws/install/my_package:/opt/ros/foxy /usr/bin/cmake --build /home/ubuntu/pi_ws/build/senior_design -- -j4 -l4
[1.083s] Invoking command in '/home/ubuntu/pi_ws/build/senior_design': CMAKE_PREFIX_PATH=${CMAKE_PREFIX_PATH}:/home/ubuntu/pi_ws/install/serial_motor_demo:/home/ubuntu/pi_ws/install/my_package:/opt/ros/foxy /usr/bin/cmake --install /home/ubuntu/pi_ws/build/senior_design
[1.117s] -- Install configuration: ""
[1.118s] -- Up-to-date: /home/ubuntu/pi_ws/install/senior_design/share/senior_design/config
[1.119s] -- Up-to-date: /home/ubuntu/pi_ws/install/senior_design/share/senior_design/config/view_bot.rviz
[1.120s] -- Up-to-date: /home/ubuntu/pi_ws/install/senior_design/share/senior_design/config/my_controllers.yaml
[1.120s] -- Up-to-date: /home/ubuntu/pi_ws/install/senior_design/share/senior_design/config/map.rviz
[1.121s] -- Up-to-date: /home/ubuntu/pi_ws/install/senior_design/share/senior_design/config/ball_tracker_params_robot.yaml
[1.122s] -- Up-to-date: /home/ubuntu/pi_ws/install/senior_design/share/senior_design/config/mapper_params_online_async.yaml
[1.124s] -- Up-to-date: /home/ubuntu/pi_ws/install/senior_design/share/senior_design/config/drive_bot.rviz
[1.124s] -- Up-to-date: /home/ubuntu/pi_ws/install/senior_design/share/senior_design/config/ball_tracker_params_sim.yaml
[1.125s] -- Up-to-date: /home/ubuntu/pi_ws/install/senior_design/share/senior_design/config/main.rviz
[1.126s] -- Up-to-date: /home/ubuntu/pi_ws/install/senior_design/share/senior_design/config/nav2_params.yaml
[1.129s] -- Installing: /home/ubuntu/pi_ws/install/senior_design/share/senior_design/config/joystick.yaml
[1.130s] -- Up-to-date: /home/ubuntu/pi_ws/install/senior_design/share/senior_design/config/gazebo_params.yaml
[1.131s] -- Up-to-date: /home/ubuntu/pi_ws/install/senior_design/share/senior_design/config/twist_mux.yaml
[1.131s] -- Up-to-date: /home/ubuntu/pi_ws/install/senior_design/share/senior_design/config/gaz_ros2_ctl_use_sim.yaml
[1.133s] -- Up-to-date: /home/ubuntu/pi_ws/install/senior_design/share/senior_design/config/empty.yaml
[1.133s] -- Up-to-date: /home/ubuntu/pi_ws/install/senior_design/share/senior_design/description
[1.134s] -- Up-to-date: /home/ubuntu/pi_ws/install/senior_design/share/senior_design/description/ros2_control.xacro
[1.135s] -- Up-to-date: /home/ubuntu/pi_ws/install/senior_design/share/senior_design/description/inertial_macros.xacro
[1.136s] -- Up-to-date: /home/ubuntu/pi_ws/install/senior_design/share/senior_design/description/depth_camera.xacro
[1.137s] -- Up-to-date: /home/ubuntu/pi_ws/install/senior_design/share/senior_design/description/robot_core.xacro
[1.138s] -- Up-to-date: /home/ubuntu/pi_ws/install/senior_design/share/senior_design/description/robot.urdf.xacro
[1.140s] -- Up-to-date: /home/ubuntu/pi_ws/install/senior_design/share/senior_design/description/camera.xacro
[1.141s] -- Up-to-date: /home/ubuntu/pi_ws/install/senior_design/share/senior_design/description/gazebo_control.xacro
[1.141s] -- Up-to-date: /home/ubuntu/pi_ws/install/senior_design/share/senior_design/description/lidar.xacro
[1.141s] -- Up-to-date: /home/ubuntu/pi_ws/install/senior_design/share/senior_design/description/face.xacro
[1.142s] -- Up-to-date: /home/ubuntu/pi_ws/install/senior_design/share/senior_design/launch
[1.142s] -- Up-to-date: /home/ubuntu/pi_ws/install/senior_design/share/senior_design/launch/camera.launch.py
[1.142s] -- Up-to-date: /home/ubuntu/pi_ws/install/senior_design/share/senior_design/launch/obstacle_avoid.launch.py
[1.143s] -- Up-to-date: /home/ubuntu/pi_ws/install/senior_design/share/senior_design/launch/rplidar.launch.py
[1.143s] -- Up-to-date: /home/ubuntu/pi_ws/install/senior_design/share/senior_design/launch/__pycache__
[1.143s] -- Up-to-date: /home/ubuntu/pi_ws/install/senior_design/share/senior_design/launch/__pycache__/rplidar.launch.cpython-38.pyc
[1.144s] -- Up-to-date: /home/ubuntu/pi_ws/install/senior_design/share/senior_design/launch/launch_robot.launch.py
[1.144s] -- Up-to-date: /home/ubuntu/pi_ws/install/senior_design/share/senior_design/launch/localization_launch.py
[1.144s] -- Up-to-date: /home/ubuntu/pi_ws/install/senior_design/share/senior_design/launch/online_async_launch.py
[1.145s] -- Up-to-date: /home/ubuntu/pi_ws/install/senior_design/share/senior_design/launch/rsp.launch.py
[1.145s] -- Up-to-date: /home/ubuntu/pi_ws/install/senior_design/share/senior_design/launch/navigation_launch.py
[1.145s] -- Up-to-date: /home/ubuntu/pi_ws/install/senior_design/share/senior_design/launch/launch_sim.launch.py
[1.145s] -- Up-to-date: /home/ubuntu/pi_ws/install/senior_design/share/senior_design/launch/ball_tracker.launch.py
[1.146s] -- Up-to-date: /home/ubuntu/pi_ws/install/senior_design/share/senior_design/worlds
[1.146s] -- Up-to-date: /home/ubuntu/pi_ws/install/senior_design/share/senior_design/worlds/empty.world
[1.147s] -- Up-to-date: /home/ubuntu/pi_ws/install/senior_design/share/senior_design/worlds/obstacles.world
[1.147s] -- Up-to-date: /home/ubuntu/pi_ws/install/senior_design/share/ament_index/resource_index/package_run_dependencies/senior_design
[1.148s] -- Up-to-date: /home/ubuntu/pi_ws/install/senior_design/share/ament_index/resource_index/parent_prefix_path/senior_design
[1.148s] -- Up-to-date: /home/ubuntu/pi_ws/install/senior_design/share/senior_design/environment/ament_prefix_path.sh
[1.149s] -- Up-to-date: /home/ubuntu/pi_ws/install/senior_design/share/senior_design/environment/ament_prefix_path.dsv
[1.149s] -- Up-to-date: /home/ubuntu/pi_ws/install/senior_design/share/senior_design/environment/path.sh
[1.150s] -- Up-to-date: /home/ubuntu/pi_ws/install/senior_design/share/senior_design/environment/path.dsv
[1.150s] -- Up-to-date: /home/ubuntu/pi_ws/install/senior_design/share/senior_design/local_setup.bash
[1.150s] -- Up-to-date: /home/ubuntu/pi_ws/install/senior_design/share/senior_design/local_setup.sh
[1.151s] -- Up-to-date: /home/ubuntu/pi_ws/install/senior_design/share/senior_design/local_setup.zsh
[1.152s] -- Up-to-date: /home/ubuntu/pi_ws/install/senior_design/share/senior_design/local_setup.dsv
[1.152s] -- Installing: /home/ubuntu/pi_ws/install/senior_design/share/senior_design/package.dsv
[1.153s] -- Up-to-date: /home/ubuntu/pi_ws/install/senior_design/share/ament_index/resource_index/packages/senior_design
[1.154s] -- Up-to-date: /home/ubuntu/pi_ws/install/senior_design/share/senior_design/cmake/senior_designConfig.cmake
[1.154s] -- Up-to-date: /home/ubuntu/pi_ws/install/senior_design/share/senior_design/cmake/senior_designConfig-version.cmake
[1.154s] -- Up-to-date: /home/ubuntu/pi_ws/install/senior_design/share/senior_design/package.xml
[1.155s] Invoked command in '/home/ubuntu/pi_ws/build/senior_design' returned '0': CMAKE_PREFIX_PATH=${CMAKE_PREFIX_PATH}:/home/ubuntu/pi_ws/install/serial_motor_demo:/home/ubuntu/pi_ws/install/my_package:/opt/ros/foxy /usr/bin/cmake --install /home/ubuntu/pi_ws/build/senior_design
