[6.092s] Invoking command in '/home/ubuntu/pi_ws/src/serial_motor_demo/serial_motor_demo': CMAKE_PREFIX_PATH=/home/ubuntu/pi_ws/install/serial_motor_demo_msgs:/home/ubuntu/pi_ws/install/tank_controller:/home/ubuntu/pi_ws/install/diffdrive_arduino:/home/ubuntu/pi_ws/install/serial:/home/ubuntu/pi_ws/install/senior_design1:/home/ubuntu/pi_ws/install/gazebo_ros2_control_demos:/home/ubuntu/pi_ws/install/gazebo_ros2_control PYTHONPATH=/home/ubuntu/pi_ws/build/serial_motor_demo/prefix_override:/home/ubuntu/pi_ws/install/serial_motor_demo/lib/python3.8/site-packages:/home/ubuntu/pi_ws/install/serial_motor_demo_msgs/lib/python3.8/site-packages:/home/ubuntu/pi_ws/install/tank_controller/lib/python3.8/site-packages:/home/ubuntu/pi_ws/install/serial_motor_demo/lib/python3.8/site-packages:/home/ubuntu/pi_ws/install/my_package/lib/python3.8/site-packages:/opt/ros/foxy/lib/python3.8/site-packages /usr/bin/python3 setup.py egg_info --egg-base ../../../build/serial_motor_demo build --build-base /home/ubuntu/pi_ws/build/serial_motor_demo/build install --record /home/ubuntu/pi_ws/build/serial_motor_demo/install.log --install-scripts $base/lib/serial_motor_demo --single-version-externally-managed
[7.574s] running egg_info
[7.577s] creating ../../../build/serial_motor_demo/serial_motor_demo.egg-info
[7.578s] writing ../../../build/serial_motor_demo/serial_motor_demo.egg-info/PKG-INFO
[7.581s] writing dependency_links to ../../../build/serial_motor_demo/serial_motor_demo.egg-info/dependency_links.txt
[7.582s] writing entry points to ../../../build/serial_motor_demo/serial_motor_demo.egg-info/entry_points.txt
[7.582s] writing requirements to ../../../build/serial_motor_demo/serial_motor_demo.egg-info/requires.txt
[7.583s] writing top-level names to ../../../build/serial_motor_demo/serial_motor_demo.egg-info/top_level.txt
[7.589s] writing manifest file '../../../build/serial_motor_demo/serial_motor_demo.egg-info/SOURCES.txt'
[7.783s] reading manifest file '../../../build/serial_motor_demo/serial_motor_demo.egg-info/SOURCES.txt'
[7.788s] writing manifest file '../../../build/serial_motor_demo/serial_motor_demo.egg-info/SOURCES.txt'
[7.791s] running build
[7.794s] running build_py
[7.797s] creating /home/ubuntu/pi_ws/build/serial_motor_demo/build
[7.798s] creating /home/ubuntu/pi_ws/build/serial_motor_demo/build/lib
[7.799s] creating /home/ubuntu/pi_ws/build/serial_motor_demo/build/lib/serial_motor_demo
[7.800s] copying serial_motor_demo/gui.py -> /home/ubuntu/pi_ws/build/serial_motor_demo/build/lib/serial_motor_demo
[7.801s] copying serial_motor_demo/driver.py -> /home/ubuntu/pi_ws/build/serial_motor_demo/build/lib/serial_motor_demo
[7.806s] copying serial_motor_demo/__init__.py -> /home/ubuntu/pi_ws/build/serial_motor_demo/build/lib/serial_motor_demo
[7.807s] running install
[7.808s] running install_lib
[7.816s] creating /home/ubuntu/pi_ws/install/serial_motor_demo/lib/python3.8/site-packages/serial_motor_demo
[7.819s] copying /home/ubuntu/pi_ws/build/serial_motor_demo/build/lib/serial_motor_demo/gui.py -> /home/ubuntu/pi_ws/install/serial_motor_demo/lib/python3.8/site-packages/serial_motor_demo
[7.820s] copying /home/ubuntu/pi_ws/build/serial_motor_demo/build/lib/serial_motor_demo/driver.py -> /home/ubuntu/pi_ws/install/serial_motor_demo/lib/python3.8/site-packages/serial_motor_demo
[7.826s] copying /home/ubuntu/pi_ws/build/serial_motor_demo/build/lib/serial_motor_demo/__init__.py -> /home/ubuntu/pi_ws/install/serial_motor_demo/lib/python3.8/site-packages/serial_motor_demo
[7.834s] byte-compiling /home/ubuntu/pi_ws/install/serial_motor_demo/lib/python3.8/site-packages/serial_motor_demo/gui.py to gui.cpython-38.pyc
[7.842s] byte-compiling /home/ubuntu/pi_ws/install/serial_motor_demo/lib/python3.8/site-packages/serial_motor_demo/driver.py to driver.cpython-38.pyc
[7.848s] byte-compiling /home/ubuntu/pi_ws/install/serial_motor_demo/lib/python3.8/site-packages/serial_motor_demo/__init__.py to __init__.cpython-38.pyc
[7.850s] running install_data
[7.853s] creating /home/ubuntu/pi_ws/install/serial_motor_demo/share/ament_index
[7.856s] creating /home/ubuntu/pi_ws/install/serial_motor_demo/share/ament_index/resource_index
[7.857s] creating /home/ubuntu/pi_ws/install/serial_motor_demo/share/ament_index/resource_index/packages
[7.858s] copying resource/serial_motor_demo -> /home/ubuntu/pi_ws/install/serial_motor_demo/share/ament_index/resource_index/packages
[7.859s] copying package.xml -> /home/ubuntu/pi_ws/install/serial_motor_demo/share/serial_motor_demo
[7.860s] running install_egg_info
[7.876s] Copying ../../../build/serial_motor_demo/serial_motor_demo.egg-info to /home/ubuntu/pi_ws/install/serial_motor_demo/lib/python3.8/site-packages/serial_motor_demo-0.0.0-py3.8.egg-info
[7.877s] running install_scripts
[7.983s] Installing driver script to /home/ubuntu/pi_ws/install/serial_motor_demo/lib/serial_motor_demo
[7.988s] Installing gui script to /home/ubuntu/pi_ws/install/serial_motor_demo/lib/serial_motor_demo
[7.989s] writing list of installed files to '/home/ubuntu/pi_ws/build/serial_motor_demo/install.log'
[8.152s] Invoked command in '/home/ubuntu/pi_ws/src/serial_motor_demo/serial_motor_demo' returned '0': CMAKE_PREFIX_PATH=/home/ubuntu/pi_ws/install/serial_motor_demo_msgs:/home/ubuntu/pi_ws/install/tank_controller:/home/ubuntu/pi_ws/install/diffdrive_arduino:/home/ubuntu/pi_ws/install/serial:/home/ubuntu/pi_ws/install/senior_design1:/home/ubuntu/pi_ws/install/gazebo_ros2_control_demos:/home/ubuntu/pi_ws/install/gazebo_ros2_control PYTHONPATH=/home/ubuntu/pi_ws/build/serial_motor_demo/prefix_override:/home/ubuntu/pi_ws/install/serial_motor_demo/lib/python3.8/site-packages:/home/ubuntu/pi_ws/install/serial_motor_demo_msgs/lib/python3.8/site-packages:/home/ubuntu/pi_ws/install/tank_controller/lib/python3.8/site-packages:/home/ubuntu/pi_ws/install/serial_motor_demo/lib/python3.8/site-packages:/home/ubuntu/pi_ws/install/my_package/lib/python3.8/site-packages:/opt/ros/foxy/lib/python3.8/site-packages /usr/bin/python3 setup.py egg_info --egg-base ../../../build/serial_motor_demo build --build-base /home/ubuntu/pi_ws/build/serial_motor_demo/build install --record /home/ubuntu/pi_ws/build/serial_motor_demo/install.log --install-scripts $base/lib/serial_motor_demo --single-version-externally-managed
