[15.905s] Invoking command in '/home/ubuntu/pi_ws/src/ros2_detection/my_package': PYTHONPATH=/home/ubuntu/pi_ws/build/my_package/prefix_override:/home/ubuntu/pi_ws/install/my_package/lib/python3.8/site-packages:${PYTHONPATH} /usr/bin/python3 setup.py egg_info --egg-base ../../../build/my_package build --build-base /home/ubuntu/pi_ws/build/my_package/build install --record /home/ubuntu/pi_ws/build/my_package/install.log --install-scripts $base/lib/my_package --single-version-externally-managed
[17.868s] running egg_info
[17.869s] writing ../../../build/my_package/my_package.egg-info/PKG-INFO
[17.870s] writing dependency_links to ../../../build/my_package/my_package.egg-info/dependency_links.txt
[17.871s] writing entry points to ../../../build/my_package/my_package.egg-info/entry_points.txt
[17.871s] writing requirements to ../../../build/my_package/my_package.egg-info/requires.txt
[17.872s] writing top-level names to ../../../build/my_package/my_package.egg-info/top_level.txt
[18.267s] reading manifest file '../../../build/my_package/my_package.egg-info/SOURCES.txt'
[18.273s] writing manifest file '../../../build/my_package/my_package.egg-info/SOURCES.txt'
[18.284s] running build
[18.284s] running build_py
[18.286s] running install
[18.290s] running install_lib
[18.318s] running install_data
[18.327s] running install_egg_info
[18.338s] removing '/home/ubuntu/pi_ws/install/my_package/lib/python3.8/site-packages/my_package-0.0.0-py3.8.egg-info' (and everything under it)
[18.341s] Copying ../../../build/my_package/my_package.egg-info to /home/ubuntu/pi_ws/install/my_package/lib/python3.8/site-packages/my_package-0.0.0-py3.8.egg-info
[18.355s] running install_scripts
[18.530s] Installing controller script to /home/ubuntu/pi_ws/install/my_package/lib/my_package
[18.547s] Installing detection script to /home/ubuntu/pi_ws/install/my_package/lib/my_package
[18.550s] Installing display script to /home/ubuntu/pi_ws/install/my_package/lib/my_package
[18.554s] writing list of installed files to '/home/ubuntu/pi_ws/build/my_package/install.log'
[19.935s] Invoked command in '/home/ubuntu/pi_ws/src/ros2_detection/my_package' returned '0': PYTHONPATH=/home/ubuntu/pi_ws/build/my_package/prefix_override:/home/ubuntu/pi_ws/install/my_package/lib/python3.8/site-packages:${PYTHONPATH} /usr/bin/python3 setup.py egg_info --egg-base ../../../build/my_package build --build-base /home/ubuntu/pi_ws/build/my_package/build install --record /home/ubuntu/pi_ws/build/my_package/install.log --install-scripts $base/lib/my_package --single-version-externally-managed
