[6.388s] Invoking command in '/home/ubuntu/pi_ws/build/my_package': PYTHONPATH=/home/ubuntu/pi_ws/build/my_package/prefix_override:/home/ubuntu/pi_ws/install/my_package/lib/python3.8/site-packages:${PYTHONPATH} /usr/bin/python3 setup.py develop --uninstall --editable --build-directory /home/ubuntu/pi_ws/build/my_package/build
[7.351s] running develop
[7.920s] Removing /home/ubuntu/pi_ws/install/my_package/lib/python3.8/site-packages/my-package.egg-link (link to .)
[8.014s] Invoked command in '/home/ubuntu/pi_ws/build/my_package' returned '0': PYTHONPATH=/home/ubuntu/pi_ws/build/my_package/prefix_override:/home/ubuntu/pi_ws/install/my_package/lib/python3.8/site-packages:${PYTHONPATH} /usr/bin/python3 setup.py develop --uninstall --editable --build-directory /home/ubuntu/pi_ws/build/my_package/build
[8.026s] Invoking command in '/home/ubuntu/pi_ws/src/ros2_detection/my_package': PYTHONPATH=/home/ubuntu/pi_ws/build/my_package/prefix_override:/home/ubuntu/pi_ws/install/my_package/lib/python3.8/site-packages:${PYTHONPATH} /usr/bin/python3 setup.py egg_info --egg-base ../../../build/my_package build --build-base /home/ubuntu/pi_ws/build/my_package/build install --record /home/ubuntu/pi_ws/build/my_package/install.log --install-scripts $base/lib/my_package --single-version-externally-managed
[9.086s] running egg_info
[9.091s] writing ../../../build/my_package/my_package.egg-info/PKG-INFO
[9.094s] writing dependency_links to ../../../build/my_package/my_package.egg-info/dependency_links.txt
[9.095s] writing entry points to ../../../build/my_package/my_package.egg-info/entry_points.txt
[9.096s] writing requirements to ../../../build/my_package/my_package.egg-info/requires.txt
[9.096s] writing top-level names to ../../../build/my_package/my_package.egg-info/top_level.txt
[9.270s] reading manifest file '../../../build/my_package/my_package.egg-info/SOURCES.txt'
[9.277s] writing manifest file '../../../build/my_package/my_package.egg-info/SOURCES.txt'
[9.278s] running build
[9.280s] running build_py
[9.280s] copying my_package/detection.py -> /home/ubuntu/pi_ws/build/my_package/build/lib/my_package
[9.282s] copying my_package/controller.py -> /home/ubuntu/pi_ws/build/my_package/build/lib/my_package
[9.286s] running install
[9.289s] running install_lib
[9.296s] creating /home/ubuntu/pi_ws/install/my_package/lib/python3.8/site-packages/my_package
[9.297s] copying /home/ubuntu/pi_ws/build/my_package/build/lib/my_package/detection.py -> /home/ubuntu/pi_ws/install/my_package/lib/python3.8/site-packages/my_package
[9.298s] copying /home/ubuntu/pi_ws/build/my_package/build/lib/my_package/display.py -> /home/ubuntu/pi_ws/install/my_package/lib/python3.8/site-packages/my_package
[9.299s] copying /home/ubuntu/pi_ws/build/my_package/build/lib/my_package/controller.py -> /home/ubuntu/pi_ws/install/my_package/lib/python3.8/site-packages/my_package
[9.299s] creating /home/ubuntu/pi_ws/install/my_package/lib/python3.8/site-packages/my_package/models
[9.300s] copying /home/ubuntu/pi_ws/build/my_package/build/lib/my_package/models/coco.names -> /home/ubuntu/pi_ws/install/my_package/lib/python3.8/site-packages/my_package/models
[9.301s] copying /home/ubuntu/pi_ws/build/my_package/build/lib/my_package/models/yolov3-tiny.cfg -> /home/ubuntu/pi_ws/install/my_package/lib/python3.8/site-packages/my_package/models
[9.303s] copying /home/ubuntu/pi_ws/build/my_package/build/lib/my_package/models/yolov3-tiny.weights -> /home/ubuntu/pi_ws/install/my_package/lib/python3.8/site-packages/my_package/models
[10.277s] copying /home/ubuntu/pi_ws/build/my_package/build/lib/my_package/__init__.py -> /home/ubuntu/pi_ws/install/my_package/lib/python3.8/site-packages/my_package
[10.282s] byte-compiling /home/ubuntu/pi_ws/install/my_package/lib/python3.8/site-packages/my_package/detection.py to detection.cpython-38.pyc
[10.297s] byte-compiling /home/ubuntu/pi_ws/install/my_package/lib/python3.8/site-packages/my_package/display.py to display.cpython-38.pyc
[10.300s] byte-compiling /home/ubuntu/pi_ws/install/my_package/lib/python3.8/site-packages/my_package/controller.py to controller.cpython-38.pyc
[10.310s] byte-compiling /home/ubuntu/pi_ws/install/my_package/lib/python3.8/site-packages/my_package/__init__.py to __init__.cpython-38.pyc
[10.313s] running install_data
[10.319s] running install_egg_info
[10.328s] Copying ../../../build/my_package/my_package.egg-info to /home/ubuntu/pi_ws/install/my_package/lib/python3.8/site-packages/my_package-0.0.0-py3.8.egg-info
[10.339s] running install_scripts
[10.419s] Installing controller script to /home/ubuntu/pi_ws/install/my_package/lib/my_package
[10.421s] Installing detection script to /home/ubuntu/pi_ws/install/my_package/lib/my_package
[10.424s] Installing display script to /home/ubuntu/pi_ws/install/my_package/lib/my_package
[10.426s] writing list of installed files to '/home/ubuntu/pi_ws/build/my_package/install.log'
[10.537s] Invoked command in '/home/ubuntu/pi_ws/src/ros2_detection/my_package' returned '0': PYTHONPATH=/home/ubuntu/pi_ws/build/my_package/prefix_override:/home/ubuntu/pi_ws/install/my_package/lib/python3.8/site-packages:${PYTHONPATH} /usr/bin/python3 setup.py egg_info --egg-base ../../../build/my_package build --build-base /home/ubuntu/pi_ws/build/my_package/build install --record /home/ubuntu/pi_ws/build/my_package/install.log --install-scripts $base/lib/my_package --single-version-externally-managed
