[7.717s] Invoking command in '/home/ubuntu/pi_ws/build/tank_controller': CMAKE_PREFIX_PATH=${CMAKE_PREFIX_PATH}:/home/ubuntu/pi_ws/install/serial_motor_demo:/home/ubuntu/pi_ws/install/my_package:/opt/ros/foxy /usr/bin/cmake --build /home/ubuntu/pi_ws/build/tank_controller -- -j4 -l4
[7.985s] Invoked command in '/home/ubuntu/pi_ws/build/tank_controller' returned '0': CMAKE_PREFIX_PATH=${CMAKE_PREFIX_PATH}:/home/ubuntu/pi_ws/install/serial_motor_demo:/home/ubuntu/pi_ws/install/my_package:/opt/ros/foxy /usr/bin/cmake --build /home/ubuntu/pi_ws/build/tank_controller -- -j4 -l4
[9.695s] Invoking command in '/home/ubuntu/pi_ws/build/tank_controller': CMAKE_PREFIX_PATH=${CMAKE_PREFIX_PATH}:/home/ubuntu/pi_ws/install/serial_motor_demo:/home/ubuntu/pi_ws/install/my_package:/opt/ros/foxy /usr/bin/cmake --install /home/ubuntu/pi_ws/build/tank_controller
[9.751s] -- Install configuration: ""
[9.753s] -- Execute custom install script
[9.755s] -- Up-to-date symlink: /home/ubuntu/pi_ws/install/tank_controller/lib/tank_controller/start_robot.py
[9.756s] -- Up-to-date symlink: /home/ubuntu/pi_ws/install/tank_controller/lib/tank_controller/motor_control_test.py
[9.760s] -- Up-to-date symlink: /home/ubuntu/pi_ws/install/tank_controller/share/ament_index/resource_index/package_run_dependencies/tank_controller
[9.761s] -- Up-to-date symlink: /home/ubuntu/pi_ws/install/tank_controller/share/ament_index/resource_index/parent_prefix_path/tank_controller
[9.764s] -- Up-to-date symlink: /home/ubuntu/pi_ws/install/tank_controller/share/tank_controller/environment/ament_prefix_path.sh
[9.765s] -- Up-to-date symlink: /home/ubuntu/pi_ws/install/tank_controller/share/tank_controller/environment/ament_prefix_path.dsv
[9.767s] -- Up-to-date symlink: /home/ubuntu/pi_ws/install/tank_controller/share/tank_controller/environment/path.sh
[9.768s] -- Up-to-date symlink: /home/ubuntu/pi_ws/install/tank_controller/share/tank_controller/environment/path.dsv
[9.769s] -- Up-to-date symlink: /home/ubuntu/pi_ws/install/tank_controller/share/tank_controller/local_setup.bash
[9.771s] -- Up-to-date symlink: /home/ubuntu/pi_ws/install/tank_controller/share/tank_controller/local_setup.sh
[9.773s] -- Up-to-date symlink: /home/ubuntu/pi_ws/install/tank_controller/share/tank_controller/local_setup.zsh
[9.774s] -- Up-to-date symlink: /home/ubuntu/pi_ws/install/tank_controller/share/tank_controller/local_setup.dsv
[9.779s] -- Symlinking: /home/ubuntu/pi_ws/install/tank_controller/share/tank_controller/package.dsv
[9.824s] -- Up-to-date symlink: /home/ubuntu/pi_ws/install/tank_controller/share/ament_index/resource_index/packages/tank_controller
[9.827s] -- Up-to-date symlink: /home/ubuntu/pi_ws/install/tank_controller/share/tank_controller/cmake/tank_controllerConfig.cmake
[9.832s] -- Up-to-date symlink: /home/ubuntu/pi_ws/install/tank_controller/share/tank_controller/cmake/tank_controllerConfig-version.cmake
[9.835s] -- Up-to-date symlink: /home/ubuntu/pi_ws/install/tank_controller/share/tank_controller/package.xml
[13.579s] Invoked command in '/home/ubuntu/pi_ws/build/tank_controller' returned '0': CMAKE_PREFIX_PATH=${CMAKE_PREFIX_PATH}:/home/ubuntu/pi_ws/install/serial_motor_demo:/home/ubuntu/pi_ws/install/my_package:/opt/ros/foxy /usr/bin/cmake --install /home/ubuntu/pi_ws/build/tank_controller
