[4.170s] Invoking command in '/home/ubuntu/pi_ws/src/ros2_detection/my_package': PYTHONPATH=/home/ubuntu/pi_ws/build/my_package/prefix_override:/home/ubuntu/pi_ws/install/my_package/lib/python3.8/site-packages:${PYTHONPATH} /usr/bin/python3 setup.py egg_info --egg-base ../../../build/my_package build --build-base /home/ubuntu/pi_ws/build/my_package/build install --record /home/ubuntu/pi_ws/build/my_package/install.log --install-scripts $base/lib/my_package --single-version-externally-managed
[5.010s] running egg_info
[5.012s] writing ../../../build/my_package/my_package.egg-info/PKG-INFO
[5.013s] writing dependency_links to ../../../build/my_package/my_package.egg-info/dependency_links.txt
[5.014s] writing entry points to ../../../build/my_package/my_package.egg-info/entry_points.txt
[5.015s] writing requirements to ../../../build/my_package/my_package.egg-info/requires.txt
[5.015s] writing top-level names to ../../../build/my_package/my_package.egg-info/top_level.txt
[5.156s] reading manifest file '../../../build/my_package/my_package.egg-info/SOURCES.txt'
[5.161s] writing manifest file '../../../build/my_package/my_package.egg-info/SOURCES.txt'
[5.161s] running build
[5.162s] running build_py
[5.162s] copying my_package/controller.py -> /home/ubuntu/pi_ws/build/my_package/build/lib/my_package
[5.165s] running install
[5.168s] running install_lib
[5.172s] copying /home/ubuntu/pi_ws/build/my_package/build/lib/my_package/controller.py -> /home/ubuntu/pi_ws/install/my_package/lib/python3.8/site-packages/my_package
[5.177s] byte-compiling /home/ubuntu/pi_ws/install/my_package/lib/python3.8/site-packages/my_package/controller.py to controller.cpython-38.pyc
[5.185s] running install_data
[5.187s] copying my_package/controller.py -> /home/ubuntu/pi_ws/install/my_package/lib/my_package
[5.188s] running install_egg_info
[5.194s] removing '/home/ubuntu/pi_ws/install/my_package/lib/python3.8/site-packages/my_package-0.0.0-py3.8.egg-info' (and everything under it)
[5.195s] Copying ../../../build/my_package/my_package.egg-info to /home/ubuntu/pi_ws/install/my_package/lib/python3.8/site-packages/my_package-0.0.0-py3.8.egg-info
[5.202s] running install_scripts
[5.264s] Installing controller script to /home/ubuntu/pi_ws/install/my_package/lib/my_package
[5.264s] Installing detection script to /home/ubuntu/pi_ws/install/my_package/lib/my_package
[5.265s] Installing display script to /home/ubuntu/pi_ws/install/my_package/lib/my_package
[5.267s] writing list of installed files to '/home/ubuntu/pi_ws/build/my_package/install.log'
[5.361s] Invoked command in '/home/ubuntu/pi_ws/src/ros2_detection/my_package' returned '0': PYTHONPATH=/home/ubuntu/pi_ws/build/my_package/prefix_override:/home/ubuntu/pi_ws/install/my_package/lib/python3.8/site-packages:${PYTHONPATH} /usr/bin/python3 setup.py egg_info --egg-base ../../../build/my_package build --build-base /home/ubuntu/pi_ws/build/my_package/build install --record /home/ubuntu/pi_ws/build/my_package/install.log --install-scripts $base/lib/my_package --single-version-externally-managed
