[6.104s] Invoking command in '/home/ubuntu/pi_ws/build/my_package': PYTHONPATH=/home/ubuntu/pi_ws/build/my_package/prefix_override:/home/ubuntu/pi_ws/install/my_package/lib/python3.8/site-packages:${PYTHONPATH} /usr/bin/python3 setup.py develop --editable --build-directory /home/ubuntu/pi_ws/build/my_package/build --no-deps install_data
[7.565s] running develop
[8.387s] running egg_info
[8.388s] writing my_package.egg-info/PKG-INFO
[8.389s] writing dependency_links to my_package.egg-info/dependency_links.txt
[8.392s] writing entry points to my_package.egg-info/entry_points.txt
[8.393s] writing requirements to my_package.egg-info/requires.txt
[8.396s] writing top-level names to my_package.egg-info/top_level.txt
[8.562s] reading manifest file 'my_package.egg-info/SOURCES.txt'
[8.567s] writing manifest file 'my_package.egg-info/SOURCES.txt'
[8.776s] running build_ext
[8.778s] Creating /home/ubuntu/pi_ws/install/my_package/lib/python3.8/site-packages/site.py
[8.786s] Creating /home/ubuntu/pi_ws/install/my_package/lib/python3.8/site-packages/my-package.egg-link (link to .)
[8.792s] Installing controller script to /home/ubuntu/pi_ws/install/my_package/lib/my_package
[8.796s] Installing detection script to /home/ubuntu/pi_ws/install/my_package/lib/my_package
[8.804s] Installing display script to /home/ubuntu/pi_ws/install/my_package/lib/my_package
[8.808s] 
[8.812s] Installed /home/ubuntu/pi_ws/build/my_package
[8.819s] running install_data
[8.821s] copying my_package/controller.py -> /home/ubuntu/pi_ws/install/my_package/lib/my_package
[9.309s] Invoked command in '/home/ubuntu/pi_ws/build/my_package' returned '0': PYTHONPATH=/home/ubuntu/pi_ws/build/my_package/prefix_override:/home/ubuntu/pi_ws/install/my_package/lib/python3.8/site-packages:${PYTHONPATH} /usr/bin/python3 setup.py develop --editable --build-directory /home/ubuntu/pi_ws/build/my_package/build --no-deps install_data
