[2.175s] Invoking command in '/home/ubuntu/pi_ws/build/serial': CMAKE_PREFIX_PATH=${CMAKE_PREFIX_PATH}:/home/ubuntu/pi_ws/install/my_package:/opt/ros/foxy /usr/bin/cmake --build /home/ubuntu/pi_ws/build/serial -- -j4 -l4
[2.557s] [ 28%] Built target serial
[2.702s] [ 42%] Built target gtest_main
[2.720s] [ 57%] Built target gtest
[2.891s] [ 71%] Built target serial_example
[3.048s] [ 85%] Built target serial-test
[3.076s] [100%] Built target serial-test-timer
[4.461s] Invoked command in '/home/ubuntu/pi_ws/build/serial' returned '0': CMAKE_PREFIX_PATH=${CMAKE_PREFIX_PATH}:/home/ubuntu/pi_ws/install/my_package:/opt/ros/foxy /usr/bin/cmake --build /home/ubuntu/pi_ws/build/serial -- -j4 -l4
[4.715s] Invoking command in '/home/ubuntu/pi_ws/build/serial': CMAKE_PREFIX_PATH=${CMAKE_PREFIX_PATH}:/home/ubuntu/pi_ws/install/my_package:/opt/ros/foxy /usr/bin/cmake --install /home/ubuntu/pi_ws/build/serial
[4.784s] -- Install configuration: ""
[4.787s] -- Up-to-date: /home/ubuntu/pi_ws/install/serial/lib/libserial.a
[4.787s] -- Up-to-date: /home/ubuntu/pi_ws/install/serial/include/serial/serial.h
[4.790s] -- Up-to-date: /home/ubuntu/pi_ws/install/serial/include/serial/v8stdint.h
[4.791s] -- Up-to-date: /home/ubuntu/pi_ws/install/serial/share/serial/environment/library_path.sh
[4.794s] -- Up-to-date: /home/ubuntu/pi_ws/install/serial/share/serial/environment/library_path.dsv
[4.803s] -- Up-to-date: /home/ubuntu/pi_ws/install/serial/share/ament_index/resource_index/package_run_dependencies/serial
[4.804s] -- Up-to-date: /home/ubuntu/pi_ws/install/serial/share/ament_index/resource_index/parent_prefix_path/serial
[4.805s] -- Up-to-date: /home/ubuntu/pi_ws/install/serial/share/serial/environment/ament_prefix_path.sh
[4.805s] -- Up-to-date: /home/ubuntu/pi_ws/install/serial/share/serial/environment/ament_prefix_path.dsv
[4.806s] -- Up-to-date: /home/ubuntu/pi_ws/install/serial/share/serial/environment/path.sh
[4.807s] -- Up-to-date: /home/ubuntu/pi_ws/install/serial/share/serial/environment/path.dsv
[4.808s] -- Up-to-date: /home/ubuntu/pi_ws/install/serial/share/serial/local_setup.bash
[4.808s] -- Up-to-date: /home/ubuntu/pi_ws/install/serial/share/serial/local_setup.sh
[4.813s] -- Up-to-date: /home/ubuntu/pi_ws/install/serial/share/serial/local_setup.zsh
[4.815s] -- Up-to-date: /home/ubuntu/pi_ws/install/serial/share/serial/local_setup.dsv
[4.818s] -- Installing: /home/ubuntu/pi_ws/install/serial/share/serial/package.dsv
[4.823s] -- Up-to-date: /home/ubuntu/pi_ws/install/serial/share/ament_index/resource_index/packages/serial
[4.824s] -- Up-to-date: /home/ubuntu/pi_ws/install/serial/share/serial/cmake/ament_cmake_export_include_directories-extras.cmake
[4.826s] -- Up-to-date: /home/ubuntu/pi_ws/install/serial/share/serial/cmake/ament_cmake_export_libraries-extras.cmake
[4.826s] -- Up-to-date: /home/ubuntu/pi_ws/install/serial/share/serial/cmake/serialConfig.cmake
[4.827s] -- Up-to-date: /home/ubuntu/pi_ws/install/serial/share/serial/cmake/serialConfig-version.cmake
[4.827s] -- Up-to-date: /home/ubuntu/pi_ws/install/serial/share/serial/package.xml
[5.718s] Invoked command in '/home/ubuntu/pi_ws/build/serial' returned '0': CMAKE_PREFIX_PATH=${CMAKE_PREFIX_PATH}:/home/ubuntu/pi_ws/install/my_package:/opt/ros/foxy /usr/bin/cmake --install /home/ubuntu/pi_ws/build/serial
