[8.110s] Invoking command in '/home/ubuntu/pi_ws/build/senior_design1': CMAKE_PREFIX_PATH=${CMAKE_PREFIX_PATH}:/home/ubuntu/pi_ws/install/serial_motor_demo:/home/ubuntu/pi_ws/install/my_package:/opt/ros/foxy /usr/bin/cmake --build /home/ubuntu/pi_ws/build/senior_design1 -- -j4 -l4
[15.750s] Invoked command in '/home/ubuntu/pi_ws/build/senior_design1' returned '0': CMAKE_PREFIX_PATH=${CMAKE_PREFIX_PATH}:/home/ubuntu/pi_ws/install/serial_motor_demo:/home/ubuntu/pi_ws/install/my_package:/opt/ros/foxy /usr/bin/cmake --build /home/ubuntu/pi_ws/build/senior_design1 -- -j4 -l4
[16.411s] Invoking command in '/home/ubuntu/pi_ws/build/senior_design1': CMAKE_PREFIX_PATH=${CMAKE_PREFIX_PATH}:/home/ubuntu/pi_ws/install/serial_motor_demo:/home/ubuntu/pi_ws/install/my_package:/opt/ros/foxy /usr/bin/cmake --install /home/ubuntu/pi_ws/build/senior_design1
[16.635s] -- Install configuration: ""
[16.642s] -- Up-to-date: /home/ubuntu/pi_ws/install/senior_design1/share/senior_design1/config
[16.644s] -- Up-to-date: /home/ubuntu/pi_ws/install/senior_design1/share/senior_design1/config/view_bot.rviz
[16.646s] -- Up-to-date: /home/ubuntu/pi_ws/install/senior_design1/share/senior_design1/config/my_controllers.yaml
[16.647s] -- Up-to-date: /home/ubuntu/pi_ws/install/senior_design1/share/senior_design1/config/map.rviz
[16.649s] -- Up-to-date: /home/ubuntu/pi_ws/install/senior_design1/share/senior_design1/config/ball_tracker_params_robot.yaml
[16.650s] -- Up-to-date: /home/ubuntu/pi_ws/install/senior_design1/share/senior_design1/config/mapper_params_online_async.yaml
[16.652s] -- Up-to-date: /home/ubuntu/pi_ws/install/senior_design1/share/senior_design1/config/drive_bot.rviz
[16.654s] -- Up-to-date: /home/ubuntu/pi_ws/install/senior_design1/share/senior_design1/config/ball_tracker_params_sim.yaml
[16.655s] -- Up-to-date: /home/ubuntu/pi_ws/install/senior_design1/share/senior_design1/config/main.rviz
[16.657s] -- Up-to-date: /home/ubuntu/pi_ws/install/senior_design1/share/senior_design1/config/nav2_params.yaml
[16.659s] -- Up-to-date: /home/ubuntu/pi_ws/install/senior_design1/share/senior_design1/config/joystick.yaml
[16.661s] -- Up-to-date: /home/ubuntu/pi_ws/install/senior_design1/share/senior_design1/config/gazebo_params.yaml
[16.687s] -- Up-to-date: /home/ubuntu/pi_ws/install/senior_design1/share/senior_design1/config/twist_mux.yaml
[16.700s] -- Up-to-date: /home/ubuntu/pi_ws/install/senior_design1/share/senior_design1/config/gaz_ros2_ctl_use_sim.yaml
[16.701s] -- Up-to-date: /home/ubuntu/pi_ws/install/senior_design1/share/senior_design1/config/empty.yaml
[16.701s] -- Up-to-date: /home/ubuntu/pi_ws/install/senior_design1/share/senior_design1/description
[16.702s] -- Up-to-date: /home/ubuntu/pi_ws/install/senior_design1/share/senior_design1/description/ros2_control.xacro
[16.703s] -- Up-to-date: /home/ubuntu/pi_ws/install/senior_design1/share/senior_design1/description/inertial_macros.xacro
[16.721s] -- Up-to-date: /home/ubuntu/pi_ws/install/senior_design1/share/senior_design1/description/depth_camera.xacro
[16.721s] -- Up-to-date: /home/ubuntu/pi_ws/install/senior_design1/share/senior_design1/description/robot_core.xacro
[16.722s] -- Up-to-date: /home/ubuntu/pi_ws/install/senior_design1/share/senior_design1/description/robot.urdf.xacro
[16.723s] -- Up-to-date: /home/ubuntu/pi_ws/install/senior_design1/share/senior_design1/description/camera.xacro
[16.723s] -- Up-to-date: /home/ubuntu/pi_ws/install/senior_design1/share/senior_design1/description/gazebo_control.xacro
[16.724s] -- Up-to-date: /home/ubuntu/pi_ws/install/senior_design1/share/senior_design1/description/lidar.xacro
[16.725s] -- Up-to-date: /home/ubuntu/pi_ws/install/senior_design1/share/senior_design1/description/face.xacro
[16.742s] -- Up-to-date: /home/ubuntu/pi_ws/install/senior_design1/share/senior_design1/launch
[16.743s] -- Up-to-date: /home/ubuntu/pi_ws/install/senior_design1/share/senior_design1/launch/camera.launch.py
[16.744s] -- Up-to-date: /home/ubuntu/pi_ws/install/senior_design1/share/senior_design1/launch/obstacle_avoid.launch.py
[16.755s] -- Up-to-date: /home/ubuntu/pi_ws/install/senior_design1/share/senior_design1/launch/rplidar.launch.py
[16.756s] -- Up-to-date: /home/ubuntu/pi_ws/install/senior_design1/share/senior_design1/launch/__pycache__
[16.757s] -- Up-to-date: /home/ubuntu/pi_ws/install/senior_design1/share/senior_design1/launch/__pycache__/rplidar.launch.cpython-38.pyc
[16.766s] -- Installing: /home/ubuntu/pi_ws/install/senior_design1/share/senior_design1/launch/launch_robot.launch.py
[16.767s] -- Up-to-date: /home/ubuntu/pi_ws/install/senior_design1/share/senior_design1/launch/localization_launch.py
[16.768s] -- Up-to-date: /home/ubuntu/pi_ws/install/senior_design1/share/senior_design1/launch/online_async_launch.py
[16.768s] -- Up-to-date: /home/ubuntu/pi_ws/install/senior_design1/share/senior_design1/launch/rsp.launch.py
[16.791s] -- Up-to-date: /home/ubuntu/pi_ws/install/senior_design1/share/senior_design1/launch/navigation_launch.py
[16.802s] -- Up-to-date: /home/ubuntu/pi_ws/install/senior_design1/share/senior_design1/launch/joystick.launch.py
[16.803s] -- Up-to-date: /home/ubuntu/pi_ws/install/senior_design1/share/senior_design1/launch/launch_sim.launch.py
[16.803s] -- Up-to-date: /home/ubuntu/pi_ws/install/senior_design1/share/senior_design1/launch/ball_tracker.launch.py
[16.825s] -- Up-to-date: /home/ubuntu/pi_ws/install/senior_design1/share/senior_design1/worlds
[16.827s] -- Up-to-date: /home/ubuntu/pi_ws/install/senior_design1/share/senior_design1/worlds/empty.world
[16.827s] -- Up-to-date: /home/ubuntu/pi_ws/install/senior_design1/share/senior_design1/worlds/obstacles.world
[16.852s] -- Up-to-date: /home/ubuntu/pi_ws/install/senior_design1/share/ament_index/resource_index/package_run_dependencies/senior_design1
[16.853s] -- Up-to-date: /home/ubuntu/pi_ws/install/senior_design1/share/ament_index/resource_index/parent_prefix_path/senior_design1
[16.855s] -- Up-to-date: /home/ubuntu/pi_ws/install/senior_design1/share/senior_design1/environment/ament_prefix_path.sh
[16.855s] -- Up-to-date: /home/ubuntu/pi_ws/install/senior_design1/share/senior_design1/environment/ament_prefix_path.dsv
[16.856s] -- Up-to-date: /home/ubuntu/pi_ws/install/senior_design1/share/senior_design1/environment/path.sh
[16.857s] -- Up-to-date: /home/ubuntu/pi_ws/install/senior_design1/share/senior_design1/environment/path.dsv
[16.858s] -- Up-to-date: /home/ubuntu/pi_ws/install/senior_design1/share/senior_design1/local_setup.bash
[16.858s] -- Up-to-date: /home/ubuntu/pi_ws/install/senior_design1/share/senior_design1/local_setup.sh
[16.859s] -- Up-to-date: /home/ubuntu/pi_ws/install/senior_design1/share/senior_design1/local_setup.zsh
[16.860s] -- Up-to-date: /home/ubuntu/pi_ws/install/senior_design1/share/senior_design1/local_setup.dsv
[16.929s] -- Installing: /home/ubuntu/pi_ws/install/senior_design1/share/senior_design1/package.dsv
[16.932s] -- Up-to-date: /home/ubuntu/pi_ws/install/senior_design1/share/ament_index/resource_index/packages/senior_design1
[16.933s] -- Up-to-date: /home/ubuntu/pi_ws/install/senior_design1/share/senior_design1/cmake/senior_design1Config.cmake
[16.933s] -- Up-to-date: /home/ubuntu/pi_ws/install/senior_design1/share/senior_design1/cmake/senior_design1Config-version.cmake
[16.933s] -- Up-to-date: /home/ubuntu/pi_ws/install/senior_design1/share/senior_design1/package.xml
[16.934s] Invoked command in '/home/ubuntu/pi_ws/build/senior_design1' returned '0': CMAKE_PREFIX_PATH=${CMAKE_PREFIX_PATH}:/home/ubuntu/pi_ws/install/serial_motor_demo:/home/ubuntu/pi_ws/install/my_package:/opt/ros/foxy /usr/bin/cmake --install /home/ubuntu/pi_ws/build/senior_design1
