-- The C compiler identification is GNU 9.4.0
-- The CXX compiler identification is GNU 9.4.0
-- Check for working C compiler: /usr/bin/cc
-- Check for working C compiler: /usr/bin/cc -- works
-- Detecting C compiler ABI info
-- Detecting C compiler ABI info - done
-- Detecting C compile features
-- Detecting C compile features - done
-- Check for working CXX compiler: /usr/bin/c++
-- Check for working CXX compiler: /usr/bin/c++ -- works
-- Detecting CXX compiler ABI info
-- Detecting CXX compiler ABI info - done
-- Detecting CXX compile features
-- Detecting CXX compile features - done
-- Found ament_cmake: 0.9.12 (/opt/ros/foxy/share/ament_cmake/cmake)
-- Found PythonInterp: /usr/bin/python3 (found suitable version "3.8.10", minimum required is "3") 
-- Using PYTHON_EXECUTABLE: /usr/bin/python3
-- Found ament_lint_auto: 0.9.8 (/opt/ros/foxy/share/ament_lint_auto/cmake)
WARNING: Package name "Senior_Design" does not follow the naming conventions. It should start with a lower case letter and only contain lower case letters, digits, underscores, and dashes.
-- Added test 'copyright' to check source files copyright and LICENSE
-- Added test 'flake8' to check Python code syntax and style conventions
-- Added test 'lint_cmake' to check CMake code style
-- Added test 'pep257' to check Python code against some of the style conventions in PEP 257
-- Added test 'xmllint' to check XML markup files
-- Configuring done
-- Generating done
-- Build files have been written to: /home/ubuntu/pi_ws/build/Senior_Design
-- Install configuration: ""
-- Installing: /home/ubuntu/pi_ws/install/Senior_Design/share/Senior_Design/config
-- Installing: /home/ubuntu/pi_ws/install/Senior_Design/share/Senior_Design/config/empty.yaml
-- Installing: /home/ubuntu/pi_ws/install/Senior_Design/share/Senior_Design/description
-- Installing: /home/ubuntu/pi_ws/install/Senior_Design/share/Senior_Design/description/robot.urdf.xacro
-- Installing: /home/ubuntu/pi_ws/install/Senior_Design/share/Senior_Design/launch
-- Installing: /home/ubuntu/pi_ws/install/Senior_Design/share/Senior_Design/launch/rsp.launch.py
-- Installing: /home/ubuntu/pi_ws/install/Senior_Design/share/Senior_Design/worlds
-- Installing: /home/ubuntu/pi_ws/install/Senior_Design/share/Senior_Design/worlds/empty.world
-- Installing: /home/ubuntu/pi_ws/install/Senior_Design/share/ament_index/resource_index/package_run_dependencies/Senior_Design
-- Installing: /home/ubuntu/pi_ws/install/Senior_Design/share/ament_index/resource_index/parent_prefix_path/Senior_Design
-- Installing: /home/ubuntu/pi_ws/install/Senior_Design/share/Senior_Design/environment/ament_prefix_path.sh
-- Installing: /home/ubuntu/pi_ws/install/Senior_Design/share/Senior_Design/environment/ament_prefix_path.dsv
-- Installing: /home/ubuntu/pi_ws/install/Senior_Design/share/Senior_Design/environment/path.sh
-- Installing: /home/ubuntu/pi_ws/install/Senior_Design/share/Senior_Design/environment/path.dsv
-- Installing: /home/ubuntu/pi_ws/install/Senior_Design/share/Senior_Design/local_setup.bash
-- Installing: /home/ubuntu/pi_ws/install/Senior_Design/share/Senior_Design/local_setup.sh
-- Installing: /home/ubuntu/pi_ws/install/Senior_Design/share/Senior_Design/local_setup.zsh
-- Installing: /home/ubuntu/pi_ws/install/Senior_Design/share/Senior_Design/local_setup.dsv
-- Installing: /home/ubuntu/pi_ws/install/Senior_Design/share/Senior_Design/package.dsv
-- Installing: /home/ubuntu/pi_ws/install/Senior_Design/share/ament_index/resource_index/packages/Senior_Design
-- Installing: /home/ubuntu/pi_ws/install/Senior_Design/share/Senior_Design/cmake/Senior_DesignConfig.cmake
-- Installing: /home/ubuntu/pi_ws/install/Senior_Design/share/Senior_Design/cmake/Senior_DesignConfig-version.cmake
-- Installing: /home/ubuntu/pi_ws/install/Senior_Design/share/Senior_Design/package.xml
