[0.429s] Invoking command in '/home/ubuntu/pi_ws/build/Senior_Design': CMAKE_PREFIX_PATH=/opt/ros/foxy /usr/bin/cmake /home/ubuntu/pi_ws/src/senior_design -DCMAKE_INSTALL_PREFIX=/home/ubuntu/pi_ws/install/Senior_Design
[0.679s] -- The C compiler identification is GNU 9.4.0
[0.898s] -- The CXX compiler identification is GNU 9.4.0
[0.914s] -- Check for working C compiler: /usr/bin/cc
[1.193s] -- Check for working C compiler: /usr/bin/cc -- works
[1.196s] -- Detecting C compiler ABI info
[1.475s] -- Detecting C compiler ABI info - done
[1.513s] -- Detecting C compile features
[1.514s] -- Detecting C compile features - done
[1.523s] -- Check for working CXX compiler: /usr/bin/c++
[1.824s] -- Check for working CXX compiler: /usr/bin/c++ -- works
[1.828s] -- Detecting CXX compiler ABI info
[2.133s] -- Detecting CXX compiler ABI info - done
[2.170s] -- Detecting CXX compile features
[2.172s] -- Detecting CXX compile features - done
[2.189s] -- Found ament_cmake: 0.9.12 (/opt/ros/foxy/share/ament_cmake/cmake)
[2.292s] -- Found PythonInterp: /usr/bin/python3 (found suitable version "3.8.10", minimum required is "3") 
[2.292s] -- Using PYTHON_EXECUTABLE: /usr/bin/python3
[3.064s] -- Found ament_lint_auto: 0.9.8 (/opt/ros/foxy/share/ament_lint_auto/cmake)
[3.254s] WARNING: Package name "Senior_Design" does not follow the naming conventions. It should start with a lower case letter and only contain lower case letters, digits, underscores, and dashes.
[3.400s] -- Added test 'copyright' to check source files copyright and LICENSE
[3.491s] -- Added test 'flake8' to check Python code syntax and style conventions
[3.503s] -- Added test 'lint_cmake' to check CMake code style
[3.510s] -- Added test 'pep257' to check Python code against some of the style conventions in PEP 257
[3.558s] -- Added test 'xmllint' to check XML markup files
[3.569s] -- Configuring done
[3.578s] -- Generating done
[3.581s] -- Build files have been written to: /home/ubuntu/pi_ws/build/Senior_Design
[3.593s] Invoked command in '/home/ubuntu/pi_ws/build/Senior_Design' returned '0': CMAKE_PREFIX_PATH=/opt/ros/foxy /usr/bin/cmake /home/ubuntu/pi_ws/src/senior_design -DCMAKE_INSTALL_PREFIX=/home/ubuntu/pi_ws/install/Senior_Design
[3.603s] Invoking command in '/home/ubuntu/pi_ws/build/Senior_Design': CMAKE_PREFIX_PATH=/opt/ros/foxy /usr/bin/cmake --build /home/ubuntu/pi_ws/build/Senior_Design -- -j4 -l4
[3.746s] Invoked command in '/home/ubuntu/pi_ws/build/Senior_Design' returned '0': CMAKE_PREFIX_PATH=/opt/ros/foxy /usr/bin/cmake --build /home/ubuntu/pi_ws/build/Senior_Design -- -j4 -l4
[3.883s] Invoking command in '/home/ubuntu/pi_ws/build/Senior_Design': CMAKE_PREFIX_PATH=/opt/ros/foxy /usr/bin/cmake --install /home/ubuntu/pi_ws/build/Senior_Design
[3.917s] -- Install configuration: ""
[3.917s] -- Installing: /home/ubuntu/pi_ws/install/Senior_Design/share/Senior_Design/config
[3.918s] -- Installing: /home/ubuntu/pi_ws/install/Senior_Design/share/Senior_Design/config/empty.yaml
[3.918s] -- Installing: /home/ubuntu/pi_ws/install/Senior_Design/share/Senior_Design/description
[3.919s] -- Installing: /home/ubuntu/pi_ws/install/Senior_Design/share/Senior_Design/description/robot.urdf.xacro
[3.919s] -- Installing: /home/ubuntu/pi_ws/install/Senior_Design/share/Senior_Design/launch
[3.920s] -- Installing: /home/ubuntu/pi_ws/install/Senior_Design/share/Senior_Design/launch/rsp.launch.py
[3.921s] -- Installing: /home/ubuntu/pi_ws/install/Senior_Design/share/Senior_Design/worlds
[3.921s] -- Installing: /home/ubuntu/pi_ws/install/Senior_Design/share/Senior_Design/worlds/empty.world
[3.922s] -- Installing: /home/ubuntu/pi_ws/install/Senior_Design/share/ament_index/resource_index/package_run_dependencies/Senior_Design
[3.924s] -- Installing: /home/ubuntu/pi_ws/install/Senior_Design/share/ament_index/resource_index/parent_prefix_path/Senior_Design
[3.925s] -- Installing: /home/ubuntu/pi_ws/install/Senior_Design/share/Senior_Design/environment/ament_prefix_path.sh
[3.926s] -- Installing: /home/ubuntu/pi_ws/install/Senior_Design/share/Senior_Design/environment/ament_prefix_path.dsv
[3.927s] -- Installing: /home/ubuntu/pi_ws/install/Senior_Design/share/Senior_Design/environment/path.sh
[3.928s] -- Installing: /home/ubuntu/pi_ws/install/Senior_Design/share/Senior_Design/environment/path.dsv
[3.929s] -- Installing: /home/ubuntu/pi_ws/install/Senior_Design/share/Senior_Design/local_setup.bash
[3.930s] -- Installing: /home/ubuntu/pi_ws/install/Senior_Design/share/Senior_Design/local_setup.sh
[3.931s] -- Installing: /home/ubuntu/pi_ws/install/Senior_Design/share/Senior_Design/local_setup.zsh
[3.932s] -- Installing: /home/ubuntu/pi_ws/install/Senior_Design/share/Senior_Design/local_setup.dsv
[3.933s] -- Installing: /home/ubuntu/pi_ws/install/Senior_Design/share/Senior_Design/package.dsv
[3.934s] -- Installing: /home/ubuntu/pi_ws/install/Senior_Design/share/ament_index/resource_index/packages/Senior_Design
[3.935s] -- Installing: /home/ubuntu/pi_ws/install/Senior_Design/share/Senior_Design/cmake/Senior_DesignConfig.cmake
[3.935s] -- Installing: /home/ubuntu/pi_ws/install/Senior_Design/share/Senior_Design/cmake/Senior_DesignConfig-version.cmake
[3.937s] -- Installing: /home/ubuntu/pi_ws/install/Senior_Design/share/Senior_Design/package.xml
[3.943s] Invoked command in '/home/ubuntu/pi_ws/build/Senior_Design' returned '0': CMAKE_PREFIX_PATH=/opt/ros/foxy /usr/bin/cmake --install /home/ubuntu/pi_ws/build/Senior_Design
