[4.078s] Invoking command in '/home/ubuntu/pi_ws/src/ros2_detection/my_package': PYTHONPATH=/home/ubuntu/pi_ws/build/my_package/prefix_override:/home/ubuntu/pi_ws/install/my_package/lib/python3.8/site-packages:${PYTHONPATH} /usr/bin/python3 setup.py egg_info --egg-base ../../../build/my_package build --build-base /home/ubuntu/pi_ws/build/my_package/build install --record /home/ubuntu/pi_ws/build/my_package/install.log --install-scripts $base/lib/my_package --single-version-externally-managed
[4.954s] running egg_info
[4.956s] writing ../../../build/my_package/my_package.egg-info/PKG-INFO
[4.957s] writing dependency_links to ../../../build/my_package/my_package.egg-info/dependency_links.txt
[4.958s] writing entry points to ../../../build/my_package/my_package.egg-info/entry_points.txt
[4.959s] writing requirements to ../../../build/my_package/my_package.egg-info/requires.txt
[4.960s] writing top-level names to ../../../build/my_package/my_package.egg-info/top_level.txt
[5.106s] reading manifest file '../../../build/my_package/my_package.egg-info/SOURCES.txt'
[5.112s] writing manifest file '../../../build/my_package/my_package.egg-info/SOURCES.txt'
[5.115s] running build
[5.116s] running build_py
[5.117s] copying my_package/controller.py -> /home/ubuntu/pi_ws/build/my_package/build/lib/my_package
[5.126s] running install
[5.131s] running install_lib
[5.133s] copying /home/ubuntu/pi_ws/build/my_package/build/lib/my_package/controller.py -> /home/ubuntu/pi_ws/install/my_package/lib/python3.8/site-packages/my_package
[5.137s] byte-compiling /home/ubuntu/pi_ws/install/my_package/lib/python3.8/site-packages/my_package/controller.py to controller.cpython-38.pyc
[5.146s] running install_data
[5.149s] copying my_package/controller.py -> /home/ubuntu/pi_ws/install/my_package/lib/my_package
[5.150s] running install_egg_info
[5.157s] removing '/home/ubuntu/pi_ws/install/my_package/lib/python3.8/site-packages/my_package-0.0.0-py3.8.egg-info' (and everything under it)
[5.160s] Copying ../../../build/my_package/my_package.egg-info to /home/ubuntu/pi_ws/install/my_package/lib/python3.8/site-packages/my_package-0.0.0-py3.8.egg-info
[5.168s] running install_scripts
[5.260s] Installing controller script to /home/ubuntu/pi_ws/install/my_package/lib/my_package
[5.261s] Installing detection script to /home/ubuntu/pi_ws/install/my_package/lib/my_package
[5.263s] Installing display script to /home/ubuntu/pi_ws/install/my_package/lib/my_package
[5.266s] writing list of installed files to '/home/ubuntu/pi_ws/build/my_package/install.log'
[5.430s] Invoked command in '/home/ubuntu/pi_ws/src/ros2_detection/my_package' returned '0': PYTHONPATH=/home/ubuntu/pi_ws/build/my_package/prefix_override:/home/ubuntu/pi_ws/install/my_package/lib/python3.8/site-packages:${PYTHONPATH} /usr/bin/python3 setup.py egg_info --egg-base ../../../build/my_package build --build-base /home/ubuntu/pi_ws/build/my_package/build install --record /home/ubuntu/pi_ws/build/my_package/install.log --install-scripts $base/lib/my_package --single-version-externally-managed
