[1.416s] Invoking command in '/home/ubuntu/pi_ws/build/gazebo_ros2_control_demos': AMENT_PREFIX_PATH=/home/ubuntu/pi_ws/install/gazebo_ros2_control:${AMENT_PREFIX_PATH} CMAKE_PREFIX_PATH=/home/ubuntu/pi_ws/install/gazebo_ros2_control:/home/ubuntu/pi_ws/install/tank_controller:/home/ubuntu/pi_ws/install/serial_motor_demo_msgs:/home/ubuntu/pi_ws/install/diffdrive_arduino:/home/ubuntu/pi_ws/install/senior_design1:/home/ubuntu/pi_ws/install/gazebo_ros2_control_demos:/home/ubuntu/pi_ws/install/serial_motor_demo:/home/ubuntu/pi_ws/install/serial:/home/ubuntu/pi_ws/install/my_package:/opt/ros/foxy LD_LIBRARY_PATH=/home/ubuntu/pi_ws/install/gazebo_ros2_control/lib:/home/ubuntu/pi_ws/install/serial_motor_demo_msgs/lib:/home/ubuntu/pi_ws/install/diffdrive_arduino/lib:/home/ubuntu/pi_ws/install/serial/lib:/usr/lib/aarch64-linux-gnu/gazebo-11/plugins:/opt/ros/foxy/opt/yaml_cpp_vendor/lib:/opt/ros/foxy/opt/rviz_ogre_vendor/lib:/opt/ros/foxy/lib/aarch64-linux-gnu:/opt/ros/foxy/lib /usr/bin/cmake --build /home/ubuntu/pi_ws/build/gazebo_ros2_control_demos -- -j4 -l4
[2.790s] [ 20%] Built target example_gripper
[2.810s] [ 40%] Built target example_position
[2.833s] [ 60%] Built target example_velocity
[2.950s] [ 80%] Built target example_effort
[3.163s] [100%] Built target example_diff_drive
[3.602s] Invoked command in '/home/ubuntu/pi_ws/build/gazebo_ros2_control_demos' returned '0': AMENT_PREFIX_PATH=/home/ubuntu/pi_ws/install/gazebo_ros2_control:${AMENT_PREFIX_PATH} CMAKE_PREFIX_PATH=/home/ubuntu/pi_ws/install/gazebo_ros2_control:/home/ubuntu/pi_ws/install/tank_controller:/home/ubuntu/pi_ws/install/serial_motor_demo_msgs:/home/ubuntu/pi_ws/install/diffdrive_arduino:/home/ubuntu/pi_ws/install/senior_design1:/home/ubuntu/pi_ws/install/gazebo_ros2_control_demos:/home/ubuntu/pi_ws/install/serial_motor_demo:/home/ubuntu/pi_ws/install/serial:/home/ubuntu/pi_ws/install/my_package:/opt/ros/foxy LD_LIBRARY_PATH=/home/ubuntu/pi_ws/install/gazebo_ros2_control/lib:/home/ubuntu/pi_ws/install/serial_motor_demo_msgs/lib:/home/ubuntu/pi_ws/install/diffdrive_arduino/lib:/home/ubuntu/pi_ws/install/serial/lib:/usr/lib/aarch64-linux-gnu/gazebo-11/plugins:/opt/ros/foxy/opt/yaml_cpp_vendor/lib:/opt/ros/foxy/opt/rviz_ogre_vendor/lib:/opt/ros/foxy/lib/aarch64-linux-gnu:/opt/ros/foxy/lib /usr/bin/cmake --build /home/ubuntu/pi_ws/build/gazebo_ros2_control_demos -- -j4 -l4
[6.814s] Invoking command in '/home/ubuntu/pi_ws/build/gazebo_ros2_control_demos': AMENT_PREFIX_PATH=/home/ubuntu/pi_ws/install/gazebo_ros2_control:${AMENT_PREFIX_PATH} CMAKE_PREFIX_PATH=/home/ubuntu/pi_ws/install/gazebo_ros2_control:/home/ubuntu/pi_ws/install/tank_controller:/home/ubuntu/pi_ws/install/serial_motor_demo_msgs:/home/ubuntu/pi_ws/install/diffdrive_arduino:/home/ubuntu/pi_ws/install/senior_design1:/home/ubuntu/pi_ws/install/gazebo_ros2_control_demos:/home/ubuntu/pi_ws/install/serial_motor_demo:/home/ubuntu/pi_ws/install/serial:/home/ubuntu/pi_ws/install/my_package:/opt/ros/foxy LD_LIBRARY_PATH=/home/ubuntu/pi_ws/install/gazebo_ros2_control/lib:/home/ubuntu/pi_ws/install/serial_motor_demo_msgs/lib:/home/ubuntu/pi_ws/install/diffdrive_arduino/lib:/home/ubuntu/pi_ws/install/serial/lib:/usr/lib/aarch64-linux-gnu/gazebo-11/plugins:/opt/ros/foxy/opt/yaml_cpp_vendor/lib:/opt/ros/foxy/opt/rviz_ogre_vendor/lib:/opt/ros/foxy/lib/aarch64-linux-gnu:/opt/ros/foxy/lib /usr/bin/cmake --install /home/ubuntu/pi_ws/build/gazebo_ros2_control_demos
[8.994s] -- Install configuration: ""
[8.995s] -- Up-to-date: /home/ubuntu/pi_ws/install/gazebo_ros2_control_demos/share/gazebo_ros2_control_demos//launch
[8.996s] -- Up-to-date: /home/ubuntu/pi_ws/install/gazebo_ros2_control_demos/share/gazebo_ros2_control_demos//launch/cart_example_velocity.launch.py
[8.997s] -- Up-to-date: /home/ubuntu/pi_ws/install/gazebo_ros2_control_demos/share/gazebo_ros2_control_demos//launch/diff_drive.launch.py
[8.997s] -- Up-to-date: /home/ubuntu/pi_ws/install/gazebo_ros2_control_demos/share/gazebo_ros2_control_demos//launch/cart_example_position.launch.py
[8.998s] -- Up-to-date: /home/ubuntu/pi_ws/install/gazebo_ros2_control_demos/share/gazebo_ros2_control_demos//launch/cart_example_effort.launch.py
[8.999s] -- Up-to-date: /home/ubuntu/pi_ws/install/gazebo_ros2_control_demos/share/gazebo_ros2_control_demos//launch/gripper_mimic_joint_example.launch.py
[8.999s] -- Up-to-date: /home/ubuntu/pi_ws/install/gazebo_ros2_control_demos/share/gazebo_ros2_control_demos//config
[9.000s] -- Up-to-date: /home/ubuntu/pi_ws/install/gazebo_ros2_control_demos/share/gazebo_ros2_control_demos//config/cartpole_controller_velocity.yaml
[9.001s] -- Up-to-date: /home/ubuntu/pi_ws/install/gazebo_ros2_control_demos/share/gazebo_ros2_control_demos//config/diff_drive_controller.yaml
[9.017s] -- Up-to-date: /home/ubuntu/pi_ws/install/gazebo_ros2_control_demos/share/gazebo_ros2_control_demos//config/cartpole_controller_effort.yaml
[9.018s] -- Up-to-date: /home/ubuntu/pi_ws/install/gazebo_ros2_control_demos/share/gazebo_ros2_control_demos//config/cartpole_controller.yaml
[9.019s] -- Up-to-date: /home/ubuntu/pi_ws/install/gazebo_ros2_control_demos/share/gazebo_ros2_control_demos//config/gripper_controller.yaml
[9.019s] -- Up-to-date: /home/ubuntu/pi_ws/install/gazebo_ros2_control_demos/share/gazebo_ros2_control_demos//urdf
[9.020s] -- Up-to-date: /home/ubuntu/pi_ws/install/gazebo_ros2_control_demos/share/gazebo_ros2_control_demos//urdf/test_diff_drive.xacro.urdf
[9.021s] -- Up-to-date: /home/ubuntu/pi_ws/install/gazebo_ros2_control_demos/share/gazebo_ros2_control_demos//urdf/test_cart_velocity.xacro.urdf
[9.021s] -- Up-to-date: /home/ubuntu/pi_ws/install/gazebo_ros2_control_demos/share/gazebo_ros2_control_demos//urdf/test_cart_effort.xacro.urdf
[9.022s] -- Up-to-date: /home/ubuntu/pi_ws/install/gazebo_ros2_control_demos/share/gazebo_ros2_control_demos//urdf/test_cart_position.xacro.urdf
[9.023s] -- Up-to-date: /home/ubuntu/pi_ws/install/gazebo_ros2_control_demos/share/gazebo_ros2_control_demos//urdf/test_gripper_mimic_joint.xacro.urdf
[9.034s] -- Up-to-date: /home/ubuntu/pi_ws/install/gazebo_ros2_control_demos/lib/gazebo_ros2_control_demos/example_position
[9.037s] -- Up-to-date: /home/ubuntu/pi_ws/install/gazebo_ros2_control_demos/lib/gazebo_ros2_control_demos/example_velocity
[9.038s] -- Up-to-date: /home/ubuntu/pi_ws/install/gazebo_ros2_control_demos/lib/gazebo_ros2_control_demos/example_effort
[9.038s] -- Up-to-date: /home/ubuntu/pi_ws/install/gazebo_ros2_control_demos/lib/gazebo_ros2_control_demos/example_gripper
[9.039s] -- Up-to-date: /home/ubuntu/pi_ws/install/gazebo_ros2_control_demos/lib/gazebo_ros2_control_demos/example_diff_drive
[9.040s] -- Up-to-date: /home/ubuntu/pi_ws/install/gazebo_ros2_control_demos/share/ament_index/resource_index/package_run_dependencies/gazebo_ros2_control_demos
[9.041s] -- Up-to-date: /home/ubuntu/pi_ws/install/gazebo_ros2_control_demos/share/ament_index/resource_index/parent_prefix_path/gazebo_ros2_control_demos
[9.042s] -- Up-to-date: /home/ubuntu/pi_ws/install/gazebo_ros2_control_demos/share/gazebo_ros2_control_demos/environment/ament_prefix_path.sh
[9.052s] -- Up-to-date: /home/ubuntu/pi_ws/install/gazebo_ros2_control_demos/share/gazebo_ros2_control_demos/environment/ament_prefix_path.dsv
[9.053s] -- Up-to-date: /home/ubuntu/pi_ws/install/gazebo_ros2_control_demos/share/gazebo_ros2_control_demos/environment/path.sh
[9.054s] -- Up-to-date: /home/ubuntu/pi_ws/install/gazebo_ros2_control_demos/share/gazebo_ros2_control_demos/environment/path.dsv
[9.054s] -- Up-to-date: /home/ubuntu/pi_ws/install/gazebo_ros2_control_demos/share/gazebo_ros2_control_demos/local_setup.bash
[9.055s] -- Up-to-date: /home/ubuntu/pi_ws/install/gazebo_ros2_control_demos/share/gazebo_ros2_control_demos/local_setup.sh
[9.056s] -- Up-to-date: /home/ubuntu/pi_ws/install/gazebo_ros2_control_demos/share/gazebo_ros2_control_demos/local_setup.zsh
[9.057s] -- Up-to-date: /home/ubuntu/pi_ws/install/gazebo_ros2_control_demos/share/gazebo_ros2_control_demos/local_setup.dsv
[9.058s] -- Installing: /home/ubuntu/pi_ws/install/gazebo_ros2_control_demos/share/gazebo_ros2_control_demos/package.dsv
[9.059s] -- Up-to-date: /home/ubuntu/pi_ws/install/gazebo_ros2_control_demos/share/ament_index/resource_index/packages/gazebo_ros2_control_demos
[9.060s] -- Up-to-date: /home/ubuntu/pi_ws/install/gazebo_ros2_control_demos/share/gazebo_ros2_control_demos/cmake/gazebo_ros2_control_demosConfig.cmake
[9.061s] -- Up-to-date: /home/ubuntu/pi_ws/install/gazebo_ros2_control_demos/share/gazebo_ros2_control_demos/cmake/gazebo_ros2_control_demosConfig-version.cmake
[9.062s] -- Up-to-date: /home/ubuntu/pi_ws/install/gazebo_ros2_control_demos/share/gazebo_ros2_control_demos/package.xml
[12.460s] Invoked command in '/home/ubuntu/pi_ws/build/gazebo_ros2_control_demos' returned '0': AMENT_PREFIX_PATH=/home/ubuntu/pi_ws/install/gazebo_ros2_control:${AMENT_PREFIX_PATH} CMAKE_PREFIX_PATH=/home/ubuntu/pi_ws/install/gazebo_ros2_control:/home/ubuntu/pi_ws/install/tank_controller:/home/ubuntu/pi_ws/install/serial_motor_demo_msgs:/home/ubuntu/pi_ws/install/diffdrive_arduino:/home/ubuntu/pi_ws/install/senior_design1:/home/ubuntu/pi_ws/install/gazebo_ros2_control_demos:/home/ubuntu/pi_ws/install/serial_motor_demo:/home/ubuntu/pi_ws/install/serial:/home/ubuntu/pi_ws/install/my_package:/opt/ros/foxy LD_LIBRARY_PATH=/home/ubuntu/pi_ws/install/gazebo_ros2_control/lib:/home/ubuntu/pi_ws/install/serial_motor_demo_msgs/lib:/home/ubuntu/pi_ws/install/diffdrive_arduino/lib:/home/ubuntu/pi_ws/install/serial/lib:/usr/lib/aarch64-linux-gnu/gazebo-11/plugins:/opt/ros/foxy/opt/yaml_cpp_vendor/lib:/opt/ros/foxy/opt/rviz_ogre_vendor/lib:/opt/ros/foxy/lib/aarch64-linux-gnu:/opt/ros/foxy/lib /usr/bin/cmake --install /home/ubuntu/pi_ws/build/gazebo_ros2_control_demos
