[7.712s] Invoking command in '/home/ubuntu/pi_ws/src/ros2_detection/my_package': PYTHONPATH=/home/ubuntu/pi_ws/build/my_package/prefix_override:/home/ubuntu/pi_ws/install/my_package/lib/python3.8/site-packages:${PYTHONPATH} /usr/bin/python3 setup.py egg_info --egg-base ../../../build/my_package build --build-base /home/ubuntu/pi_ws/build/my_package/build install --record /home/ubuntu/pi_ws/build/my_package/install.log --install-scripts $base/lib/my_package --single-version-externally-managed
[8.814s] running egg_info
[8.817s] writing ../../../build/my_package/my_package.egg-info/PKG-INFO
[8.818s] writing dependency_links to ../../../build/my_package/my_package.egg-info/dependency_links.txt
[8.819s] writing entry points to ../../../build/my_package/my_package.egg-info/entry_points.txt
[8.819s] writing requirements to ../../../build/my_package/my_package.egg-info/requires.txt
[8.820s] writing top-level names to ../../../build/my_package/my_package.egg-info/top_level.txt
[8.962s] reading manifest file '../../../build/my_package/my_package.egg-info/SOURCES.txt'
[8.967s] writing manifest file '../../../build/my_package/my_package.egg-info/SOURCES.txt'
[8.970s] running build
[8.970s] running build_py
[8.971s] copying my_package/controller.py -> /home/ubuntu/pi_ws/build/my_package/build/lib/my_package
[8.972s] running install
[8.976s] running install_lib
[8.980s] copying /home/ubuntu/pi_ws/build/my_package/build/lib/my_package/controller.py -> /home/ubuntu/pi_ws/install/my_package/lib/python3.8/site-packages/my_package
[8.985s] byte-compiling /home/ubuntu/pi_ws/install/my_package/lib/python3.8/site-packages/my_package/controller.py to controller.cpython-38.pyc
[8.993s] running install_data
[8.999s] copying my_package/controller.py -> /home/ubuntu/pi_ws/install/my_package/lib/my_package
[9.001s] running install_egg_info
[9.006s] removing '/home/ubuntu/pi_ws/install/my_package/lib/python3.8/site-packages/my_package-0.0.0-py3.8.egg-info' (and everything under it)
[9.008s] Copying ../../../build/my_package/my_package.egg-info to /home/ubuntu/pi_ws/install/my_package/lib/python3.8/site-packages/my_package-0.0.0-py3.8.egg-info
[9.013s] running install_scripts
[9.081s] Installing controller script to /home/ubuntu/pi_ws/install/my_package/lib/my_package
[9.083s] Installing detection script to /home/ubuntu/pi_ws/install/my_package/lib/my_package
[9.092s] Installing display script to /home/ubuntu/pi_ws/install/my_package/lib/my_package
[9.099s] writing list of installed files to '/home/ubuntu/pi_ws/build/my_package/install.log'
[10.492s] Invoked command in '/home/ubuntu/pi_ws/src/ros2_detection/my_package' returned '0': PYTHONPATH=/home/ubuntu/pi_ws/build/my_package/prefix_override:/home/ubuntu/pi_ws/install/my_package/lib/python3.8/site-packages:${PYTHONPATH} /usr/bin/python3 setup.py egg_info --egg-base ../../../build/my_package build --build-base /home/ubuntu/pi_ws/build/my_package/build install --record /home/ubuntu/pi_ws/build/my_package/install.log --install-scripts $base/lib/my_package --single-version-externally-managed
