[5.585s] Invoking command in '/home/ubuntu/pi_ws/src/ros2_detection/my_package': PYTHONPATH=/home/ubuntu/pi_ws/build/my_package/prefix_override:/home/ubuntu/pi_ws/install/my_package/lib/python3.8/site-packages:${PYTHONPATH} /usr/bin/python3 setup.py egg_info --egg-base ../../../build/my_package build --build-base /home/ubuntu/pi_ws/build/my_package/build install --record /home/ubuntu/pi_ws/build/my_package/install.log --install-scripts $base/lib/my_package --single-version-externally-managed
[6.457s] running egg_info
[6.459s] writing ../../../build/my_package/my_package.egg-info/PKG-INFO
[6.460s] writing dependency_links to ../../../build/my_package/my_package.egg-info/dependency_links.txt
[6.461s] writing entry points to ../../../build/my_package/my_package.egg-info/entry_points.txt
[6.462s] writing requirements to ../../../build/my_package/my_package.egg-info/requires.txt
[6.462s] writing top-level names to ../../../build/my_package/my_package.egg-info/top_level.txt
[6.590s] reading manifest file '../../../build/my_package/my_package.egg-info/SOURCES.txt'
[6.594s] writing manifest file '../../../build/my_package/my_package.egg-info/SOURCES.txt'
[6.594s] running build
[6.595s] running build_py
[6.596s] copying my_package/controller.py -> /home/ubuntu/pi_ws/build/my_package/build/lib/my_package
[6.598s] running install
[6.601s] running install_lib
[6.605s] copying /home/ubuntu/pi_ws/build/my_package/build/lib/my_package/controller.py -> /home/ubuntu/pi_ws/install/my_package/lib/python3.8/site-packages/my_package
[6.608s] byte-compiling /home/ubuntu/pi_ws/install/my_package/lib/python3.8/site-packages/my_package/controller.py to controller.cpython-38.pyc
[6.617s] running install_data
[6.620s] copying my_package/controller.py -> /home/ubuntu/pi_ws/install/my_package/lib/my_package
[6.621s] running install_egg_info
[6.627s] removing '/home/ubuntu/pi_ws/install/my_package/lib/python3.8/site-packages/my_package-0.0.0-py3.8.egg-info' (and everything under it)
[6.628s] Copying ../../../build/my_package/my_package.egg-info to /home/ubuntu/pi_ws/install/my_package/lib/python3.8/site-packages/my_package-0.0.0-py3.8.egg-info
[6.634s] running install_scripts
[6.695s] Installing controller script to /home/ubuntu/pi_ws/install/my_package/lib/my_package
[6.696s] Installing detection script to /home/ubuntu/pi_ws/install/my_package/lib/my_package
[6.697s] Installing display script to /home/ubuntu/pi_ws/install/my_package/lib/my_package
[6.698s] writing list of installed files to '/home/ubuntu/pi_ws/build/my_package/install.log'
[6.793s] Invoked command in '/home/ubuntu/pi_ws/src/ros2_detection/my_package' returned '0': PYTHONPATH=/home/ubuntu/pi_ws/build/my_package/prefix_override:/home/ubuntu/pi_ws/install/my_package/lib/python3.8/site-packages:${PYTHONPATH} /usr/bin/python3 setup.py egg_info --egg-base ../../../build/my_package build --build-base /home/ubuntu/pi_ws/build/my_package/build install --record /home/ubuntu/pi_ws/build/my_package/install.log --install-scripts $base/lib/my_package --single-version-externally-managed
