[5.169s] Invoking command in '/home/ubuntu/pi_ws/src/ros2_detection/my_package': PYTHONPATH=/home/ubuntu/pi_ws/build/my_package/prefix_override:/home/ubuntu/pi_ws/install/my_package/lib/python3.8/site-packages:${PYTHONPATH} /usr/bin/python3 setup.py egg_info --egg-base ../../../build/my_package build --build-base /home/ubuntu/pi_ws/build/my_package/build install --record /home/ubuntu/pi_ws/build/my_package/install.log --install-scripts $base/lib/my_package --single-version-externally-managed
[6.396s] running egg_info
[6.398s] writing ../../../build/my_package/my_package.egg-info/PKG-INFO
[6.401s] writing dependency_links to ../../../build/my_package/my_package.egg-info/dependency_links.txt
[6.402s] writing entry points to ../../../build/my_package/my_package.egg-info/entry_points.txt
[6.402s] writing requirements to ../../../build/my_package/my_package.egg-info/requires.txt
[6.403s] writing top-level names to ../../../build/my_package/my_package.egg-info/top_level.txt
[6.544s] reading manifest file '../../../build/my_package/my_package.egg-info/SOURCES.txt'
[6.550s] writing manifest file '../../../build/my_package/my_package.egg-info/SOURCES.txt'
[6.552s] running build
[6.555s] running build_py
[6.558s] copying my_package/controller.py -> /home/ubuntu/pi_ws/build/my_package/build/lib/my_package
[6.559s] running install
[6.560s] running install_lib
[6.562s] copying /home/ubuntu/pi_ws/build/my_package/build/lib/my_package/controller.py -> /home/ubuntu/pi_ws/install/my_package/lib/python3.8/site-packages/my_package
[6.567s] byte-compiling /home/ubuntu/pi_ws/install/my_package/lib/python3.8/site-packages/my_package/controller.py to controller.cpython-38.pyc
[6.577s] running install_data
[6.580s] copying my_package/controller.py -> /home/ubuntu/pi_ws/install/my_package/lib/my_package
[6.584s] running install_egg_info
[6.587s] removing '/home/ubuntu/pi_ws/install/my_package/lib/python3.8/site-packages/my_package-0.0.0-py3.8.egg-info' (and everything under it)
[6.592s] Copying ../../../build/my_package/my_package.egg-info to /home/ubuntu/pi_ws/install/my_package/lib/python3.8/site-packages/my_package-0.0.0-py3.8.egg-info
[6.597s] running install_scripts
[6.667s] Installing controller script to /home/ubuntu/pi_ws/install/my_package/lib/my_package
[6.668s] Installing detection script to /home/ubuntu/pi_ws/install/my_package/lib/my_package
[6.668s] Installing display script to /home/ubuntu/pi_ws/install/my_package/lib/my_package
[6.670s] writing list of installed files to '/home/ubuntu/pi_ws/build/my_package/install.log'
[9.911s] Invoked command in '/home/ubuntu/pi_ws/src/ros2_detection/my_package' returned '0': PYTHONPATH=/home/ubuntu/pi_ws/build/my_package/prefix_override:/home/ubuntu/pi_ws/install/my_package/lib/python3.8/site-packages:${PYTHONPATH} /usr/bin/python3 setup.py egg_info --egg-base ../../../build/my_package build --build-base /home/ubuntu/pi_ws/build/my_package/build install --record /home/ubuntu/pi_ws/build/my_package/install.log --install-scripts $base/lib/my_package --single-version-externally-managed
