[0.528s] Invoking command in '/home/ubuntu/pi_ws/build/imu_sensor_broadcaster': CMAKE_PREFIX_PATH=/opt/ros/foxy /usr/bin/cmake --build /home/ubuntu/pi_ws/build/imu_sensor_broadcaster -- -j4 -l4
[1.224s] [ 18%] Built target gmock_main
[1.406s] [ 45%] Built target gmock
[1.411s] [ 54%] [32mBuilding CXX object CMakeFiles/imu_sensor_broadcaster.dir/src/imu_sensor_broadcaster.cpp.o[0m
[1.493s] [35m[1mScanning dependencies of target test_load_imu_sensor_broadcaster[0m
[2.594s] [ 63%] [32mBuilding CXX object CMakeFiles/test_load_imu_sensor_broadcaster.dir/test/test_load_imu_sensor_broadcaster.cpp.o[0m
[20.810s] In file included from [01m[K/home/ubuntu/pi_ws/src/ros2_controllers/imu_sensor_broadcaster/src/imu_sensor_broadcaster.cpp:19[m[K:
[20.811s] [01m[K/home/ubuntu/pi_ws/src/ros2_controllers/imu_sensor_broadcaster/include/imu_sensor_broadcaster/imu_sensor_broadcaster.hpp:47:48:[m[K [01;31m[Kerror: [m[K‘[01m[Krclcpp_lifecycle::node_interfaces::LifecycleNodeInterface::CallbackReturn imu_sensor_broadcaster::IMUSensorBroadcaster::on_init()[m[K’ marked ‘[01m[Koverride[m[K’, but does not override
[20.812s]    47 |   IMU_SENSOR_BROADCASTER_PUBLIC CallbackReturn [01;31m[Kon_init[m[K() override;
[20.812s]       |                                                [01;31m[K^~~~~~~[m[K
[20.813s] [01m[K/home/ubuntu/pi_ws/src/ros2_controllers/imu_sensor_broadcaster/include/imu_sensor_broadcaster/imu_sensor_broadcaster.hpp:59:37:[m[K [01;31m[Kerror: [m[K‘[01m[Kcontroller_interface::return_type imu_sensor_broadcaster::IMUSensorBroadcaster::update(const rclcpp::Time&, const rclcpp::Duration&)[m[K’ marked ‘[01m[Koverride[m[K’, but does not override
[20.814s]    59 |   controller_interface::return_type [01;31m[Kupdate[m[K(
[20.815s]       |                                     [01;31m[K^~~~~~[m[K
[30.233s] In file included from [01m[K/opt/ros/foxy/include/class_loader/class_loader_core.hpp:57[m[K,
[30.237s]                  from [01m[K/opt/ros/foxy/include/class_loader/class_loader.hpp:55[m[K,
[30.239s]                  from [01m[K/opt/ros/foxy/include/pluginlib/class_list_macros.hpp:40[m[K,
[30.240s]                  from [01m[K/home/ubuntu/pi_ws/src/ros2_controllers/imu_sensor_broadcaster/src/imu_sensor_broadcaster.cpp:130[m[K:
[30.241s] /opt/ros/foxy/include/class_loader/meta_object.hpp: In instantiation of ‘[01m[KB* class_loader::impl::MetaObject<C, B>::create() const [with C = imu_sensor_broadcaster::IMUSensorBroadcaster; B = controller_interface::ControllerInterface][m[K’:
[30.242s] [01m[K/opt/ros/foxy/include/class_loader/meta_object.hpp:216:7:[m[K   required from here
[30.243s] [01m[K/opt/ros/foxy/include/class_loader/meta_object.hpp:218:12:[m[K [01;31m[Kerror: [m[Kinvalid new-expression of abstract class type ‘[01m[Kimu_sensor_broadcaster::IMUSensorBroadcaster[m[K’
[30.244s]   218 |     return [01;31m[Knew C[m[K;
[30.245s]       |            [01;31m[K^~~~~[m[K
[30.246s] In file included from [01m[K/home/ubuntu/pi_ws/src/ros2_controllers/imu_sensor_broadcaster/src/imu_sensor_broadcaster.cpp:19[m[K:
[30.247s] [01m[K/home/ubuntu/pi_ws/src/ros2_controllers/imu_sensor_broadcaster/include/imu_sensor_broadcaster/imu_sensor_broadcaster.hpp:38:7:[m[K [01;36m[Knote: [m[K  because the following virtual functions are pure within ‘[01m[Kimu_sensor_broadcaster::IMUSensorBroadcaster[m[K’:
[30.264s]    38 | class [01;36m[KIMUSensorBroadcaster[m[K : public controller_interface::ControllerInterface
[30.265s]       |       [01;36m[K^~~~~~~~~~~~~~~~~~~~[m[K
[30.266s] In file included from [01m[K/home/ubuntu/pi_ws/src/ros2_controllers/imu_sensor_broadcaster/include/imu_sensor_broadcaster/imu_sensor_broadcaster.hpp:26[m[K,
[30.267s]                  from [01m[K/home/ubuntu/pi_ws/src/ros2_controllers/imu_sensor_broadcaster/src/imu_sensor_broadcaster.cpp:19[m[K:
[30.268s] [01m[K/opt/ros/foxy/include/controller_interface/controller_interface.hpp:98:23:[m[K [01;36m[Knote: [m[K	‘[01m[Kvirtual controller_interface::return_type controller_interface::ControllerInterface::update()[m[K’
[30.269s]    98 |   virtual return_type [01;36m[Kupdate[m[K() = 0;
[30.269s]       |                       [01;36m[K^~~~~~[m[K
[31.694s] make[2]: *** [CMakeFiles/imu_sensor_broadcaster.dir/build.make:63: CMakeFiles/imu_sensor_broadcaster.dir/src/imu_sensor_broadcaster.cpp.o] Error 1
[31.695s] make[1]: *** [CMakeFiles/Makefile2:182: CMakeFiles/imu_sensor_broadcaster.dir/all] Error 2
[31.696s] make[1]: *** Waiting for unfinished jobs....
[40.133s] [ 72%] [32m[1mLinking CXX executable test_load_imu_sensor_broadcaster[0m
[46.298s] [ 72%] Built target test_load_imu_sensor_broadcaster
[46.304s] make: *** [Makefile:141: all] Error 2
