[2.129s] Invoking command in '/home/ubuntu/pi_ws/build/tank_controller': CMAKE_PREFIX_PATH=${CMAKE_PREFIX_PATH}:/home/ubuntu/pi_ws/install/serial_motor_demo:/home/ubuntu/pi_ws/install/my_package:/opt/ros/foxy /usr/bin/cmake /home/ubuntu/pi_ws/src/tank_controller -DCMAKE_INSTALL_PREFIX=/home/ubuntu/pi_ws/install/tank_controller
[2.864s] -- The C compiler identification is GNU 9.4.0
[3.413s] -- The CXX compiler identification is GNU 9.4.0
[3.501s] -- Check for working C compiler: /usr/bin/cc
[4.334s] -- Check for working C compiler: /usr/bin/cc -- works
[4.340s] -- Detecting C compiler ABI info
[5.202s] -- Detecting C compiler ABI info - done
[5.255s] -- Detecting C compile features
[5.258s] -- Detecting C compile features - done
[5.272s] -- Check for working CXX compiler: /usr/bin/c++
[6.073s] -- Check for working CXX compiler: /usr/bin/c++ -- works
[6.082s] -- Detecting CXX compiler ABI info
[7.814s] -- Detecting CXX compiler ABI info - done
[7.855s] -- Detecting CXX compile features
[7.857s] -- Detecting CXX compile features - done
[8.084s] -- Found ament_cmake: 0.9.12 (/opt/ros/foxy/share/ament_cmake/cmake)
[8.394s] -- Found PythonInterp: /usr/bin/python3 (found suitable version "3.8.10", minimum required is "3") 
[8.396s] -- Using PYTHON_EXECUTABLE: /usr/bin/python3
[11.537s] -- Found rclpy: 1.0.13 (/opt/ros/foxy/share/rclpy/cmake)
[11.560s] -- Found sensor_msgs: 2.0.5 (/opt/ros/foxy/share/sensor_msgs/cmake)
[11.881s] -- Using all available rosidl_typesupport_c: rosidl_typesupport_fastrtps_c;rosidl_typesupport_introspection_c
[11.953s] -- Found rosidl_adapter: 1.3.1 (/opt/ros/foxy/share/rosidl_adapter/cmake)
[12.638s] -- Found OpenSSL: /usr/lib/aarch64-linux-gnu/libcrypto.so (found version "1.1.1f")  
[12.902s] -- Found FastRTPS: /opt/ros/foxy/include  
[13.590s] -- Using all available rosidl_typesupport_cpp: rosidl_typesupport_fastrtps_cpp;rosidl_typesupport_introspection_cpp
[14.536s] -- Found ament_lint_auto: 0.9.8 (/opt/ros/foxy/share/ament_lint_auto/cmake)
[15.182s] -- Added test 'copyright' to check source files copyright and LICENSE
[15.205s] -- Added test 'flake8' to check Python code syntax and style conventions
[15.213s] -- Added test 'lint_cmake' to check CMake code style
[15.219s] -- Added test 'pep257' to check Python code against some of the style conventions in PEP 257
[15.236s] -- Added test 'xmllint' to check XML markup files
[15.261s] -- Configuring done
[15.278s] -- Generating done
[15.287s] -- Build files have been written to: /home/ubuntu/pi_ws/build/tank_controller
[15.342s] Invoked command in '/home/ubuntu/pi_ws/build/tank_controller' returned '0': CMAKE_PREFIX_PATH=${CMAKE_PREFIX_PATH}:/home/ubuntu/pi_ws/install/serial_motor_demo:/home/ubuntu/pi_ws/install/my_package:/opt/ros/foxy /usr/bin/cmake /home/ubuntu/pi_ws/src/tank_controller -DCMAKE_INSTALL_PREFIX=/home/ubuntu/pi_ws/install/tank_controller
[15.345s] Invoking command in '/home/ubuntu/pi_ws/build/tank_controller': CMAKE_PREFIX_PATH=${CMAKE_PREFIX_PATH}:/home/ubuntu/pi_ws/install/serial_motor_demo:/home/ubuntu/pi_ws/install/my_package:/opt/ros/foxy /usr/bin/cmake --build /home/ubuntu/pi_ws/build/tank_controller -- -j4 -l4
[15.615s] Invoked command in '/home/ubuntu/pi_ws/build/tank_controller' returned '0': CMAKE_PREFIX_PATH=${CMAKE_PREFIX_PATH}:/home/ubuntu/pi_ws/install/serial_motor_demo:/home/ubuntu/pi_ws/install/my_package:/opt/ros/foxy /usr/bin/cmake --build /home/ubuntu/pi_ws/build/tank_controller -- -j4 -l4
[15.822s] Invoking command in '/home/ubuntu/pi_ws/build/tank_controller': CMAKE_PREFIX_PATH=${CMAKE_PREFIX_PATH}:/home/ubuntu/pi_ws/install/serial_motor_demo:/home/ubuntu/pi_ws/install/my_package:/opt/ros/foxy /usr/bin/cmake --install /home/ubuntu/pi_ws/build/tank_controller
[15.879s] -- Install configuration: ""
[15.882s] -- Installing: /home/ubuntu/pi_ws/install/tank_controller/lib/tank_controller/start_robot.py
[15.884s] -- Installing: /home/ubuntu/pi_ws/install/tank_controller/lib/tank_controller/motor_control_test.py
[15.885s] -- Installing: /home/ubuntu/pi_ws/install/tank_controller/share/tank_controller/launch
[15.888s] -- Installing: /home/ubuntu/pi_ws/install/tank_controller/share/tank_controller/config
[15.888s] -- Installing: /home/ubuntu/pi_ws/install/tank_controller/share/ament_index/resource_index/package_run_dependencies/tank_controller
[15.889s] -- Installing: /home/ubuntu/pi_ws/install/tank_controller/share/ament_index/resource_index/parent_prefix_path/tank_controller
[15.892s] -- Installing: /home/ubuntu/pi_ws/install/tank_controller/share/tank_controller/environment/ament_prefix_path.sh
[15.895s] -- Installing: /home/ubuntu/pi_ws/install/tank_controller/share/tank_controller/environment/ament_prefix_path.dsv
[15.897s] -- Installing: /home/ubuntu/pi_ws/install/tank_controller/share/tank_controller/environment/path.sh
[15.905s] -- Installing: /home/ubuntu/pi_ws/install/tank_controller/share/tank_controller/environment/path.dsv
[15.908s] -- Installing: /home/ubuntu/pi_ws/install/tank_controller/share/tank_controller/local_setup.bash
[15.910s] -- Installing: /home/ubuntu/pi_ws/install/tank_controller/share/tank_controller/local_setup.sh
[15.914s] -- Installing: /home/ubuntu/pi_ws/install/tank_controller/share/tank_controller/local_setup.zsh
[15.915s] -- Installing: /home/ubuntu/pi_ws/install/tank_controller/share/tank_controller/local_setup.dsv
[15.916s] -- Installing: /home/ubuntu/pi_ws/install/tank_controller/share/tank_controller/package.dsv
[15.917s] -- Installing: /home/ubuntu/pi_ws/install/tank_controller/share/ament_index/resource_index/packages/tank_controller
[15.945s] -- Installing: /home/ubuntu/pi_ws/install/tank_controller/share/tank_controller/cmake/tank_controllerConfig.cmake
[15.947s] -- Installing: /home/ubuntu/pi_ws/install/tank_controller/share/tank_controller/cmake/tank_controllerConfig-version.cmake
[15.948s] -- Installing: /home/ubuntu/pi_ws/install/tank_controller/share/tank_controller/package.xml
[15.949s] Invoked command in '/home/ubuntu/pi_ws/build/tank_controller' returned '0': CMAKE_PREFIX_PATH=${CMAKE_PREFIX_PATH}:/home/ubuntu/pi_ws/install/serial_motor_demo:/home/ubuntu/pi_ws/install/my_package:/opt/ros/foxy /usr/bin/cmake --install /home/ubuntu/pi_ws/build/tank_controller
