[6.955s] DEBUG:colcon:Command line arguments: ['/usr/bin/colcon', 'build']
[6.955s] DEBUG:colcon:Parsed command line arguments: Namespace(allow_overriding=[], ament_cmake_args=None, base_paths=['.'], build_base='build', catkin_cmake_args=None, catkin_skip_building_tests=False, cmake_args=None, cmake_clean_cache=False, cmake_clean_first=False, cmake_force_configure=False, cmake_target=None, cmake_target_skip_unavailable=False, continue_on_error=False, event_handlers=None, executor='parallel', ignore_user_meta=False, install_base='install', log_base=None, log_level=None, main=<bound method BuildVerb.main of <colcon_core.verb.build.BuildVerb object at 0xffffa48ec340>>, merge_install=False, metas=['./colcon.meta'], packages_above=None, packages_above_and_dependencies=None, packages_above_depth=None, packages_end=None, packages_ignore=None, packages_ignore_regex=None, packages_select=None, packages_select_build_failed=False, packages_select_by_dep=None, packages_select_regex=None, packages_select_test_failures=False, packages_skip=None, packages_skip_build_finished=False, packages_skip_by_dep=None, packages_skip_regex=None, packages_skip_test_passed=False, packages_skip_up_to=None, packages_start=None, packages_up_to=None, packages_up_to_regex=None, parallel_workers=4, paths=None, symlink_install=False, test_result_base=None, verb_extension=<colcon_core.verb.build.BuildVerb object at 0xffffa48ec340>, verb_name='build', verb_parser=<colcon_defaults.argument_parser.defaults.DefaultArgumentsDecorator object at 0xffffa43e0fd0>)
[7.294s] Level 1:colcon.colcon_core.package_discovery:discover_packages(colcon_meta) check parameters
[7.295s] Level 1:colcon.colcon_core.package_discovery:discover_packages(recursive) check parameters
[7.295s] Level 1:colcon.colcon_core.package_discovery:discover_packages(ignore) check parameters
[7.295s] Level 1:colcon.colcon_core.package_discovery:discover_packages(path) check parameters
[7.295s] Level 1:colcon.colcon_core.package_discovery:discover_packages(colcon_meta) discover
[7.295s] Level 1:colcon.colcon_core.package_discovery:discover_packages(recursive) discover
[7.295s] INFO:colcon.colcon_core.package_discovery:Crawling recursively for packages in '/home/ubuntu/pi_ws'
[7.296s] Level 1:colcon.colcon_core.package_identification:_identify(.) by extensions ['ignore', 'ignore_ament_install']
[7.296s] Level 1:colcon.colcon_core.package_identification:_identify(.) by extension 'ignore'
[7.296s] Level 1:colcon.colcon_core.package_identification:_identify(.) by extension 'ignore_ament_install'
[7.296s] Level 1:colcon.colcon_core.package_identification:_identify(.) by extensions ['colcon_pkg']
[7.297s] Level 1:colcon.colcon_core.package_identification:_identify(.) by extension 'colcon_pkg'
[7.297s] Level 1:colcon.colcon_core.package_identification:_identify(.) by extensions ['colcon_meta']
[7.297s] Level 1:colcon.colcon_core.package_identification:_identify(.) by extension 'colcon_meta'
[7.297s] Level 1:colcon.colcon_core.package_identification:_identify(.) by extensions ['ros']
[7.297s] Level 1:colcon.colcon_core.package_identification:_identify(.) by extension 'ros'
[7.337s] Level 1:colcon.colcon_core.package_identification:_identify(.) by extensions ['cmake', 'python']
[7.337s] Level 1:colcon.colcon_core.package_identification:_identify(.) by extension 'cmake'
[7.337s] Level 1:colcon.colcon_core.package_identification:_identify(.) by extension 'python'
[7.337s] Level 1:colcon.colcon_core.package_identification:_identify(.) by extensions ['python_setup_py']
[7.338s] Level 1:colcon.colcon_core.package_identification:_identify(.) by extension 'python_setup_py'
[7.338s] Level 1:colcon.colcon_core.package_identification:_identify(build) by extensions ['ignore', 'ignore_ament_install']
[7.339s] Level 1:colcon.colcon_core.package_identification:_identify(build) by extension 'ignore'
[7.339s] Level 1:colcon.colcon_core.package_identification:_identify(build) ignored
[7.339s] Level 1:colcon.colcon_core.package_identification:_identify(install) by extensions ['ignore', 'ignore_ament_install']
[7.340s] Level 1:colcon.colcon_core.package_identification:_identify(install) by extension 'ignore'
[7.340s] Level 1:colcon.colcon_core.package_identification:_identify(install) ignored
[7.340s] Level 1:colcon.colcon_core.package_identification:_identify(log) by extensions ['ignore', 'ignore_ament_install']
[7.341s] Level 1:colcon.colcon_core.package_identification:_identify(log) by extension 'ignore'
[7.341s] Level 1:colcon.colcon_core.package_identification:_identify(log) ignored
[7.341s] Level 1:colcon.colcon_core.package_identification:_identify(src) by extensions ['ignore', 'ignore_ament_install']
[7.341s] Level 1:colcon.colcon_core.package_identification:_identify(src) by extension 'ignore'
[7.341s] Level 1:colcon.colcon_core.package_identification:_identify(src) by extension 'ignore_ament_install'
[7.342s] Level 1:colcon.colcon_core.package_identification:_identify(src) by extensions ['colcon_pkg']
[7.342s] Level 1:colcon.colcon_core.package_identification:_identify(src) by extension 'colcon_pkg'
[7.342s] Level 1:colcon.colcon_core.package_identification:_identify(src) by extensions ['colcon_meta']
[7.342s] Level 1:colcon.colcon_core.package_identification:_identify(src) by extension 'colcon_meta'
[7.342s] Level 1:colcon.colcon_core.package_identification:_identify(src) by extensions ['ros']
[7.342s] Level 1:colcon.colcon_core.package_identification:_identify(src) by extension 'ros'
[7.343s] Level 1:colcon.colcon_core.package_identification:_identify(src) by extensions ['cmake', 'python']
[7.343s] Level 1:colcon.colcon_core.package_identification:_identify(src) by extension 'cmake'
[7.343s] Level 1:colcon.colcon_core.package_identification:_identify(src) by extension 'python'
[7.343s] Level 1:colcon.colcon_core.package_identification:_identify(src) by extensions ['python_setup_py']
[7.343s] Level 1:colcon.colcon_core.package_identification:_identify(src) by extension 'python_setup_py'
[7.344s] Level 1:colcon.colcon_core.package_identification:_identify(src/senior_design1) by extensions ['ignore', 'ignore_ament_install']
[7.344s] Level 1:colcon.colcon_core.package_identification:_identify(src/senior_design1) by extension 'ignore'
[7.344s] Level 1:colcon.colcon_core.package_identification:_identify(src/senior_design1) by extension 'ignore_ament_install'
[7.344s] Level 1:colcon.colcon_core.package_identification:_identify(src/senior_design1) by extensions ['colcon_pkg']
[7.344s] Level 1:colcon.colcon_core.package_identification:_identify(src/senior_design1) by extension 'colcon_pkg'
[7.345s] Level 1:colcon.colcon_core.package_identification:_identify(src/senior_design1) by extensions ['colcon_meta']
[7.345s] Level 1:colcon.colcon_core.package_identification:_identify(src/senior_design1) by extension 'colcon_meta'
[7.345s] Level 1:colcon.colcon_core.package_identification:_identify(src/senior_design1) by extensions ['ros']
[7.345s] Level 1:colcon.colcon_core.package_identification:_identify(src/senior_design1) by extension 'ros'
[7.353s] DEBUG:colcon.colcon_core.package_identification:Package 'src/senior_design1' with type 'ros.ament_cmake' and name 'senior_design1'
[7.354s] Level 1:colcon.colcon_core.package_discovery:discover_packages(recursive) using defaults
[7.354s] Level 1:colcon.colcon_core.package_discovery:discover_packages(ignore) discover
[7.354s] Level 1:colcon.colcon_core.package_discovery:discover_packages(ignore) using defaults
[7.354s] Level 1:colcon.colcon_core.package_discovery:discover_packages(path) discover
[7.354s] Level 1:colcon.colcon_core.package_discovery:discover_packages(path) using defaults
[7.984s] Level 1:colcon.colcon_core.package_discovery:discover_packages(prefix_path) check parameters
[7.984s] Level 1:colcon.colcon_core.package_discovery:discover_packages(prefix_path) discover
[8.219s] DEBUG:colcon.colcon_installed_package_information.package_discovery:Found 171 installed packages in /opt/ros/foxy
[8.224s] Level 1:colcon.colcon_core.package_discovery:discover_packages(prefix_path) using defaults
[8.637s] Level 5:colcon.colcon_core.verb:set package 'senior_design1' build argument 'cmake_args' from command line to 'None'
[8.637s] Level 5:colcon.colcon_core.verb:set package 'senior_design1' build argument 'cmake_target' from command line to 'None'
[8.638s] Level 5:colcon.colcon_core.verb:set package 'senior_design1' build argument 'cmake_target_skip_unavailable' from command line to 'False'
[8.638s] Level 5:colcon.colcon_core.verb:set package 'senior_design1' build argument 'cmake_clean_cache' from command line to 'False'
[8.638s] Level 5:colcon.colcon_core.verb:set package 'senior_design1' build argument 'cmake_clean_first' from command line to 'False'
[8.638s] Level 5:colcon.colcon_core.verb:set package 'senior_design1' build argument 'cmake_force_configure' from command line to 'False'
[8.638s] Level 5:colcon.colcon_core.verb:set package 'senior_design1' build argument 'ament_cmake_args' from command line to 'None'
[8.638s] Level 5:colcon.colcon_core.verb:set package 'senior_design1' build argument 'catkin_cmake_args' from command line to 'None'
[8.638s] Level 5:colcon.colcon_core.verb:set package 'senior_design1' build argument 'catkin_skip_building_tests' from command line to 'False'
[8.638s] DEBUG:colcon.colcon_core.verb:Building package 'senior_design1' with the following arguments: {'ament_cmake_args': None, 'build_base': '/home/ubuntu/pi_ws/build/senior_design1', 'catkin_cmake_args': None, 'catkin_skip_building_tests': False, 'cmake_args': None, 'cmake_clean_cache': False, 'cmake_clean_first': False, 'cmake_force_configure': False, 'cmake_target': None, 'cmake_target_skip_unavailable': False, 'install_base': '/home/ubuntu/pi_ws/install/senior_design1', 'merge_install': False, 'path': '/home/ubuntu/pi_ws/src/senior_design1', 'symlink_install': False, 'test_result_base': None}
[8.751s] INFO:colcon.colcon_core.executor:Executing jobs using 'parallel' executor
[8.867s] DEBUG:colcon.colcon_parallel_executor.executor.parallel:run_until_complete
[8.869s] INFO:colcon.colcon_ros.task.ament_cmake.build:Building ROS package in '/home/ubuntu/pi_ws/src/senior_design1' with build type 'ament_cmake'
[8.869s] INFO:colcon.colcon_cmake.task.cmake.build:Building CMake package in '/home/ubuntu/pi_ws/src/senior_design1'
[8.995s] INFO:colcon.colcon_core.plugin_system:Skipping extension 'colcon_core.shell.bat': Not used on non-Windows systems
[8.996s] INFO:colcon.colcon_core.shell:Skip shell extension 'powershell' for command environment: Not usable outside of PowerShell
[8.997s] DEBUG:colcon.colcon_core.shell:Skip shell extension 'dsv' for command environment
[9.295s] DEBUG:colcon.colcon_core.event_handler.log_command:Invoking command in '/home/ubuntu/pi_ws/build/senior_design1': CMAKE_PREFIX_PATH=/opt/ros/foxy /usr/bin/cmake /home/ubuntu/pi_ws/src/senior_design1 -DCMAKE_INSTALL_PREFIX=/home/ubuntu/pi_ws/install/senior_design1
[12.383s] DEBUG:colcon.colcon_core.event_handler.log_command:Invoked command in '/home/ubuntu/pi_ws/build/senior_design1' returned '0': CMAKE_PREFIX_PATH=/opt/ros/foxy /usr/bin/cmake /home/ubuntu/pi_ws/src/senior_design1 -DCMAKE_INSTALL_PREFIX=/home/ubuntu/pi_ws/install/senior_design1
[12.393s] DEBUG:colcon.colcon_core.event_handler.log_command:Invoking command in '/home/ubuntu/pi_ws/build/senior_design1': CMAKE_PREFIX_PATH=/opt/ros/foxy /usr/bin/cmake --build /home/ubuntu/pi_ws/build/senior_design1 -- -j4 -l4
[12.539s] DEBUG:colcon.colcon_core.event_handler.log_command:Invoked command in '/home/ubuntu/pi_ws/build/senior_design1' returned '0': CMAKE_PREFIX_PATH=/opt/ros/foxy /usr/bin/cmake --build /home/ubuntu/pi_ws/build/senior_design1 -- -j4 -l4
[12.676s] DEBUG:colcon.colcon_core.event_handler.log_command:Invoking command in '/home/ubuntu/pi_ws/build/senior_design1': CMAKE_PREFIX_PATH=/opt/ros/foxy /usr/bin/cmake --install /home/ubuntu/pi_ws/build/senior_design1
[12.754s] Level 1:colcon.colcon_core.environment:create_environment_scripts_only(senior_design1)
[12.755s] DEBUG:colcon.colcon_core.event_handler.log_command:Invoked command in '/home/ubuntu/pi_ws/build/senior_design1' returned '0': CMAKE_PREFIX_PATH=/opt/ros/foxy /usr/bin/cmake --install /home/ubuntu/pi_ws/build/senior_design1
[12.882s] Level 1:colcon.colcon_core.environment:checking '/home/ubuntu/pi_ws/install/senior_design1' for CMake module files
[12.884s] Level 1:colcon.colcon_core.environment:checking '/home/ubuntu/pi_ws/install/senior_design1' for CMake config files
[12.886s] Level 1:colcon.colcon_core.shell:create_environment_hook('senior_design1', 'cmake_prefix_path')
[13.004s] INFO:colcon.colcon_core.shell:Creating environment hook '/home/ubuntu/pi_ws/install/senior_design1/share/senior_design1/hook/cmake_prefix_path.ps1'
[13.007s] INFO:colcon.colcon_core.shell:Creating environment descriptor '/home/ubuntu/pi_ws/install/senior_design1/share/senior_design1/hook/cmake_prefix_path.dsv'
[13.008s] INFO:colcon.colcon_core.shell:Creating environment hook '/home/ubuntu/pi_ws/install/senior_design1/share/senior_design1/hook/cmake_prefix_path.sh'
[13.012s] Level 1:colcon.colcon_core.environment:checking '/home/ubuntu/pi_ws/install/senior_design1/bin'
[13.012s] Level 1:colcon.colcon_core.environment:checking '/home/ubuntu/pi_ws/install/senior_design1/lib/pkgconfig/senior_design1.pc'
[13.013s] Level 1:colcon.colcon_core.environment:checking '/home/ubuntu/pi_ws/install/senior_design1/lib/python3.8/site-packages'
[13.013s] Level 1:colcon.colcon_core.environment:checking '/home/ubuntu/pi_ws/install/senior_design1/bin'
[13.133s] INFO:colcon.colcon_core.shell:Creating package script '/home/ubuntu/pi_ws/install/senior_design1/share/senior_design1/package.ps1'
[13.136s] INFO:colcon.colcon_core.shell:Creating package descriptor '/home/ubuntu/pi_ws/install/senior_design1/share/senior_design1/package.dsv'
[13.138s] INFO:colcon.colcon_core.shell:Creating package script '/home/ubuntu/pi_ws/install/senior_design1/share/senior_design1/package.sh'
[13.140s] INFO:colcon.colcon_core.shell:Creating package script '/home/ubuntu/pi_ws/install/senior_design1/share/senior_design1/package.bash'
[13.143s] INFO:colcon.colcon_core.shell:Creating package script '/home/ubuntu/pi_ws/install/senior_design1/share/senior_design1/package.zsh'
[13.145s] Level 1:colcon.colcon_core.environment:create_file_with_runtime_dependencies(/home/ubuntu/pi_ws/install/senior_design1/share/colcon-core/packages/senior_design1)
[13.352s] Level 1:colcon.colcon_core.environment:create_environment_scripts_only(senior_design1)
[13.469s] Level 1:colcon.colcon_core.environment:checking '/home/ubuntu/pi_ws/install/senior_design1' for CMake module files
[13.472s] Level 1:colcon.colcon_core.environment:checking '/home/ubuntu/pi_ws/install/senior_design1' for CMake config files
[13.473s] Level 1:colcon.colcon_core.shell:create_environment_hook('senior_design1', 'cmake_prefix_path')
[13.591s] INFO:colcon.colcon_core.shell:Creating environment hook '/home/ubuntu/pi_ws/install/senior_design1/share/senior_design1/hook/cmake_prefix_path.ps1'
[13.593s] INFO:colcon.colcon_core.shell:Creating environment descriptor '/home/ubuntu/pi_ws/install/senior_design1/share/senior_design1/hook/cmake_prefix_path.dsv'
[13.595s] INFO:colcon.colcon_core.shell:Creating environment hook '/home/ubuntu/pi_ws/install/senior_design1/share/senior_design1/hook/cmake_prefix_path.sh'
[13.597s] Level 1:colcon.colcon_core.environment:checking '/home/ubuntu/pi_ws/install/senior_design1/bin'
[13.597s] Level 1:colcon.colcon_core.environment:checking '/home/ubuntu/pi_ws/install/senior_design1/lib/pkgconfig/senior_design1.pc'
[13.598s] Level 1:colcon.colcon_core.environment:checking '/home/ubuntu/pi_ws/install/senior_design1/lib/python3.8/site-packages'
[13.599s] Level 1:colcon.colcon_core.environment:checking '/home/ubuntu/pi_ws/install/senior_design1/bin'
[13.716s] INFO:colcon.colcon_core.shell:Creating package script '/home/ubuntu/pi_ws/install/senior_design1/share/senior_design1/package.ps1'
[13.718s] INFO:colcon.colcon_core.shell:Creating package descriptor '/home/ubuntu/pi_ws/install/senior_design1/share/senior_design1/package.dsv'
[13.720s] INFO:colcon.colcon_core.shell:Creating package script '/home/ubuntu/pi_ws/install/senior_design1/share/senior_design1/package.sh'
[13.722s] INFO:colcon.colcon_core.shell:Creating package script '/home/ubuntu/pi_ws/install/senior_design1/share/senior_design1/package.bash'
[13.724s] INFO:colcon.colcon_core.shell:Creating package script '/home/ubuntu/pi_ws/install/senior_design1/share/senior_design1/package.zsh'
[13.726s] Level 1:colcon.colcon_core.environment:create_file_with_runtime_dependencies(/home/ubuntu/pi_ws/install/senior_design1/share/colcon-core/packages/senior_design1)
[13.727s] DEBUG:colcon.colcon_parallel_executor.executor.parallel:closing loop
[13.728s] DEBUG:colcon.colcon_parallel_executor.executor.parallel:loop closed
[13.728s] DEBUG:colcon.colcon_parallel_executor.executor.parallel:run_until_complete finished with '0'
[13.728s] DEBUG:colcon.colcon_core.event_reactor:joining thread
[13.865s] INFO:colcon.colcon_core.plugin_system:Skipping extension 'colcon_notification.desktop_notification.notify_send': Could not find 'notify-send'
[13.866s] INFO:colcon.colcon_core.plugin_system:Skipping extension 'colcon_notification.desktop_notification.terminal_notifier': Not used on non-Darwin systems
[13.866s] INFO:colcon.colcon_core.plugin_system:Skipping extension 'colcon_notification.desktop_notification.win32': Not used on non-Windows systems
[13.866s] INFO:colcon.colcon_notification.desktop_notification:Sending desktop notification using 'notify2'
[13.929s] DEBUG:colcon.colcon_core.event_reactor:joined thread
[14.074s] INFO:colcon.colcon_core.shell:Creating prefix script '/home/ubuntu/pi_ws/install/local_setup.ps1'
[14.077s] INFO:colcon.colcon_core.shell:Creating prefix util module '/home/ubuntu/pi_ws/install/_local_setup_util_ps1.py'
[14.082s] INFO:colcon.colcon_core.shell:Creating prefix chain script '/home/ubuntu/pi_ws/install/setup.ps1'
[14.202s] INFO:colcon.colcon_core.shell:Creating prefix script '/home/ubuntu/pi_ws/install/local_setup.sh'
[14.204s] INFO:colcon.colcon_core.shell:Creating prefix util module '/home/ubuntu/pi_ws/install/_local_setup_util_sh.py'
[14.207s] INFO:colcon.colcon_core.shell:Creating prefix chain script '/home/ubuntu/pi_ws/install/setup.sh'
[14.326s] INFO:colcon.colcon_core.shell:Creating prefix script '/home/ubuntu/pi_ws/install/local_setup.bash'
[14.328s] INFO:colcon.colcon_core.shell:Creating prefix chain script '/home/ubuntu/pi_ws/install/setup.bash'
[14.447s] INFO:colcon.colcon_core.shell:Creating prefix script '/home/ubuntu/pi_ws/install/local_setup.zsh'
[14.449s] INFO:colcon.colcon_core.shell:Creating prefix chain script '/home/ubuntu/pi_ws/install/setup.zsh'
