[3.971s] Invoking command in '/home/ubuntu/pi_ws/src/ros2_detection/my_package': PYTHONPATH=/home/ubuntu/pi_ws/build/my_package/prefix_override:/home/ubuntu/pi_ws/install/my_package/lib/python3.8/site-packages:${PYTHONPATH} /usr/bin/python3 setup.py egg_info --egg-base ../../../build/my_package build --build-base /home/ubuntu/pi_ws/build/my_package/build install --record /home/ubuntu/pi_ws/build/my_package/install.log --install-scripts $base/lib/my_package --single-version-externally-managed
[4.833s] running egg_info
[4.835s] writing ../../../build/my_package/my_package.egg-info/PKG-INFO
[4.836s] writing dependency_links to ../../../build/my_package/my_package.egg-info/dependency_links.txt
[4.837s] writing entry points to ../../../build/my_package/my_package.egg-info/entry_points.txt
[4.838s] writing requirements to ../../../build/my_package/my_package.egg-info/requires.txt
[4.838s] writing top-level names to ../../../build/my_package/my_package.egg-info/top_level.txt
[4.966s] reading manifest file '../../../build/my_package/my_package.egg-info/SOURCES.txt'
[4.970s] writing manifest file '../../../build/my_package/my_package.egg-info/SOURCES.txt'
[4.971s] running build
[4.971s] running build_py
[4.972s] copying my_package/controller.py -> /home/ubuntu/pi_ws/build/my_package/build/lib/my_package
[4.974s] running install
[4.978s] running install_lib
[4.982s] copying /home/ubuntu/pi_ws/build/my_package/build/lib/my_package/controller.py -> /home/ubuntu/pi_ws/install/my_package/lib/python3.8/site-packages/my_package
[4.985s] byte-compiling /home/ubuntu/pi_ws/install/my_package/lib/python3.8/site-packages/my_package/controller.py to controller.cpython-38.pyc
[4.994s] running install_data
[4.997s] copying my_package/controller.py -> /home/ubuntu/pi_ws/install/my_package/lib/my_package
[4.997s] running install_egg_info
[5.003s] removing '/home/ubuntu/pi_ws/install/my_package/lib/python3.8/site-packages/my_package-0.0.0-py3.8.egg-info' (and everything under it)
[5.004s] Copying ../../../build/my_package/my_package.egg-info to /home/ubuntu/pi_ws/install/my_package/lib/python3.8/site-packages/my_package-0.0.0-py3.8.egg-info
[5.010s] running install_scripts
[5.071s] Installing controller script to /home/ubuntu/pi_ws/install/my_package/lib/my_package
[5.072s] Installing detection script to /home/ubuntu/pi_ws/install/my_package/lib/my_package
[5.073s] Installing display script to /home/ubuntu/pi_ws/install/my_package/lib/my_package
[5.075s] writing list of installed files to '/home/ubuntu/pi_ws/build/my_package/install.log'
[5.169s] Invoked command in '/home/ubuntu/pi_ws/src/ros2_detection/my_package' returned '0': PYTHONPATH=/home/ubuntu/pi_ws/build/my_package/prefix_override:/home/ubuntu/pi_ws/install/my_package/lib/python3.8/site-packages:${PYTHONPATH} /usr/bin/python3 setup.py egg_info --egg-base ../../../build/my_package build --build-base /home/ubuntu/pi_ws/build/my_package/build install --record /home/ubuntu/pi_ws/build/my_package/install.log --install-scripts $base/lib/my_package --single-version-externally-managed
