[3.967s] Invoking command in '/home/ubuntu/pi_ws/src/ros2_detection/my_package': PYTHONPATH=/home/ubuntu/pi_ws/build/my_package/prefix_override:/home/ubuntu/pi_ws/install/my_package/lib/python3.8/site-packages:${PYTHONPATH} /usr/bin/python3 setup.py egg_info --egg-base ../../../build/my_package build --build-base /home/ubuntu/pi_ws/build/my_package/build install --record /home/ubuntu/pi_ws/build/my_package/install.log --install-scripts $base/lib/my_package --single-version-externally-managed
[4.823s] running egg_info
[4.834s] writing ../../../build/my_package/my_package.egg-info/PKG-INFO
[4.835s] writing dependency_links to ../../../build/my_package/my_package.egg-info/dependency_links.txt
[4.836s] writing entry points to ../../../build/my_package/my_package.egg-info/entry_points.txt
[4.838s] writing requirements to ../../../build/my_package/my_package.egg-info/requires.txt
[4.838s] writing top-level names to ../../../build/my_package/my_package.egg-info/top_level.txt
[4.970s] reading manifest file '../../../build/my_package/my_package.egg-info/SOURCES.txt'
[4.974s] writing manifest file '../../../build/my_package/my_package.egg-info/SOURCES.txt'
[4.975s] running build
[4.976s] running build_py
[4.976s] copying my_package/controller.py -> /home/ubuntu/pi_ws/build/my_package/build/lib/my_package
[4.979s] running install
[4.982s] running install_lib
[4.987s] copying /home/ubuntu/pi_ws/build/my_package/build/lib/my_package/controller.py -> /home/ubuntu/pi_ws/install/my_package/lib/python3.8/site-packages/my_package
[4.992s] byte-compiling /home/ubuntu/pi_ws/install/my_package/lib/python3.8/site-packages/my_package/controller.py to controller.cpython-38.pyc
[5.001s] running install_data
[5.004s] copying my_package/controller.py -> /home/ubuntu/pi_ws/install/my_package/lib/my_package
[5.004s] running install_egg_info
[5.010s] removing '/home/ubuntu/pi_ws/install/my_package/lib/python3.8/site-packages/my_package-0.0.0-py3.8.egg-info' (and everything under it)
[5.011s] Copying ../../../build/my_package/my_package.egg-info to /home/ubuntu/pi_ws/install/my_package/lib/python3.8/site-packages/my_package-0.0.0-py3.8.egg-info
[5.017s] running install_scripts
[5.081s] Installing controller script to /home/ubuntu/pi_ws/install/my_package/lib/my_package
[5.081s] Installing detection script to /home/ubuntu/pi_ws/install/my_package/lib/my_package
[5.082s] Installing display script to /home/ubuntu/pi_ws/install/my_package/lib/my_package
[5.084s] writing list of installed files to '/home/ubuntu/pi_ws/build/my_package/install.log'
[5.178s] Invoked command in '/home/ubuntu/pi_ws/src/ros2_detection/my_package' returned '0': PYTHONPATH=/home/ubuntu/pi_ws/build/my_package/prefix_override:/home/ubuntu/pi_ws/install/my_package/lib/python3.8/site-packages:${PYTHONPATH} /usr/bin/python3 setup.py egg_info --egg-base ../../../build/my_package build --build-base /home/ubuntu/pi_ws/build/my_package/build install --record /home/ubuntu/pi_ws/build/my_package/install.log --install-scripts $base/lib/my_package --single-version-externally-managed
