[6.719s] Invoking command in '/home/ubuntu/pi_ws/src/ros2_detection/my_package': PYTHONPATH=/home/ubuntu/pi_ws/build/my_package/prefix_override:/home/ubuntu/pi_ws/install/my_package/lib/python3.8/site-packages:${PYTHONPATH} /usr/bin/python3 setup.py egg_info --egg-base ../../../build/my_package build --build-base /home/ubuntu/pi_ws/build/my_package/build install --record /home/ubuntu/pi_ws/build/my_package/install.log --install-scripts $base/lib/my_package --single-version-externally-managed
[7.708s] running egg_info
[7.711s] writing ../../../build/my_package/my_package.egg-info/PKG-INFO
[7.712s] writing dependency_links to ../../../build/my_package/my_package.egg-info/dependency_links.txt
[7.713s] writing entry points to ../../../build/my_package/my_package.egg-info/entry_points.txt
[7.714s] writing requirements to ../../../build/my_package/my_package.egg-info/requires.txt
[7.714s] writing top-level names to ../../../build/my_package/my_package.egg-info/top_level.txt
[7.856s] reading manifest file '../../../build/my_package/my_package.egg-info/SOURCES.txt'
[7.860s] writing manifest file '../../../build/my_package/my_package.egg-info/SOURCES.txt'
[7.860s] running build
[7.861s] running build_py
[7.861s] copying my_package/detection.py -> /home/ubuntu/pi_ws/build/my_package/build/lib/my_package
[7.865s] running install
[7.867s] running install_lib
[7.876s] copying /home/ubuntu/pi_ws/build/my_package/build/lib/my_package/detection.py -> /home/ubuntu/pi_ws/install/my_package/lib/python3.8/site-packages/my_package
[7.878s] byte-compiling /home/ubuntu/pi_ws/install/my_package/lib/python3.8/site-packages/my_package/detection.py to detection.cpython-38.pyc
[7.885s] running install_data
[7.888s] running install_egg_info
[7.893s] removing '/home/ubuntu/pi_ws/install/my_package/lib/python3.8/site-packages/my_package-0.0.0-py3.8.egg-info' (and everything under it)
[7.894s] Copying ../../../build/my_package/my_package.egg-info to /home/ubuntu/pi_ws/install/my_package/lib/python3.8/site-packages/my_package-0.0.0-py3.8.egg-info
[7.904s] running install_scripts
[7.972s] Installing controller script to /home/ubuntu/pi_ws/install/my_package/lib/my_package
[7.972s] Installing detection script to /home/ubuntu/pi_ws/install/my_package/lib/my_package
[7.973s] Installing display script to /home/ubuntu/pi_ws/install/my_package/lib/my_package
[7.974s] writing list of installed files to '/home/ubuntu/pi_ws/build/my_package/install.log'
[10.956s] Invoked command in '/home/ubuntu/pi_ws/src/ros2_detection/my_package' returned '0': PYTHONPATH=/home/ubuntu/pi_ws/build/my_package/prefix_override:/home/ubuntu/pi_ws/install/my_package/lib/python3.8/site-packages:${PYTHONPATH} /usr/bin/python3 setup.py egg_info --egg-base ../../../build/my_package build --build-base /home/ubuntu/pi_ws/build/my_package/build install --record /home/ubuntu/pi_ws/build/my_package/install.log --install-scripts $base/lib/my_package --single-version-externally-managed
