[7.973s] Invoking command in '/home/ubuntu/pi_ws/src/ros2_detection/my_package': PYTHONPATH=/home/ubuntu/pi_ws/build/my_package/prefix_override:/home/ubuntu/pi_ws/install/my_package/lib/python3.8/site-packages:${PYTHONPATH} /usr/bin/python3 setup.py egg_info --egg-base ../../../build/my_package build --build-base /home/ubuntu/pi_ws/build/my_package/build install --record /home/ubuntu/pi_ws/build/my_package/install.log --install-scripts $base/lib/my_package --single-version-externally-managed
[9.134s] running egg_info
[9.135s] writing ../../../build/my_package/my_package.egg-info/PKG-INFO
[9.136s] writing dependency_links to ../../../build/my_package/my_package.egg-info/dependency_links.txt
[9.137s] writing entry points to ../../../build/my_package/my_package.egg-info/entry_points.txt
[9.137s] writing requirements to ../../../build/my_package/my_package.egg-info/requires.txt
[9.139s] writing top-level names to ../../../build/my_package/my_package.egg-info/top_level.txt
[9.306s] reading manifest file '../../../build/my_package/my_package.egg-info/SOURCES.txt'
[9.322s] writing manifest file '../../../build/my_package/my_package.egg-info/SOURCES.txt'
[9.323s] running build
[9.324s] running build_py
[9.324s] running install
[9.325s] running install_lib
[9.337s] running install_data
[9.341s] running install_egg_info
[9.349s] removing '/home/ubuntu/pi_ws/install/my_package/lib/python3.8/site-packages/my_package-0.0.0-py3.8.egg-info' (and everything under it)
[9.351s] Copying ../../../build/my_package/my_package.egg-info to /home/ubuntu/pi_ws/install/my_package/lib/python3.8/site-packages/my_package-0.0.0-py3.8.egg-info
[9.360s] running install_scripts
[9.439s] Installing controller script to /home/ubuntu/pi_ws/install/my_package/lib/my_package
[9.440s] Installing detection script to /home/ubuntu/pi_ws/install/my_package/lib/my_package
[9.441s] Installing display script to /home/ubuntu/pi_ws/install/my_package/lib/my_package
[9.443s] writing list of installed files to '/home/ubuntu/pi_ws/build/my_package/install.log'
[11.822s] Invoked command in '/home/ubuntu/pi_ws/src/ros2_detection/my_package' returned '0': PYTHONPATH=/home/ubuntu/pi_ws/build/my_package/prefix_override:/home/ubuntu/pi_ws/install/my_package/lib/python3.8/site-packages:${PYTHONPATH} /usr/bin/python3 setup.py egg_info --egg-base ../../../build/my_package build --build-base /home/ubuntu/pi_ws/build/my_package/build install --record /home/ubuntu/pi_ws/build/my_package/install.log --install-scripts $base/lib/my_package --single-version-externally-managed
