[3.649s] Invoking command in '/home/ubuntu/pi_ws/build/tank_controller': CMAKE_PREFIX_PATH=${CMAKE_PREFIX_PATH}:/home/ubuntu/pi_ws/install/serial_motor_demo:/home/ubuntu/pi_ws/install/my_package:/opt/ros/foxy /usr/bin/cmake /home/ubuntu/pi_ws/src/tank_controller -DAMENT_CMAKE_SYMLINK_INSTALL=1 -DCMAKE_INSTALL_PREFIX=/home/ubuntu/pi_ws/install/tank_controller
[3.962s] -- Found ament_cmake: 0.9.12 (/opt/ros/foxy/share/ament_cmake/cmake)
[4.274s] -- Using PYTHON_EXECUTABLE: /usr/bin/python3
[6.587s] -- Override CMake install command with custom implementation using symlinks instead of copying resources
[6.743s] -- Found rclpy: 1.0.13 (/opt/ros/foxy/share/rclpy/cmake)
[6.746s] -- Found sensor_msgs: 2.0.5 (/opt/ros/foxy/share/sensor_msgs/cmake)
[7.177s] -- Using all available rosidl_typesupport_c: rosidl_typesupport_fastrtps_c;rosidl_typesupport_introspection_c
[7.206s] -- Found rosidl_adapter: 1.3.1 (/opt/ros/foxy/share/rosidl_adapter/cmake)
[9.665s] -- Using all available rosidl_typesupport_cpp: rosidl_typesupport_fastrtps_cpp;rosidl_typesupport_introspection_cpp
[11.151s] -- Found ament_lint_auto: 0.9.8 (/opt/ros/foxy/share/ament_lint_auto/cmake)
[11.895s] -- Added test 'copyright' to check source files copyright and LICENSE
[11.939s] -- Added test 'flake8' to check Python code syntax and style conventions
[11.945s] -- Added test 'lint_cmake' to check CMake code style
[11.948s] -- Added test 'pep257' to check Python code against some of the style conventions in PEP 257
[11.961s] -- Added test 'xmllint' to check XML markup files
[11.988s] -- Configuring done
[12.071s] -- Generating done
[12.101s] -- Build files have been written to: /home/ubuntu/pi_ws/build/tank_controller
[12.199s] Invoked command in '/home/ubuntu/pi_ws/build/tank_controller' returned '0': CMAKE_PREFIX_PATH=${CMAKE_PREFIX_PATH}:/home/ubuntu/pi_ws/install/serial_motor_demo:/home/ubuntu/pi_ws/install/my_package:/opt/ros/foxy /usr/bin/cmake /home/ubuntu/pi_ws/src/tank_controller -DAMENT_CMAKE_SYMLINK_INSTALL=1 -DCMAKE_INSTALL_PREFIX=/home/ubuntu/pi_ws/install/tank_controller
[12.209s] Invoking command in '/home/ubuntu/pi_ws/build/tank_controller': CMAKE_PREFIX_PATH=${CMAKE_PREFIX_PATH}:/home/ubuntu/pi_ws/install/serial_motor_demo:/home/ubuntu/pi_ws/install/my_package:/opt/ros/foxy /usr/bin/cmake --build /home/ubuntu/pi_ws/build/tank_controller -- -j4 -l4
[12.848s] Invoked command in '/home/ubuntu/pi_ws/build/tank_controller' returned '0': CMAKE_PREFIX_PATH=${CMAKE_PREFIX_PATH}:/home/ubuntu/pi_ws/install/serial_motor_demo:/home/ubuntu/pi_ws/install/my_package:/opt/ros/foxy /usr/bin/cmake --build /home/ubuntu/pi_ws/build/tank_controller -- -j4 -l4
[13.302s] Invoking command in '/home/ubuntu/pi_ws/build/tank_controller': CMAKE_PREFIX_PATH=${CMAKE_PREFIX_PATH}:/home/ubuntu/pi_ws/install/serial_motor_demo:/home/ubuntu/pi_ws/install/my_package:/opt/ros/foxy /usr/bin/cmake --install /home/ubuntu/pi_ws/build/tank_controller
[13.483s] -- Install configuration: ""
[13.488s] -- Execute custom install script
[13.505s] -- Symlinking: /home/ubuntu/pi_ws/install/tank_controller/lib/tank_controller/start_robot.py
[13.593s] -- Symlinking: /home/ubuntu/pi_ws/install/tank_controller/lib/tank_controller/motor_control_test.py
[13.764s] -- Symlinking: /home/ubuntu/pi_ws/install/tank_controller/share/ament_index/resource_index/package_run_dependencies/tank_controller
[13.963s] -- Symlinking: /home/ubuntu/pi_ws/install/tank_controller/share/ament_index/resource_index/parent_prefix_path/tank_controller
[14.082s] -- Symlinking: /home/ubuntu/pi_ws/install/tank_controller/share/tank_controller/environment/ament_prefix_path.sh
[14.245s] -- Symlinking: /home/ubuntu/pi_ws/install/tank_controller/share/tank_controller/environment/ament_prefix_path.dsv
[14.324s] -- Symlinking: /home/ubuntu/pi_ws/install/tank_controller/share/tank_controller/environment/path.sh
[14.408s] -- Symlinking: /home/ubuntu/pi_ws/install/tank_controller/share/tank_controller/environment/path.dsv
[14.540s] -- Symlinking: /home/ubuntu/pi_ws/install/tank_controller/share/tank_controller/local_setup.bash
[14.664s] -- Symlinking: /home/ubuntu/pi_ws/install/tank_controller/share/tank_controller/local_setup.sh
[14.747s] -- Symlinking: /home/ubuntu/pi_ws/install/tank_controller/share/tank_controller/local_setup.zsh
[14.847s] -- Symlinking: /home/ubuntu/pi_ws/install/tank_controller/share/tank_controller/local_setup.dsv
[14.931s] -- Symlinking: /home/ubuntu/pi_ws/install/tank_controller/share/tank_controller/package.dsv
[15.085s] -- Symlinking: /home/ubuntu/pi_ws/install/tank_controller/share/ament_index/resource_index/packages/tank_controller
[15.214s] -- Symlinking: /home/ubuntu/pi_ws/install/tank_controller/share/tank_controller/cmake/tank_controllerConfig.cmake
[15.336s] -- Symlinking: /home/ubuntu/pi_ws/install/tank_controller/share/tank_controller/cmake/tank_controllerConfig-version.cmake
[15.493s] -- Symlinking: /home/ubuntu/pi_ws/install/tank_controller/share/tank_controller/package.xml
[15.648s] Invoked command in '/home/ubuntu/pi_ws/build/tank_controller' returned '0': CMAKE_PREFIX_PATH=${CMAKE_PREFIX_PATH}:/home/ubuntu/pi_ws/install/serial_motor_demo:/home/ubuntu/pi_ws/install/my_package:/opt/ros/foxy /usr/bin/cmake --install /home/ubuntu/pi_ws/build/tank_controller
