[3.886s] Invoking command in '/home/ubuntu/pi_ws/src/ros2_detection/my_package': PYTHONPATH=/home/ubuntu/pi_ws/build/my_package/prefix_override:/home/ubuntu/pi_ws/install/my_package/lib/python3.8/site-packages:${PYTHONPATH} /usr/bin/python3 setup.py egg_info --egg-base ../../../build/my_package build --build-base /home/ubuntu/pi_ws/build/my_package/build install --record /home/ubuntu/pi_ws/build/my_package/install.log --install-scripts $base/lib/my_package --single-version-externally-managed
[4.730s] running egg_info
[4.732s] writing ../../../build/my_package/my_package.egg-info/PKG-INFO
[4.733s] writing dependency_links to ../../../build/my_package/my_package.egg-info/dependency_links.txt
[4.733s] writing entry points to ../../../build/my_package/my_package.egg-info/entry_points.txt
[4.734s] writing requirements to ../../../build/my_package/my_package.egg-info/requires.txt
[4.735s] writing top-level names to ../../../build/my_package/my_package.egg-info/top_level.txt
[4.864s] reading manifest file '../../../build/my_package/my_package.egg-info/SOURCES.txt'
[4.869s] writing manifest file '../../../build/my_package/my_package.egg-info/SOURCES.txt'
[4.869s] running build
[4.869s] running build_py
[4.870s] copying my_package/controller.py -> /home/ubuntu/pi_ws/build/my_package/build/lib/my_package
[4.872s] running install
[4.875s] running install_lib
[4.879s] copying /home/ubuntu/pi_ws/build/my_package/build/lib/my_package/controller.py -> /home/ubuntu/pi_ws/install/my_package/lib/python3.8/site-packages/my_package
[4.883s] byte-compiling /home/ubuntu/pi_ws/install/my_package/lib/python3.8/site-packages/my_package/controller.py to controller.cpython-38.pyc
[4.891s] running install_data
[4.894s] copying my_package/controller.py -> /home/ubuntu/pi_ws/install/my_package/lib/my_package
[4.895s] running install_egg_info
[4.901s] removing '/home/ubuntu/pi_ws/install/my_package/lib/python3.8/site-packages/my_package-0.0.0-py3.8.egg-info' (and everything under it)
[4.916s] Copying ../../../build/my_package/my_package.egg-info to /home/ubuntu/pi_ws/install/my_package/lib/python3.8/site-packages/my_package-0.0.0-py3.8.egg-info
[4.926s] running install_scripts
[4.988s] Installing controller script to /home/ubuntu/pi_ws/install/my_package/lib/my_package
[4.989s] Installing detection script to /home/ubuntu/pi_ws/install/my_package/lib/my_package
[4.990s] Installing display script to /home/ubuntu/pi_ws/install/my_package/lib/my_package
[4.991s] writing list of installed files to '/home/ubuntu/pi_ws/build/my_package/install.log'
[5.086s] Invoked command in '/home/ubuntu/pi_ws/src/ros2_detection/my_package' returned '0': PYTHONPATH=/home/ubuntu/pi_ws/build/my_package/prefix_override:/home/ubuntu/pi_ws/install/my_package/lib/python3.8/site-packages:${PYTHONPATH} /usr/bin/python3 setup.py egg_info --egg-base ../../../build/my_package build --build-base /home/ubuntu/pi_ws/build/my_package/build install --record /home/ubuntu/pi_ws/build/my_package/install.log --install-scripts $base/lib/my_package --single-version-externally-managed
