[2.407s] Invoking command in '/home/ubuntu/pi_ws/build/tank_controller': CMAKE_PREFIX_PATH=${CMAKE_PREFIX_PATH}:/home/ubuntu/pi_ws/install/serial_motor_demo:/home/ubuntu/pi_ws/install/my_package:/opt/ros/foxy /usr/bin/cmake --build /home/ubuntu/pi_ws/build/tank_controller -- -j4 -l4
[2.652s] Invoked command in '/home/ubuntu/pi_ws/build/tank_controller' returned '0': CMAKE_PREFIX_PATH=${CMAKE_PREFIX_PATH}:/home/ubuntu/pi_ws/install/serial_motor_demo:/home/ubuntu/pi_ws/install/my_package:/opt/ros/foxy /usr/bin/cmake --build /home/ubuntu/pi_ws/build/tank_controller -- -j4 -l4
[2.911s] Invoking command in '/home/ubuntu/pi_ws/build/tank_controller': CMAKE_PREFIX_PATH=${CMAKE_PREFIX_PATH}:/home/ubuntu/pi_ws/install/serial_motor_demo:/home/ubuntu/pi_ws/install/my_package:/opt/ros/foxy /usr/bin/cmake --install /home/ubuntu/pi_ws/build/tank_controller
[2.990s] -- Install configuration: ""
[2.999s] -- Installing: /home/ubuntu/pi_ws/install/tank_controller/lib/tank_controller/start_robot.py
[3.010s] -- Up-to-date: /home/ubuntu/pi_ws/install/tank_controller/lib/tank_controller/motor_control_test.py
[3.020s] -- Up-to-date: /home/ubuntu/pi_ws/install/tank_controller/share/tank_controller/launch
[3.021s] -- Up-to-date: /home/ubuntu/pi_ws/install/tank_controller/share/tank_controller/config
[3.029s] -- Up-to-date: /home/ubuntu/pi_ws/install/tank_controller/share/ament_index/resource_index/package_run_dependencies/tank_controller
[3.031s] -- Up-to-date: /home/ubuntu/pi_ws/install/tank_controller/share/ament_index/resource_index/parent_prefix_path/tank_controller
[3.031s] -- Up-to-date: /home/ubuntu/pi_ws/install/tank_controller/share/tank_controller/environment/ament_prefix_path.sh
[3.032s] -- Up-to-date: /home/ubuntu/pi_ws/install/tank_controller/share/tank_controller/environment/ament_prefix_path.dsv
[3.039s] -- Up-to-date: /home/ubuntu/pi_ws/install/tank_controller/share/tank_controller/environment/path.sh
[3.042s] -- Up-to-date: /home/ubuntu/pi_ws/install/tank_controller/share/tank_controller/environment/path.dsv
[3.044s] -- Up-to-date: /home/ubuntu/pi_ws/install/tank_controller/share/tank_controller/local_setup.bash
[3.048s] -- Up-to-date: /home/ubuntu/pi_ws/install/tank_controller/share/tank_controller/local_setup.sh
[3.051s] -- Up-to-date: /home/ubuntu/pi_ws/install/tank_controller/share/tank_controller/local_setup.zsh
[3.057s] -- Up-to-date: /home/ubuntu/pi_ws/install/tank_controller/share/tank_controller/local_setup.dsv
[3.074s] -- Installing: /home/ubuntu/pi_ws/install/tank_controller/share/tank_controller/package.dsv
[3.075s] -- Up-to-date: /home/ubuntu/pi_ws/install/tank_controller/share/ament_index/resource_index/packages/tank_controller
[3.076s] -- Up-to-date: /home/ubuntu/pi_ws/install/tank_controller/share/tank_controller/cmake/tank_controllerConfig.cmake
[3.077s] -- Up-to-date: /home/ubuntu/pi_ws/install/tank_controller/share/tank_controller/cmake/tank_controllerConfig-version.cmake
[3.078s] -- Up-to-date: /home/ubuntu/pi_ws/install/tank_controller/share/tank_controller/package.xml
[3.080s] Invoked command in '/home/ubuntu/pi_ws/build/tank_controller' returned '0': CMAKE_PREFIX_PATH=${CMAKE_PREFIX_PATH}:/home/ubuntu/pi_ws/install/serial_motor_demo:/home/ubuntu/pi_ws/install/my_package:/opt/ros/foxy /usr/bin/cmake --install /home/ubuntu/pi_ws/build/tank_controller
