[3.746s] Invoking command in '/home/ubuntu/pi_ws/build/senior_design1': CMAKE_PREFIX_PATH=${CMAKE_PREFIX_PATH}:/home/ubuntu/pi_ws/install/serial_motor_demo:/home/ubuntu/pi_ws/install/diffdrive_arduino:/home/ubuntu/pi_ws/install/my_package:/home/ubuntu/pi_ws/install/gazebo_ros2_control_demos:/opt/ros/foxy /usr/bin/cmake --build /home/ubuntu/pi_ws/build/senior_design1 -- -j4 -l4
[6.077s] Invoked command in '/home/ubuntu/pi_ws/build/senior_design1' returned '0': CMAKE_PREFIX_PATH=${CMAKE_PREFIX_PATH}:/home/ubuntu/pi_ws/install/serial_motor_demo:/home/ubuntu/pi_ws/install/diffdrive_arduino:/home/ubuntu/pi_ws/install/my_package:/home/ubuntu/pi_ws/install/gazebo_ros2_control_demos:/opt/ros/foxy /usr/bin/cmake --build /home/ubuntu/pi_ws/build/senior_design1 -- -j4 -l4
[6.256s] Invoking command in '/home/ubuntu/pi_ws/build/senior_design1': CMAKE_PREFIX_PATH=${CMAKE_PREFIX_PATH}:/home/ubuntu/pi_ws/install/serial_motor_demo:/home/ubuntu/pi_ws/install/diffdrive_arduino:/home/ubuntu/pi_ws/install/my_package:/home/ubuntu/pi_ws/install/gazebo_ros2_control_demos:/opt/ros/foxy /usr/bin/cmake --install /home/ubuntu/pi_ws/build/senior_design1
[6.318s] -- Install configuration: ""
[6.324s] -- Execute custom install script
[6.331s] -- Up-to-date symlink: /home/ubuntu/pi_ws/install/senior_design1/share/senior_design1/config/ball_tracker_params_robot.yaml
[6.337s] -- Up-to-date symlink: /home/ubuntu/pi_ws/install/senior_design1/share/senior_design1/config/ball_tracker_params_sim.yaml
[6.341s] -- Up-to-date symlink: /home/ubuntu/pi_ws/install/senior_design1/share/senior_design1/config/drive_bot.rviz
[6.344s] -- Up-to-date symlink: /home/ubuntu/pi_ws/install/senior_design1/share/senior_design1/config/empty.yaml
[6.356s] -- Up-to-date symlink: /home/ubuntu/pi_ws/install/senior_design1/share/senior_design1/config/gaz_ros2_ctl_use_sim.yaml
[6.359s] -- Up-to-date symlink: /home/ubuntu/pi_ws/install/senior_design1/share/senior_design1/config/gazebo_params.yaml
[6.359s] -- Up-to-date symlink: /home/ubuntu/pi_ws/install/senior_design1/share/senior_design1/config/joystick.yaml
[6.360s] -- Up-to-date symlink: /home/ubuntu/pi_ws/install/senior_design1/share/senior_design1/config/main.rviz
[6.385s] -- Up-to-date symlink: /home/ubuntu/pi_ws/install/senior_design1/share/senior_design1/config/map.rviz
[6.398s] -- Up-to-date symlink: /home/ubuntu/pi_ws/install/senior_design1/share/senior_design1/config/mapper_params_online_async.yaml
[6.399s] -- Up-to-date symlink: /home/ubuntu/pi_ws/install/senior_design1/share/senior_design1/config/my_controllers.yaml
[6.400s] -- Up-to-date symlink: /home/ubuntu/pi_ws/install/senior_design1/share/senior_design1/config/nav2_params.yaml
[6.401s] -- Up-to-date symlink: /home/ubuntu/pi_ws/install/senior_design1/share/senior_design1/config/twist_mux.yaml
[6.402s] -- Up-to-date symlink: /home/ubuntu/pi_ws/install/senior_design1/share/senior_design1/config/view_bot.rviz
[6.403s] -- Up-to-date symlink: /home/ubuntu/pi_ws/install/senior_design1/share/senior_design1/description/camera.xacro
[6.403s] -- Up-to-date symlink: /home/ubuntu/pi_ws/install/senior_design1/share/senior_design1/description/depth_camera.xacro
[6.404s] -- Up-to-date symlink: /home/ubuntu/pi_ws/install/senior_design1/share/senior_design1/description/face.xacro
[6.405s] -- Up-to-date symlink: /home/ubuntu/pi_ws/install/senior_design1/share/senior_design1/description/gazebo_control.xacro
[6.405s] -- Up-to-date symlink: /home/ubuntu/pi_ws/install/senior_design1/share/senior_design1/description/inertial_macros.xacro
[6.420s] -- Up-to-date symlink: /home/ubuntu/pi_ws/install/senior_design1/share/senior_design1/description/lidar.xacro
[6.421s] -- Up-to-date symlink: /home/ubuntu/pi_ws/install/senior_design1/share/senior_design1/description/robot.urdf.xacro
[6.421s] -- Up-to-date symlink: /home/ubuntu/pi_ws/install/senior_design1/share/senior_design1/description/robot_core.xacro
[6.422s] -- Up-to-date symlink: /home/ubuntu/pi_ws/install/senior_design1/share/senior_design1/description/ros2_control.xacro
[6.423s] -- Up-to-date symlink: /home/ubuntu/pi_ws/install/senior_design1/share/senior_design1/launch/__pycache__/rplidar.launch.cpython-38.pyc
[6.424s] -- Up-to-date symlink: /home/ubuntu/pi_ws/install/senior_design1/share/senior_design1/launch/ball_tracker.launch.py
[6.424s] -- Up-to-date symlink: /home/ubuntu/pi_ws/install/senior_design1/share/senior_design1/launch/camera.launch.py
[6.425s] -- Up-to-date symlink: /home/ubuntu/pi_ws/install/senior_design1/share/senior_design1/launch/joystick.launch.py
[6.426s] -- Up-to-date symlink: /home/ubuntu/pi_ws/install/senior_design1/share/senior_design1/launch/launch_robot.launch.py
[6.426s] -- Up-to-date symlink: /home/ubuntu/pi_ws/install/senior_design1/share/senior_design1/launch/launch_sim.launch.py
[6.427s] -- Up-to-date symlink: /home/ubuntu/pi_ws/install/senior_design1/share/senior_design1/launch/localization_launch.py
[6.428s] -- Up-to-date symlink: /home/ubuntu/pi_ws/install/senior_design1/share/senior_design1/launch/navigation_launch.py
[6.429s] -- Up-to-date symlink: /home/ubuntu/pi_ws/install/senior_design1/share/senior_design1/launch/obstacle_avoid.launch.py
[6.430s] -- Up-to-date symlink: /home/ubuntu/pi_ws/install/senior_design1/share/senior_design1/launch/online_async_launch.py
[6.431s] -- Up-to-date symlink: /home/ubuntu/pi_ws/install/senior_design1/share/senior_design1/launch/rplidar.launch.py
[6.432s] -- Up-to-date symlink: /home/ubuntu/pi_ws/install/senior_design1/share/senior_design1/launch/rsp.launch.py
[6.433s] -- Up-to-date symlink: /home/ubuntu/pi_ws/install/senior_design1/share/senior_design1/worlds/empty.world
[6.434s] -- Up-to-date symlink: /home/ubuntu/pi_ws/install/senior_design1/share/senior_design1/worlds/obstacles.world
[6.435s] -- Up-to-date symlink: /home/ubuntu/pi_ws/install/senior_design1/share/ament_index/resource_index/package_run_dependencies/senior_design1
[6.435s] -- Up-to-date symlink: /home/ubuntu/pi_ws/install/senior_design1/share/ament_index/resource_index/parent_prefix_path/senior_design1
[6.436s] -- Up-to-date symlink: /home/ubuntu/pi_ws/install/senior_design1/share/senior_design1/environment/ament_prefix_path.sh
[6.437s] -- Up-to-date symlink: /home/ubuntu/pi_ws/install/senior_design1/share/senior_design1/environment/ament_prefix_path.dsv
[6.438s] -- Up-to-date symlink: /home/ubuntu/pi_ws/install/senior_design1/share/senior_design1/environment/path.sh
[6.438s] -- Up-to-date symlink: /home/ubuntu/pi_ws/install/senior_design1/share/senior_design1/environment/path.dsv
[6.439s] -- Up-to-date symlink: /home/ubuntu/pi_ws/install/senior_design1/share/senior_design1/local_setup.bash
[6.440s] -- Up-to-date symlink: /home/ubuntu/pi_ws/install/senior_design1/share/senior_design1/local_setup.sh
[6.441s] -- Up-to-date symlink: /home/ubuntu/pi_ws/install/senior_design1/share/senior_design1/local_setup.zsh
[6.442s] -- Up-to-date symlink: /home/ubuntu/pi_ws/install/senior_design1/share/senior_design1/local_setup.dsv
[6.444s] -- Symlinking: /home/ubuntu/pi_ws/install/senior_design1/share/senior_design1/package.dsv
[6.553s] -- Up-to-date symlink: /home/ubuntu/pi_ws/install/senior_design1/share/ament_index/resource_index/packages/senior_design1
[6.554s] -- Up-to-date symlink: /home/ubuntu/pi_ws/install/senior_design1/share/senior_design1/cmake/senior_design1Config.cmake
[6.555s] -- Up-to-date symlink: /home/ubuntu/pi_ws/install/senior_design1/share/senior_design1/cmake/senior_design1Config-version.cmake
[6.557s] -- Up-to-date symlink: /home/ubuntu/pi_ws/install/senior_design1/share/senior_design1/package.xml
[6.576s] Invoked command in '/home/ubuntu/pi_ws/build/senior_design1' returned '0': CMAKE_PREFIX_PATH=${CMAKE_PREFIX_PATH}:/home/ubuntu/pi_ws/install/serial_motor_demo:/home/ubuntu/pi_ws/install/diffdrive_arduino:/home/ubuntu/pi_ws/install/my_package:/home/ubuntu/pi_ws/install/gazebo_ros2_control_demos:/opt/ros/foxy /usr/bin/cmake --install /home/ubuntu/pi_ws/build/senior_design1
