[9.739s] Invoking command in '/home/ubuntu/pi_ws/src/ros2_detection/my_package': PYTHONPATH=/home/ubuntu/pi_ws/build/my_package/prefix_override:/home/ubuntu/pi_ws/install/my_package/lib/python3.8/site-packages:${PYTHONPATH} /usr/bin/python3 setup.py egg_info --egg-base ../../../build/my_package build --build-base /home/ubuntu/pi_ws/build/my_package/build install --record /home/ubuntu/pi_ws/build/my_package/install.log --install-scripts $base/lib/my_package --single-version-externally-managed
[11.253s] running egg_info
[11.264s] writing ../../../build/my_package/my_package.egg-info/PKG-INFO
[11.267s] writing dependency_links to ../../../build/my_package/my_package.egg-info/dependency_links.txt
[11.269s] writing entry points to ../../../build/my_package/my_package.egg-info/entry_points.txt
[11.270s] writing requirements to ../../../build/my_package/my_package.egg-info/requires.txt
[11.270s] writing top-level names to ../../../build/my_package/my_package.egg-info/top_level.txt
[11.445s] reading manifest file '../../../build/my_package/my_package.egg-info/SOURCES.txt'
[11.450s] writing manifest file '../../../build/my_package/my_package.egg-info/SOURCES.txt'
[11.451s] running build
[11.459s] running build_py
[11.462s] running install
[11.465s] running install_lib
[11.480s] running install_data
[11.481s] running install_egg_info
[11.488s] removing '/home/ubuntu/pi_ws/install/my_package/lib/python3.8/site-packages/my_package-0.0.0-py3.8.egg-info' (and everything under it)
[11.508s] Copying ../../../build/my_package/my_package.egg-info to /home/ubuntu/pi_ws/install/my_package/lib/python3.8/site-packages/my_package-0.0.0-py3.8.egg-info
[11.552s] running install_scripts
[11.683s] Installing controller script to /home/ubuntu/pi_ws/install/my_package/lib/my_package
[11.686s] Installing detection script to /home/ubuntu/pi_ws/install/my_package/lib/my_package
[11.690s] Installing display script to /home/ubuntu/pi_ws/install/my_package/lib/my_package
[11.708s] writing list of installed files to '/home/ubuntu/pi_ws/build/my_package/install.log'
[15.398s] Invoked command in '/home/ubuntu/pi_ws/src/ros2_detection/my_package' returned '0': PYTHONPATH=/home/ubuntu/pi_ws/build/my_package/prefix_override:/home/ubuntu/pi_ws/install/my_package/lib/python3.8/site-packages:${PYTHONPATH} /usr/bin/python3 setup.py egg_info --egg-base ../../../build/my_package build --build-base /home/ubuntu/pi_ws/build/my_package/build install --record /home/ubuntu/pi_ws/build/my_package/install.log --install-scripts $base/lib/my_package --single-version-externally-managed
