[5.004s] Invoking command in '/home/ubuntu/pi_ws/build/senior_design1': CMAKE_PREFIX_PATH=${CMAKE_PREFIX_PATH}:/home/ubuntu/pi_ws/install/my_package:/opt/ros/foxy /usr/bin/cmake --build /home/ubuntu/pi_ws/build/senior_design1 -- -j4 -l4
[9.140s] Invoked command in '/home/ubuntu/pi_ws/build/senior_design1' returned '0': CMAKE_PREFIX_PATH=${CMAKE_PREFIX_PATH}:/home/ubuntu/pi_ws/install/my_package:/opt/ros/foxy /usr/bin/cmake --build /home/ubuntu/pi_ws/build/senior_design1 -- -j4 -l4
[9.298s] Invoking command in '/home/ubuntu/pi_ws/build/senior_design1': CMAKE_PREFIX_PATH=${CMAKE_PREFIX_PATH}:/home/ubuntu/pi_ws/install/my_package:/opt/ros/foxy /usr/bin/cmake --install /home/ubuntu/pi_ws/build/senior_design1
[9.355s] -- Install configuration: ""
[9.357s] -- Up-to-date: /home/ubuntu/pi_ws/install/senior_design1/share/senior_design1/config
[9.359s] -- Up-to-date: /home/ubuntu/pi_ws/install/senior_design1/share/senior_design1/config/view_bot.rviz
[9.361s] -- Up-to-date: /home/ubuntu/pi_ws/install/senior_design1/share/senior_design1/config/my_controllers.yaml
[9.362s] -- Up-to-date: /home/ubuntu/pi_ws/install/senior_design1/share/senior_design1/config/map.rviz
[9.363s] -- Up-to-date: /home/ubuntu/pi_ws/install/senior_design1/share/senior_design1/config/ball_tracker_params_robot.yaml
[9.365s] -- Up-to-date: /home/ubuntu/pi_ws/install/senior_design1/share/senior_design1/config/mapper_params_online_async.yaml
[9.367s] -- Up-to-date: /home/ubuntu/pi_ws/install/senior_design1/share/senior_design1/config/drive_bot.rviz
[9.368s] -- Up-to-date: /home/ubuntu/pi_ws/install/senior_design1/share/senior_design1/config/ball_tracker_params_sim.yaml
[9.370s] -- Up-to-date: /home/ubuntu/pi_ws/install/senior_design1/share/senior_design1/config/main.rviz
[9.376s] -- Up-to-date: /home/ubuntu/pi_ws/install/senior_design1/share/senior_design1/config/nav2_params.yaml
[9.389s] -- Up-to-date: /home/ubuntu/pi_ws/install/senior_design1/share/senior_design1/config/joystick.yaml
[9.391s] -- Up-to-date: /home/ubuntu/pi_ws/install/senior_design1/share/senior_design1/config/gazebo_params.yaml
[9.391s] -- Up-to-date: /home/ubuntu/pi_ws/install/senior_design1/share/senior_design1/config/twist_mux.yaml
[9.392s] -- Up-to-date: /home/ubuntu/pi_ws/install/senior_design1/share/senior_design1/config/gaz_ros2_ctl_use_sim.yaml
[9.392s] -- Up-to-date: /home/ubuntu/pi_ws/install/senior_design1/share/senior_design1/config/empty.yaml
[9.393s] -- Up-to-date: /home/ubuntu/pi_ws/install/senior_design1/share/senior_design1/description
[9.393s] -- Up-to-date: /home/ubuntu/pi_ws/install/senior_design1/share/senior_design1/description/ros2_control.xacro
[9.394s] -- Up-to-date: /home/ubuntu/pi_ws/install/senior_design1/share/senior_design1/description/inertial_macros.xacro
[9.394s] -- Up-to-date: /home/ubuntu/pi_ws/install/senior_design1/share/senior_design1/description/depth_camera.xacro
[9.395s] -- Up-to-date: /home/ubuntu/pi_ws/install/senior_design1/share/senior_design1/description/robot_core.xacro
[9.395s] -- Up-to-date: /home/ubuntu/pi_ws/install/senior_design1/share/senior_design1/description/robot.urdf.xacro
[9.396s] -- Up-to-date: /home/ubuntu/pi_ws/install/senior_design1/share/senior_design1/description/camera.xacro
[9.396s] -- Up-to-date: /home/ubuntu/pi_ws/install/senior_design1/share/senior_design1/description/gazebo_control.xacro
[9.397s] -- Up-to-date: /home/ubuntu/pi_ws/install/senior_design1/share/senior_design1/description/lidar.xacro
[9.399s] -- Up-to-date: /home/ubuntu/pi_ws/install/senior_design1/share/senior_design1/description/face.xacro
[9.400s] -- Up-to-date: /home/ubuntu/pi_ws/install/senior_design1/share/senior_design1/launch
[9.401s] -- Up-to-date: /home/ubuntu/pi_ws/install/senior_design1/share/senior_design1/launch/camera.launch.py
[9.401s] -- Up-to-date: /home/ubuntu/pi_ws/install/senior_design1/share/senior_design1/launch/obstacle_avoid.launch.py
[9.402s] -- Up-to-date: /home/ubuntu/pi_ws/install/senior_design1/share/senior_design1/launch/rplidar.launch.py
[9.403s] -- Up-to-date: /home/ubuntu/pi_ws/install/senior_design1/share/senior_design1/launch/__pycache__
[9.404s] -- Up-to-date: /home/ubuntu/pi_ws/install/senior_design1/share/senior_design1/launch/__pycache__/rplidar.launch.cpython-38.pyc
[9.406s] -- Up-to-date: /home/ubuntu/pi_ws/install/senior_design1/share/senior_design1/launch/launch_robot.launch.py
[9.407s] -- Up-to-date: /home/ubuntu/pi_ws/install/senior_design1/share/senior_design1/launch/localization_launch.py
[9.407s] -- Up-to-date: /home/ubuntu/pi_ws/install/senior_design1/share/senior_design1/launch/online_async_launch.py
[9.408s] -- Up-to-date: /home/ubuntu/pi_ws/install/senior_design1/share/senior_design1/launch/rsp.launch.py
[9.408s] -- Up-to-date: /home/ubuntu/pi_ws/install/senior_design1/share/senior_design1/launch/navigation_launch.py
[9.409s] -- Up-to-date: /home/ubuntu/pi_ws/install/senior_design1/share/senior_design1/launch/joystick.launch.py
[9.409s] -- Up-to-date: /home/ubuntu/pi_ws/install/senior_design1/share/senior_design1/launch/launch_sim.launch.py
[9.410s] -- Up-to-date: /home/ubuntu/pi_ws/install/senior_design1/share/senior_design1/launch/ball_tracker.launch.py
[9.412s] -- Up-to-date: /home/ubuntu/pi_ws/install/senior_design1/share/senior_design1/worlds
[9.413s] -- Up-to-date: /home/ubuntu/pi_ws/install/senior_design1/share/senior_design1/worlds/empty.world
[9.414s] -- Up-to-date: /home/ubuntu/pi_ws/install/senior_design1/share/senior_design1/worlds/obstacles.world
[9.420s] -- Up-to-date: /home/ubuntu/pi_ws/install/senior_design1/share/ament_index/resource_index/package_run_dependencies/senior_design1
[9.434s] -- Up-to-date: /home/ubuntu/pi_ws/install/senior_design1/share/ament_index/resource_index/parent_prefix_path/senior_design1
[9.435s] -- Up-to-date: /home/ubuntu/pi_ws/install/senior_design1/share/senior_design1/environment/ament_prefix_path.sh
[9.435s] -- Up-to-date: /home/ubuntu/pi_ws/install/senior_design1/share/senior_design1/environment/ament_prefix_path.dsv
[9.436s] -- Up-to-date: /home/ubuntu/pi_ws/install/senior_design1/share/senior_design1/environment/path.sh
[9.436s] -- Up-to-date: /home/ubuntu/pi_ws/install/senior_design1/share/senior_design1/environment/path.dsv
[9.437s] -- Up-to-date: /home/ubuntu/pi_ws/install/senior_design1/share/senior_design1/local_setup.bash
[9.437s] -- Up-to-date: /home/ubuntu/pi_ws/install/senior_design1/share/senior_design1/local_setup.sh
[9.437s] -- Up-to-date: /home/ubuntu/pi_ws/install/senior_design1/share/senior_design1/local_setup.zsh
[9.440s] -- Up-to-date: /home/ubuntu/pi_ws/install/senior_design1/share/senior_design1/local_setup.dsv
[9.440s] -- Installing: /home/ubuntu/pi_ws/install/senior_design1/share/senior_design1/package.dsv
[9.442s] -- Up-to-date: /home/ubuntu/pi_ws/install/senior_design1/share/ament_index/resource_index/packages/senior_design1
[9.443s] -- Up-to-date: /home/ubuntu/pi_ws/install/senior_design1/share/senior_design1/cmake/senior_design1Config.cmake
[9.444s] -- Up-to-date: /home/ubuntu/pi_ws/install/senior_design1/share/senior_design1/cmake/senior_design1Config-version.cmake
[9.445s] -- Up-to-date: /home/ubuntu/pi_ws/install/senior_design1/share/senior_design1/package.xml
[9.447s] Invoked command in '/home/ubuntu/pi_ws/build/senior_design1' returned '0': CMAKE_PREFIX_PATH=${CMAKE_PREFIX_PATH}:/home/ubuntu/pi_ws/install/my_package:/opt/ros/foxy /usr/bin/cmake --install /home/ubuntu/pi_ws/build/senior_design1
