[0.680s] Invoking command in '/home/ubuntu/pi_ws/build/tank_controller': CMAKE_PREFIX_PATH=${CMAKE_PREFIX_PATH}:/home/ubuntu/pi_ws/install/serial_motor_demo:/home/ubuntu/pi_ws/install/my_package:/opt/ros/foxy /usr/bin/cmake /home/ubuntu/pi_ws/src/tank_controller -DCMAKE_INSTALL_PREFIX=/home/ubuntu/pi_ws/install/tank_controller
[0.968s] -- Found ament_cmake: 0.9.12 (/opt/ros/foxy/share/ament_cmake/cmake)
[1.104s] -- Using PYTHON_EXECUTABLE: /usr/bin/python3
[1.855s] -- Override CMake install command with custom implementation using symlinks instead of copying resources
[1.984s] -- Found rclpy: 1.0.13 (/opt/ros/foxy/share/rclpy/cmake)
[1.988s] -- Found sensor_msgs: 2.0.5 (/opt/ros/foxy/share/sensor_msgs/cmake)
[2.178s] -- Using all available rosidl_typesupport_c: rosidl_typesupport_fastrtps_c;rosidl_typesupport_introspection_c
[2.203s] -- Found rosidl_adapter: 1.3.1 (/opt/ros/foxy/share/rosidl_adapter/cmake)
[3.309s] -- Using all available rosidl_typesupport_cpp: rosidl_typesupport_fastrtps_cpp;rosidl_typesupport_introspection_cpp
[3.996s] -- Found ament_lint_auto: 0.9.8 (/opt/ros/foxy/share/ament_lint_auto/cmake)
[4.329s] -- Added test 'copyright' to check source files copyright and LICENSE
[4.348s] -- Added test 'flake8' to check Python code syntax and style conventions
[4.351s] -- Added test 'lint_cmake' to check CMake code style
[4.354s] -- Added test 'pep257' to check Python code against some of the style conventions in PEP 257
[4.365s] -- Added test 'xmllint' to check XML markup files
[4.389s] -- Configuring done
[4.421s] -- Generating done
[4.430s] -- Build files have been written to: /home/ubuntu/pi_ws/build/tank_controller
[4.498s] Invoked command in '/home/ubuntu/pi_ws/build/tank_controller' returned '0': CMAKE_PREFIX_PATH=${CMAKE_PREFIX_PATH}:/home/ubuntu/pi_ws/install/serial_motor_demo:/home/ubuntu/pi_ws/install/my_package:/opt/ros/foxy /usr/bin/cmake /home/ubuntu/pi_ws/src/tank_controller -DCMAKE_INSTALL_PREFIX=/home/ubuntu/pi_ws/install/tank_controller
[4.510s] Invoking command in '/home/ubuntu/pi_ws/build/tank_controller': CMAKE_PREFIX_PATH=${CMAKE_PREFIX_PATH}:/home/ubuntu/pi_ws/install/serial_motor_demo:/home/ubuntu/pi_ws/install/my_package:/opt/ros/foxy /usr/bin/cmake --build /home/ubuntu/pi_ws/build/tank_controller -- -j4 -l4
[4.694s] Invoked command in '/home/ubuntu/pi_ws/build/tank_controller' returned '0': CMAKE_PREFIX_PATH=${CMAKE_PREFIX_PATH}:/home/ubuntu/pi_ws/install/serial_motor_demo:/home/ubuntu/pi_ws/install/my_package:/opt/ros/foxy /usr/bin/cmake --build /home/ubuntu/pi_ws/build/tank_controller -- -j4 -l4
[4.864s] Invoking command in '/home/ubuntu/pi_ws/build/tank_controller': CMAKE_PREFIX_PATH=${CMAKE_PREFIX_PATH}:/home/ubuntu/pi_ws/install/serial_motor_demo:/home/ubuntu/pi_ws/install/my_package:/opt/ros/foxy /usr/bin/cmake --install /home/ubuntu/pi_ws/build/tank_controller
[4.902s] -- Install configuration: ""
[4.903s] -- Execute custom install script
[4.904s] -- Up-to-date symlink: /home/ubuntu/pi_ws/install/tank_controller/lib/tank_controller/obstacle_avoidance_node.py
[4.905s] -- Up-to-date symlink: /home/ubuntu/pi_ws/install/tank_controller/lib/tank_controller/motor_control_test.py
[4.909s] -- Up-to-date symlink: /home/ubuntu/pi_ws/install/tank_controller/share/ament_index/resource_index/package_run_dependencies/tank_controller
[4.910s] -- Up-to-date symlink: /home/ubuntu/pi_ws/install/tank_controller/share/ament_index/resource_index/parent_prefix_path/tank_controller
[4.912s] -- Up-to-date symlink: /home/ubuntu/pi_ws/install/tank_controller/share/tank_controller/environment/ament_prefix_path.sh
[4.913s] -- Up-to-date symlink: /home/ubuntu/pi_ws/install/tank_controller/share/tank_controller/environment/ament_prefix_path.dsv
[4.915s] -- Up-to-date symlink: /home/ubuntu/pi_ws/install/tank_controller/share/tank_controller/environment/path.sh
[4.916s] -- Up-to-date symlink: /home/ubuntu/pi_ws/install/tank_controller/share/tank_controller/environment/path.dsv
[4.917s] -- Up-to-date symlink: /home/ubuntu/pi_ws/install/tank_controller/share/tank_controller/local_setup.bash
[4.919s] -- Up-to-date symlink: /home/ubuntu/pi_ws/install/tank_controller/share/tank_controller/local_setup.sh
[4.920s] -- Up-to-date symlink: /home/ubuntu/pi_ws/install/tank_controller/share/tank_controller/local_setup.zsh
[4.921s] -- Up-to-date symlink: /home/ubuntu/pi_ws/install/tank_controller/share/tank_controller/local_setup.dsv
[4.922s] -- Symlinking: /home/ubuntu/pi_ws/install/tank_controller/share/tank_controller/package.dsv
[4.960s] -- Up-to-date symlink: /home/ubuntu/pi_ws/install/tank_controller/share/ament_index/resource_index/packages/tank_controller
[4.961s] -- Up-to-date symlink: /home/ubuntu/pi_ws/install/tank_controller/share/tank_controller/cmake/tank_controllerConfig.cmake
[4.962s] -- Up-to-date symlink: /home/ubuntu/pi_ws/install/tank_controller/share/tank_controller/cmake/tank_controllerConfig-version.cmake
[4.964s] -- Up-to-date symlink: /home/ubuntu/pi_ws/install/tank_controller/share/tank_controller/package.xml
[4.970s] Invoked command in '/home/ubuntu/pi_ws/build/tank_controller' returned '0': CMAKE_PREFIX_PATH=${CMAKE_PREFIX_PATH}:/home/ubuntu/pi_ws/install/serial_motor_demo:/home/ubuntu/pi_ws/install/my_package:/opt/ros/foxy /usr/bin/cmake --install /home/ubuntu/pi_ws/build/tank_controller
