[5.944s] Invoking command in '/home/ubuntu/pi_ws/src/ros2_detection/my_package': PYTHONPATH=/home/ubuntu/pi_ws/build/my_package/prefix_override:/home/ubuntu/pi_ws/install/my_package/lib/python3.8/site-packages:${PYTHONPATH} /usr/bin/python3 setup.py egg_info --egg-base ../../../build/my_package build --build-base /home/ubuntu/pi_ws/build/my_package/build install --record /home/ubuntu/pi_ws/build/my_package/install.log --install-scripts $base/lib/my_package --single-version-externally-managed
[7.391s] running egg_info
[7.397s] writing ../../../build/my_package/my_package.egg-info/PKG-INFO
[7.402s] writing dependency_links to ../../../build/my_package/my_package.egg-info/dependency_links.txt
[7.404s] writing entry points to ../../../build/my_package/my_package.egg-info/entry_points.txt
[7.407s] writing requirements to ../../../build/my_package/my_package.egg-info/requires.txt
[7.413s] writing top-level names to ../../../build/my_package/my_package.egg-info/top_level.txt
[7.573s] reading manifest file '../../../build/my_package/my_package.egg-info/SOURCES.txt'
[7.576s] writing manifest file '../../../build/my_package/my_package.egg-info/SOURCES.txt'
[7.577s] running build
[7.578s] running build_py
[7.578s] running install
[7.586s] running install_lib
[7.593s] running install_data
[7.597s] running install_egg_info
[7.604s] removing '/home/ubuntu/pi_ws/install/my_package/lib/python3.8/site-packages/my_package-0.0.0-py3.8.egg-info' (and everything under it)
[7.605s] Copying ../../../build/my_package/my_package.egg-info to /home/ubuntu/pi_ws/install/my_package/lib/python3.8/site-packages/my_package-0.0.0-py3.8.egg-info
[7.616s] running install_scripts
[7.710s] Installing controller script to /home/ubuntu/pi_ws/install/my_package/lib/my_package
[7.712s] Installing detection script to /home/ubuntu/pi_ws/install/my_package/lib/my_package
[7.714s] Installing display script to /home/ubuntu/pi_ws/install/my_package/lib/my_package
[7.716s] writing list of installed files to '/home/ubuntu/pi_ws/build/my_package/install.log'
[11.252s] Invoked command in '/home/ubuntu/pi_ws/src/ros2_detection/my_package' returned '0': PYTHONPATH=/home/ubuntu/pi_ws/build/my_package/prefix_override:/home/ubuntu/pi_ws/install/my_package/lib/python3.8/site-packages:${PYTHONPATH} /usr/bin/python3 setup.py egg_info --egg-base ../../../build/my_package build --build-base /home/ubuntu/pi_ws/build/my_package/build install --record /home/ubuntu/pi_ws/build/my_package/install.log --install-scripts $base/lib/my_package --single-version-externally-managed
