[1.508s] Invoking command in '/home/ubuntu/pi_ws/src/build/senior_design1': CMAKE_PREFIX_PATH=${CMAKE_PREFIX_PATH}:/home/ubuntu/pi_ws/install/serial_motor_demo:/home/ubuntu/pi_ws/install/diffdrive_arduino:/home/ubuntu/pi_ws/install/my_package:/home/ubuntu/pi_ws/install/gazebo_ros2_control_demos:/opt/ros/foxy /usr/bin/cmake /home/ubuntu/pi_ws/src/senior_design1 -DCMAKE_INSTALL_PREFIX=/home/ubuntu/pi_ws/src/install/senior_design1
[2.130s] -- The C compiler identification is GNU 9.4.0
[2.843s] -- The CXX compiler identification is GNU 9.4.0
[2.876s] -- Check for working C compiler: /usr/bin/cc
[3.901s] -- Check for working C compiler: /usr/bin/cc -- works
[3.909s] -- Detecting C compiler ABI info
[5.329s] -- Detecting C compiler ABI info - done
[5.490s] -- Detecting C compile features
[5.500s] -- Detecting C compile features - done
[5.556s] -- Check for working CXX compiler: /usr/bin/c++
[6.852s] -- Check for working CXX compiler: /usr/bin/c++ -- works
[6.877s] -- Detecting CXX compiler ABI info
[8.326s] -- Detecting CXX compiler ABI info - done
[8.465s] -- Detecting CXX compile features
[8.467s] -- Detecting CXX compile features - done
[8.556s] -- Found ament_cmake: 0.9.12 (/opt/ros/foxy/share/ament_cmake/cmake)
[9.034s] -- Found PythonInterp: /usr/bin/python3 (found suitable version "3.8.10", minimum required is "3") 
[9.035s] -- Using PYTHON_EXECUTABLE: /usr/bin/python3
[13.193s] -- Found ament_lint_auto: 0.9.8 (/opt/ros/foxy/share/ament_lint_auto/cmake)
[15.163s] -- Added test 'copyright' to check source files copyright and LICENSE
[16.201s] -- Added test 'flake8' to check Python code syntax and style conventions
[16.229s] -- Added test 'lint_cmake' to check CMake code style
[16.248s] -- Added test 'pep257' to check Python code against some of the style conventions in PEP 257
[16.368s] -- Added test 'xmllint' to check XML markup files
[16.416s] -- Configuring done
[16.470s] -- Generating done
[16.493s] -- Build files have been written to: /home/ubuntu/pi_ws/src/build/senior_design1
[16.547s] Invoked command in '/home/ubuntu/pi_ws/src/build/senior_design1' returned '0': CMAKE_PREFIX_PATH=${CMAKE_PREFIX_PATH}:/home/ubuntu/pi_ws/install/serial_motor_demo:/home/ubuntu/pi_ws/install/diffdrive_arduino:/home/ubuntu/pi_ws/install/my_package:/home/ubuntu/pi_ws/install/gazebo_ros2_control_demos:/opt/ros/foxy /usr/bin/cmake /home/ubuntu/pi_ws/src/senior_design1 -DCMAKE_INSTALL_PREFIX=/home/ubuntu/pi_ws/src/install/senior_design1
[16.551s] Invoking command in '/home/ubuntu/pi_ws/src/build/senior_design1': CMAKE_PREFIX_PATH=${CMAKE_PREFIX_PATH}:/home/ubuntu/pi_ws/install/serial_motor_demo:/home/ubuntu/pi_ws/install/diffdrive_arduino:/home/ubuntu/pi_ws/install/my_package:/home/ubuntu/pi_ws/install/gazebo_ros2_control_demos:/opt/ros/foxy /usr/bin/cmake --build /home/ubuntu/pi_ws/src/build/senior_design1 -- -j4 -l4
[17.105s] Invoked command in '/home/ubuntu/pi_ws/src/build/senior_design1' returned '0': CMAKE_PREFIX_PATH=${CMAKE_PREFIX_PATH}:/home/ubuntu/pi_ws/install/serial_motor_demo:/home/ubuntu/pi_ws/install/diffdrive_arduino:/home/ubuntu/pi_ws/install/my_package:/home/ubuntu/pi_ws/install/gazebo_ros2_control_demos:/opt/ros/foxy /usr/bin/cmake --build /home/ubuntu/pi_ws/src/build/senior_design1 -- -j4 -l4
[17.965s] Invoking command in '/home/ubuntu/pi_ws/src/build/senior_design1': CMAKE_PREFIX_PATH=${CMAKE_PREFIX_PATH}:/home/ubuntu/pi_ws/install/serial_motor_demo:/home/ubuntu/pi_ws/install/diffdrive_arduino:/home/ubuntu/pi_ws/install/my_package:/home/ubuntu/pi_ws/install/gazebo_ros2_control_demos:/opt/ros/foxy /usr/bin/cmake --install /home/ubuntu/pi_ws/src/build/senior_design1
[18.056s] -- Install configuration: ""
[18.059s] -- Installing: /home/ubuntu/pi_ws/src/install/senior_design1/share/senior_design1/config
[18.064s] -- Installing: /home/ubuntu/pi_ws/src/install/senior_design1/share/senior_design1/config/view_bot.rviz
[18.069s] -- Installing: /home/ubuntu/pi_ws/src/install/senior_design1/share/senior_design1/config/my_controllers.yaml
[18.074s] -- Installing: /home/ubuntu/pi_ws/src/install/senior_design1/share/senior_design1/config/map.rviz
[18.078s] -- Installing: /home/ubuntu/pi_ws/src/install/senior_design1/share/senior_design1/config/ball_tracker_params_robot.yaml
[18.082s] -- Installing: /home/ubuntu/pi_ws/src/install/senior_design1/share/senior_design1/config/mapper_params_online_async.yaml
[18.087s] -- Installing: /home/ubuntu/pi_ws/src/install/senior_design1/share/senior_design1/config/drive_bot.rviz
[18.092s] -- Installing: /home/ubuntu/pi_ws/src/install/senior_design1/share/senior_design1/config/ball_tracker_params_sim.yaml
[18.097s] -- Installing: /home/ubuntu/pi_ws/src/install/senior_design1/share/senior_design1/config/main.rviz
[18.102s] -- Installing: /home/ubuntu/pi_ws/src/install/senior_design1/share/senior_design1/config/nav2_params.yaml
[18.107s] -- Installing: /home/ubuntu/pi_ws/src/install/senior_design1/share/senior_design1/config/joystick.yaml
[18.111s] -- Installing: /home/ubuntu/pi_ws/src/install/senior_design1/share/senior_design1/config/gazebo_params.yaml
[18.116s] -- Installing: /home/ubuntu/pi_ws/src/install/senior_design1/share/senior_design1/config/twist_mux.yaml
[18.120s] -- Installing: /home/ubuntu/pi_ws/src/install/senior_design1/share/senior_design1/config/gaz_ros2_ctl_use_sim.yaml
[18.125s] -- Installing: /home/ubuntu/pi_ws/src/install/senior_design1/share/senior_design1/config/empty.yaml
[18.129s] -- Installing: /home/ubuntu/pi_ws/src/install/senior_design1/share/senior_design1/description
[18.132s] -- Installing: /home/ubuntu/pi_ws/src/install/senior_design1/share/senior_design1/description/ros2_control.xacro
[18.136s] -- Installing: /home/ubuntu/pi_ws/src/install/senior_design1/share/senior_design1/description/inertial_macros.xacro
[18.140s] -- Installing: /home/ubuntu/pi_ws/src/install/senior_design1/share/senior_design1/description/depth_camera.xacro
[18.146s] -- Installing: /home/ubuntu/pi_ws/src/install/senior_design1/share/senior_design1/description/robot_core.xacro
[18.149s] -- Installing: /home/ubuntu/pi_ws/src/install/senior_design1/share/senior_design1/description/robot.urdf.xacro
[18.152s] -- Installing: /home/ubuntu/pi_ws/src/install/senior_design1/share/senior_design1/description/camera.xacro
[18.158s] -- Installing: /home/ubuntu/pi_ws/src/install/senior_design1/share/senior_design1/description/gazebo_control.xacro
[18.161s] -- Installing: /home/ubuntu/pi_ws/src/install/senior_design1/share/senior_design1/description/lidar.xacro
[18.165s] -- Installing: /home/ubuntu/pi_ws/src/install/senior_design1/share/senior_design1/description/face.xacro
[18.168s] -- Installing: /home/ubuntu/pi_ws/src/install/senior_design1/share/senior_design1/launch
[18.173s] -- Installing: /home/ubuntu/pi_ws/src/install/senior_design1/share/senior_design1/launch/camera.launch.py
[18.176s] -- Installing: /home/ubuntu/pi_ws/src/install/senior_design1/share/senior_design1/launch/obstacle_avoid.launch.py
[18.180s] -- Installing: /home/ubuntu/pi_ws/src/install/senior_design1/share/senior_design1/launch/rplidar.launch.py
[18.182s] -- Installing: /home/ubuntu/pi_ws/src/install/senior_design1/share/senior_design1/launch/__pycache__
[18.186s] -- Installing: /home/ubuntu/pi_ws/src/install/senior_design1/share/senior_design1/launch/__pycache__/rplidar.launch.cpython-38.pyc
[18.191s] -- Installing: /home/ubuntu/pi_ws/src/install/senior_design1/share/senior_design1/launch/launch_robot.launch.py
[18.195s] -- Installing: /home/ubuntu/pi_ws/src/install/senior_design1/share/senior_design1/launch/localization_launch.py
[18.200s] -- Installing: /home/ubuntu/pi_ws/src/install/senior_design1/share/senior_design1/launch/online_async_launch.py
[18.204s] -- Installing: /home/ubuntu/pi_ws/src/install/senior_design1/share/senior_design1/launch/rsp.launch.py
[18.210s] -- Installing: /home/ubuntu/pi_ws/src/install/senior_design1/share/senior_design1/launch/navigation_launch.py
[18.212s] -- Installing: /home/ubuntu/pi_ws/src/install/senior_design1/share/senior_design1/launch/joystick.launch.py
[18.217s] -- Installing: /home/ubuntu/pi_ws/src/install/senior_design1/share/senior_design1/launch/launch_sim.launch.py
[18.220s] -- Installing: /home/ubuntu/pi_ws/src/install/senior_design1/share/senior_design1/launch/ball_tracker.launch.py
[18.226s] -- Installing: /home/ubuntu/pi_ws/src/install/senior_design1/share/senior_design1/worlds
[18.228s] -- Installing: /home/ubuntu/pi_ws/src/install/senior_design1/share/senior_design1/worlds/empty.world
[18.234s] -- Installing: /home/ubuntu/pi_ws/src/install/senior_design1/share/senior_design1/worlds/obstacles.world
[18.241s] -- Installing: /home/ubuntu/pi_ws/src/install/senior_design1/share/ament_index/resource_index/package_run_dependencies/senior_design1
[18.246s] -- Installing: /home/ubuntu/pi_ws/src/install/senior_design1/share/ament_index/resource_index/parent_prefix_path/senior_design1
[18.255s] -- Installing: /home/ubuntu/pi_ws/src/install/senior_design1/share/senior_design1/environment/ament_prefix_path.sh
[18.262s] -- Installing: /home/ubuntu/pi_ws/src/install/senior_design1/share/senior_design1/environment/ament_prefix_path.dsv
[18.269s] -- Installing: /home/ubuntu/pi_ws/src/install/senior_design1/share/senior_design1/environment/path.sh
[18.275s] -- Installing: /home/ubuntu/pi_ws/src/install/senior_design1/share/senior_design1/environment/path.dsv
[18.281s] -- Installing: /home/ubuntu/pi_ws/src/install/senior_design1/share/senior_design1/local_setup.bash
[18.287s] -- Installing: /home/ubuntu/pi_ws/src/install/senior_design1/share/senior_design1/local_setup.sh
[18.293s] -- Installing: /home/ubuntu/pi_ws/src/install/senior_design1/share/senior_design1/local_setup.zsh
[18.299s] -- Installing: /home/ubuntu/pi_ws/src/install/senior_design1/share/senior_design1/local_setup.dsv
[18.304s] -- Installing: /home/ubuntu/pi_ws/src/install/senior_design1/share/senior_design1/package.dsv
[18.310s] -- Installing: /home/ubuntu/pi_ws/src/install/senior_design1/share/ament_index/resource_index/packages/senior_design1
[18.314s] -- Installing: /home/ubuntu/pi_ws/src/install/senior_design1/share/senior_design1/cmake/senior_design1Config.cmake
[18.320s] -- Installing: /home/ubuntu/pi_ws/src/install/senior_design1/share/senior_design1/cmake/senior_design1Config-version.cmake
[18.325s] -- Installing: /home/ubuntu/pi_ws/src/install/senior_design1/share/senior_design1/package.xml
[18.365s] Invoked command in '/home/ubuntu/pi_ws/src/build/senior_design1' returned '0': CMAKE_PREFIX_PATH=${CMAKE_PREFIX_PATH}:/home/ubuntu/pi_ws/install/serial_motor_demo:/home/ubuntu/pi_ws/install/diffdrive_arduino:/home/ubuntu/pi_ws/install/my_package:/home/ubuntu/pi_ws/install/gazebo_ros2_control_demos:/opt/ros/foxy /usr/bin/cmake --install /home/ubuntu/pi_ws/src/build/senior_design1
