[1.239s] Invoking command in '/home/ubuntu/pi_ws/build/tank_controller': CMAKE_PREFIX_PATH=${CMAKE_PREFIX_PATH}:/home/ubuntu/pi_ws/install/serial_motor_demo:/home/ubuntu/pi_ws/install/my_package:/opt/ros/foxy /usr/bin/cmake --build /home/ubuntu/pi_ws/build/tank_controller -- -j4 -l4
[1.778s] Invoked command in '/home/ubuntu/pi_ws/build/tank_controller' returned '0': CMAKE_PREFIX_PATH=${CMAKE_PREFIX_PATH}:/home/ubuntu/pi_ws/install/serial_motor_demo:/home/ubuntu/pi_ws/install/my_package:/opt/ros/foxy /usr/bin/cmake --build /home/ubuntu/pi_ws/build/tank_controller -- -j4 -l4
[2.054s] Invoking command in '/home/ubuntu/pi_ws/build/tank_controller': CMAKE_PREFIX_PATH=${CMAKE_PREFIX_PATH}:/home/ubuntu/pi_ws/install/serial_motor_demo:/home/ubuntu/pi_ws/install/my_package:/opt/ros/foxy /usr/bin/cmake --install /home/ubuntu/pi_ws/build/tank_controller
[2.091s] -- Install configuration: ""
[2.092s] -- Execute custom install script
[2.094s] -- Up-to-date symlink: /home/ubuntu/pi_ws/install/tank_controller/lib/tank_controller/obstacle_avoidance_node.py
[2.095s] -- Up-to-date symlink: /home/ubuntu/pi_ws/install/tank_controller/lib/tank_controller/motor_control_test.py
[2.099s] -- Up-to-date symlink: /home/ubuntu/pi_ws/install/tank_controller/share/ament_index/resource_index/package_run_dependencies/tank_controller
[2.100s] -- Up-to-date symlink: /home/ubuntu/pi_ws/install/tank_controller/share/ament_index/resource_index/parent_prefix_path/tank_controller
[2.102s] -- Up-to-date symlink: /home/ubuntu/pi_ws/install/tank_controller/share/tank_controller/environment/ament_prefix_path.sh
[2.103s] -- Up-to-date symlink: /home/ubuntu/pi_ws/install/tank_controller/share/tank_controller/environment/ament_prefix_path.dsv
[2.104s] -- Up-to-date symlink: /home/ubuntu/pi_ws/install/tank_controller/share/tank_controller/environment/path.sh
[2.106s] -- Up-to-date symlink: /home/ubuntu/pi_ws/install/tank_controller/share/tank_controller/environment/path.dsv
[2.107s] -- Up-to-date symlink: /home/ubuntu/pi_ws/install/tank_controller/share/tank_controller/local_setup.bash
[2.108s] -- Up-to-date symlink: /home/ubuntu/pi_ws/install/tank_controller/share/tank_controller/local_setup.sh
[2.110s] -- Up-to-date symlink: /home/ubuntu/pi_ws/install/tank_controller/share/tank_controller/local_setup.zsh
[2.111s] -- Up-to-date symlink: /home/ubuntu/pi_ws/install/tank_controller/share/tank_controller/local_setup.dsv
[2.112s] -- Symlinking: /home/ubuntu/pi_ws/install/tank_controller/share/tank_controller/package.dsv
[2.157s] -- Up-to-date symlink: /home/ubuntu/pi_ws/install/tank_controller/share/ament_index/resource_index/packages/tank_controller
[2.159s] -- Up-to-date symlink: /home/ubuntu/pi_ws/install/tank_controller/share/tank_controller/cmake/tank_controllerConfig.cmake
[2.160s] -- Up-to-date symlink: /home/ubuntu/pi_ws/install/tank_controller/share/tank_controller/cmake/tank_controllerConfig-version.cmake
[2.163s] -- Up-to-date symlink: /home/ubuntu/pi_ws/install/tank_controller/share/tank_controller/package.xml
[2.168s] Invoked command in '/home/ubuntu/pi_ws/build/tank_controller' returned '0': CMAKE_PREFIX_PATH=${CMAKE_PREFIX_PATH}:/home/ubuntu/pi_ws/install/serial_motor_demo:/home/ubuntu/pi_ws/install/my_package:/opt/ros/foxy /usr/bin/cmake --install /home/ubuntu/pi_ws/build/tank_controller
