[11.595s] Invoking command in '/home/ubuntu/pi_ws/src/serial_motor_demo/serial_motor_demo': PYTHONPATH=/home/ubuntu/pi_ws/build/serial_motor_demo/prefix_override:/home/ubuntu/pi_ws/install/serial_motor_demo/lib/python3.8/site-packages:${PYTHONPATH} /usr/bin/python3 setup.py egg_info --egg-base ../../../build/serial_motor_demo build --build-base /home/ubuntu/pi_ws/build/serial_motor_demo/build install --record /home/ubuntu/pi_ws/build/serial_motor_demo/install.log --install-scripts $base/lib/serial_motor_demo --single-version-externally-managed
[12.408s] running egg_info
[12.410s] creating ../../../build/serial_motor_demo/serial_motor_demo.egg-info
[12.411s] writing ../../../build/serial_motor_demo/serial_motor_demo.egg-info/PKG-INFO
[12.412s] writing dependency_links to ../../../build/serial_motor_demo/serial_motor_demo.egg-info/dependency_links.txt
[12.413s] writing entry points to ../../../build/serial_motor_demo/serial_motor_demo.egg-info/entry_points.txt
[12.414s] writing requirements to ../../../build/serial_motor_demo/serial_motor_demo.egg-info/requires.txt
[12.414s] writing top-level names to ../../../build/serial_motor_demo/serial_motor_demo.egg-info/top_level.txt
[12.420s] writing manifest file '../../../build/serial_motor_demo/serial_motor_demo.egg-info/SOURCES.txt'
[12.542s] reading manifest file '../../../build/serial_motor_demo/serial_motor_demo.egg-info/SOURCES.txt'
[12.545s] writing manifest file '../../../build/serial_motor_demo/serial_motor_demo.egg-info/SOURCES.txt'
[12.545s] running build
[12.547s] running build_py
[12.548s] creating /home/ubuntu/pi_ws/build/serial_motor_demo/build
[12.549s] creating /home/ubuntu/pi_ws/build/serial_motor_demo/build/lib
[12.550s] creating /home/ubuntu/pi_ws/build/serial_motor_demo/build/lib/serial_motor_demo
[12.551s] copying serial_motor_demo/gui.py -> /home/ubuntu/pi_ws/build/serial_motor_demo/build/lib/serial_motor_demo
[12.552s] copying serial_motor_demo/driver.py -> /home/ubuntu/pi_ws/build/serial_motor_demo/build/lib/serial_motor_demo
[12.553s] copying serial_motor_demo/__init__.py -> /home/ubuntu/pi_ws/build/serial_motor_demo/build/lib/serial_motor_demo
[12.553s] running install
[12.554s] running install_lib
[12.557s] creating /home/ubuntu/pi_ws/install/serial_motor_demo/lib/python3.8/site-packages/serial_motor_demo
[12.559s] copying /home/ubuntu/pi_ws/build/serial_motor_demo/build/lib/serial_motor_demo/gui.py -> /home/ubuntu/pi_ws/install/serial_motor_demo/lib/python3.8/site-packages/serial_motor_demo
[12.559s] copying /home/ubuntu/pi_ws/build/serial_motor_demo/build/lib/serial_motor_demo/driver.py -> /home/ubuntu/pi_ws/install/serial_motor_demo/lib/python3.8/site-packages/serial_motor_demo
[12.564s] copying /home/ubuntu/pi_ws/build/serial_motor_demo/build/lib/serial_motor_demo/__init__.py -> /home/ubuntu/pi_ws/install/serial_motor_demo/lib/python3.8/site-packages/serial_motor_demo
[12.565s] byte-compiling /home/ubuntu/pi_ws/install/serial_motor_demo/lib/python3.8/site-packages/serial_motor_demo/gui.py to gui.cpython-38.pyc
[12.571s] byte-compiling /home/ubuntu/pi_ws/install/serial_motor_demo/lib/python3.8/site-packages/serial_motor_demo/driver.py to driver.cpython-38.pyc
[12.574s] byte-compiling /home/ubuntu/pi_ws/install/serial_motor_demo/lib/python3.8/site-packages/serial_motor_demo/__init__.py to __init__.cpython-38.pyc
[12.575s] running install_data
[12.577s] creating /home/ubuntu/pi_ws/install/serial_motor_demo/share/ament_index
[12.578s] creating /home/ubuntu/pi_ws/install/serial_motor_demo/share/ament_index/resource_index
[12.579s] creating /home/ubuntu/pi_ws/install/serial_motor_demo/share/ament_index/resource_index/packages
[12.579s] copying resource/serial_motor_demo -> /home/ubuntu/pi_ws/install/serial_motor_demo/share/ament_index/resource_index/packages
[12.580s] copying package.xml -> /home/ubuntu/pi_ws/install/serial_motor_demo/share/serial_motor_demo
[12.580s] running install_egg_info
[12.585s] Copying ../../../build/serial_motor_demo/serial_motor_demo.egg-info to /home/ubuntu/pi_ws/install/serial_motor_demo/lib/python3.8/site-packages/serial_motor_demo-0.0.0-py3.8.egg-info
[12.590s] running install_scripts
[12.650s] Installing driver script to /home/ubuntu/pi_ws/install/serial_motor_demo/lib/serial_motor_demo
[12.651s] Installing gui script to /home/ubuntu/pi_ws/install/serial_motor_demo/lib/serial_motor_demo
[12.657s] writing list of installed files to '/home/ubuntu/pi_ws/build/serial_motor_demo/install.log'
[12.750s] Invoked command in '/home/ubuntu/pi_ws/src/serial_motor_demo/serial_motor_demo' returned '0': PYTHONPATH=/home/ubuntu/pi_ws/build/serial_motor_demo/prefix_override:/home/ubuntu/pi_ws/install/serial_motor_demo/lib/python3.8/site-packages:${PYTHONPATH} /usr/bin/python3 setup.py egg_info --egg-base ../../../build/serial_motor_demo build --build-base /home/ubuntu/pi_ws/build/serial_motor_demo/build install --record /home/ubuntu/pi_ws/build/serial_motor_demo/install.log --install-scripts $base/lib/serial_motor_demo --single-version-externally-managed
