[1.514s] Invoking command in '/home/ubuntu/pi_ws/build/tank_controller': CMAKE_PREFIX_PATH=${CMAKE_PREFIX_PATH}:/home/ubuntu/pi_ws/install/serial_motor_demo:/home/ubuntu/pi_ws/install/my_package:/opt/ros/foxy /usr/bin/cmake --build /home/ubuntu/pi_ws/build/tank_controller -- -j4 -l4
[1.976s] Invoked command in '/home/ubuntu/pi_ws/build/tank_controller' returned '0': CMAKE_PREFIX_PATH=${CMAKE_PREFIX_PATH}:/home/ubuntu/pi_ws/install/serial_motor_demo:/home/ubuntu/pi_ws/install/my_package:/opt/ros/foxy /usr/bin/cmake --build /home/ubuntu/pi_ws/build/tank_controller -- -j4 -l4
[2.146s] Invoking command in '/home/ubuntu/pi_ws/build/tank_controller': CMAKE_PREFIX_PATH=${CMAKE_PREFIX_PATH}:/home/ubuntu/pi_ws/install/serial_motor_demo:/home/ubuntu/pi_ws/install/my_package:/opt/ros/foxy /usr/bin/cmake --install /home/ubuntu/pi_ws/build/tank_controller
[2.185s] -- Install configuration: ""
[2.186s] -- Installing: /home/ubuntu/pi_ws/install/tank_controller/lib/tank_controller/obstacle_avoidance_node.py
[2.187s] -- Up-to-date: /home/ubuntu/pi_ws/install/tank_controller/lib/tank_controller/motor_control_test.py
[2.187s] -- Up-to-date: /home/ubuntu/pi_ws/install/tank_controller/share/tank_controller/launch
[2.187s] -- Up-to-date: /home/ubuntu/pi_ws/install/tank_controller/share/tank_controller/config
[2.188s] -- Up-to-date: /home/ubuntu/pi_ws/install/tank_controller/share/ament_index/resource_index/package_run_dependencies/tank_controller
[2.189s] -- Up-to-date: /home/ubuntu/pi_ws/install/tank_controller/share/ament_index/resource_index/parent_prefix_path/tank_controller
[2.190s] -- Up-to-date: /home/ubuntu/pi_ws/install/tank_controller/share/tank_controller/environment/ament_prefix_path.sh
[2.190s] -- Up-to-date: /home/ubuntu/pi_ws/install/tank_controller/share/tank_controller/environment/ament_prefix_path.dsv
[2.191s] -- Up-to-date: /home/ubuntu/pi_ws/install/tank_controller/share/tank_controller/environment/path.sh
[2.191s] -- Up-to-date: /home/ubuntu/pi_ws/install/tank_controller/share/tank_controller/environment/path.dsv
[2.192s] -- Up-to-date: /home/ubuntu/pi_ws/install/tank_controller/share/tank_controller/local_setup.bash
[2.193s] -- Up-to-date: /home/ubuntu/pi_ws/install/tank_controller/share/tank_controller/local_setup.sh
[2.193s] -- Up-to-date: /home/ubuntu/pi_ws/install/tank_controller/share/tank_controller/local_setup.zsh
[2.194s] -- Up-to-date: /home/ubuntu/pi_ws/install/tank_controller/share/tank_controller/local_setup.dsv
[2.195s] -- Installing: /home/ubuntu/pi_ws/install/tank_controller/share/tank_controller/package.dsv
[2.196s] -- Up-to-date: /home/ubuntu/pi_ws/install/tank_controller/share/ament_index/resource_index/packages/tank_controller
[2.199s] -- Up-to-date: /home/ubuntu/pi_ws/install/tank_controller/share/tank_controller/cmake/tank_controllerConfig.cmake
[2.212s] -- Up-to-date: /home/ubuntu/pi_ws/install/tank_controller/share/tank_controller/cmake/tank_controllerConfig-version.cmake
[2.213s] -- Up-to-date: /home/ubuntu/pi_ws/install/tank_controller/share/tank_controller/package.xml
[2.214s] Invoked command in '/home/ubuntu/pi_ws/build/tank_controller' returned '0': CMAKE_PREFIX_PATH=${CMAKE_PREFIX_PATH}:/home/ubuntu/pi_ws/install/serial_motor_demo:/home/ubuntu/pi_ws/install/my_package:/opt/ros/foxy /usr/bin/cmake --install /home/ubuntu/pi_ws/build/tank_controller
