[8.755s] Invoking command in '/home/ubuntu/pi_ws/src/ros2_detection/my_package': PYTHONPATH=/home/ubuntu/pi_ws/build/my_package/prefix_override:/home/ubuntu/pi_ws/install/my_package/lib/python3.8/site-packages:${PYTHONPATH} /usr/bin/python3 setup.py egg_info --egg-base ../../../build/my_package build --build-base /home/ubuntu/pi_ws/build/my_package/build install --record /home/ubuntu/pi_ws/build/my_package/install.log --install-scripts $base/lib/my_package --single-version-externally-managed
[12.740s] running egg_info
[12.745s] writing ../../../build/my_package/my_package.egg-info/PKG-INFO
[12.747s] writing dependency_links to ../../../build/my_package/my_package.egg-info/dependency_links.txt
[12.749s] writing entry points to ../../../build/my_package/my_package.egg-info/entry_points.txt
[12.752s] writing requirements to ../../../build/my_package/my_package.egg-info/requires.txt
[12.754s] writing top-level names to ../../../build/my_package/my_package.egg-info/top_level.txt
[13.178s] reading manifest file '../../../build/my_package/my_package.egg-info/SOURCES.txt'
[13.206s] writing manifest file '../../../build/my_package/my_package.egg-info/SOURCES.txt'
[13.216s] running build
[13.217s] running build_py
[13.220s] copying my_package/controller.py -> /home/ubuntu/pi_ws/build/my_package/build/lib/my_package
[13.223s] running install
[13.229s] running install_lib
[13.255s] copying /home/ubuntu/pi_ws/build/my_package/build/lib/my_package/controller.py -> /home/ubuntu/pi_ws/install/my_package/lib/python3.8/site-packages/my_package
[13.283s] byte-compiling /home/ubuntu/pi_ws/install/my_package/lib/python3.8/site-packages/my_package/controller.py to controller.cpython-38.pyc
[13.318s] running install_data
[13.347s] copying my_package/controller.py -> /home/ubuntu/pi_ws/install/my_package/lib/my_package
[13.358s] running install_egg_info
[13.401s] removing '/home/ubuntu/pi_ws/install/my_package/lib/python3.8/site-packages/my_package-0.0.0-py3.8.egg-info' (and everything under it)
[13.431s] Copying ../../../build/my_package/my_package.egg-info to /home/ubuntu/pi_ws/install/my_package/lib/python3.8/site-packages/my_package-0.0.0-py3.8.egg-info
[13.521s] running install_scripts
[13.796s] Installing controller script to /home/ubuntu/pi_ws/install/my_package/lib/my_package
[13.798s] Installing detection script to /home/ubuntu/pi_ws/install/my_package/lib/my_package
[13.799s] Installing display script to /home/ubuntu/pi_ws/install/my_package/lib/my_package
[13.803s] writing list of installed files to '/home/ubuntu/pi_ws/build/my_package/install.log'
[13.995s] Invoked command in '/home/ubuntu/pi_ws/src/ros2_detection/my_package' returned '0': PYTHONPATH=/home/ubuntu/pi_ws/build/my_package/prefix_override:/home/ubuntu/pi_ws/install/my_package/lib/python3.8/site-packages:${PYTHONPATH} /usr/bin/python3 setup.py egg_info --egg-base ../../../build/my_package build --build-base /home/ubuntu/pi_ws/build/my_package/build install --record /home/ubuntu/pi_ws/build/my_package/install.log --install-scripts $base/lib/my_package --single-version-externally-managed
