[6.318s] Invoking command in '/home/ubuntu/pi_ws/src/ros2_detection/my_package': PYTHONPATH=/home/ubuntu/pi_ws/build/my_package/prefix_override:/home/ubuntu/pi_ws/install/my_package/lib/python3.8/site-packages:${PYTHONPATH} /usr/bin/python3 setup.py egg_info --egg-base ../../../build/my_package build --build-base /home/ubuntu/pi_ws/build/my_package/build install --record /home/ubuntu/pi_ws/build/my_package/install.log --install-scripts $base/lib/my_package --single-version-externally-managed
[7.332s] running egg_info
[7.332s] writing ../../../build/my_package/my_package.egg-info/PKG-INFO
[7.337s] writing dependency_links to ../../../build/my_package/my_package.egg-info/dependency_links.txt
[7.338s] writing entry points to ../../../build/my_package/my_package.egg-info/entry_points.txt
[7.340s] writing requirements to ../../../build/my_package/my_package.egg-info/requires.txt
[7.340s] writing top-level names to ../../../build/my_package/my_package.egg-info/top_level.txt
[7.480s] reading manifest file '../../../build/my_package/my_package.egg-info/SOURCES.txt'
[7.483s] writing manifest file '../../../build/my_package/my_package.egg-info/SOURCES.txt'
[7.484s] running build
[7.490s] running build_py
[7.492s] running install
[7.494s] running install_lib
[7.498s] running install_data
[7.502s] running install_egg_info
[7.510s] removing '/home/ubuntu/pi_ws/install/my_package/lib/python3.8/site-packages/my_package-0.0.0-py3.8.egg-info' (and everything under it)
[7.512s] Copying ../../../build/my_package/my_package.egg-info to /home/ubuntu/pi_ws/install/my_package/lib/python3.8/site-packages/my_package-0.0.0-py3.8.egg-info
[7.515s] running install_scripts
[7.584s] Installing controller script to /home/ubuntu/pi_ws/install/my_package/lib/my_package
[7.585s] Installing detection script to /home/ubuntu/pi_ws/install/my_package/lib/my_package
[7.586s] Installing display script to /home/ubuntu/pi_ws/install/my_package/lib/my_package
[7.596s] writing list of installed files to '/home/ubuntu/pi_ws/build/my_package/install.log'
[9.573s] Invoked command in '/home/ubuntu/pi_ws/src/ros2_detection/my_package' returned '0': PYTHONPATH=/home/ubuntu/pi_ws/build/my_package/prefix_override:/home/ubuntu/pi_ws/install/my_package/lib/python3.8/site-packages:${PYTHONPATH} /usr/bin/python3 setup.py egg_info --egg-base ../../../build/my_package build --build-base /home/ubuntu/pi_ws/build/my_package/build install --record /home/ubuntu/pi_ws/build/my_package/install.log --install-scripts $base/lib/my_package --single-version-externally-managed
