[2.304s] Invoking command in '/home/ubuntu/pi_ws/build/diffdrive_arduino': CMAKE_PREFIX_PATH=/home/ubuntu/pi_ws/install/serial:/home/ubuntu/pi_ws/install/tank_controller:/home/ubuntu/pi_ws/install/serial_motor_demo_msgs:/home/ubuntu/pi_ws/install/diffdrive_arduino:/home/ubuntu/pi_ws/install/senior_design1:/home/ubuntu/pi_ws/install/gazebo_ros2_control_demos:/home/ubuntu/pi_ws/install/gazebo_ros2_control:/home/ubuntu/pi_ws/install/serial_motor_demo:/home/ubuntu/pi_ws/install/my_package:/opt/ros/foxy /usr/bin/cmake --build /home/ubuntu/pi_ws/build/diffdrive_arduino -- -j4 -l4
[2.982s] [ 57%] Built target diffdrive_arduino
[3.008s] [100%] Built target fake_robot
[3.626s] Invoked command in '/home/ubuntu/pi_ws/build/diffdrive_arduino' returned '0': CMAKE_PREFIX_PATH=/home/ubuntu/pi_ws/install/serial:/home/ubuntu/pi_ws/install/tank_controller:/home/ubuntu/pi_ws/install/serial_motor_demo_msgs:/home/ubuntu/pi_ws/install/diffdrive_arduino:/home/ubuntu/pi_ws/install/senior_design1:/home/ubuntu/pi_ws/install/gazebo_ros2_control_demos:/home/ubuntu/pi_ws/install/gazebo_ros2_control:/home/ubuntu/pi_ws/install/serial_motor_demo:/home/ubuntu/pi_ws/install/my_package:/opt/ros/foxy /usr/bin/cmake --build /home/ubuntu/pi_ws/build/diffdrive_arduino -- -j4 -l4
[6.229s] Invoking command in '/home/ubuntu/pi_ws/build/diffdrive_arduino': CMAKE_PREFIX_PATH=/home/ubuntu/pi_ws/install/serial:/home/ubuntu/pi_ws/install/tank_controller:/home/ubuntu/pi_ws/install/serial_motor_demo_msgs:/home/ubuntu/pi_ws/install/diffdrive_arduino:/home/ubuntu/pi_ws/install/senior_design1:/home/ubuntu/pi_ws/install/gazebo_ros2_control_demos:/home/ubuntu/pi_ws/install/gazebo_ros2_control:/home/ubuntu/pi_ws/install/serial_motor_demo:/home/ubuntu/pi_ws/install/my_package:/opt/ros/foxy /usr/bin/cmake --install /home/ubuntu/pi_ws/build/diffdrive_arduino
[6.314s] -- Install configuration: ""
[6.316s] -- Up-to-date: /home/ubuntu/pi_ws/install/diffdrive_arduino/share/diffdrive_arduino/robot_hardware.xml
[6.317s] -- Up-to-date: /home/ubuntu/pi_ws/install/diffdrive_arduino/share/diffdrive_arduino/fake_robot_hardware.xml
[6.320s] -- Up-to-date: /home/ubuntu/pi_ws/install/diffdrive_arduino/lib/libdiffdrive_arduino.so
[6.323s] -- Up-to-date: /home/ubuntu/pi_ws/install/diffdrive_arduino/lib/libfake_robot.so
[6.336s] -- Up-to-date: /home/ubuntu/pi_ws/install/diffdrive_arduino/share/diffdrive_arduino/controllers
[6.338s] -- Up-to-date: /home/ubuntu/pi_ws/install/diffdrive_arduino/share/diffdrive_arduino/controllers/robot_controller_example.yaml
[6.339s] -- Up-to-date: /home/ubuntu/pi_ws/install/diffdrive_arduino/share/diffdrive_arduino
[6.340s] -- Up-to-date: /home/ubuntu/pi_ws/install/diffdrive_arduino/share/diffdrive_arduino/test_robot.launch.py
[6.344s] -- Up-to-date: /home/ubuntu/pi_ws/install/diffdrive_arduino/share/diffdrive_arduino/fake_robot.launch.py
[6.347s] -- Up-to-date: /home/ubuntu/pi_ws/install/diffdrive_arduino/share/diffdrive_arduino/environment/library_path.sh
[6.349s] -- Up-to-date: /home/ubuntu/pi_ws/install/diffdrive_arduino/share/diffdrive_arduino/environment/library_path.dsv
[6.351s] -- Up-to-date: /home/ubuntu/pi_ws/install/diffdrive_arduino/share/ament_index/resource_index/package_run_dependencies/diffdrive_arduino
[6.356s] -- Up-to-date: /home/ubuntu/pi_ws/install/diffdrive_arduino/share/ament_index/resource_index/parent_prefix_path/diffdrive_arduino
[6.359s] -- Up-to-date: /home/ubuntu/pi_ws/install/diffdrive_arduino/share/diffdrive_arduino/environment/ament_prefix_path.sh
[6.364s] -- Up-to-date: /home/ubuntu/pi_ws/install/diffdrive_arduino/share/diffdrive_arduino/environment/ament_prefix_path.dsv
[6.371s] -- Up-to-date: /home/ubuntu/pi_ws/install/diffdrive_arduino/share/diffdrive_arduino/environment/path.sh
[6.372s] -- Up-to-date: /home/ubuntu/pi_ws/install/diffdrive_arduino/share/diffdrive_arduino/environment/path.dsv
[6.373s] -- Up-to-date: /home/ubuntu/pi_ws/install/diffdrive_arduino/share/diffdrive_arduino/local_setup.bash
[6.385s] -- Up-to-date: /home/ubuntu/pi_ws/install/diffdrive_arduino/share/diffdrive_arduino/local_setup.sh
[6.385s] -- Up-to-date: /home/ubuntu/pi_ws/install/diffdrive_arduino/share/diffdrive_arduino/local_setup.zsh
[6.386s] -- Up-to-date: /home/ubuntu/pi_ws/install/diffdrive_arduino/share/diffdrive_arduino/local_setup.dsv
[6.387s] -- Installing: /home/ubuntu/pi_ws/install/diffdrive_arduino/share/diffdrive_arduino/package.dsv
[6.388s] -- Up-to-date: /home/ubuntu/pi_ws/install/diffdrive_arduino/share/ament_index/resource_index/packages/diffdrive_arduino
[6.389s] -- Up-to-date: /home/ubuntu/pi_ws/install/diffdrive_arduino/share/ament_index/resource_index/hardware_interface__pluginlib__plugin/diffdrive_arduino
[6.390s] -- Up-to-date: /home/ubuntu/pi_ws/install/diffdrive_arduino/share/diffdrive_arduino/cmake/ament_cmake_export_libraries-extras.cmake
[6.391s] -- Up-to-date: /home/ubuntu/pi_ws/install/diffdrive_arduino/share/diffdrive_arduino/cmake/ament_cmake_export_dependencies-extras.cmake
[6.391s] -- Up-to-date: /home/ubuntu/pi_ws/install/diffdrive_arduino/share/diffdrive_arduino/cmake/diffdrive_arduinoConfig.cmake
[6.392s] -- Up-to-date: /home/ubuntu/pi_ws/install/diffdrive_arduino/share/diffdrive_arduino/cmake/diffdrive_arduinoConfig-version.cmake
[6.393s] -- Up-to-date: /home/ubuntu/pi_ws/install/diffdrive_arduino/share/diffdrive_arduino/package.xml
