[1.506s] Invoking command in '/home/ubuntu/pi_ws/build/serial_motor_demo_msgs': CMAKE_PREFIX_PATH=${CMAKE_PREFIX_PATH}:/home/ubuntu/pi_ws/install/serial_motor_demo:/home/ubuntu/pi_ws/install/my_package:/opt/ros/foxy /usr/bin/cmake --build /home/ubuntu/pi_ws/build/serial_motor_demo_msgs -- -j4 -l4
[1.986s] [  2%] Built target serial_motor_demo_msgs__cpp
[2.155s] [ 12%] Built target serial_motor_demo_msgs__rosidl_generator_c
[2.359s] [ 23%] Built target serial_motor_demo_msgs__rosidl_typesupport_introspection_cpp
[2.376s] [ 34%] Built target serial_motor_demo_msgs__rosidl_typesupport_cpp
[2.431s] [ 44%] Built target serial_motor_demo_msgs__rosidl_typesupport_fastrtps_cpp
[2.437s] [ 55%] Built target serial_motor_demo_msgs__rosidl_typesupport_introspection_c
[2.530s] [ 65%] Built target serial_motor_demo_msgs__rosidl_typesupport_c
[2.600s] [ 76%] Built target serial_motor_demo_msgs__rosidl_typesupport_fastrtps_c
[2.701s] [ 76%] Built target serial_motor_demo_msgs
[2.802s] [ 78%] Built target serial_motor_demo_msgs__py
[2.972s] [ 87%] Built target serial_motor_demo_msgs__python
[3.157s] [ 91%] Built target serial_motor_demo_msgs__rosidl_typesupport_introspection_c__pyext
[3.169s] [ 95%] Built target serial_motor_demo_msgs__rosidl_typesupport_fastrtps_c__pyext
[3.182s] [100%] Built target serial_motor_demo_msgs__rosidl_typesupport_c__pyext
[3.754s] Invoked command in '/home/ubuntu/pi_ws/build/serial_motor_demo_msgs' returned '0': CMAKE_PREFIX_PATH=${CMAKE_PREFIX_PATH}:/home/ubuntu/pi_ws/install/serial_motor_demo:/home/ubuntu/pi_ws/install/my_package:/opt/ros/foxy /usr/bin/cmake --build /home/ubuntu/pi_ws/build/serial_motor_demo_msgs -- -j4 -l4
[5.755s] Invoking command in '/home/ubuntu/pi_ws/build/serial_motor_demo_msgs': CMAKE_PREFIX_PATH=${CMAKE_PREFIX_PATH}:/home/ubuntu/pi_ws/install/serial_motor_demo:/home/ubuntu/pi_ws/install/my_package:/opt/ros/foxy /usr/bin/cmake --install /home/ubuntu/pi_ws/build/serial_motor_demo_msgs
[5.803s] -- Install configuration: ""
[5.805s] -- Up-to-date: /home/ubuntu/pi_ws/install/serial_motor_demo_msgs/share/ament_index/resource_index/rosidl_interfaces/serial_motor_demo_msgs
[5.806s] -- Up-to-date: /home/ubuntu/pi_ws/install/serial_motor_demo_msgs/include/serial_motor_demo_msgs
[5.807s] -- Up-to-date: /home/ubuntu/pi_ws/install/serial_motor_demo_msgs/include/serial_motor_demo_msgs/msg
[5.807s] -- Up-to-date: /home/ubuntu/pi_ws/install/serial_motor_demo_msgs/include/serial_motor_demo_msgs/msg/motor_vels.h
[5.809s] -- Up-to-date: /home/ubuntu/pi_ws/install/serial_motor_demo_msgs/include/serial_motor_demo_msgs/msg/detail
[5.812s] -- Up-to-date: /home/ubuntu/pi_ws/install/serial_motor_demo_msgs/include/serial_motor_demo_msgs/msg/detail/motor_command__struct.h
[5.812s] -- Up-to-date: /home/ubuntu/pi_ws/install/serial_motor_demo_msgs/include/serial_motor_demo_msgs/msg/detail/encoder_vals__type_support.h
[5.813s] -- Up-to-date: /home/ubuntu/pi_ws/install/serial_motor_demo_msgs/include/serial_motor_demo_msgs/msg/detail/encoder_vals__functions.h
[5.814s] -- Up-to-date: /home/ubuntu/pi_ws/install/serial_motor_demo_msgs/include/serial_motor_demo_msgs/msg/detail/encoder_vals__struct.h
[5.815s] -- Up-to-date: /home/ubuntu/pi_ws/install/serial_motor_demo_msgs/include/serial_motor_demo_msgs/msg/detail/motor_vels__functions.c
[5.816s] -- Up-to-date: /home/ubuntu/pi_ws/install/serial_motor_demo_msgs/include/serial_motor_demo_msgs/msg/detail/motor_vels__functions.h
[5.816s] -- Up-to-date: /home/ubuntu/pi_ws/install/serial_motor_demo_msgs/include/serial_motor_demo_msgs/msg/detail/motor_command__functions.h
[5.817s] -- Up-to-date: /home/ubuntu/pi_ws/install/serial_motor_demo_msgs/include/serial_motor_demo_msgs/msg/detail/encoder_vals__functions.c
[5.817s] -- Up-to-date: /home/ubuntu/pi_ws/install/serial_motor_demo_msgs/include/serial_motor_demo_msgs/msg/detail/motor_command__functions.c
[5.818s] -- Up-to-date: /home/ubuntu/pi_ws/install/serial_motor_demo_msgs/include/serial_motor_demo_msgs/msg/detail/motor_vels__struct.h
[5.818s] -- Up-to-date: /home/ubuntu/pi_ws/install/serial_motor_demo_msgs/include/serial_motor_demo_msgs/msg/detail/motor_vels__type_support.h
[5.819s] -- Up-to-date: /home/ubuntu/pi_ws/install/serial_motor_demo_msgs/include/serial_motor_demo_msgs/msg/detail/motor_command__type_support.h
[5.819s] -- Up-to-date: /home/ubuntu/pi_ws/install/serial_motor_demo_msgs/include/serial_motor_demo_msgs/msg/rosidl_generator_c__visibility_control.h
[5.820s] -- Up-to-date: /home/ubuntu/pi_ws/install/serial_motor_demo_msgs/include/serial_motor_demo_msgs/msg/motor_command.h
[5.821s] -- Up-to-date: /home/ubuntu/pi_ws/install/serial_motor_demo_msgs/include/serial_motor_demo_msgs/msg/encoder_vals.h
[5.821s] -- Up-to-date: /home/ubuntu/pi_ws/install/serial_motor_demo_msgs/share/serial_motor_demo_msgs/environment/library_path.sh
[5.821s] -- Up-to-date: /home/ubuntu/pi_ws/install/serial_motor_demo_msgs/share/serial_motor_demo_msgs/environment/library_path.dsv
[5.822s] -- Up-to-date: /home/ubuntu/pi_ws/install/serial_motor_demo_msgs/lib/libserial_motor_demo_msgs__rosidl_generator_c.so
[5.822s] -- Up-to-date: /home/ubuntu/pi_ws/install/serial_motor_demo_msgs/include/serial_motor_demo_msgs
[5.823s] -- Up-to-date: /home/ubuntu/pi_ws/install/serial_motor_demo_msgs/include/serial_motor_demo_msgs/msg
[5.823s] -- Up-to-date: /home/ubuntu/pi_ws/install/serial_motor_demo_msgs/include/serial_motor_demo_msgs/msg/rosidl_typesupport_fastrtps_c__visibility_control.h
[5.823s] -- Up-to-date: /home/ubuntu/pi_ws/install/serial_motor_demo_msgs/include/serial_motor_demo_msgs/msg/detail
[5.830s] -- Up-to-date: /home/ubuntu/pi_ws/install/serial_motor_demo_msgs/include/serial_motor_demo_msgs/msg/detail/motor_vels__rosidl_typesupport_fastrtps_c.h
[5.832s] -- Up-to-date: /home/ubuntu/pi_ws/install/serial_motor_demo_msgs/include/serial_motor_demo_msgs/msg/detail/motor_command__rosidl_typesupport_fastrtps_c.h
[5.833s] -- Up-to-date: /home/ubuntu/pi_ws/install/serial_motor_demo_msgs/include/serial_motor_demo_msgs/msg/detail/encoder_vals__rosidl_typesupport_fastrtps_c.h
[5.834s] -- Up-to-date: /home/ubuntu/pi_ws/install/serial_motor_demo_msgs/lib/libserial_motor_demo_msgs__rosidl_typesupport_fastrtps_c.so
[5.834s] -- Up-to-date: /home/ubuntu/pi_ws/install/serial_motor_demo_msgs/include/serial_motor_demo_msgs
[5.835s] -- Up-to-date: /home/ubuntu/pi_ws/install/serial_motor_demo_msgs/include/serial_motor_demo_msgs/msg
[5.836s] -- Up-to-date: /home/ubuntu/pi_ws/install/serial_motor_demo_msgs/include/serial_motor_demo_msgs/msg/rosidl_typesupport_fastrtps_cpp__visibility_control.h
[5.836s] -- Up-to-date: /home/ubuntu/pi_ws/install/serial_motor_demo_msgs/include/serial_motor_demo_msgs/msg/detail
[5.836s] -- Up-to-date: /home/ubuntu/pi_ws/install/serial_motor_demo_msgs/include/serial_motor_demo_msgs/msg/detail/motor_command__rosidl_typesupport_fastrtps_cpp.hpp
[5.837s] -- Up-to-date: /home/ubuntu/pi_ws/install/serial_motor_demo_msgs/include/serial_motor_demo_msgs/msg/detail/dds_fastrtps
[5.837s] -- Up-to-date: /home/ubuntu/pi_ws/install/serial_motor_demo_msgs/include/serial_motor_demo_msgs/msg/detail/motor_vels__rosidl_typesupport_fastrtps_cpp.hpp
[5.837s] -- Up-to-date: /home/ubuntu/pi_ws/install/serial_motor_demo_msgs/include/serial_motor_demo_msgs/msg/detail/encoder_vals__rosidl_typesupport_fastrtps_cpp.hpp
[5.838s] -- Up-to-date: /home/ubuntu/pi_ws/install/serial_motor_demo_msgs/lib/libserial_motor_demo_msgs__rosidl_typesupport_fastrtps_cpp.so
[5.838s] -- Up-to-date: /home/ubuntu/pi_ws/install/serial_motor_demo_msgs/include/serial_motor_demo_msgs
[5.838s] -- Up-to-date: /home/ubuntu/pi_ws/install/serial_motor_demo_msgs/include/serial_motor_demo_msgs/msg
[5.839s] -- Up-to-date: /home/ubuntu/pi_ws/install/serial_motor_demo_msgs/include/serial_motor_demo_msgs/msg/detail
[5.839s] -- Up-to-date: /home/ubuntu/pi_ws/install/serial_motor_demo_msgs/include/serial_motor_demo_msgs/msg/detail/motor_vels__rosidl_typesupport_introspection_c.h
[5.839s] -- Up-to-date: /home/ubuntu/pi_ws/install/serial_motor_demo_msgs/include/serial_motor_demo_msgs/msg/detail/motor_command__type_support.c
[5.840s] -- Up-to-date: /home/ubuntu/pi_ws/install/serial_motor_demo_msgs/include/serial_motor_demo_msgs/msg/detail/motor_vels__type_support.c
[5.841s] -- Up-to-date: /home/ubuntu/pi_ws/install/serial_motor_demo_msgs/include/serial_motor_demo_msgs/msg/detail/motor_command__rosidl_typesupport_introspection_c.h
[5.841s] -- Up-to-date: /home/ubuntu/pi_ws/install/serial_motor_demo_msgs/include/serial_motor_demo_msgs/msg/detail/encoder_vals__type_support.c
[5.844s] -- Up-to-date: /home/ubuntu/pi_ws/install/serial_motor_demo_msgs/include/serial_motor_demo_msgs/msg/detail/encoder_vals__rosidl_typesupport_introspection_c.h
[5.845s] -- Up-to-date: /home/ubuntu/pi_ws/install/serial_motor_demo_msgs/include/serial_motor_demo_msgs/msg/rosidl_typesupport_introspection_c__visibility_control.h
[5.846s] -- Up-to-date: /home/ubuntu/pi_ws/install/serial_motor_demo_msgs/lib/libserial_motor_demo_msgs__rosidl_typesupport_introspection_c.so
[5.847s] -- Up-to-date: /home/ubuntu/pi_ws/install/serial_motor_demo_msgs/lib/libserial_motor_demo_msgs__rosidl_typesupport_c.so
[5.847s] -- Up-to-date: /home/ubuntu/pi_ws/install/serial_motor_demo_msgs/include/serial_motor_demo_msgs
[5.850s] -- Up-to-date: /home/ubuntu/pi_ws/install/serial_motor_demo_msgs/include/serial_motor_demo_msgs/msg
[5.851s] -- Up-to-date: /home/ubuntu/pi_ws/install/serial_motor_demo_msgs/include/serial_motor_demo_msgs/msg/motor_command.hpp
[5.852s] -- Up-to-date: /home/ubuntu/pi_ws/install/serial_motor_demo_msgs/include/serial_motor_demo_msgs/msg/detail
[5.855s] -- Up-to-date: /home/ubuntu/pi_ws/install/serial_motor_demo_msgs/include/serial_motor_demo_msgs/msg/detail/motor_command__type_support.hpp
[5.855s] -- Up-to-date: /home/ubuntu/pi_ws/install/serial_motor_demo_msgs/include/serial_motor_demo_msgs/msg/detail/motor_vels__struct.hpp
[5.856s] -- Up-to-date: /home/ubuntu/pi_ws/install/serial_motor_demo_msgs/include/serial_motor_demo_msgs/msg/detail/encoder_vals__type_support.hpp
[5.857s] -- Up-to-date: /home/ubuntu/pi_ws/install/serial_motor_demo_msgs/include/serial_motor_demo_msgs/msg/detail/motor_vels__traits.hpp
[5.857s] -- Up-to-date: /home/ubuntu/pi_ws/install/serial_motor_demo_msgs/include/serial_motor_demo_msgs/msg/detail/motor_command__builder.hpp
[5.859s] -- Up-to-date: /home/ubuntu/pi_ws/install/serial_motor_demo_msgs/include/serial_motor_demo_msgs/msg/detail/motor_command__struct.hpp
[5.860s] -- Up-to-date: /home/ubuntu/pi_ws/install/serial_motor_demo_msgs/include/serial_motor_demo_msgs/msg/detail/encoder_vals__struct.hpp
[5.860s] -- Up-to-date: /home/ubuntu/pi_ws/install/serial_motor_demo_msgs/include/serial_motor_demo_msgs/msg/detail/encoder_vals__traits.hpp
[5.867s] -- Up-to-date: /home/ubuntu/pi_ws/install/serial_motor_demo_msgs/include/serial_motor_demo_msgs/msg/detail/motor_command__traits.hpp
[5.869s] -- Up-to-date: /home/ubuntu/pi_ws/install/serial_motor_demo_msgs/include/serial_motor_demo_msgs/msg/detail/encoder_vals__builder.hpp
[5.869s] -- Up-to-date: /home/ubuntu/pi_ws/install/serial_motor_demo_msgs/include/serial_motor_demo_msgs/msg/detail/motor_vels__builder.hpp
[5.871s] -- Up-to-date: /home/ubuntu/pi_ws/install/serial_motor_demo_msgs/include/serial_motor_demo_msgs/msg/detail/motor_vels__type_support.hpp
[5.872s] -- Up-to-date: /home/ubuntu/pi_ws/install/serial_motor_demo_msgs/include/serial_motor_demo_msgs/msg/encoder_vals.hpp
[5.873s] -- Up-to-date: /home/ubuntu/pi_ws/install/serial_motor_demo_msgs/include/serial_motor_demo_msgs/msg/rosidl_generator_cpp__visibility_control.hpp
[5.875s] -- Up-to-date: /home/ubuntu/pi_ws/install/serial_motor_demo_msgs/include/serial_motor_demo_msgs/msg/motor_vels.hpp
[5.875s] -- Up-to-date: /home/ubuntu/pi_ws/install/serial_motor_demo_msgs/include/serial_motor_demo_msgs
[5.876s] -- Up-to-date: /home/ubuntu/pi_ws/install/serial_motor_demo_msgs/include/serial_motor_demo_msgs/msg
[5.877s] -- Up-to-date: /home/ubuntu/pi_ws/install/serial_motor_demo_msgs/include/serial_motor_demo_msgs/msg/detail
[5.878s] -- Up-to-date: /home/ubuntu/pi_ws/install/serial_motor_demo_msgs/include/serial_motor_demo_msgs/msg/detail/encoder_vals__rosidl_typesupport_introspection_cpp.hpp
[5.878s] -- Up-to-date: /home/ubuntu/pi_ws/install/serial_motor_demo_msgs/include/serial_motor_demo_msgs/msg/detail/motor_command__type_support.cpp
[5.879s] -- Up-to-date: /home/ubuntu/pi_ws/install/serial_motor_demo_msgs/include/serial_motor_demo_msgs/msg/detail/motor_command__rosidl_typesupport_introspection_cpp.hpp
[5.879s] -- Up-to-date: /home/ubuntu/pi_ws/install/serial_motor_demo_msgs/include/serial_motor_demo_msgs/msg/detail/motor_vels__type_support.cpp
[5.880s] -- Up-to-date: /home/ubuntu/pi_ws/install/serial_motor_demo_msgs/include/serial_motor_demo_msgs/msg/detail/motor_vels__rosidl_typesupport_introspection_cpp.hpp
[5.882s] -- Up-to-date: /home/ubuntu/pi_ws/install/serial_motor_demo_msgs/include/serial_motor_demo_msgs/msg/detail/encoder_vals__type_support.cpp
[5.884s] -- Up-to-date: /home/ubuntu/pi_ws/install/serial_motor_demo_msgs/lib/libserial_motor_demo_msgs__rosidl_typesupport_introspection_cpp.so
[5.884s] -- Up-to-date: /home/ubuntu/pi_ws/install/serial_motor_demo_msgs/lib/libserial_motor_demo_msgs__rosidl_typesupport_cpp.so
[5.885s] -- Up-to-date: /home/ubuntu/pi_ws/install/serial_motor_demo_msgs/share/serial_motor_demo_msgs/environment/pythonpath.sh
[5.885s] -- Up-to-date: /home/ubuntu/pi_ws/install/serial_motor_demo_msgs/share/serial_motor_demo_msgs/environment/pythonpath.dsv
[5.885s] -- Up-to-date: /home/ubuntu/pi_ws/install/serial_motor_demo_msgs/lib/python3.8/site-packages/serial_motor_demo_msgs/__init__.py
[6.031s] -- Up-to-date: /home/ubuntu/pi_ws/install/serial_motor_demo_msgs/lib/python3.8/site-packages/serial_motor_demo_msgs/msg
[6.033s] -- Up-to-date: /home/ubuntu/pi_ws/install/serial_motor_demo_msgs/lib/python3.8/site-packages/serial_motor_demo_msgs/msg/_motor_vels.py
[6.034s] -- Up-to-date: /home/ubuntu/pi_ws/install/serial_motor_demo_msgs/lib/python3.8/site-packages/serial_motor_demo_msgs/msg/_motor_command.py
[6.035s] -- Up-to-date: /home/ubuntu/pi_ws/install/serial_motor_demo_msgs/lib/python3.8/site-packages/serial_motor_demo_msgs/msg/_encoder_vals_s.c
[6.037s] -- Up-to-date: /home/ubuntu/pi_ws/install/serial_motor_demo_msgs/lib/python3.8/site-packages/serial_motor_demo_msgs/msg/_motor_command_s.c
[6.040s] -- Up-to-date: /home/ubuntu/pi_ws/install/serial_motor_demo_msgs/lib/python3.8/site-packages/serial_motor_demo_msgs/msg/_motor_vels_s.c
[6.042s] -- Up-to-date: /home/ubuntu/pi_ws/install/serial_motor_demo_msgs/lib/python3.8/site-packages/serial_motor_demo_msgs/msg/__init__.py
[6.045s] -- Up-to-date: /home/ubuntu/pi_ws/install/serial_motor_demo_msgs/lib/python3.8/site-packages/serial_motor_demo_msgs/msg/_encoder_vals.py
[6.046s] -- Up-to-date: /home/ubuntu/pi_ws/install/serial_motor_demo_msgs/lib/python3.8/site-packages/serial_motor_demo_msgs/serial_motor_demo_msgs_s__rosidl_typesupport_fastrtps_c.cpython-38-aarch64-linux-gnu.so
[6.048s] -- Up-to-date: /home/ubuntu/pi_ws/install/serial_motor_demo_msgs/lib/python3.8/site-packages/serial_motor_demo_msgs/serial_motor_demo_msgs_s__rosidl_typesupport_introspection_c.cpython-38-aarch64-linux-gnu.so
[6.048s] -- Up-to-date: /home/ubuntu/pi_ws/install/serial_motor_demo_msgs/lib/python3.8/site-packages/serial_motor_demo_msgs/serial_motor_demo_msgs_s__rosidl_typesupport_c.cpython-38-aarch64-linux-gnu.so
[6.049s] -- Up-to-date: /home/ubuntu/pi_ws/install/serial_motor_demo_msgs/lib/libserial_motor_demo_msgs__python.so
[6.049s] -- Up-to-date: /home/ubuntu/pi_ws/install/serial_motor_demo_msgs/share/serial_motor_demo_msgs/msg/MotorCommand.idl
[6.050s] -- Up-to-date: /home/ubuntu/pi_ws/install/serial_motor_demo_msgs/share/serial_motor_demo_msgs/msg/MotorVels.idl
[6.050s] -- Up-to-date: /home/ubuntu/pi_ws/install/serial_motor_demo_msgs/share/serial_motor_demo_msgs/msg/EncoderVals.idl
[6.051s] -- Up-to-date: /home/ubuntu/pi_ws/install/serial_motor_demo_msgs/share/serial_motor_demo_msgs/msg/MotorCommand.msg
[6.051s] -- Up-to-date: /home/ubuntu/pi_ws/install/serial_motor_demo_msgs/share/serial_motor_demo_msgs/msg/MotorVels.msg
[6.052s] -- Up-to-date: /home/ubuntu/pi_ws/install/serial_motor_demo_msgs/share/serial_motor_demo_msgs/msg/EncoderVals.msg
[6.053s] -- Up-to-date: /home/ubuntu/pi_ws/install/serial_motor_demo_msgs/share/ament_index/resource_index/package_run_dependencies/serial_motor_demo_msgs
[6.053s] -- Up-to-date: /home/ubuntu/pi_ws/install/serial_motor_demo_msgs/share/ament_index/resource_index/parent_prefix_path/serial_motor_demo_msgs
[6.054s] -- Up-to-date: /home/ubuntu/pi_ws/install/serial_motor_demo_msgs/share/serial_motor_demo_msgs/environment/ament_prefix_path.sh
[6.054s] -- Up-to-date: /home/ubuntu/pi_ws/install/serial_motor_demo_msgs/share/serial_motor_demo_msgs/environment/ament_prefix_path.dsv
[6.055s] -- Up-to-date: /home/ubuntu/pi_ws/install/serial_motor_demo_msgs/share/serial_motor_demo_msgs/environment/path.sh
[6.055s] -- Up-to-date: /home/ubuntu/pi_ws/install/serial_motor_demo_msgs/share/serial_motor_demo_msgs/environment/path.dsv
[6.056s] -- Up-to-date: /home/ubuntu/pi_ws/install/serial_motor_demo_msgs/share/serial_motor_demo_msgs/local_setup.bash
[6.069s] -- Up-to-date: /home/ubuntu/pi_ws/install/serial_motor_demo_msgs/share/serial_motor_demo_msgs/local_setup.sh
[6.069s] -- Up-to-date: /home/ubuntu/pi_ws/install/serial_motor_demo_msgs/share/serial_motor_demo_msgs/local_setup.zsh
[6.070s] -- Up-to-date: /home/ubuntu/pi_ws/install/serial_motor_demo_msgs/share/serial_motor_demo_msgs/local_setup.dsv
[6.071s] -- Installing: /home/ubuntu/pi_ws/install/serial_motor_demo_msgs/share/serial_motor_demo_msgs/package.dsv
[6.071s] -- Up-to-date: /home/ubuntu/pi_ws/install/serial_motor_demo_msgs/share/ament_index/resource_index/packages/serial_motor_demo_msgs
[6.072s] -- Up-to-date: /home/ubuntu/pi_ws/install/serial_motor_demo_msgs/share/serial_motor_demo_msgs/cmake/serial_motor_demo_msgs__rosidl_generator_cExport.cmake
[6.079s] -- Up-to-date: /home/ubuntu/pi_ws/install/serial_motor_demo_msgs/share/serial_motor_demo_msgs/cmake/serial_motor_demo_msgs__rosidl_generator_cExport-noconfig.cmake
[6.083s] -- Up-to-date: /home/ubuntu/pi_ws/install/serial_motor_demo_msgs/share/serial_motor_demo_msgs/cmake/serial_motor_demo_msgs__rosidl_typesupport_introspection_cExport.cmake
[6.087s] -- Up-to-date: /home/ubuntu/pi_ws/install/serial_motor_demo_msgs/share/serial_motor_demo_msgs/cmake/serial_motor_demo_msgs__rosidl_typesupport_introspection_cExport-noconfig.cmake
[6.090s] -- Up-to-date: /home/ubuntu/pi_ws/install/serial_motor_demo_msgs/share/serial_motor_demo_msgs/cmake/serial_motor_demo_msgs__rosidl_typesupport_cExport.cmake
[6.093s] -- Up-to-date: /home/ubuntu/pi_ws/install/serial_motor_demo_msgs/share/serial_motor_demo_msgs/cmake/serial_motor_demo_msgs__rosidl_typesupport_cExport-noconfig.cmake
[6.095s] -- Up-to-date: /home/ubuntu/pi_ws/install/serial_motor_demo_msgs/share/serial_motor_demo_msgs/cmake/serial_motor_demo_msgs__rosidl_generator_cppExport.cmake
[6.098s] -- Up-to-date: /home/ubuntu/pi_ws/install/serial_motor_demo_msgs/share/serial_motor_demo_msgs/cmake/serial_motor_demo_msgs__rosidl_typesupport_introspection_cppExport.cmake
[6.098s] -- Up-to-date: /home/ubuntu/pi_ws/install/serial_motor_demo_msgs/share/serial_motor_demo_msgs/cmake/serial_motor_demo_msgs__rosidl_typesupport_introspection_cppExport-noconfig.cmake
[6.099s] -- Up-to-date: /home/ubuntu/pi_ws/install/serial_motor_demo_msgs/share/serial_motor_demo_msgs/cmake/serial_motor_demo_msgs__rosidl_typesupport_cppExport.cmake
[6.099s] -- Up-to-date: /home/ubuntu/pi_ws/install/serial_motor_demo_msgs/share/serial_motor_demo_msgs/cmake/serial_motor_demo_msgs__rosidl_typesupport_cppExport-noconfig.cmake
[6.100s] -- Up-to-date: /home/ubuntu/pi_ws/install/serial_motor_demo_msgs/share/serial_motor_demo_msgs/cmake/rosidl_cmake-extras.cmake
[6.100s] -- Up-to-date: /home/ubuntu/pi_ws/install/serial_motor_demo_msgs/share/serial_motor_demo_msgs/cmake/ament_cmake_export_dependencies-extras.cmake
[6.100s] -- Up-to-date: /home/ubuntu/pi_ws/install/serial_motor_demo_msgs/share/serial_motor_demo_msgs/cmake/ament_cmake_export_libraries-extras.cmake
[6.101s] -- Up-to-date: /home/ubuntu/pi_ws/install/serial_motor_demo_msgs/share/serial_motor_demo_msgs/cmake/ament_cmake_export_targets-extras.cmake
[6.101s] -- Up-to-date: /home/ubuntu/pi_ws/install/serial_motor_demo_msgs/share/serial_motor_demo_msgs/cmake/ament_cmake_export_include_directories-extras.cmake
[6.101s] -- Up-to-date: /home/ubuntu/pi_ws/install/serial_motor_demo_msgs/share/serial_motor_demo_msgs/cmake/rosidl_cmake_export_typesupport_libraries-extras.cmake
[6.102s] -- Up-to-date: /home/ubuntu/pi_ws/install/serial_motor_demo_msgs/share/serial_motor_demo_msgs/cmake/rosidl_cmake_export_typesupport_targets-extras.cmake
[6.102s] -- Up-to-date: /home/ubuntu/pi_ws/install/serial_motor_demo_msgs/share/serial_motor_demo_msgs/cmake/serial_motor_demo_msgsConfig.cmake
[6.102s] -- Up-to-date: /home/ubuntu/pi_ws/install/serial_motor_demo_msgs/share/serial_motor_demo_msgs/cmake/serial_motor_demo_msgsConfig-version.cmake
[6.102s] -- Up-to-date: /home/ubuntu/pi_ws/install/serial_motor_demo_msgs/share/serial_motor_demo_msgs/package.xml
[7.559s] Invoked command in '/home/ubuntu/pi_ws/build/serial_motor_demo_msgs' returned '0': CMAKE_PREFIX_PATH=${CMAKE_PREFIX_PATH}:/home/ubuntu/pi_ws/install/serial_motor_demo:/home/ubuntu/pi_ws/install/my_package:/opt/ros/foxy /usr/bin/cmake --install /home/ubuntu/pi_ws/build/serial_motor_demo_msgs
