[0.645s] Invoking command in '/home/ubuntu/pi_ws/build/senior_design': CMAKE_PREFIX_PATH=${CMAKE_PREFIX_PATH}:/home/ubuntu/pi_ws/install/serial_motor_demo:/home/ubuntu/pi_ws/install/my_package:/opt/ros/foxy /usr/bin/cmake --build /home/ubuntu/pi_ws/build/senior_design -- -j4 -l4
[0.827s] Invoked command in '/home/ubuntu/pi_ws/build/senior_design' returned '0': CMAKE_PREFIX_PATH=${CMAKE_PREFIX_PATH}:/home/ubuntu/pi_ws/install/serial_motor_demo:/home/ubuntu/pi_ws/install/my_package:/opt/ros/foxy /usr/bin/cmake --build /home/ubuntu/pi_ws/build/senior_design -- -j4 -l4
[1.012s] Invoking command in '/home/ubuntu/pi_ws/build/senior_design': CMAKE_PREFIX_PATH=${CMAKE_PREFIX_PATH}:/home/ubuntu/pi_ws/install/serial_motor_demo:/home/ubuntu/pi_ws/install/my_package:/opt/ros/foxy /usr/bin/cmake --install /home/ubuntu/pi_ws/build/senior_design
[1.053s] -- Install configuration: ""
[1.056s] -- Execute custom install script
[1.059s] -- Up-to-date symlink: /home/ubuntu/pi_ws/install/senior_design/share/senior_design/config/ball_tracker_params_robot.yaml
[1.061s] -- Up-to-date symlink: /home/ubuntu/pi_ws/install/senior_design/share/senior_design/config/ball_tracker_params_sim.yaml
[1.063s] -- Up-to-date symlink: /home/ubuntu/pi_ws/install/senior_design/share/senior_design/config/drive_bot.rviz
[1.064s] -- Up-to-date symlink: /home/ubuntu/pi_ws/install/senior_design/share/senior_design/config/empty.yaml
[1.065s] -- Up-to-date symlink: /home/ubuntu/pi_ws/install/senior_design/share/senior_design/config/gaz_ros2_ctl_use_sim.yaml
[1.066s] -- Up-to-date symlink: /home/ubuntu/pi_ws/install/senior_design/share/senior_design/config/gazebo_params.yaml
[1.067s] -- Up-to-date symlink: /home/ubuntu/pi_ws/install/senior_design/share/senior_design/config/joystick.yaml
[1.069s] -- Up-to-date symlink: /home/ubuntu/pi_ws/install/senior_design/share/senior_design/config/main.rviz
[1.070s] -- Up-to-date symlink: /home/ubuntu/pi_ws/install/senior_design/share/senior_design/config/map.rviz
[1.072s] -- Up-to-date symlink: /home/ubuntu/pi_ws/install/senior_design/share/senior_design/config/mapper_params_online_async.yaml
[1.073s] -- Up-to-date symlink: /home/ubuntu/pi_ws/install/senior_design/share/senior_design/config/my_controllers.yaml
[1.074s] -- Up-to-date symlink: /home/ubuntu/pi_ws/install/senior_design/share/senior_design/config/nav2_params.yaml
[1.075s] -- Up-to-date symlink: /home/ubuntu/pi_ws/install/senior_design/share/senior_design/config/twist_mux.yaml
[1.077s] -- Up-to-date symlink: /home/ubuntu/pi_ws/install/senior_design/share/senior_design/config/view_bot.rviz
[1.080s] -- Up-to-date symlink: /home/ubuntu/pi_ws/install/senior_design/share/senior_design/description/camera.xacro
[1.081s] -- Up-to-date symlink: /home/ubuntu/pi_ws/install/senior_design/share/senior_design/description/depth_camera.xacro
[1.083s] -- Up-to-date symlink: /home/ubuntu/pi_ws/install/senior_design/share/senior_design/description/face.xacro
[1.085s] -- Up-to-date symlink: /home/ubuntu/pi_ws/install/senior_design/share/senior_design/description/gazebo_control.xacro
[1.087s] -- Up-to-date symlink: /home/ubuntu/pi_ws/install/senior_design/share/senior_design/description/inertial_macros.xacro
[1.089s] -- Up-to-date symlink: /home/ubuntu/pi_ws/install/senior_design/share/senior_design/description/lidar.xacro
[1.091s] -- Up-to-date symlink: /home/ubuntu/pi_ws/install/senior_design/share/senior_design/description/robot.urdf.xacro
[1.094s] -- Up-to-date symlink: /home/ubuntu/pi_ws/install/senior_design/share/senior_design/description/robot_core.xacro
[1.096s] -- Up-to-date symlink: /home/ubuntu/pi_ws/install/senior_design/share/senior_design/description/ros2_control.xacro
[1.100s] -- Up-to-date symlink: /home/ubuntu/pi_ws/install/senior_design/share/senior_design/launch/__pycache__/rplidar.launch.cpython-38.pyc
[1.102s] -- Up-to-date symlink: /home/ubuntu/pi_ws/install/senior_design/share/senior_design/launch/ball_tracker.launch.py
[1.104s] -- Up-to-date symlink: /home/ubuntu/pi_ws/install/senior_design/share/senior_design/launch/camera.launch.py
[1.105s] -- Up-to-date symlink: /home/ubuntu/pi_ws/install/senior_design/share/senior_design/launch/joystick.launch.py
[1.107s] -- Up-to-date symlink: /home/ubuntu/pi_ws/install/senior_design/share/senior_design/launch/launch_robot.launch.py
[1.108s] -- Up-to-date symlink: /home/ubuntu/pi_ws/install/senior_design/share/senior_design/launch/launch_sim.launch.py
[1.110s] -- Up-to-date symlink: /home/ubuntu/pi_ws/install/senior_design/share/senior_design/launch/localization_launch.py
[1.112s] -- Up-to-date symlink: /home/ubuntu/pi_ws/install/senior_design/share/senior_design/launch/navigation_launch.py
[1.113s] -- Up-to-date symlink: /home/ubuntu/pi_ws/install/senior_design/share/senior_design/launch/obstacle_avoid.launch.py
[1.114s] -- Up-to-date symlink: /home/ubuntu/pi_ws/install/senior_design/share/senior_design/launch/online_async_launch.py
[1.115s] -- Up-to-date symlink: /home/ubuntu/pi_ws/install/senior_design/share/senior_design/launch/rplidar.launch.py
[1.116s] -- Up-to-date symlink: /home/ubuntu/pi_ws/install/senior_design/share/senior_design/launch/rsp.launch.py
[1.118s] -- Up-to-date symlink: /home/ubuntu/pi_ws/install/senior_design/share/senior_design/worlds/empty.world
[1.119s] -- Up-to-date symlink: /home/ubuntu/pi_ws/install/senior_design/share/senior_design/worlds/obstacles.world
[1.121s] -- Up-to-date symlink: /home/ubuntu/pi_ws/install/senior_design/share/ament_index/resource_index/package_run_dependencies/senior_design
[1.122s] -- Up-to-date symlink: /home/ubuntu/pi_ws/install/senior_design/share/ament_index/resource_index/parent_prefix_path/senior_design
[1.124s] -- Up-to-date symlink: /home/ubuntu/pi_ws/install/senior_design/share/senior_design/environment/ament_prefix_path.sh
[1.125s] -- Up-to-date symlink: /home/ubuntu/pi_ws/install/senior_design/share/senior_design/environment/ament_prefix_path.dsv
[1.127s] -- Up-to-date symlink: /home/ubuntu/pi_ws/install/senior_design/share/senior_design/environment/path.sh
[1.128s] -- Up-to-date symlink: /home/ubuntu/pi_ws/install/senior_design/share/senior_design/environment/path.dsv
[1.130s] -- Up-to-date symlink: /home/ubuntu/pi_ws/install/senior_design/share/senior_design/local_setup.bash
[1.131s] -- Up-to-date symlink: /home/ubuntu/pi_ws/install/senior_design/share/senior_design/local_setup.sh
[1.133s] -- Up-to-date symlink: /home/ubuntu/pi_ws/install/senior_design/share/senior_design/local_setup.zsh
[1.134s] -- Up-to-date symlink: /home/ubuntu/pi_ws/install/senior_design/share/senior_design/local_setup.dsv
[1.135s] -- Symlinking: /home/ubuntu/pi_ws/install/senior_design/share/senior_design/package.dsv
[1.176s] -- Up-to-date symlink: /home/ubuntu/pi_ws/install/senior_design/share/ament_index/resource_index/packages/senior_design
[1.177s] -- Up-to-date symlink: /home/ubuntu/pi_ws/install/senior_design/share/senior_design/cmake/senior_designConfig.cmake
[1.178s] -- Up-to-date symlink: /home/ubuntu/pi_ws/install/senior_design/share/senior_design/cmake/senior_designConfig-version.cmake
[1.179s] -- Up-to-date symlink: /home/ubuntu/pi_ws/install/senior_design/share/senior_design/package.xml
[1.186s] Invoked command in '/home/ubuntu/pi_ws/build/senior_design' returned '0': CMAKE_PREFIX_PATH=${CMAKE_PREFIX_PATH}:/home/ubuntu/pi_ws/install/serial_motor_demo:/home/ubuntu/pi_ws/install/my_package:/opt/ros/foxy /usr/bin/cmake --install /home/ubuntu/pi_ws/build/senior_design
