[6.102s] Invoking command in '/home/ubuntu/pi_ws/src/ros2_detection/my_package': PYTHONPATH=/home/ubuntu/pi_ws/build/my_package/prefix_override:/home/ubuntu/pi_ws/install/my_package/lib/python3.8/site-packages:${PYTHONPATH} /usr/bin/python3 setup.py egg_info --egg-base ../../../build/my_package build --build-base /home/ubuntu/pi_ws/build/my_package/build install --record /home/ubuntu/pi_ws/build/my_package/install.log --install-scripts $base/lib/my_package --single-version-externally-managed
[7.792s] running egg_info
[7.796s] writing ../../../build/my_package/my_package.egg-info/PKG-INFO
[7.800s] writing dependency_links to ../../../build/my_package/my_package.egg-info/dependency_links.txt
[7.803s] writing entry points to ../../../build/my_package/my_package.egg-info/entry_points.txt
[7.808s] writing requirements to ../../../build/my_package/my_package.egg-info/requires.txt
[7.810s] writing top-level names to ../../../build/my_package/my_package.egg-info/top_level.txt
[8.052s] reading manifest file '../../../build/my_package/my_package.egg-info/SOURCES.txt'
[8.053s] writing manifest file '../../../build/my_package/my_package.egg-info/SOURCES.txt'
[8.054s] running build
[8.054s] running build_py
[8.055s] copying my_package/detection.py -> /home/ubuntu/pi_ws/build/my_package/build/lib/my_package
[8.061s] running install
[8.063s] running install_lib
[8.070s] copying /home/ubuntu/pi_ws/build/my_package/build/lib/my_package/detection.py -> /home/ubuntu/pi_ws/install/my_package/lib/python3.8/site-packages/my_package
[8.096s] byte-compiling /home/ubuntu/pi_ws/install/my_package/lib/python3.8/site-packages/my_package/detection.py to detection.cpython-38.pyc
[8.111s] running install_data
[8.112s] running install_egg_info
[8.123s] removing '/home/ubuntu/pi_ws/install/my_package/lib/python3.8/site-packages/my_package-0.0.0-py3.8.egg-info' (and everything under it)
[8.127s] Copying ../../../build/my_package/my_package.egg-info to /home/ubuntu/pi_ws/install/my_package/lib/python3.8/site-packages/my_package-0.0.0-py3.8.egg-info
[8.154s] running install_scripts
[8.259s] Installing controller script to /home/ubuntu/pi_ws/install/my_package/lib/my_package
[8.260s] Installing detection script to /home/ubuntu/pi_ws/install/my_package/lib/my_package
[8.271s] Installing display script to /home/ubuntu/pi_ws/install/my_package/lib/my_package
[8.276s] writing list of installed files to '/home/ubuntu/pi_ws/build/my_package/install.log'
[13.712s] Invoked command in '/home/ubuntu/pi_ws/src/ros2_detection/my_package' returned '0': PYTHONPATH=/home/ubuntu/pi_ws/build/my_package/prefix_override:/home/ubuntu/pi_ws/install/my_package/lib/python3.8/site-packages:${PYTHONPATH} /usr/bin/python3 setup.py egg_info --egg-base ../../../build/my_package build --build-base /home/ubuntu/pi_ws/build/my_package/build install --record /home/ubuntu/pi_ws/build/my_package/install.log --install-scripts $base/lib/my_package --single-version-externally-managed
