[4.916s] Invoking command in '/home/ubuntu/pi_ws/build/senior_design': CMAKE_PREFIX_PATH=${CMAKE_PREFIX_PATH}:/home/ubuntu/pi_ws/install/serial_motor_demo:/home/ubuntu/pi_ws/install/my_package:/opt/ros/foxy /usr/bin/cmake --build /home/ubuntu/pi_ws/build/senior_design -- -j4 -l4
[9.305s] Invoked command in '/home/ubuntu/pi_ws/build/senior_design' returned '0': CMAKE_PREFIX_PATH=${CMAKE_PREFIX_PATH}:/home/ubuntu/pi_ws/install/serial_motor_demo:/home/ubuntu/pi_ws/install/my_package:/opt/ros/foxy /usr/bin/cmake --build /home/ubuntu/pi_ws/build/senior_design -- -j4 -l4
[9.571s] Invoking command in '/home/ubuntu/pi_ws/build/senior_design': CMAKE_PREFIX_PATH=${CMAKE_PREFIX_PATH}:/home/ubuntu/pi_ws/install/serial_motor_demo:/home/ubuntu/pi_ws/install/my_package:/opt/ros/foxy /usr/bin/cmake --install /home/ubuntu/pi_ws/build/senior_design
[9.667s] -- Install configuration: ""
[9.669s] -- Up-to-date: /home/ubuntu/pi_ws/install/senior_design/share/senior_design/config
[9.672s] -- Up-to-date: /home/ubuntu/pi_ws/install/senior_design/share/senior_design/config/view_bot.rviz
[9.673s] -- Up-to-date: /home/ubuntu/pi_ws/install/senior_design/share/senior_design/config/my_controllers.yaml
[9.675s] -- Up-to-date: /home/ubuntu/pi_ws/install/senior_design/share/senior_design/config/map.rviz
[9.677s] -- Up-to-date: /home/ubuntu/pi_ws/install/senior_design/share/senior_design/config/ball_tracker_params_robot.yaml
[9.680s] -- Up-to-date: /home/ubuntu/pi_ws/install/senior_design/share/senior_design/config/mapper_params_online_async.yaml
[9.681s] -- Up-to-date: /home/ubuntu/pi_ws/install/senior_design/share/senior_design/config/drive_bot.rviz
[9.683s] -- Up-to-date: /home/ubuntu/pi_ws/install/senior_design/share/senior_design/config/ball_tracker_params_sim.yaml
[9.684s] -- Up-to-date: /home/ubuntu/pi_ws/install/senior_design/share/senior_design/config/main.rviz
[9.692s] -- Up-to-date: /home/ubuntu/pi_ws/install/senior_design/share/senior_design/config/nav2_params.yaml
[9.694s] -- Up-to-date: /home/ubuntu/pi_ws/install/senior_design/share/senior_design/config/joystick.yaml
[9.695s] -- Up-to-date: /home/ubuntu/pi_ws/install/senior_design/share/senior_design/config/gazebo_params.yaml
[9.696s] -- Up-to-date: /home/ubuntu/pi_ws/install/senior_design/share/senior_design/config/twist_mux.yaml
[9.710s] -- Up-to-date: /home/ubuntu/pi_ws/install/senior_design/share/senior_design/config/gaz_ros2_ctl_use_sim.yaml
[9.711s] -- Up-to-date: /home/ubuntu/pi_ws/install/senior_design/share/senior_design/config/empty.yaml
[9.712s] -- Up-to-date: /home/ubuntu/pi_ws/install/senior_design/share/senior_design/description
[9.713s] -- Up-to-date: /home/ubuntu/pi_ws/install/senior_design/share/senior_design/description/ros2_control.xacro
[9.713s] -- Up-to-date: /home/ubuntu/pi_ws/install/senior_design/share/senior_design/description/inertial_macros.xacro
[9.715s] -- Up-to-date: /home/ubuntu/pi_ws/install/senior_design/share/senior_design/description/depth_camera.xacro
[9.715s] -- Up-to-date: /home/ubuntu/pi_ws/install/senior_design/share/senior_design/description/robot_core.xacro
[9.716s] -- Up-to-date: /home/ubuntu/pi_ws/install/senior_design/share/senior_design/description/robot.urdf.xacro
[9.717s] -- Up-to-date: /home/ubuntu/pi_ws/install/senior_design/share/senior_design/description/camera.xacro
[9.717s] -- Up-to-date: /home/ubuntu/pi_ws/install/senior_design/share/senior_design/description/gazebo_control.xacro
[9.718s] -- Up-to-date: /home/ubuntu/pi_ws/install/senior_design/share/senior_design/description/lidar.xacro
[9.719s] -- Up-to-date: /home/ubuntu/pi_ws/install/senior_design/share/senior_design/description/face.xacro
[9.719s] -- Up-to-date: /home/ubuntu/pi_ws/install/senior_design/share/senior_design/launch
[9.720s] -- Up-to-date: /home/ubuntu/pi_ws/install/senior_design/share/senior_design/launch/camera.launch.py
[9.721s] -- Up-to-date: /home/ubuntu/pi_ws/install/senior_design/share/senior_design/launch/obstacle_avoid.launch.py
[9.721s] -- Up-to-date: /home/ubuntu/pi_ws/install/senior_design/share/senior_design/launch/rplidar.launch.py
[9.741s] -- Up-to-date: /home/ubuntu/pi_ws/install/senior_design/share/senior_design/launch/__pycache__
[9.742s] -- Up-to-date: /home/ubuntu/pi_ws/install/senior_design/share/senior_design/launch/__pycache__/rplidar.launch.cpython-38.pyc
[9.743s] -- Installing: /home/ubuntu/pi_ws/install/senior_design/share/senior_design/launch/launch_robot.launch.py
[9.744s] -- Up-to-date: /home/ubuntu/pi_ws/install/senior_design/share/senior_design/launch/localization_launch.py
[9.745s] -- Up-to-date: /home/ubuntu/pi_ws/install/senior_design/share/senior_design/launch/online_async_launch.py
[9.746s] -- Up-to-date: /home/ubuntu/pi_ws/install/senior_design/share/senior_design/launch/rsp.launch.py
[9.747s] -- Up-to-date: /home/ubuntu/pi_ws/install/senior_design/share/senior_design/launch/navigation_launch.py
[9.747s] -- Up-to-date: /home/ubuntu/pi_ws/install/senior_design/share/senior_design/launch/joystick.launch.py
[9.748s] -- Up-to-date: /home/ubuntu/pi_ws/install/senior_design/share/senior_design/launch/launch_sim.launch.py
[9.749s] -- Up-to-date: /home/ubuntu/pi_ws/install/senior_design/share/senior_design/launch/ball_tracker.launch.py
[9.749s] -- Up-to-date: /home/ubuntu/pi_ws/install/senior_design/share/senior_design/worlds
[9.778s] -- Up-to-date: /home/ubuntu/pi_ws/install/senior_design/share/senior_design/worlds/empty.world
[9.781s] -- Up-to-date: /home/ubuntu/pi_ws/install/senior_design/share/senior_design/worlds/obstacles.world
[9.782s] -- Up-to-date: /home/ubuntu/pi_ws/install/senior_design/share/ament_index/resource_index/package_run_dependencies/senior_design
[9.783s] -- Up-to-date: /home/ubuntu/pi_ws/install/senior_design/share/ament_index/resource_index/parent_prefix_path/senior_design
[9.784s] -- Up-to-date: /home/ubuntu/pi_ws/install/senior_design/share/senior_design/environment/ament_prefix_path.sh
[9.785s] -- Up-to-date: /home/ubuntu/pi_ws/install/senior_design/share/senior_design/environment/ament_prefix_path.dsv
[9.786s] -- Up-to-date: /home/ubuntu/pi_ws/install/senior_design/share/senior_design/environment/path.sh
[9.815s] -- Up-to-date: /home/ubuntu/pi_ws/install/senior_design/share/senior_design/environment/path.dsv
[9.816s] -- Up-to-date: /home/ubuntu/pi_ws/install/senior_design/share/senior_design/local_setup.bash
[9.816s] -- Up-to-date: /home/ubuntu/pi_ws/install/senior_design/share/senior_design/local_setup.sh
[9.817s] -- Up-to-date: /home/ubuntu/pi_ws/install/senior_design/share/senior_design/local_setup.zsh
[9.828s] -- Up-to-date: /home/ubuntu/pi_ws/install/senior_design/share/senior_design/local_setup.dsv
[9.829s] -- Installing: /home/ubuntu/pi_ws/install/senior_design/share/senior_design/package.dsv
[9.829s] -- Up-to-date: /home/ubuntu/pi_ws/install/senior_design/share/ament_index/resource_index/packages/senior_design
[9.830s] -- Up-to-date: /home/ubuntu/pi_ws/install/senior_design/share/senior_design/cmake/senior_designConfig.cmake
[9.831s] -- Up-to-date: /home/ubuntu/pi_ws/install/senior_design/share/senior_design/cmake/senior_designConfig-version.cmake
[9.831s] -- Up-to-date: /home/ubuntu/pi_ws/install/senior_design/share/senior_design/package.xml
[9.833s] Invoked command in '/home/ubuntu/pi_ws/build/senior_design' returned '0': CMAKE_PREFIX_PATH=${CMAKE_PREFIX_PATH}:/home/ubuntu/pi_ws/install/serial_motor_demo:/home/ubuntu/pi_ws/install/my_package:/opt/ros/foxy /usr/bin/cmake --install /home/ubuntu/pi_ws/build/senior_design
