[9.673s] Invoking command in '/home/ubuntu/pi_ws/src/ros2_detection/my_package': PYTHONPATH=/home/ubuntu/pi_ws/build/my_package/prefix_override:/home/ubuntu/pi_ws/install/my_package/lib/python3.8/site-packages:${PYTHONPATH} /usr/bin/python3 setup.py egg_info --egg-base ../../../build/my_package build --build-base /home/ubuntu/pi_ws/build/my_package/build install --record /home/ubuntu/pi_ws/build/my_package/install.log --install-scripts $base/lib/my_package --single-version-externally-managed
[11.032s] running egg_info
[11.038s] writing ../../../build/my_package/my_package.egg-info/PKG-INFO
[11.041s] writing dependency_links to ../../../build/my_package/my_package.egg-info/dependency_links.txt
[11.042s] writing entry points to ../../../build/my_package/my_package.egg-info/entry_points.txt
[11.047s] writing requirements to ../../../build/my_package/my_package.egg-info/requires.txt
[11.048s] writing top-level names to ../../../build/my_package/my_package.egg-info/top_level.txt
[11.248s] reading manifest file '../../../build/my_package/my_package.egg-info/SOURCES.txt'
[11.254s] writing manifest file '../../../build/my_package/my_package.egg-info/SOURCES.txt'
[11.257s] running build
[11.257s] running build_py
[11.260s] copying my_package/controller.py -> /home/ubuntu/pi_ws/build/my_package/build/lib/my_package
[11.266s] running install
[11.272s] running install_lib
[11.281s] copying /home/ubuntu/pi_ws/build/my_package/build/lib/my_package/controller.py -> /home/ubuntu/pi_ws/install/my_package/lib/python3.8/site-packages/my_package
[11.293s] byte-compiling /home/ubuntu/pi_ws/install/my_package/lib/python3.8/site-packages/my_package/controller.py to controller.cpython-38.pyc
[11.309s] running install_data
[11.314s] copying my_package/controller.py -> /home/ubuntu/pi_ws/install/my_package/lib/my_package
[11.326s] running install_egg_info
[11.335s] removing '/home/ubuntu/pi_ws/install/my_package/lib/python3.8/site-packages/my_package-0.0.0-py3.8.egg-info' (and everything under it)
[11.336s] Copying ../../../build/my_package/my_package.egg-info to /home/ubuntu/pi_ws/install/my_package/lib/python3.8/site-packages/my_package-0.0.0-py3.8.egg-info
[11.351s] running install_scripts
[11.467s] Installing controller script to /home/ubuntu/pi_ws/install/my_package/lib/my_package
[11.467s] Installing detection script to /home/ubuntu/pi_ws/install/my_package/lib/my_package
[11.468s] Installing display script to /home/ubuntu/pi_ws/install/my_package/lib/my_package
[11.482s] writing list of installed files to '/home/ubuntu/pi_ws/build/my_package/install.log'
[16.434s] Invoked command in '/home/ubuntu/pi_ws/src/ros2_detection/my_package' returned '0': PYTHONPATH=/home/ubuntu/pi_ws/build/my_package/prefix_override:/home/ubuntu/pi_ws/install/my_package/lib/python3.8/site-packages:${PYTHONPATH} /usr/bin/python3 setup.py egg_info --egg-base ../../../build/my_package build --build-base /home/ubuntu/pi_ws/build/my_package/build install --record /home/ubuntu/pi_ws/build/my_package/install.log --install-scripts $base/lib/my_package --single-version-externally-managed
