[4.836s] Invoking command in '/home/ubuntu/pi_ws/build/tank_controller': CMAKE_PREFIX_PATH=${CMAKE_PREFIX_PATH}:/home/ubuntu/pi_ws/install/serial_motor_demo:/home/ubuntu/pi_ws/install/my_package:/opt/ros/foxy /usr/bin/cmake --build /home/ubuntu/pi_ws/build/tank_controller -- -j4 -l4
[4.970s] -- Found ament_cmake: 0.9.12 (/opt/ros/foxy/share/ament_cmake/cmake)
[5.207s] -- Using PYTHON_EXECUTABLE: /usr/bin/python3
[6.568s] -- Found rclpy: 1.0.13 (/opt/ros/foxy/share/rclpy/cmake)
[6.569s] -- Found sensor_msgs: 2.0.5 (/opt/ros/foxy/share/sensor_msgs/cmake)
[6.719s] -- Using all available rosidl_typesupport_c: rosidl_typesupport_fastrtps_c;rosidl_typesupport_introspection_c
[6.736s] -- Found rosidl_adapter: 1.3.1 (/opt/ros/foxy/share/rosidl_adapter/cmake)
[7.850s] -- Using all available rosidl_typesupport_cpp: rosidl_typesupport_fastrtps_cpp;rosidl_typesupport_introspection_cpp
[8.630s] -- Found ament_lint_auto: 0.9.8 (/opt/ros/foxy/share/ament_lint_auto/cmake)
[9.246s] -- Added test 'copyright' to check source files copyright and LICENSE
[9.266s] -- Added test 'flake8' to check Python code syntax and style conventions
[9.270s] -- Added test 'lint_cmake' to check CMake code style
[9.273s] -- Added test 'pep257' to check Python code against some of the style conventions in PEP 257
[9.283s] -- Added test 'xmllint' to check XML markup files
[9.306s] -- Configuring done
[9.360s] -- Generating done
[9.383s] -- Build files have been written to: /home/ubuntu/pi_ws/build/tank_controller
[13.382s] Invoked command in '/home/ubuntu/pi_ws/build/tank_controller' returned '0': CMAKE_PREFIX_PATH=${CMAKE_PREFIX_PATH}:/home/ubuntu/pi_ws/install/serial_motor_demo:/home/ubuntu/pi_ws/install/my_package:/opt/ros/foxy /usr/bin/cmake --build /home/ubuntu/pi_ws/build/tank_controller -- -j4 -l4
[15.825s] Invoking command in '/home/ubuntu/pi_ws/build/tank_controller': CMAKE_PREFIX_PATH=${CMAKE_PREFIX_PATH}:/home/ubuntu/pi_ws/install/serial_motor_demo:/home/ubuntu/pi_ws/install/my_package:/opt/ros/foxy /usr/bin/cmake --install /home/ubuntu/pi_ws/build/tank_controller
[15.861s] -- Install configuration: ""
[15.862s] -- Installing: /home/ubuntu/pi_ws/install/tank_controller/lib/tank_controller/obstacle_avoidance_node.py
[15.867s] -- Installing: /home/ubuntu/pi_ws/install/tank_controller/lib/tank_controller/motor_control_test.py
[15.868s] -- Installing: /home/ubuntu/pi_ws/install/tank_controller/share/tank_controller/launch
[15.872s] -- Installing: /home/ubuntu/pi_ws/install/tank_controller/share/tank_controller/config
[15.875s] -- Installing: /home/ubuntu/pi_ws/install/tank_controller/share/ament_index/resource_index/package_run_dependencies/tank_controller
[15.875s] -- Installing: /home/ubuntu/pi_ws/install/tank_controller/share/ament_index/resource_index/parent_prefix_path/tank_controller
[15.876s] -- Up-to-date: /home/ubuntu/pi_ws/install/tank_controller/share/tank_controller/environment/ament_prefix_path.sh
[15.882s] -- Installing: /home/ubuntu/pi_ws/install/tank_controller/share/tank_controller/environment/ament_prefix_path.dsv
[15.885s] -- Up-to-date: /home/ubuntu/pi_ws/install/tank_controller/share/tank_controller/environment/path.sh
[15.886s] -- Installing: /home/ubuntu/pi_ws/install/tank_controller/share/tank_controller/environment/path.dsv
[15.886s] -- Up-to-date: /home/ubuntu/pi_ws/install/tank_controller/share/tank_controller/local_setup.bash
[15.887s] -- Up-to-date: /home/ubuntu/pi_ws/install/tank_controller/share/tank_controller/local_setup.sh
[15.887s] -- Up-to-date: /home/ubuntu/pi_ws/install/tank_controller/share/tank_controller/local_setup.zsh
[15.887s] -- Installing: /home/ubuntu/pi_ws/install/tank_controller/share/tank_controller/local_setup.dsv
[15.888s] -- Installing: /home/ubuntu/pi_ws/install/tank_controller/share/tank_controller/package.dsv
[15.888s] -- Up-to-date: /home/ubuntu/pi_ws/install/tank_controller/share/ament_index/resource_index/packages/tank_controller
[15.889s] -- Up-to-date: /home/ubuntu/pi_ws/install/tank_controller/share/tank_controller/cmake/tank_controllerConfig.cmake
[15.889s] -- Up-to-date: /home/ubuntu/pi_ws/install/tank_controller/share/tank_controller/cmake/tank_controllerConfig-version.cmake
[15.889s] -- Installing: /home/ubuntu/pi_ws/install/tank_controller/share/tank_controller/package.xml
[15.890s] Invoked command in '/home/ubuntu/pi_ws/build/tank_controller' returned '0': CMAKE_PREFIX_PATH=${CMAKE_PREFIX_PATH}:/home/ubuntu/pi_ws/install/serial_motor_demo:/home/ubuntu/pi_ws/install/my_package:/opt/ros/foxy /usr/bin/cmake --install /home/ubuntu/pi_ws/build/tank_controller
