[11.452s] Invoking command in '/home/ubuntu/pi_ws/build/my_package': PYTHONPATH=/home/ubuntu/pi_ws/build/my_package/prefix_override:/home/ubuntu/pi_ws/install/my_package/lib/python3.8/site-packages:${PYTHONPATH} /usr/bin/python3 setup.py develop --editable --build-directory /home/ubuntu/pi_ws/build/my_package/build --no-deps install_data
[13.535s] running develop
[17.407s] running egg_info
[17.427s] writing my_package.egg-info/PKG-INFO
[17.428s] writing dependency_links to my_package.egg-info/dependency_links.txt
[17.428s] writing entry points to my_package.egg-info/entry_points.txt
[17.429s] writing requirements to my_package.egg-info/requires.txt
[17.429s] writing top-level names to my_package.egg-info/top_level.txt
[17.728s] reading manifest file 'my_package.egg-info/SOURCES.txt'
[17.734s] writing manifest file 'my_package.egg-info/SOURCES.txt'
[18.009s] running build_ext
[18.014s] Creating /home/ubuntu/pi_ws/install/my_package/lib/python3.8/site-packages/site.py
[18.029s] Creating /home/ubuntu/pi_ws/install/my_package/lib/python3.8/site-packages/my-package.egg-link (link to .)
[18.037s] Installing controller script to /home/ubuntu/pi_ws/install/my_package/lib/my_package
[18.043s] Installing detection script to /home/ubuntu/pi_ws/install/my_package/lib/my_package
[18.048s] Installing display script to /home/ubuntu/pi_ws/install/my_package/lib/my_package
[18.053s] 
[18.055s] Installed /home/ubuntu/pi_ws/build/my_package
[18.056s] running install_data
[18.060s] copying my_package/controller.py -> /home/ubuntu/pi_ws/install/my_package/lib/my_package
[18.256s] Invoked command in '/home/ubuntu/pi_ws/build/my_package' returned '0': PYTHONPATH=/home/ubuntu/pi_ws/build/my_package/prefix_override:/home/ubuntu/pi_ws/install/my_package/lib/python3.8/site-packages:${PYTHONPATH} /usr/bin/python3 setup.py develop --editable --build-directory /home/ubuntu/pi_ws/build/my_package/build --no-deps install_data
